# 
# Steps log generated by SDx
# This log file contains a collection of steps that describe the kernel compilation flow
# Note: Some steps are tagged as internal, these steps are for debugging purposes and 
#       are not expected to be able to run independently.
# 

# The following environment variables are set when running xocc
Environment variables :
------------------------------------------
XDG_VTNR=7
LC_PAPER=ko_KR.UTF-8
_RDI_DONT_SET_XILINX_AS_PATH=True
XILINX_XD=/opt/Xilinx/SDx/2018.2
XDG_SESSION_ID=c2
LC_ADDRESS=ko_KR.UTF-8
LC_MONETARY=ko_KR.UTF-8
SELINUX_INIT=YES
XDG_GREETER_DATA_DIR=/var/lib/lightdm-data/sdsoc
CLUTTER_IM_MODULE=xim
SESSION=ubuntu
GPG_AGENT_INFO=/run/user/1000/keyring-Ch8v5O/gpg:0:1
XILINX_DSP=
TERM=xterm
XDG_MENU_PREFIX=gnome-
SHELL=/bin/bash
VTE_VERSION=3409
MAKEFLAGS=
MYVIVADO=
WINDOWID=58720268
LC_NUMERIC=ko_KR.UTF-8
RDI_TPS_ROOT=/opt/Xilinx/Vivado/2018.2/tps/lnx64
GNOME_KEYRING_CONTROL=/run/user/1000/keyring-Ch8v5O
UPSTART_SESSION=unix:abstract=/com/ubuntu/upstart-session/1000/2005
HDI_PROCESSOR=x86_64
SYNTH_COMMON=/opt/Xilinx/SDx/2018.2/scripts/rt/data
GTK_MODULES=overlay-scrollbar:unity-gtk-module
RT_TCL_PATH=/opt/Xilinx/SDx/2018.2/scripts/rt/base_tcl/tcl
RDI_PREPEND_PATH=/opt/Xilinx/SDK/2018.2/bin:/opt/Xilinx/SDK/2018.2/bin
RDI_OPT_EXT=.o
USER=sdsoc
LD_LIBRARY_PATH=/opt/Xilinx/SDx/2018.2/lib/lnx64.o/Ubuntu:/opt/Xilinx/SDx/2018.2/lib/lnx64.o:/opt/Xilinx/SDx/2018.2/tps/lnx64/jre/lib/amd64:/opt/Xilinx/SDx/2018.2/tps/lnx64/jre/lib/amd64/server:/opt/Xilinx/SDx/2018.2/lib/lnx64.o/Ubuntu:/opt/Xilinx/SDx/2018.2/lib/lnx64.o:/opt/Xilinx/SDx/2018.2/lib/lnx64.o/Ubuntu:/opt/Xilinx/SDx/2018.2/lib/lnx64.o:/opt/Xilinx/SDx/2018.2/tps/lnx64/jre/lib/amd64:/opt/Xilinx/SDx/2018.2/tps/lnx64/jre/lib/amd64/server:/opt/Xilinx/SDx/2018.2/lib/lnx64.o/Ubuntu:/opt/Xilinx/SDx/2018.2/lib/lnx64.o:/opt/Xilinx/SDx/2018.2/runtime/lib/x86_64:/opt/Xilinx/SDSoC/2015.4/Vivado/2015.4/lib/lnx64.o:/opt/Xilinx/SDx/2018.2/bin/../lnx64/tools/dot/lib:/opt/Xilinx/SDx/2018.2/bin/../lnx64/tools/dot/lib
LC_TELEPHONE=ko_KR.UTF-8
LS_COLORS=rs=0:di=01;34:ln=01;36:mh=00:pi=40;33:so=01;35:do=01;35:bd=40;33;01:cd=40;33;01:or=40;31;01:su=37;41:sg=30;43:ca=30;41:tw=30;42:ow=34;42:st=37;44:ex=01;32:*.tar=01;31:*.tgz=01;31:*.arj=01;31:*.taz=01;31:*.lzh=01;31:*.lzma=01;31:*.tlz=01;31:*.txz=01;31:*.zip=01;31:*.z=01;31:*.Z=01;31:*.dz=01;31:*.gz=01;31:*.lz=01;31:*.xz=01;31:*.bz2=01;31:*.bz=01;31:*.tbz=01;31:*.tbz2=01;31:*.tz=01;31:*.deb=01;31:*.rpm=01;31:*.jar=01;31:*.war=01;31:*.ear=01;31:*.sar=01;31:*.rar=01;31:*.ace=01;31:*.zoo=01;31:*.cpio=01;31:*.7z=01;31:*.rz=01;31:*.jpg=01;35:*.jpeg=01;35:*.gif=01;35:*.bmp=01;35:*.pbm=01;35:*.pgm=01;35:*.ppm=01;35:*.tga=01;35:*.xbm=01;35:*.xpm=01;35:*.tif=01;35:*.tiff=01;35:*.png=01;35:*.svg=01;35:*.svgz=01;35:*.mng=01;35:*.pcx=01;35:*.mov=01;35:*.mpg=01;35:*.mpeg=01;35:*.m2v=01;35:*.mkv=01;35:*.webm=01;35:*.ogm=01;35:*.mp4=01;35:*.m4v=01;35:*.mp4v=01;35:*.vob=01;35:*.qt=01;35:*.nuv=01;35:*.wmv=01;35:*.asf=01;35:*.rm=01;35:*.rmvb=01;35:*.flc=01;35:*.avi=01;35:*.fli=01;35:*.flv=01;35:*.gl=01;35:*.dl=01;35:*.xcf=01;35:*.xwd=01;35:*.yuv=01;35:*.cgm=01;35:*.emf=01;35:*.axv=01;35:*.anx=01;35:*.ogv=01;35:*.ogx=01;35:*.aac=00;36:*.au=00;36:*.flac=00;36:*.mid=00;36:*.midi=00;36:*.mka=00;36:*.mp3=00;36:*.mpc=00;36:*.ogg=00;36:*.ra=00;36:*.wav=00;36:*.axa=00;36:*.oga=00;36:*.spx=00;36:*.xspf=00;36:
INTELOPENCLSDK=/opt/intel/opencl/SDK
XDG_SESSION_PATH=/org/freedesktop/DisplayManager/Session0
RDI_PATCHROOT=
TCL_LIBRARY=/opt/Xilinx/SDx/2018.2/tps/tcl/tcl8.5
XDG_SEAT_PATH=/org/freedesktop/DisplayManager/Seat0
SSH_AUTH_SOCK=/run/user/1000/keyring-Ch8v5O/ssh
RDI_PLATFORM=lnx64
DEFAULTS_PATH=/usr/share/gconf/ubuntu.default.path
SESSION_MANAGER=local/sdsoc-Z97X-UD3H:@/tmp/.ICE-unix/2176,unix/sdsoc-Z97X-UD3H:/tmp/.ICE-unix/2176
MAKELEVEL=1
RDI_BUILD=yes
MFLAGS=
RT_LIBPATH=/opt/Xilinx/SDx/2018.2/scripts/rt/data
XDG_CONFIG_DIRS=/etc/xdg/xdg-ubuntu:/usr/share/upstart/xdg:/etc/xdg
RDI_LIBDIR=/opt/Xilinx/SDx/2018.2/lib/lnx64.o/Ubuntu:/opt/Xilinx/SDx/2018.2/lib/lnx64.o
DESKTOP_SESSION=ubuntu
PATH=/opt/Xilinx/SDx/2018.2/bin/../gnu/binutils/bin:/opt/Xilinx/SDK/2018.2/gnu/aarch64/lin/aarch64-linux/bin:/opt/Xilinx/SDx/2018.2/bin/../gnu/ppc64le/4.9.3/lnx64/bin:/opt/Xilinx/SDK/2018.2/gnu/aarch32/lin/gcc-arm-linux-gnueabi/bin:/opt/Xilinx/Vivado/2018.2/lnx64/tools/gcc/bin:/opt/Xilinx/SDx/2018.2/bin:/opt/Xilinx/SDx/2018.2/tps/lnx64/jre/bin:/opt/Xilinx/SDK/2018.2/bin:/opt/Xilinx/Vivado/2018.2/bin:/opt/Xilinx/SDx/2018.2/tps/lnx64/libxslt/bin:/opt/Xilinx/SDK/2018.2/gnu/arm/lin/bin:/opt/Xilinx/DocNav:/opt/Xilinx/SDK/2018.2/gnu/microblaze/lin/bin:/opt/Xilinx/SDK/2018.2/gnu/microblaze/linux_toolchain/lin64_le/bin:/opt/Xilinx/SDK/2018.2/gnu/aarch32/lin/gcc-arm-linux-gnueabi/bin:/opt/Xilinx/SDK/2018.2/gnu/aarch32/lin/gcc-arm-none-eabi/bin:/opt/Xilinx/SDK/2018.2/gnu/aarch64/lin/aarch64-linux/bin:/opt/Xilinx/SDK/2018.2/gnu/aarch64/lin/aarch64-none/bin:/opt/Xilinx/SDK/2018.2/gnu/armr5/lin/gcc-arm-none-eabi/bin:/opt/Xilinx/SDK/2018.2/tps/lnx64/cmake-3.3.2/bin:/opt/Xilinx/SDSoC/2015.4/Vivado/2015.4/bin:/opt/Xilinx/SDSoC/2015.4/Vivado_HLS/2015.4/bin:/opt/Xilinx/SDSoC/2015.4/SDK/2015.4/bin:/opt/Xilinx/SDSoC/2015.4/SDK/2015.4/gnu/arm/lin/bin:/opt/Xilinx/SDSoC/2015.4/bin:/usr/local/sbin:/usr/local/bin:/usr/sbin:/usr/bin:/sbin:/bin:/usr/games:/usr/local/games:/opt/intel/intel-opencl-1.2-6.0.0.1049/opencl-sdk/include
QT_QPA_PLATFORMTHEME=appmenu-qt5
QT_IM_MODULE=ibus
LC_IDENTIFICATION=ko_KR.UTF-8
CAFFE_LIB=/home/sdsoc/yc_ws/caffe_prj/caffe-yolo-bh/caffe-yolo-bh/.build_release/
PWD=/home/sdsoc/yc_ws/sdx_ws/proj/YOLO-master/cpp/HGUFPGAConv/HGUConv_0/build/zed_linux_hw
JOB=dbus
XIL_CHECK_TCL_DEBUG=False
XMODIFIERS=@im=ibus
GNOME_KEYRING_PID=2002
LANG=en_US.UTF-8
XILINX_VIVADO_HLS=/opt/Xilinx/Vivado/2018.2
MANDATORY_PATH=/usr/share/gconf/ubuntu.mandatory.path
GDM_LANG=en_US
HDI_APPROOT=/opt/Xilinx/SDx/2018.2
LC_MEASUREMENT=ko_KR.UTF-8
COMPIZ_CONFIG_PROFILE=ubuntu
IM_CONFIG_PHASE=1
XILINX_VIVADO=/opt/Xilinx/Vivado/2018.2
GDMSESSION=ubuntu
XILINX_SDK=/opt/Xilinx/SDK/2018.2
SESSIONTYPE=gnome-session
XILINX_OPENCL=/opt/Xilinx/SDx/2018.2
ISL_IOSTREAMS_RSA=/opt/Xilinx/SDx/2018.2/tps/isl
XDG_SEAT=seat0
SHLVL=5
HOME=/home/sdsoc
RDI_BASEROOT=/opt/Xilinx/SDx
LANGUAGE=en_US
RDI_APPROOT=/opt/Xilinx/SDx/2018.2
LOGNAME=sdsoc
RDI_JAVA_PLATFORM=amd64
COMPIZ_BIN_PATH=/usr/bin/
QT4_IM_MODULE=xim
DBUS_SESSION_BUS_ADDRESS=unix:abstract=/tmp/dbus-4V0XnXIgFg
XDG_DATA_DIRS=/usr/share/ubuntu:/usr/share/gnome:/usr/local/share/:/usr/share/
RDI_BINROOT=/opt/Xilinx/SDx/2018.2/bin
LESSOPEN=| /usr/bin/lesspipe %s
PKG_CONFIG_PATH=:/usr/local/lib/pkgconfig
XILINX_SDX=/opt/Xilinx/SDx/2018.2
TEXTDOMAIN=im-config
INSTANCE=
LD_LIBRARAY_PATH=/opt/Xilinx/SDx/2018.2/lib/lnx64.o/Ubuntu:/opt/Xilinx/SDx/2018.2/lib/lnx64.o:/opt/Xilinx/SDx/2018.2/runtime/lib/x86_64:/opt/Xilinx/SDSoC/2015.4/Vivado/2015.4/lib/lnx64.o:/opt/intel/opencl-1.2-5.0.0.43/lib64
RDI_PROG=/opt/Xilinx/SDx/2018.2/bin/unwrapped/lnx64.o/vpl
XDG_RUNTIME_DIR=/run/user/1000
DISPLAY=:0
XIL_SUPPRESS_OVERRIDE_WARNINGS=1
XIL_NO_OVERRIDE=0
XILINX_PLANAHEAD=/opt/Xilinx/SDx/2018.2
GTK_IM_MODULE=ibus
XDG_CURRENT_DESKTOP=Unity
HDIPRELDPATH=/opt/Xilinx/SDx/2018.2/lib/lnx64.o/Ubuntu:/opt/Xilinx/SDx/2018.2/lib/lnx64.o:/opt/Xilinx/SDx/2018.2/lib/lnx64.o/Ubuntu:/opt/Xilinx/SDx/2018.2/lib/lnx64.o:/opt/Xilinx/SDx/2018.2/tps/lnx64/jre/lib/amd64:/opt/Xilinx/SDx/2018.2/tps/lnx64/jre/lib/amd64/server:/opt/Xilinx/SDx/2018.2/lib/lnx64.o/Ubuntu:/opt/Xilinx/SDx/2018.2/lib/lnx64.o:/opt/Xilinx/SDx/2018.2/runtime/lib/x86_64:/opt/Xilinx/SDSoC/2015.4/Vivado/2015.4/lib/lnx64.o:/opt/Xilinx/SDx/2018.2/bin/../lnx64/tools/dot/lib:/opt/Xilinx/SDx/2018.2/bin/../lnx64/tools/dot/lib
LC_TIME=ko_KR.UTF-8
LESSCLOSE=/usr/bin/lesspipe %s %s
TEXTDOMAINDIR=/usr/share/locale/
RDI_INSTALLVER=2018.2
RDI_DATADIR=/opt/Xilinx/SDx/2018.2/data
COLORTERM=gnome-terminal
XAUTHORITY=/home/sdsoc/.Xauthority
LC_NAME=ko_KR.UTF-8
RDI_INSTALLROOT=/opt/Xilinx
_=/opt/Xilinx/SDx/2018.2/bin/unwrapped/lnx64.o/vpl


------------------------------------------
internal step: generating ipirun.tcl for vivado
timestamp: 08 Mar 2019 14:10:47
------------------------------------------
step: running vivado to generate bitstream
timestamp: 08 Mar 2019 14:10:47
launch dir: /home/sdsoc/yc_ws/sdx_ws/proj/YOLO-master/cpp/HGUFPGAConv/HGUConv_0/build/zed_linux_hw/_sds/p0/vivado
cmd: /opt/Xilinx/Vivado/2018.2/bin/vivado -mode batch -notrace -source /home/sdsoc/yc_ws/sdx_ws/proj/YOLO-master/cpp/HGUFPGAConv/HGUConv_0/build/zed_linux_hw/_sds/p0/vivado/ipirun.tcl -messageDb /home/sdsoc/yc_ws/sdx_ws/proj/YOLO-master/cpp/HGUFPGAConv/HGUConv_0/build/zed_linux_hw/_sds/p0/vivado/vivado.pb
   -----------------------
   internal step: creating sdx tcl hooks for implementation run
   timestamp: 08 March 2019 14:10:52
   -----------------------
   internal step: source .local/dsa/prj/rebuild.tcl
   timestamp: 08 March 2019 14:10:52
   -----------------------
   internal step: open_bd_design -auto_upgrade [get_files zed.bd]
   timestamp: 08 March 2019 14:10:56
   -----------------------
   internal step: source .local/top.bd.tcl
   timestamp: 08 March 2019 14:10:56
   -----------------------
   internal step: inserting profiling and debug cores
   timestamp: 08 March 2019 14:11:47
   -----------------------
   internal step: assign_bd_address
   timestamp: 08 March 2019 14:11:47
   -----------------------
   internal step: writing address_map.xml
   timestamp: 08 March 2019 14:11:52
   -----------------------
   internal step: generate_target all [get_files zed.bd]
   timestamp: 08 March 2019 14:11:52
   -----------------------
   internal step: write_hwdef -force -file output/system.hdf
   timestamp: 08 March 2019 14:12:07
   -----------------------
   internal step: add_files -norecurse [make_wrapper -top -files [get_files zed.bd]]
   timestamp: 08 March 2019 14:12:09
   -----------------------
   internal step: source scripts/_vivado_report_commands.tcl
   timestamp: 08 March 2019 14:12:09
   -----------------------
   internal step: source scripts/_vivado_synth_props.tcl
   timestamp: 08 March 2019 14:12:09
   -----------------------
   internal step: source scripts/_vivado_impl_props.tcl
   timestamp: 08 March 2019 14:12:23
   -----------------------
   internal step: launch_runs synth_1 -jobs 4  
   timestamp: 08 March 2019 14:12:23
   -----------------------
   internal step: generating resource usage report 'output/resource.json'
   timestamp: 08 March 2019 14:23:50
   -----------------------
   internal step: log_generated_reports for synthesis 'output/generated_reports.log'
   timestamp: 08 March 2019 14:23:50
   -----------------------
   internal step: launched run synth_1
   timestamp: 08 March 2019 14:23:50
   -----------------------
   internal step: launched run zed_xbar_1_synth_1
   timestamp: 08 March 2019 14:23:50
   -----------------------
   internal step: launched run zed_s00_data_fifo_0_synth_1
   timestamp: 08 March 2019 14:23:50
   -----------------------
   internal step: launched run zed_ps7_0_synth_1
   timestamp: 08 March 2019 14:23:50
   -----------------------
   internal step: launched run zed_xlconcat_0_0_synth_1
   timestamp: 08 March 2019 14:23:50
   -----------------------
   internal step: launched run zed_clk_wiz_0_0_synth_1
   timestamp: 08 March 2019 14:23:50
   -----------------------
   internal step: launched run zed_proc_sys_reset_0_0_synth_1
   timestamp: 08 March 2019 14:23:50
   -----------------------
   internal step: launched run zed_proc_sys_reset_1_0_synth_1
   timestamp: 08 March 2019 14:23:50
   -----------------------
   internal step: launched run zed_proc_sys_reset_2_0_synth_1
   timestamp: 08 March 2019 14:23:50
   -----------------------
   internal step: launched run zed_proc_sys_reset_3_0_synth_1
   timestamp: 08 March 2019 14:23:50
   -----------------------
   internal step: launched run zed_cal_gemm_1_0_synth_1
   timestamp: 08 March 2019 14:23:50
   -----------------------
   internal step: launched run zed_m00_data_fifo_0_synth_1
   timestamp: 08 March 2019 14:23:50
   -----------------------
   internal step: launched run zed_axis_dwc_dm_0_tx_0_0_synth_1
   timestamp: 08 March 2019 14:23:50
   -----------------------
   internal step: launched run zed_dm_1_0_synth_1
   timestamp: 08 March 2019 14:23:50
   -----------------------
   internal step: launched run zed_dm_0_0_synth_1
   timestamp: 08 March 2019 14:23:50
   -----------------------
   internal step: launched run zed_m00_regslice_0_synth_1
   timestamp: 08 March 2019 14:23:50
   -----------------------
   internal step: launched run zed_axcache_0xE_0_synth_1
   timestamp: 08 March 2019 14:23:50
   -----------------------
   internal step: launched run zed_s01_data_fifo_0_synth_1
   timestamp: 08 March 2019 14:23:50
   -----------------------
   internal step: launched run zed_s00_regslice_1_synth_1
   timestamp: 08 March 2019 14:23:50
   -----------------------
   internal step: launched run zed_s00_data_fifo_1_synth_1
   timestamp: 08 March 2019 14:23:50
   -----------------------
   internal step: launched run zed_xbar_0_synth_1
   timestamp: 08 March 2019 14:23:50
   -----------------------
   internal step: launched run zed_axis_dwc_dm_2_rx_0_0_synth_1
   timestamp: 08 March 2019 14:23:50
   -----------------------
   internal step: launched run zed_dm_2_0_synth_1
   timestamp: 08 March 2019 14:23:50
   -----------------------
   internal step: launched run zed_sds_irq_const_0_synth_1
   timestamp: 08 March 2019 14:23:50
   -----------------------
   internal step: launched run zed_axis_dwc_dm_1_tx_0_0_synth_1
   timestamp: 08 March 2019 14:23:50
   -----------------------
   internal step: launched run zed_m00_regslice_1_synth_1
   timestamp: 08 March 2019 14:23:50
   -----------------------
   internal step: launched run zed_s02_data_fifo_0_synth_1
   timestamp: 08 March 2019 14:23:50
   -----------------------
   internal step: launched run zed_s02_regslice_0_synth_1
   timestamp: 08 March 2019 14:23:50
   -----------------------
   internal step: launched run zed_s01_regslice_0_synth_1
   timestamp: 08 March 2019 14:23:50
   -----------------------
   internal step: launched run zed_auto_pc_1_synth_1
   timestamp: 08 March 2019 14:23:50
   -----------------------
   internal step: launched run zed_s00_regslice_0_synth_1
   timestamp: 08 March 2019 14:23:50
   -----------------------
   internal step: launched run zed_auto_pc_0_synth_1
   timestamp: 08 March 2019 14:23:50
   -----------------------
   internal step: launch_runs impl_1 -to_step write_bitstream 
   timestamp: 08 March 2019 14:23:50
   -----------------------
   internal step: log_generated_reports for implementation 'output/generated_reports.log'
   timestamp: 08 March 2019 14:28:37
status: success
