

================================================================
== Vivado HLS Report for 'calulation_Loop_1_pr'
================================================================
* Date:           Fri Mar  8 14:10:17 2019

* Version:        2018.2 (Build 2258646 on Thu Jun 14 20:25:20 MDT 2018)
* Project:        cal_gemm
* Solution:       solution
* Product family: zynq
* Target device:  xc7z020clg484-1


================================================================
== Performance Estimates
================================================================
+ Timing (ns): 
    * Summary: 
    +--------+-------+----------+------------+
    |  Clock | Target| Estimated| Uncertainty|
    +--------+-------+----------+------------+
    |ap_clk  |  10.00|     7.256|        2.70|
    +--------+-------+----------+------------+

+ Latency (clock cycles): 
    * Summary: 
    +-------+-------+-------+-------+---------+
    |    Latency    |    Interval   | Pipeline|
    |  min  |  max  |  min  |  max  |   Type  |
    +-------+-------+-------+-------+---------+
    |  24348|  24348|  24348|  24348|   none  |
    +-------+-------+-------+-------+---------+

    + Detail: 
        * Instance: 
        N/A

        * Loop: 
        +----------+-------+-------+----------+-----------+-----------+-------+----------+
        |          |    Latency    | Iteration|  Initiation Interval  |  Trip |          |
        | Loop Name|  min  |  max  |  Latency |  achieved |   target  | Count | Pipelined|
        +----------+-------+-------+----------+-----------+-----------+-------+----------+
        |- Loop 1  |  24346|  24346|        12|          1|          1|  24336|    yes   |
        +----------+-------+-------+----------+-----------+-----------+-------+----------+



================================================================
== Utilization Estimates
================================================================
* Summary: 
+-----------------+---------+-------+--------+-------+
|       Name      | BRAM_18K| DSP48E|   FF   |  LUT  |
+-----------------+---------+-------+--------+-------+
|DSP              |        -|      -|       -|      -|
|Expression       |        -|      -|       0|    101|
|FIFO             |        -|      -|       -|      -|
|Instance         |        -|    160|   11136|  22752|
|Memory           |        -|      -|       -|      -|
|Multiplexer      |        -|      -|       -|     93|
|Register         |        0|      -|    6624|   1088|
+-----------------+---------+-------+--------+-------+
|Total            |        0|    160|   17760|  24034|
+-----------------+---------+-------+--------+-------+
|Available        |      280|    220|  106400|  53200|
+-----------------+---------+-------+--------+-------+
|Utilization (%)  |        0|     72|      16|     45|
+-----------------+---------+-------+--------+-------+

+ Detail: 
    * Instance: 
    +---------------------------+----------------------+---------+-------+-----+-----+
    |          Instance         |        Module        | BRAM_18K| DSP48E|  FF | LUT |
    +---------------------------+----------------------+---------+-------+-----+-----+
    |cal_gemm_fadd_32nbkb_U133  |cal_gemm_fadd_32nbkb  |        0|      2|  205|  390|
    |cal_gemm_fadd_32nbkb_U134  |cal_gemm_fadd_32nbkb  |        0|      2|  205|  390|
    |cal_gemm_fadd_32nbkb_U135  |cal_gemm_fadd_32nbkb  |        0|      2|  205|  390|
    |cal_gemm_fadd_32nbkb_U136  |cal_gemm_fadd_32nbkb  |        0|      2|  205|  390|
    |cal_gemm_fadd_32nbkb_U137  |cal_gemm_fadd_32nbkb  |        0|      2|  205|  390|
    |cal_gemm_fadd_32nbkb_U138  |cal_gemm_fadd_32nbkb  |        0|      2|  205|  390|
    |cal_gemm_fadd_32nbkb_U139  |cal_gemm_fadd_32nbkb  |        0|      2|  205|  390|
    |cal_gemm_fadd_32nbkb_U140  |cal_gemm_fadd_32nbkb  |        0|      2|  205|  390|
    |cal_gemm_fadd_32nbkb_U141  |cal_gemm_fadd_32nbkb  |        0|      2|  205|  390|
    |cal_gemm_fadd_32nbkb_U142  |cal_gemm_fadd_32nbkb  |        0|      2|  205|  390|
    |cal_gemm_fadd_32nbkb_U143  |cal_gemm_fadd_32nbkb  |        0|      2|  205|  390|
    |cal_gemm_fadd_32nbkb_U144  |cal_gemm_fadd_32nbkb  |        0|      2|  205|  390|
    |cal_gemm_fadd_32nbkb_U145  |cal_gemm_fadd_32nbkb  |        0|      2|  205|  390|
    |cal_gemm_fadd_32nbkb_U146  |cal_gemm_fadd_32nbkb  |        0|      2|  205|  390|
    |cal_gemm_fadd_32nbkb_U147  |cal_gemm_fadd_32nbkb  |        0|      2|  205|  390|
    |cal_gemm_fadd_32nbkb_U148  |cal_gemm_fadd_32nbkb  |        0|      2|  205|  390|
    |cal_gemm_fadd_32nbkb_U149  |cal_gemm_fadd_32nbkb  |        0|      2|  205|  390|
    |cal_gemm_fadd_32nbkb_U150  |cal_gemm_fadd_32nbkb  |        0|      2|  205|  390|
    |cal_gemm_fadd_32nbkb_U151  |cal_gemm_fadd_32nbkb  |        0|      2|  205|  390|
    |cal_gemm_fadd_32nbkb_U152  |cal_gemm_fadd_32nbkb  |        0|      2|  205|  390|
    |cal_gemm_fadd_32nbkb_U153  |cal_gemm_fadd_32nbkb  |        0|      2|  205|  390|
    |cal_gemm_fadd_32nbkb_U154  |cal_gemm_fadd_32nbkb  |        0|      2|  205|  390|
    |cal_gemm_fadd_32nbkb_U155  |cal_gemm_fadd_32nbkb  |        0|      2|  205|  390|
    |cal_gemm_fadd_32nbkb_U156  |cal_gemm_fadd_32nbkb  |        0|      2|  205|  390|
    |cal_gemm_fadd_32nbkb_U157  |cal_gemm_fadd_32nbkb  |        0|      2|  205|  390|
    |cal_gemm_fadd_32nbkb_U158  |cal_gemm_fadd_32nbkb  |        0|      2|  205|  390|
    |cal_gemm_fadd_32nbkb_U159  |cal_gemm_fadd_32nbkb  |        0|      2|  205|  390|
    |cal_gemm_fadd_32nbkb_U160  |cal_gemm_fadd_32nbkb  |        0|      2|  205|  390|
    |cal_gemm_fadd_32nbkb_U161  |cal_gemm_fadd_32nbkb  |        0|      2|  205|  390|
    |cal_gemm_fadd_32nbkb_U162  |cal_gemm_fadd_32nbkb  |        0|      2|  205|  390|
    |cal_gemm_fadd_32nbkb_U163  |cal_gemm_fadd_32nbkb  |        0|      2|  205|  390|
    |cal_gemm_fadd_32nbkb_U164  |cal_gemm_fadd_32nbkb  |        0|      2|  205|  390|
    |cal_gemm_fmul_32ncud_U165  |cal_gemm_fmul_32ncud  |        0|      3|  143|  321|
    |cal_gemm_fmul_32ncud_U166  |cal_gemm_fmul_32ncud  |        0|      3|  143|  321|
    |cal_gemm_fmul_32ncud_U167  |cal_gemm_fmul_32ncud  |        0|      3|  143|  321|
    |cal_gemm_fmul_32ncud_U168  |cal_gemm_fmul_32ncud  |        0|      3|  143|  321|
    |cal_gemm_fmul_32ncud_U169  |cal_gemm_fmul_32ncud  |        0|      3|  143|  321|
    |cal_gemm_fmul_32ncud_U170  |cal_gemm_fmul_32ncud  |        0|      3|  143|  321|
    |cal_gemm_fmul_32ncud_U171  |cal_gemm_fmul_32ncud  |        0|      3|  143|  321|
    |cal_gemm_fmul_32ncud_U172  |cal_gemm_fmul_32ncud  |        0|      3|  143|  321|
    |cal_gemm_fmul_32ncud_U173  |cal_gemm_fmul_32ncud  |        0|      3|  143|  321|
    |cal_gemm_fmul_32ncud_U174  |cal_gemm_fmul_32ncud  |        0|      3|  143|  321|
    |cal_gemm_fmul_32ncud_U175  |cal_gemm_fmul_32ncud  |        0|      3|  143|  321|
    |cal_gemm_fmul_32ncud_U176  |cal_gemm_fmul_32ncud  |        0|      3|  143|  321|
    |cal_gemm_fmul_32ncud_U177  |cal_gemm_fmul_32ncud  |        0|      3|  143|  321|
    |cal_gemm_fmul_32ncud_U178  |cal_gemm_fmul_32ncud  |        0|      3|  143|  321|
    |cal_gemm_fmul_32ncud_U179  |cal_gemm_fmul_32ncud  |        0|      3|  143|  321|
    |cal_gemm_fmul_32ncud_U180  |cal_gemm_fmul_32ncud  |        0|      3|  143|  321|
    |cal_gemm_fmul_32ncud_U181  |cal_gemm_fmul_32ncud  |        0|      3|  143|  321|
    |cal_gemm_fmul_32ncud_U182  |cal_gemm_fmul_32ncud  |        0|      3|  143|  321|
    |cal_gemm_fmul_32ncud_U183  |cal_gemm_fmul_32ncud  |        0|      3|  143|  321|
    |cal_gemm_fmul_32ncud_U184  |cal_gemm_fmul_32ncud  |        0|      3|  143|  321|
    |cal_gemm_fmul_32ncud_U185  |cal_gemm_fmul_32ncud  |        0|      3|  143|  321|
    |cal_gemm_fmul_32ncud_U186  |cal_gemm_fmul_32ncud  |        0|      3|  143|  321|
    |cal_gemm_fmul_32ncud_U187  |cal_gemm_fmul_32ncud  |        0|      3|  143|  321|
    |cal_gemm_fmul_32ncud_U188  |cal_gemm_fmul_32ncud  |        0|      3|  143|  321|
    |cal_gemm_fmul_32ncud_U189  |cal_gemm_fmul_32ncud  |        0|      3|  143|  321|
    |cal_gemm_fmul_32ncud_U190  |cal_gemm_fmul_32ncud  |        0|      3|  143|  321|
    |cal_gemm_fmul_32ncud_U191  |cal_gemm_fmul_32ncud  |        0|      3|  143|  321|
    |cal_gemm_fmul_32ncud_U192  |cal_gemm_fmul_32ncud  |        0|      3|  143|  321|
    |cal_gemm_fmul_32ncud_U193  |cal_gemm_fmul_32ncud  |        0|      3|  143|  321|
    |cal_gemm_fmul_32ncud_U194  |cal_gemm_fmul_32ncud  |        0|      3|  143|  321|
    |cal_gemm_fmul_32ncud_U195  |cal_gemm_fmul_32ncud  |        0|      3|  143|  321|
    |cal_gemm_fmul_32ncud_U196  |cal_gemm_fmul_32ncud  |        0|      3|  143|  321|
    +---------------------------+----------------------+---------+-------+-----+-----+
    |Total                      |                      |        0|    160|11136|22752|
    +---------------------------+----------------------+---------+-------+-----+-----+

    * DSP48: 
    N/A

    * Memory: 
    N/A

    * FIFO: 
    N/A

    * Expression: 
    +----------------------------------+----------+-------+---+----+------------+------------+
    |           Variable Name          | Operation| DSP48E| FF| LUT| Bitwidth P0| Bitwidth P1|
    +----------------------------------+----------+-------+---+----+------------+------------+
    |ia_fu_1461_p2                     |     +    |      0|  0|  15|           8|           1|
    |indvar_flatten_next_fu_1441_p2    |     +    |      0|  0|  21|          15|           1|
    |j_fu_1511_p2                      |     +    |      0|  0|  15|           8|           1|
    |ap_block_pp0_stage0_11001         |    and   |      0|  0|   2|           1|           1|
    |ap_block_state3_pp0_stage0_iter1  |    and   |      0|  0|   2|           1|           1|
    |exitcond1_i_i_fu_1447_p2          |   icmp   |      0|  0|  11|           8|           8|
    |exitcond_flatten_fu_1435_p2       |   icmp   |      0|  0|  13|          15|          15|
    |ap_block_state1                   |    or    |      0|  0|   2|           1|           1|
    |ia_0_i_i_cast_mid2_v_fu_1467_p3   |  select  |      0|  0|   8|           1|           8|
    |j_0_i_i_mid2_fu_1453_p3           |  select  |      0|  0|   8|           1|           1|
    |ap_enable_pp0                     |    xor   |      0|  0|   2|           1|           2|
    |ap_enable_reg_pp0_iter1           |    xor   |      0|  0|   2|           2|           1|
    +----------------------------------+----------+-------+---+----+------------+------------+
    |Total                             |          |      0|  0| 101|          62|          41|
    +----------------------------------+----------+-------+---+----+------------+------------+

    * Multiplexer: 
    +------------------------------------+----+-----------+-----+-----------+
    |                Name                | LUT| Input Size| Bits| Total Bits|
    +------------------------------------+----+-----------+-----+-----------+
    |ap_NS_fsm                           |  21|          4|    1|          4|
    |ap_done                             |   9|          2|    1|          2|
    |ap_enable_reg_pp0_iter1             |   9|          2|    1|          2|
    |ap_enable_reg_pp0_iter11            |   9|          2|    1|          2|
    |ap_phi_mux_ia_0_i_i_phi_fu_1161_p4  |   9|          2|    8|         16|
    |ia_0_i_i_reg_1157                   |   9|          2|    8|         16|
    |inStream1_V_blk_n                   |   9|          2|    1|          2|
    |indvar_flatten_reg_1146             |   9|          2|   15|         30|
    |j_0_i_i_reg_1168                    |   9|          2|    8|         16|
    +------------------------------------+----+-----------+-----+-----------+
    |Total                               |  93|         20|   44|         90|
    +------------------------------------+----+-----------+-----+-----------+

    * Register: 
    +-------------------------------+----+----+-----+-----------+
    |              Name             | FF | LUT| Bits| Const Bits|
    +-------------------------------+----+----+-----+-----------+
    |ap_CS_fsm                      |   3|   0|    3|          0|
    |ap_done_reg                    |   1|   0|    1|          0|
    |ap_enable_reg_pp0_iter0        |   1|   0|    1|          0|
    |ap_enable_reg_pp0_iter1        |   1|   0|    1|          0|
    |ap_enable_reg_pp0_iter10       |   1|   0|    1|          0|
    |ap_enable_reg_pp0_iter11       |   1|   0|    1|          0|
    |ap_enable_reg_pp0_iter2        |   1|   0|    1|          0|
    |ap_enable_reg_pp0_iter3        |   1|   0|    1|          0|
    |ap_enable_reg_pp0_iter4        |   1|   0|    1|          0|
    |ap_enable_reg_pp0_iter5        |   1|   0|    1|          0|
    |ap_enable_reg_pp0_iter6        |   1|   0|    1|          0|
    |ap_enable_reg_pp0_iter7        |   1|   0|    1|          0|
    |ap_enable_reg_pp0_iter8        |   1|   0|    1|          0|
    |ap_enable_reg_pp0_iter9        |   1|   0|    1|          0|
    |exitcond_flatten_reg_1552      |   1|   0|    1|          0|
    |ia_0_i_i_cast_mid2_v_reg_1566  |   8|   0|    8|          0|
    |ia_0_i_i_reg_1157              |   8|   0|    8|          0|
    |indvar_flatten_reg_1146        |  15|   0|   15|          0|
    |j_0_i_i_mid2_reg_1561          |   8|   0|    8|          0|
    |j_0_i_i_reg_1168               |   8|   0|    8|          0|
    |la_0_load_reg_1772             |  32|   0|   32|          0|
    |la_10_load_reg_1822            |  32|   0|   32|          0|
    |la_11_load_reg_1827            |  32|   0|   32|          0|
    |la_12_load_reg_1832            |  32|   0|   32|          0|
    |la_13_load_reg_1837            |  32|   0|   32|          0|
    |la_14_load_reg_1842            |  32|   0|   32|          0|
    |la_15_load_reg_1847            |  32|   0|   32|          0|
    |la_16_load_reg_1852            |  32|   0|   32|          0|
    |la_17_load_reg_1857            |  32|   0|   32|          0|
    |la_18_load_reg_1862            |  32|   0|   32|          0|
    |la_19_load_reg_1867            |  32|   0|   32|          0|
    |la_1_load_reg_1777             |  32|   0|   32|          0|
    |la_20_load_reg_1872            |  32|   0|   32|          0|
    |la_21_load_reg_1877            |  32|   0|   32|          0|
    |la_22_load_reg_1882            |  32|   0|   32|          0|
    |la_23_load_reg_1887            |  32|   0|   32|          0|
    |la_24_load_reg_1892            |  32|   0|   32|          0|
    |la_25_load_reg_1897            |  32|   0|   32|          0|
    |la_26_load_reg_1902            |  32|   0|   32|          0|
    |la_27_load_reg_1907            |  32|   0|   32|          0|
    |la_28_load_reg_1912            |  32|   0|   32|          0|
    |la_29_load_reg_1917            |  32|   0|   32|          0|
    |la_2_load_reg_1782             |  32|   0|   32|          0|
    |la_30_load_reg_1922            |  32|   0|   32|          0|
    |la_31_load_reg_1927            |  32|   0|   32|          0|
    |la_3_load_reg_1787             |  32|   0|   32|          0|
    |la_4_load_reg_1792             |  32|   0|   32|          0|
    |la_5_load_reg_1797             |  32|   0|   32|          0|
    |la_6_load_reg_1802             |  32|   0|   32|          0|
    |la_7_load_reg_1807             |  32|   0|   32|          0|
    |la_8_load_reg_1812             |  32|   0|   32|          0|
    |la_9_load_reg_1817             |  32|   0|   32|          0|
    |lout_0_addr_reg_1932           |   8|   0|    8|          0|
    |lout_0_load_reg_2124           |  32|   0|   32|          0|
    |lout_10_addr_reg_1992          |   8|   0|    8|          0|
    |lout_10_load_reg_2224          |  32|   0|   32|          0|
    |lout_11_addr_reg_1998          |   8|   0|    8|          0|
    |lout_11_load_reg_2234          |  32|   0|   32|          0|
    |lout_12_addr_reg_2004          |   8|   0|    8|          0|
    |lout_12_load_reg_2244          |  32|   0|   32|          0|
    |lout_13_addr_reg_2010          |   8|   0|    8|          0|
    |lout_13_load_reg_2254          |  32|   0|   32|          0|
    |lout_14_addr_reg_2016          |   8|   0|    8|          0|
    |lout_14_load_reg_2264          |  32|   0|   32|          0|
    |lout_15_addr_reg_2022          |   8|   0|    8|          0|
    |lout_15_load_reg_2274          |  32|   0|   32|          0|
    |lout_16_addr_reg_2028          |   8|   0|    8|          0|
    |lout_16_load_reg_2284          |  32|   0|   32|          0|
    |lout_17_addr_reg_2034          |   8|   0|    8|          0|
    |lout_17_load_reg_2294          |  32|   0|   32|          0|
    |lout_18_addr_reg_2040          |   8|   0|    8|          0|
    |lout_18_load_reg_2304          |  32|   0|   32|          0|
    |lout_19_addr_reg_2046          |   8|   0|    8|          0|
    |lout_19_load_reg_2314          |  32|   0|   32|          0|
    |lout_1_addr_reg_1938           |   8|   0|    8|          0|
    |lout_1_load_reg_2134           |  32|   0|   32|          0|
    |lout_20_addr_reg_2052          |   8|   0|    8|          0|
    |lout_20_load_reg_2324          |  32|   0|   32|          0|
    |lout_21_addr_reg_2058          |   8|   0|    8|          0|
    |lout_21_load_reg_2334          |  32|   0|   32|          0|
    |lout_22_addr_reg_2064          |   8|   0|    8|          0|
    |lout_22_load_reg_2344          |  32|   0|   32|          0|
    |lout_23_addr_reg_2070          |   8|   0|    8|          0|
    |lout_23_load_reg_2354          |  32|   0|   32|          0|
    |lout_24_addr_reg_2076          |   8|   0|    8|          0|
    |lout_24_load_reg_2364          |  32|   0|   32|          0|
    |lout_25_addr_reg_2082          |   8|   0|    8|          0|
    |lout_25_load_reg_2374          |  32|   0|   32|          0|
    |lout_26_addr_reg_2088          |   8|   0|    8|          0|
    |lout_26_load_reg_2384          |  32|   0|   32|          0|
    |lout_27_addr_reg_2094          |   8|   0|    8|          0|
    |lout_27_load_reg_2394          |  32|   0|   32|          0|
    |lout_28_addr_reg_2100          |   8|   0|    8|          0|
    |lout_28_load_reg_2404          |  32|   0|   32|          0|
    |lout_29_addr_reg_2106          |   8|   0|    8|          0|
    |lout_29_load_reg_2414          |  32|   0|   32|          0|
    |lout_2_addr_reg_1944           |   8|   0|    8|          0|
    |lout_2_load_reg_2144           |  32|   0|   32|          0|
    |lout_30_addr_reg_2112          |   8|   0|    8|          0|
    |lout_30_load_reg_2424          |  32|   0|   32|          0|
    |lout_31_addr_reg_2118          |   8|   0|    8|          0|
    |lout_31_load_reg_2434          |  32|   0|   32|          0|
    |lout_3_addr_reg_1950           |   8|   0|    8|          0|
    |lout_3_load_reg_2154           |  32|   0|   32|          0|
    |lout_4_addr_reg_1956           |   8|   0|    8|          0|
    |lout_4_load_reg_2164           |  32|   0|   32|          0|
    |lout_5_addr_reg_1962           |   8|   0|    8|          0|
    |lout_5_load_reg_2174           |  32|   0|   32|          0|
    |lout_6_addr_reg_1968           |   8|   0|    8|          0|
    |lout_6_load_reg_2184           |  32|   0|   32|          0|
    |lout_7_addr_reg_1974           |   8|   0|    8|          0|
    |lout_7_load_reg_2194           |  32|   0|   32|          0|
    |lout_8_addr_reg_1980           |   8|   0|    8|          0|
    |lout_8_load_reg_2204           |  32|   0|   32|          0|
    |lout_9_addr_reg_1986           |   8|   0|    8|          0|
    |lout_9_load_reg_2214           |  32|   0|   32|          0|
    |tmp_5_i_10_reg_2239            |  32|   0|   32|          0|
    |tmp_5_i_11_reg_2249            |  32|   0|   32|          0|
    |tmp_5_i_12_reg_2259            |  32|   0|   32|          0|
    |tmp_5_i_13_reg_2269            |  32|   0|   32|          0|
    |tmp_5_i_14_reg_2279            |  32|   0|   32|          0|
    |tmp_5_i_15_reg_2289            |  32|   0|   32|          0|
    |tmp_5_i_16_reg_2299            |  32|   0|   32|          0|
    |tmp_5_i_17_reg_2309            |  32|   0|   32|          0|
    |tmp_5_i_18_reg_2319            |  32|   0|   32|          0|
    |tmp_5_i_19_reg_2329            |  32|   0|   32|          0|
    |tmp_5_i_1_reg_2139             |  32|   0|   32|          0|
    |tmp_5_i_20_reg_2339            |  32|   0|   32|          0|
    |tmp_5_i_21_reg_2349            |  32|   0|   32|          0|
    |tmp_5_i_22_reg_2359            |  32|   0|   32|          0|
    |tmp_5_i_23_reg_2369            |  32|   0|   32|          0|
    |tmp_5_i_24_reg_2379            |  32|   0|   32|          0|
    |tmp_5_i_25_reg_2389            |  32|   0|   32|          0|
    |tmp_5_i_26_reg_2399            |  32|   0|   32|          0|
    |tmp_5_i_27_reg_2409            |  32|   0|   32|          0|
    |tmp_5_i_28_reg_2419            |  32|   0|   32|          0|
    |tmp_5_i_29_reg_2429            |  32|   0|   32|          0|
    |tmp_5_i_2_reg_2149             |  32|   0|   32|          0|
    |tmp_5_i_30_reg_2439            |  32|   0|   32|          0|
    |tmp_5_i_3_reg_2159             |  32|   0|   32|          0|
    |tmp_5_i_4_reg_2169             |  32|   0|   32|          0|
    |tmp_5_i_5_reg_2179             |  32|   0|   32|          0|
    |tmp_5_i_6_reg_2189             |  32|   0|   32|          0|
    |tmp_5_i_7_reg_2199             |  32|   0|   32|          0|
    |tmp_5_i_8_reg_2209             |  32|   0|   32|          0|
    |tmp_5_i_9_reg_2219             |  32|   0|   32|          0|
    |tmp_5_i_reg_2129               |  32|   0|   32|          0|
    |tmp_5_i_s_reg_2229             |  32|   0|   32|          0|
    |tmp_6_i_10_reg_2499            |  32|   0|   32|          0|
    |tmp_6_i_11_reg_2504            |  32|   0|   32|          0|
    |tmp_6_i_12_reg_2509            |  32|   0|   32|          0|
    |tmp_6_i_13_reg_2514            |  32|   0|   32|          0|
    |tmp_6_i_14_reg_2519            |  32|   0|   32|          0|
    |tmp_6_i_15_reg_2524            |  32|   0|   32|          0|
    |tmp_6_i_16_reg_2529            |  32|   0|   32|          0|
    |tmp_6_i_17_reg_2534            |  32|   0|   32|          0|
    |tmp_6_i_18_reg_2539            |  32|   0|   32|          0|
    |tmp_6_i_19_reg_2544            |  32|   0|   32|          0|
    |tmp_6_i_1_reg_2449             |  32|   0|   32|          0|
    |tmp_6_i_20_reg_2549            |  32|   0|   32|          0|
    |tmp_6_i_21_reg_2554            |  32|   0|   32|          0|
    |tmp_6_i_22_reg_2559            |  32|   0|   32|          0|
    |tmp_6_i_23_reg_2564            |  32|   0|   32|          0|
    |tmp_6_i_24_reg_2569            |  32|   0|   32|          0|
    |tmp_6_i_25_reg_2574            |  32|   0|   32|          0|
    |tmp_6_i_26_reg_2579            |  32|   0|   32|          0|
    |tmp_6_i_27_reg_2584            |  32|   0|   32|          0|
    |tmp_6_i_28_reg_2589            |  32|   0|   32|          0|
    |tmp_6_i_29_reg_2594            |  32|   0|   32|          0|
    |tmp_6_i_2_reg_2454             |  32|   0|   32|          0|
    |tmp_6_i_30_reg_2599            |  32|   0|   32|          0|
    |tmp_6_i_3_reg_2459             |  32|   0|   32|          0|
    |tmp_6_i_4_reg_2464             |  32|   0|   32|          0|
    |tmp_6_i_5_reg_2469             |  32|   0|   32|          0|
    |tmp_6_i_6_reg_2474             |  32|   0|   32|          0|
    |tmp_6_i_7_reg_2479             |  32|   0|   32|          0|
    |tmp_6_i_8_reg_2484             |  32|   0|   32|          0|
    |tmp_6_i_9_reg_2489             |  32|   0|   32|          0|
    |tmp_6_i_reg_2444               |  32|   0|   32|          0|
    |tmp_6_i_s_reg_2494             |  32|   0|   32|          0|
    |tmp_reg_1736                   |  32|   0|   32|          0|
    |exitcond_flatten_reg_1552      |  64|  32|    1|          0|
    |j_0_i_i_mid2_reg_1561          |  64|  32|    8|          0|
    |lout_0_addr_reg_1932           |  64|  32|    8|          0|
    |lout_10_addr_reg_1992          |  64|  32|    8|          0|
    |lout_11_addr_reg_1998          |  64|  32|    8|          0|
    |lout_12_addr_reg_2004          |  64|  32|    8|          0|
    |lout_13_addr_reg_2010          |  64|  32|    8|          0|
    |lout_14_addr_reg_2016          |  64|  32|    8|          0|
    |lout_15_addr_reg_2022          |  64|  32|    8|          0|
    |lout_16_addr_reg_2028          |  64|  32|    8|          0|
    |lout_17_addr_reg_2034          |  64|  32|    8|          0|
    |lout_18_addr_reg_2040          |  64|  32|    8|          0|
    |lout_19_addr_reg_2046          |  64|  32|    8|          0|
    |lout_1_addr_reg_1938           |  64|  32|    8|          0|
    |lout_20_addr_reg_2052          |  64|  32|    8|          0|
    |lout_21_addr_reg_2058          |  64|  32|    8|          0|
    |lout_22_addr_reg_2064          |  64|  32|    8|          0|
    |lout_23_addr_reg_2070          |  64|  32|    8|          0|
    |lout_24_addr_reg_2076          |  64|  32|    8|          0|
    |lout_25_addr_reg_2082          |  64|  32|    8|          0|
    |lout_26_addr_reg_2088          |  64|  32|    8|          0|
    |lout_27_addr_reg_2094          |  64|  32|    8|          0|
    |lout_28_addr_reg_2100          |  64|  32|    8|          0|
    |lout_29_addr_reg_2106          |  64|  32|    8|          0|
    |lout_2_addr_reg_1944           |  64|  32|    8|          0|
    |lout_30_addr_reg_2112          |  64|  32|    8|          0|
    |lout_31_addr_reg_2118          |  64|  32|    8|          0|
    |lout_3_addr_reg_1950           |  64|  32|    8|          0|
    |lout_4_addr_reg_1956           |  64|  32|    8|          0|
    |lout_5_addr_reg_1962           |  64|  32|    8|          0|
    |lout_6_addr_reg_1968           |  64|  32|    8|          0|
    |lout_7_addr_reg_1974           |  64|  32|    8|          0|
    |lout_8_addr_reg_1980           |  64|  32|    8|          0|
    |lout_9_addr_reg_1986           |  64|  32|    8|          0|
    +-------------------------------+----+----+-----+-----------+
    |Total                          |6624|1088| 4713|          0|
    +-------------------------------+----+----+-----+-----------+



================================================================
== Interface
================================================================
* Summary: 
+---------------------+-----+-----+------------+----------------------+--------------+
|      RTL Ports      | Dir | Bits|  Protocol  |     Source Object    |    C Type    |
+---------------------+-----+-----+------------+----------------------+--------------+
|ap_clk               |  in |    1| ap_ctrl_hs | calulation_Loop_1_pr | return value |
|ap_rst               |  in |    1| ap_ctrl_hs | calulation_Loop_1_pr | return value |
|ap_start             |  in |    1| ap_ctrl_hs | calulation_Loop_1_pr | return value |
|ap_done              | out |    1| ap_ctrl_hs | calulation_Loop_1_pr | return value |
|ap_continue          |  in |    1| ap_ctrl_hs | calulation_Loop_1_pr | return value |
|ap_idle              | out |    1| ap_ctrl_hs | calulation_Loop_1_pr | return value |
|ap_ready             | out |    1| ap_ctrl_hs | calulation_Loop_1_pr | return value |
|lout_0_address0      | out |    8|  ap_memory |        lout_0        |     array    |
|lout_0_ce0           | out |    1|  ap_memory |        lout_0        |     array    |
|lout_0_q0            |  in |   32|  ap_memory |        lout_0        |     array    |
|lout_0_address1      | out |    8|  ap_memory |        lout_0        |     array    |
|lout_0_ce1           | out |    1|  ap_memory |        lout_0        |     array    |
|lout_0_we1           | out |    1|  ap_memory |        lout_0        |     array    |
|lout_0_d1            | out |   32|  ap_memory |        lout_0        |     array    |
|lout_1_address0      | out |    8|  ap_memory |        lout_1        |     array    |
|lout_1_ce0           | out |    1|  ap_memory |        lout_1        |     array    |
|lout_1_q0            |  in |   32|  ap_memory |        lout_1        |     array    |
|lout_1_address1      | out |    8|  ap_memory |        lout_1        |     array    |
|lout_1_ce1           | out |    1|  ap_memory |        lout_1        |     array    |
|lout_1_we1           | out |    1|  ap_memory |        lout_1        |     array    |
|lout_1_d1            | out |   32|  ap_memory |        lout_1        |     array    |
|lout_2_address0      | out |    8|  ap_memory |        lout_2        |     array    |
|lout_2_ce0           | out |    1|  ap_memory |        lout_2        |     array    |
|lout_2_q0            |  in |   32|  ap_memory |        lout_2        |     array    |
|lout_2_address1      | out |    8|  ap_memory |        lout_2        |     array    |
|lout_2_ce1           | out |    1|  ap_memory |        lout_2        |     array    |
|lout_2_we1           | out |    1|  ap_memory |        lout_2        |     array    |
|lout_2_d1            | out |   32|  ap_memory |        lout_2        |     array    |
|lout_3_address0      | out |    8|  ap_memory |        lout_3        |     array    |
|lout_3_ce0           | out |    1|  ap_memory |        lout_3        |     array    |
|lout_3_q0            |  in |   32|  ap_memory |        lout_3        |     array    |
|lout_3_address1      | out |    8|  ap_memory |        lout_3        |     array    |
|lout_3_ce1           | out |    1|  ap_memory |        lout_3        |     array    |
|lout_3_we1           | out |    1|  ap_memory |        lout_3        |     array    |
|lout_3_d1            | out |   32|  ap_memory |        lout_3        |     array    |
|lout_4_address0      | out |    8|  ap_memory |        lout_4        |     array    |
|lout_4_ce0           | out |    1|  ap_memory |        lout_4        |     array    |
|lout_4_q0            |  in |   32|  ap_memory |        lout_4        |     array    |
|lout_4_address1      | out |    8|  ap_memory |        lout_4        |     array    |
|lout_4_ce1           | out |    1|  ap_memory |        lout_4        |     array    |
|lout_4_we1           | out |    1|  ap_memory |        lout_4        |     array    |
|lout_4_d1            | out |   32|  ap_memory |        lout_4        |     array    |
|lout_5_address0      | out |    8|  ap_memory |        lout_5        |     array    |
|lout_5_ce0           | out |    1|  ap_memory |        lout_5        |     array    |
|lout_5_q0            |  in |   32|  ap_memory |        lout_5        |     array    |
|lout_5_address1      | out |    8|  ap_memory |        lout_5        |     array    |
|lout_5_ce1           | out |    1|  ap_memory |        lout_5        |     array    |
|lout_5_we1           | out |    1|  ap_memory |        lout_5        |     array    |
|lout_5_d1            | out |   32|  ap_memory |        lout_5        |     array    |
|lout_6_address0      | out |    8|  ap_memory |        lout_6        |     array    |
|lout_6_ce0           | out |    1|  ap_memory |        lout_6        |     array    |
|lout_6_q0            |  in |   32|  ap_memory |        lout_6        |     array    |
|lout_6_address1      | out |    8|  ap_memory |        lout_6        |     array    |
|lout_6_ce1           | out |    1|  ap_memory |        lout_6        |     array    |
|lout_6_we1           | out |    1|  ap_memory |        lout_6        |     array    |
|lout_6_d1            | out |   32|  ap_memory |        lout_6        |     array    |
|lout_7_address0      | out |    8|  ap_memory |        lout_7        |     array    |
|lout_7_ce0           | out |    1|  ap_memory |        lout_7        |     array    |
|lout_7_q0            |  in |   32|  ap_memory |        lout_7        |     array    |
|lout_7_address1      | out |    8|  ap_memory |        lout_7        |     array    |
|lout_7_ce1           | out |    1|  ap_memory |        lout_7        |     array    |
|lout_7_we1           | out |    1|  ap_memory |        lout_7        |     array    |
|lout_7_d1            | out |   32|  ap_memory |        lout_7        |     array    |
|lout_8_address0      | out |    8|  ap_memory |        lout_8        |     array    |
|lout_8_ce0           | out |    1|  ap_memory |        lout_8        |     array    |
|lout_8_q0            |  in |   32|  ap_memory |        lout_8        |     array    |
|lout_8_address1      | out |    8|  ap_memory |        lout_8        |     array    |
|lout_8_ce1           | out |    1|  ap_memory |        lout_8        |     array    |
|lout_8_we1           | out |    1|  ap_memory |        lout_8        |     array    |
|lout_8_d1            | out |   32|  ap_memory |        lout_8        |     array    |
|lout_9_address0      | out |    8|  ap_memory |        lout_9        |     array    |
|lout_9_ce0           | out |    1|  ap_memory |        lout_9        |     array    |
|lout_9_q0            |  in |   32|  ap_memory |        lout_9        |     array    |
|lout_9_address1      | out |    8|  ap_memory |        lout_9        |     array    |
|lout_9_ce1           | out |    1|  ap_memory |        lout_9        |     array    |
|lout_9_we1           | out |    1|  ap_memory |        lout_9        |     array    |
|lout_9_d1            | out |   32|  ap_memory |        lout_9        |     array    |
|lout_10_address0     | out |    8|  ap_memory |        lout_10       |     array    |
|lout_10_ce0          | out |    1|  ap_memory |        lout_10       |     array    |
|lout_10_q0           |  in |   32|  ap_memory |        lout_10       |     array    |
|lout_10_address1     | out |    8|  ap_memory |        lout_10       |     array    |
|lout_10_ce1          | out |    1|  ap_memory |        lout_10       |     array    |
|lout_10_we1          | out |    1|  ap_memory |        lout_10       |     array    |
|lout_10_d1           | out |   32|  ap_memory |        lout_10       |     array    |
|lout_11_address0     | out |    8|  ap_memory |        lout_11       |     array    |
|lout_11_ce0          | out |    1|  ap_memory |        lout_11       |     array    |
|lout_11_q0           |  in |   32|  ap_memory |        lout_11       |     array    |
|lout_11_address1     | out |    8|  ap_memory |        lout_11       |     array    |
|lout_11_ce1          | out |    1|  ap_memory |        lout_11       |     array    |
|lout_11_we1          | out |    1|  ap_memory |        lout_11       |     array    |
|lout_11_d1           | out |   32|  ap_memory |        lout_11       |     array    |
|lout_12_address0     | out |    8|  ap_memory |        lout_12       |     array    |
|lout_12_ce0          | out |    1|  ap_memory |        lout_12       |     array    |
|lout_12_q0           |  in |   32|  ap_memory |        lout_12       |     array    |
|lout_12_address1     | out |    8|  ap_memory |        lout_12       |     array    |
|lout_12_ce1          | out |    1|  ap_memory |        lout_12       |     array    |
|lout_12_we1          | out |    1|  ap_memory |        lout_12       |     array    |
|lout_12_d1           | out |   32|  ap_memory |        lout_12       |     array    |
|lout_13_address0     | out |    8|  ap_memory |        lout_13       |     array    |
|lout_13_ce0          | out |    1|  ap_memory |        lout_13       |     array    |
|lout_13_q0           |  in |   32|  ap_memory |        lout_13       |     array    |
|lout_13_address1     | out |    8|  ap_memory |        lout_13       |     array    |
|lout_13_ce1          | out |    1|  ap_memory |        lout_13       |     array    |
|lout_13_we1          | out |    1|  ap_memory |        lout_13       |     array    |
|lout_13_d1           | out |   32|  ap_memory |        lout_13       |     array    |
|lout_14_address0     | out |    8|  ap_memory |        lout_14       |     array    |
|lout_14_ce0          | out |    1|  ap_memory |        lout_14       |     array    |
|lout_14_q0           |  in |   32|  ap_memory |        lout_14       |     array    |
|lout_14_address1     | out |    8|  ap_memory |        lout_14       |     array    |
|lout_14_ce1          | out |    1|  ap_memory |        lout_14       |     array    |
|lout_14_we1          | out |    1|  ap_memory |        lout_14       |     array    |
|lout_14_d1           | out |   32|  ap_memory |        lout_14       |     array    |
|lout_15_address0     | out |    8|  ap_memory |        lout_15       |     array    |
|lout_15_ce0          | out |    1|  ap_memory |        lout_15       |     array    |
|lout_15_q0           |  in |   32|  ap_memory |        lout_15       |     array    |
|lout_15_address1     | out |    8|  ap_memory |        lout_15       |     array    |
|lout_15_ce1          | out |    1|  ap_memory |        lout_15       |     array    |
|lout_15_we1          | out |    1|  ap_memory |        lout_15       |     array    |
|lout_15_d1           | out |   32|  ap_memory |        lout_15       |     array    |
|lout_16_address0     | out |    8|  ap_memory |        lout_16       |     array    |
|lout_16_ce0          | out |    1|  ap_memory |        lout_16       |     array    |
|lout_16_q0           |  in |   32|  ap_memory |        lout_16       |     array    |
|lout_16_address1     | out |    8|  ap_memory |        lout_16       |     array    |
|lout_16_ce1          | out |    1|  ap_memory |        lout_16       |     array    |
|lout_16_we1          | out |    1|  ap_memory |        lout_16       |     array    |
|lout_16_d1           | out |   32|  ap_memory |        lout_16       |     array    |
|lout_17_address0     | out |    8|  ap_memory |        lout_17       |     array    |
|lout_17_ce0          | out |    1|  ap_memory |        lout_17       |     array    |
|lout_17_q0           |  in |   32|  ap_memory |        lout_17       |     array    |
|lout_17_address1     | out |    8|  ap_memory |        lout_17       |     array    |
|lout_17_ce1          | out |    1|  ap_memory |        lout_17       |     array    |
|lout_17_we1          | out |    1|  ap_memory |        lout_17       |     array    |
|lout_17_d1           | out |   32|  ap_memory |        lout_17       |     array    |
|lout_18_address0     | out |    8|  ap_memory |        lout_18       |     array    |
|lout_18_ce0          | out |    1|  ap_memory |        lout_18       |     array    |
|lout_18_q0           |  in |   32|  ap_memory |        lout_18       |     array    |
|lout_18_address1     | out |    8|  ap_memory |        lout_18       |     array    |
|lout_18_ce1          | out |    1|  ap_memory |        lout_18       |     array    |
|lout_18_we1          | out |    1|  ap_memory |        lout_18       |     array    |
|lout_18_d1           | out |   32|  ap_memory |        lout_18       |     array    |
|lout_19_address0     | out |    8|  ap_memory |        lout_19       |     array    |
|lout_19_ce0          | out |    1|  ap_memory |        lout_19       |     array    |
|lout_19_q0           |  in |   32|  ap_memory |        lout_19       |     array    |
|lout_19_address1     | out |    8|  ap_memory |        lout_19       |     array    |
|lout_19_ce1          | out |    1|  ap_memory |        lout_19       |     array    |
|lout_19_we1          | out |    1|  ap_memory |        lout_19       |     array    |
|lout_19_d1           | out |   32|  ap_memory |        lout_19       |     array    |
|lout_20_address0     | out |    8|  ap_memory |        lout_20       |     array    |
|lout_20_ce0          | out |    1|  ap_memory |        lout_20       |     array    |
|lout_20_q0           |  in |   32|  ap_memory |        lout_20       |     array    |
|lout_20_address1     | out |    8|  ap_memory |        lout_20       |     array    |
|lout_20_ce1          | out |    1|  ap_memory |        lout_20       |     array    |
|lout_20_we1          | out |    1|  ap_memory |        lout_20       |     array    |
|lout_20_d1           | out |   32|  ap_memory |        lout_20       |     array    |
|lout_21_address0     | out |    8|  ap_memory |        lout_21       |     array    |
|lout_21_ce0          | out |    1|  ap_memory |        lout_21       |     array    |
|lout_21_q0           |  in |   32|  ap_memory |        lout_21       |     array    |
|lout_21_address1     | out |    8|  ap_memory |        lout_21       |     array    |
|lout_21_ce1          | out |    1|  ap_memory |        lout_21       |     array    |
|lout_21_we1          | out |    1|  ap_memory |        lout_21       |     array    |
|lout_21_d1           | out |   32|  ap_memory |        lout_21       |     array    |
|lout_22_address0     | out |    8|  ap_memory |        lout_22       |     array    |
|lout_22_ce0          | out |    1|  ap_memory |        lout_22       |     array    |
|lout_22_q0           |  in |   32|  ap_memory |        lout_22       |     array    |
|lout_22_address1     | out |    8|  ap_memory |        lout_22       |     array    |
|lout_22_ce1          | out |    1|  ap_memory |        lout_22       |     array    |
|lout_22_we1          | out |    1|  ap_memory |        lout_22       |     array    |
|lout_22_d1           | out |   32|  ap_memory |        lout_22       |     array    |
|lout_23_address0     | out |    8|  ap_memory |        lout_23       |     array    |
|lout_23_ce0          | out |    1|  ap_memory |        lout_23       |     array    |
|lout_23_q0           |  in |   32|  ap_memory |        lout_23       |     array    |
|lout_23_address1     | out |    8|  ap_memory |        lout_23       |     array    |
|lout_23_ce1          | out |    1|  ap_memory |        lout_23       |     array    |
|lout_23_we1          | out |    1|  ap_memory |        lout_23       |     array    |
|lout_23_d1           | out |   32|  ap_memory |        lout_23       |     array    |
|lout_24_address0     | out |    8|  ap_memory |        lout_24       |     array    |
|lout_24_ce0          | out |    1|  ap_memory |        lout_24       |     array    |
|lout_24_q0           |  in |   32|  ap_memory |        lout_24       |     array    |
|lout_24_address1     | out |    8|  ap_memory |        lout_24       |     array    |
|lout_24_ce1          | out |    1|  ap_memory |        lout_24       |     array    |
|lout_24_we1          | out |    1|  ap_memory |        lout_24       |     array    |
|lout_24_d1           | out |   32|  ap_memory |        lout_24       |     array    |
|lout_25_address0     | out |    8|  ap_memory |        lout_25       |     array    |
|lout_25_ce0          | out |    1|  ap_memory |        lout_25       |     array    |
|lout_25_q0           |  in |   32|  ap_memory |        lout_25       |     array    |
|lout_25_address1     | out |    8|  ap_memory |        lout_25       |     array    |
|lout_25_ce1          | out |    1|  ap_memory |        lout_25       |     array    |
|lout_25_we1          | out |    1|  ap_memory |        lout_25       |     array    |
|lout_25_d1           | out |   32|  ap_memory |        lout_25       |     array    |
|lout_26_address0     | out |    8|  ap_memory |        lout_26       |     array    |
|lout_26_ce0          | out |    1|  ap_memory |        lout_26       |     array    |
|lout_26_q0           |  in |   32|  ap_memory |        lout_26       |     array    |
|lout_26_address1     | out |    8|  ap_memory |        lout_26       |     array    |
|lout_26_ce1          | out |    1|  ap_memory |        lout_26       |     array    |
|lout_26_we1          | out |    1|  ap_memory |        lout_26       |     array    |
|lout_26_d1           | out |   32|  ap_memory |        lout_26       |     array    |
|lout_27_address0     | out |    8|  ap_memory |        lout_27       |     array    |
|lout_27_ce0          | out |    1|  ap_memory |        lout_27       |     array    |
|lout_27_q0           |  in |   32|  ap_memory |        lout_27       |     array    |
|lout_27_address1     | out |    8|  ap_memory |        lout_27       |     array    |
|lout_27_ce1          | out |    1|  ap_memory |        lout_27       |     array    |
|lout_27_we1          | out |    1|  ap_memory |        lout_27       |     array    |
|lout_27_d1           | out |   32|  ap_memory |        lout_27       |     array    |
|lout_28_address0     | out |    8|  ap_memory |        lout_28       |     array    |
|lout_28_ce0          | out |    1|  ap_memory |        lout_28       |     array    |
|lout_28_q0           |  in |   32|  ap_memory |        lout_28       |     array    |
|lout_28_address1     | out |    8|  ap_memory |        lout_28       |     array    |
|lout_28_ce1          | out |    1|  ap_memory |        lout_28       |     array    |
|lout_28_we1          | out |    1|  ap_memory |        lout_28       |     array    |
|lout_28_d1           | out |   32|  ap_memory |        lout_28       |     array    |
|lout_29_address0     | out |    8|  ap_memory |        lout_29       |     array    |
|lout_29_ce0          | out |    1|  ap_memory |        lout_29       |     array    |
|lout_29_q0           |  in |   32|  ap_memory |        lout_29       |     array    |
|lout_29_address1     | out |    8|  ap_memory |        lout_29       |     array    |
|lout_29_ce1          | out |    1|  ap_memory |        lout_29       |     array    |
|lout_29_we1          | out |    1|  ap_memory |        lout_29       |     array    |
|lout_29_d1           | out |   32|  ap_memory |        lout_29       |     array    |
|lout_30_address0     | out |    8|  ap_memory |        lout_30       |     array    |
|lout_30_ce0          | out |    1|  ap_memory |        lout_30       |     array    |
|lout_30_q0           |  in |   32|  ap_memory |        lout_30       |     array    |
|lout_30_address1     | out |    8|  ap_memory |        lout_30       |     array    |
|lout_30_ce1          | out |    1|  ap_memory |        lout_30       |     array    |
|lout_30_we1          | out |    1|  ap_memory |        lout_30       |     array    |
|lout_30_d1           | out |   32|  ap_memory |        lout_30       |     array    |
|lout_31_address0     | out |    8|  ap_memory |        lout_31       |     array    |
|lout_31_ce0          | out |    1|  ap_memory |        lout_31       |     array    |
|lout_31_q0           |  in |   32|  ap_memory |        lout_31       |     array    |
|lout_31_address1     | out |    8|  ap_memory |        lout_31       |     array    |
|lout_31_ce1          | out |    1|  ap_memory |        lout_31       |     array    |
|lout_31_we1          | out |    1|  ap_memory |        lout_31       |     array    |
|lout_31_d1           | out |   32|  ap_memory |        lout_31       |     array    |
|inStream1_V_dout     |  in |   32|   ap_fifo  |      inStream1_V     |    pointer   |
|inStream1_V_empty_n  |  in |    1|   ap_fifo  |      inStream1_V     |    pointer   |
|inStream1_V_read     | out |    1|   ap_fifo  |      inStream1_V     |    pointer   |
|la_0_address0        | out |    8|  ap_memory |         la_0         |     array    |
|la_0_ce0             | out |    1|  ap_memory |         la_0         |     array    |
|la_0_q0              |  in |   32|  ap_memory |         la_0         |     array    |
|la_1_address0        | out |    8|  ap_memory |         la_1         |     array    |
|la_1_ce0             | out |    1|  ap_memory |         la_1         |     array    |
|la_1_q0              |  in |   32|  ap_memory |         la_1         |     array    |
|la_2_address0        | out |    8|  ap_memory |         la_2         |     array    |
|la_2_ce0             | out |    1|  ap_memory |         la_2         |     array    |
|la_2_q0              |  in |   32|  ap_memory |         la_2         |     array    |
|la_3_address0        | out |    8|  ap_memory |         la_3         |     array    |
|la_3_ce0             | out |    1|  ap_memory |         la_3         |     array    |
|la_3_q0              |  in |   32|  ap_memory |         la_3         |     array    |
|la_4_address0        | out |    8|  ap_memory |         la_4         |     array    |
|la_4_ce0             | out |    1|  ap_memory |         la_4         |     array    |
|la_4_q0              |  in |   32|  ap_memory |         la_4         |     array    |
|la_5_address0        | out |    8|  ap_memory |         la_5         |     array    |
|la_5_ce0             | out |    1|  ap_memory |         la_5         |     array    |
|la_5_q0              |  in |   32|  ap_memory |         la_5         |     array    |
|la_6_address0        | out |    8|  ap_memory |         la_6         |     array    |
|la_6_ce0             | out |    1|  ap_memory |         la_6         |     array    |
|la_6_q0              |  in |   32|  ap_memory |         la_6         |     array    |
|la_7_address0        | out |    8|  ap_memory |         la_7         |     array    |
|la_7_ce0             | out |    1|  ap_memory |         la_7         |     array    |
|la_7_q0              |  in |   32|  ap_memory |         la_7         |     array    |
|la_8_address0        | out |    8|  ap_memory |         la_8         |     array    |
|la_8_ce0             | out |    1|  ap_memory |         la_8         |     array    |
|la_8_q0              |  in |   32|  ap_memory |         la_8         |     array    |
|la_9_address0        | out |    8|  ap_memory |         la_9         |     array    |
|la_9_ce0             | out |    1|  ap_memory |         la_9         |     array    |
|la_9_q0              |  in |   32|  ap_memory |         la_9         |     array    |
|la_10_address0       | out |    8|  ap_memory |         la_10        |     array    |
|la_10_ce0            | out |    1|  ap_memory |         la_10        |     array    |
|la_10_q0             |  in |   32|  ap_memory |         la_10        |     array    |
|la_11_address0       | out |    8|  ap_memory |         la_11        |     array    |
|la_11_ce0            | out |    1|  ap_memory |         la_11        |     array    |
|la_11_q0             |  in |   32|  ap_memory |         la_11        |     array    |
|la_12_address0       | out |    8|  ap_memory |         la_12        |     array    |
|la_12_ce0            | out |    1|  ap_memory |         la_12        |     array    |
|la_12_q0             |  in |   32|  ap_memory |         la_12        |     array    |
|la_13_address0       | out |    8|  ap_memory |         la_13        |     array    |
|la_13_ce0            | out |    1|  ap_memory |         la_13        |     array    |
|la_13_q0             |  in |   32|  ap_memory |         la_13        |     array    |
|la_14_address0       | out |    8|  ap_memory |         la_14        |     array    |
|la_14_ce0            | out |    1|  ap_memory |         la_14        |     array    |
|la_14_q0             |  in |   32|  ap_memory |         la_14        |     array    |
|la_15_address0       | out |    8|  ap_memory |         la_15        |     array    |
|la_15_ce0            | out |    1|  ap_memory |         la_15        |     array    |
|la_15_q0             |  in |   32|  ap_memory |         la_15        |     array    |
|la_16_address0       | out |    8|  ap_memory |         la_16        |     array    |
|la_16_ce0            | out |    1|  ap_memory |         la_16        |     array    |
|la_16_q0             |  in |   32|  ap_memory |         la_16        |     array    |
|la_17_address0       | out |    8|  ap_memory |         la_17        |     array    |
|la_17_ce0            | out |    1|  ap_memory |         la_17        |     array    |
|la_17_q0             |  in |   32|  ap_memory |         la_17        |     array    |
|la_18_address0       | out |    8|  ap_memory |         la_18        |     array    |
|la_18_ce0            | out |    1|  ap_memory |         la_18        |     array    |
|la_18_q0             |  in |   32|  ap_memory |         la_18        |     array    |
|la_19_address0       | out |    8|  ap_memory |         la_19        |     array    |
|la_19_ce0            | out |    1|  ap_memory |         la_19        |     array    |
|la_19_q0             |  in |   32|  ap_memory |         la_19        |     array    |
|la_20_address0       | out |    8|  ap_memory |         la_20        |     array    |
|la_20_ce0            | out |    1|  ap_memory |         la_20        |     array    |
|la_20_q0             |  in |   32|  ap_memory |         la_20        |     array    |
|la_21_address0       | out |    8|  ap_memory |         la_21        |     array    |
|la_21_ce0            | out |    1|  ap_memory |         la_21        |     array    |
|la_21_q0             |  in |   32|  ap_memory |         la_21        |     array    |
|la_22_address0       | out |    8|  ap_memory |         la_22        |     array    |
|la_22_ce0            | out |    1|  ap_memory |         la_22        |     array    |
|la_22_q0             |  in |   32|  ap_memory |         la_22        |     array    |
|la_23_address0       | out |    8|  ap_memory |         la_23        |     array    |
|la_23_ce0            | out |    1|  ap_memory |         la_23        |     array    |
|la_23_q0             |  in |   32|  ap_memory |         la_23        |     array    |
|la_24_address0       | out |    8|  ap_memory |         la_24        |     array    |
|la_24_ce0            | out |    1|  ap_memory |         la_24        |     array    |
|la_24_q0             |  in |   32|  ap_memory |         la_24        |     array    |
|la_25_address0       | out |    8|  ap_memory |         la_25        |     array    |
|la_25_ce0            | out |    1|  ap_memory |         la_25        |     array    |
|la_25_q0             |  in |   32|  ap_memory |         la_25        |     array    |
|la_26_address0       | out |    8|  ap_memory |         la_26        |     array    |
|la_26_ce0            | out |    1|  ap_memory |         la_26        |     array    |
|la_26_q0             |  in |   32|  ap_memory |         la_26        |     array    |
|la_27_address0       | out |    8|  ap_memory |         la_27        |     array    |
|la_27_ce0            | out |    1|  ap_memory |         la_27        |     array    |
|la_27_q0             |  in |   32|  ap_memory |         la_27        |     array    |
|la_28_address0       | out |    8|  ap_memory |         la_28        |     array    |
|la_28_ce0            | out |    1|  ap_memory |         la_28        |     array    |
|la_28_q0             |  in |   32|  ap_memory |         la_28        |     array    |
|la_29_address0       | out |    8|  ap_memory |         la_29        |     array    |
|la_29_ce0            | out |    1|  ap_memory |         la_29        |     array    |
|la_29_q0             |  in |   32|  ap_memory |         la_29        |     array    |
|la_30_address0       | out |    8|  ap_memory |         la_30        |     array    |
|la_30_ce0            | out |    1|  ap_memory |         la_30        |     array    |
|la_30_q0             |  in |   32|  ap_memory |         la_30        |     array    |
|la_31_address0       | out |    8|  ap_memory |         la_31        |     array    |
|la_31_ce0            | out |    1|  ap_memory |         la_31        |     array    |
|la_31_q0             |  in |   32|  ap_memory |         la_31        |     array    |
+---------------------+-----+-----+------------+----------------------+--------------+

