

================================================================
== Vivado HLS Report for 'stream_cal'
================================================================
* Date:           Fri Mar  8 14:10:18 2019

* Version:        2018.2 (Build 2258646 on Thu Jun 14 20:25:20 MDT 2018)
* Project:        cal_gemm
* Solution:       solution
* Product family: zynq
* Target device:  xc7z020clg484-1


================================================================
== Performance Estimates
================================================================
+ Timing (ns): 
    * Summary: 
    +--------+-------+----------+------------+
    |  Clock | Target| Estimated| Uncertainty|
    +--------+-------+----------+------------+
    |ap_clk  |  10.00|     7.268|        2.70|
    +--------+-------+----------+------------+

+ Latency (clock cycles): 
    * Summary: 
    +-------+-------+-------+-------+----------+
    |    Latency    |    Interval   | Pipeline |
    |  min  |  max  |  min  |  max  |   Type   |
    +-------+-------+-------+-------+----------+
    |  24349|  24349|  24349|  24349| dataflow |
    +-------+-------+-------+-------+----------+

    + Detail: 
        * Instance: 
        +-------------------------+----------------------+-------+-------+-------+-------+----------+
        |                         |                      |    Latency    |    Interval   | Pipeline |
        |         Instance        |        Module        |  min  |  max  |  min  |  max  |   Type   |
        +-------------------------+----------------------+-------+-------+-------+-------+----------+
        |calulation_U0            |calulation            |  24348|  24348|  24349|  24349| dataflow |
        |stream_cal_Loop_1_pr_U0  |stream_cal_Loop_1_pr  |  24338|  24338|  24338|  24338|   none   |
        +-------------------------+----------------------+-------+-------+-------+-------+----------+

        * Loop: 
        N/A



================================================================
== Utilization Estimates
================================================================
* Summary: 
+-----------------+---------+-------+--------+-------+
|       Name      | BRAM_18K| DSP48E|   FF   |  LUT  |
+-----------------+---------+-------+--------+-------+
|DSP              |        -|      -|       -|      -|
|Expression       |        -|      -|       0|     32|
|FIFO             |        2|      -|      56|     60|
|Instance         |        0|    160|   17782|  24150|
|Memory           |        -|      -|       -|      -|
|Multiplexer      |        -|      -|       -|     36|
|Register         |        -|      -|       6|      -|
+-----------------+---------+-------+--------+-------+
|Total            |        2|    160|   17844|  24278|
+-----------------+---------+-------+--------+-------+
|Available        |      280|    220|  106400|  53200|
+-----------------+---------+-------+--------+-------+
|Utilization (%)  |    ~0   |     72|      16|     45|
+-----------------+---------+-------+--------+-------+

+ Detail: 
    * Instance: 
    +-------------------------+----------------------+---------+-------+-------+-------+
    |         Instance        |        Module        | BRAM_18K| DSP48E|   FF  |  LUT  |
    +-------------------------+----------------------+---------+-------+-------+-------+
    |calulation_U0            |calulation            |        0|    160|  17760|  24034|
    |stream_cal_Loop_1_pr_U0  |stream_cal_Loop_1_pr  |        0|      0|     22|    116|
    +-------------------------+----------------------+---------+-------+-------+-------+
    |Total                    |                      |        0|    160|  17782|  24150|
    +-------------------------+----------------------+---------+-------+-------+-------+

    * DSP48: 
    N/A

    * Memory: 
    N/A

    * FIFO: 
    +---------------+---------+----+----+------+-----+---------+
    |      Name     | BRAM_18K| FF | LUT| Depth| Bits| Size:D*B|
    +---------------+---------+----+----+------+-----+---------+
    |inStream1_V_U  |        2|  56|  60|   128|   32|     4096|
    +---------------+---------+----+----+------+-----+---------+
    |Total          |        2|  56|  60|   128|   32|     4096|
    +---------------+---------+----+----+------+-----+---------+

    * Expression: 
    +------------------------------------------+----------+-------+---+----+------------+------------+
    |               Variable Name              | Operation| DSP48E| FF| LUT| Bitwidth P0| Bitwidth P1|
    +------------------------------------------+----------+-------+---+----+------------+------------+
    |calulation_U0_ap_ready_count              |     +    |      0|  0|  10|           2|           1|
    |stream_cal_Loop_1_pr_U0_ap_ready_count    |     +    |      0|  0|  10|           2|           1|
    |ap_idle                                   |    and   |      0|  0|   2|           1|           1|
    |ap_sync_ready                             |    and   |      0|  0|   2|           1|           1|
    |calulation_U0_ap_start                    |    and   |      0|  0|   2|           1|           1|
    |stream_cal_Loop_1_pr_U0_ap_start          |    and   |      0|  0|   2|           1|           1|
    |ap_sync_calulation_U0_ap_ready            |    or    |      0|  0|   2|           1|           1|
    |ap_sync_stream_cal_Loop_1_pr_U0_ap_ready  |    or    |      0|  0|   2|           1|           1|
    +------------------------------------------+----------+-------+---+----+------------+------------+
    |Total                                     |          |      0|  0|  32|          10|           8|
    +------------------------------------------+----------+-------+---+----+------------+------------+

    * Multiplexer: 
    +----------------------------------------------+----+-----------+-----+-----------+
    |                     Name                     | LUT| Input Size| Bits| Total Bits|
    +----------------------------------------------+----+-----------+-----+-----------+
    |ap_sync_reg_calulation_U0_ap_ready            |   9|          2|    1|          2|
    |ap_sync_reg_stream_cal_Loop_1_pr_U0_ap_ready  |   9|          2|    1|          2|
    |calulation_U0_ap_ready_count                  |   9|          2|    2|          4|
    |stream_cal_Loop_1_pr_U0_ap_ready_count        |   9|          2|    2|          4|
    +----------------------------------------------+----+-----------+-----+-----------+
    |Total                                         |  36|          8|    6|         12|
    +----------------------------------------------+----+-----------+-----+-----------+

    * Register: 
    +----------------------------------------------+---+----+-----+-----------+
    |                     Name                     | FF| LUT| Bits| Const Bits|
    +----------------------------------------------+---+----+-----+-----------+
    |ap_sync_reg_calulation_U0_ap_ready            |  1|   0|    1|          0|
    |ap_sync_reg_stream_cal_Loop_1_pr_U0_ap_ready  |  1|   0|    1|          0|
    |calulation_U0_ap_ready_count                  |  2|   0|    2|          0|
    |stream_cal_Loop_1_pr_U0_ap_ready_count        |  2|   0|    2|          0|
    +----------------------------------------------+---+----+-----+-----------+
    |Total                                         |  6|   0|    6|          0|
    +----------------------------------------------+---+----+-----+-----------+



================================================================
== Interface
================================================================
* Summary: 
+------------------+-----+-----+------------+--------------+--------------+
|     RTL Ports    | Dir | Bits|  Protocol  | Source Object|    C Type    |
+------------------+-----+-----+------------+--------------+--------------+
|la_0_address0     | out |    8|  ap_memory |     la_0     |     array    |
|la_0_ce0          | out |    1|  ap_memory |     la_0     |     array    |
|la_0_d0           | out |   32|  ap_memory |     la_0     |     array    |
|la_0_q0           |  in |   32|  ap_memory |     la_0     |     array    |
|la_0_we0          | out |    1|  ap_memory |     la_0     |     array    |
|la_0_address1     | out |    8|  ap_memory |     la_0     |     array    |
|la_0_ce1          | out |    1|  ap_memory |     la_0     |     array    |
|la_0_d1           | out |   32|  ap_memory |     la_0     |     array    |
|la_0_q1           |  in |   32|  ap_memory |     la_0     |     array    |
|la_0_we1          | out |    1|  ap_memory |     la_0     |     array    |
|la_1_address0     | out |    8|  ap_memory |     la_1     |     array    |
|la_1_ce0          | out |    1|  ap_memory |     la_1     |     array    |
|la_1_d0           | out |   32|  ap_memory |     la_1     |     array    |
|la_1_q0           |  in |   32|  ap_memory |     la_1     |     array    |
|la_1_we0          | out |    1|  ap_memory |     la_1     |     array    |
|la_1_address1     | out |    8|  ap_memory |     la_1     |     array    |
|la_1_ce1          | out |    1|  ap_memory |     la_1     |     array    |
|la_1_d1           | out |   32|  ap_memory |     la_1     |     array    |
|la_1_q1           |  in |   32|  ap_memory |     la_1     |     array    |
|la_1_we1          | out |    1|  ap_memory |     la_1     |     array    |
|la_2_address0     | out |    8|  ap_memory |     la_2     |     array    |
|la_2_ce0          | out |    1|  ap_memory |     la_2     |     array    |
|la_2_d0           | out |   32|  ap_memory |     la_2     |     array    |
|la_2_q0           |  in |   32|  ap_memory |     la_2     |     array    |
|la_2_we0          | out |    1|  ap_memory |     la_2     |     array    |
|la_2_address1     | out |    8|  ap_memory |     la_2     |     array    |
|la_2_ce1          | out |    1|  ap_memory |     la_2     |     array    |
|la_2_d1           | out |   32|  ap_memory |     la_2     |     array    |
|la_2_q1           |  in |   32|  ap_memory |     la_2     |     array    |
|la_2_we1          | out |    1|  ap_memory |     la_2     |     array    |
|la_3_address0     | out |    8|  ap_memory |     la_3     |     array    |
|la_3_ce0          | out |    1|  ap_memory |     la_3     |     array    |
|la_3_d0           | out |   32|  ap_memory |     la_3     |     array    |
|la_3_q0           |  in |   32|  ap_memory |     la_3     |     array    |
|la_3_we0          | out |    1|  ap_memory |     la_3     |     array    |
|la_3_address1     | out |    8|  ap_memory |     la_3     |     array    |
|la_3_ce1          | out |    1|  ap_memory |     la_3     |     array    |
|la_3_d1           | out |   32|  ap_memory |     la_3     |     array    |
|la_3_q1           |  in |   32|  ap_memory |     la_3     |     array    |
|la_3_we1          | out |    1|  ap_memory |     la_3     |     array    |
|la_4_address0     | out |    8|  ap_memory |     la_4     |     array    |
|la_4_ce0          | out |    1|  ap_memory |     la_4     |     array    |
|la_4_d0           | out |   32|  ap_memory |     la_4     |     array    |
|la_4_q0           |  in |   32|  ap_memory |     la_4     |     array    |
|la_4_we0          | out |    1|  ap_memory |     la_4     |     array    |
|la_4_address1     | out |    8|  ap_memory |     la_4     |     array    |
|la_4_ce1          | out |    1|  ap_memory |     la_4     |     array    |
|la_4_d1           | out |   32|  ap_memory |     la_4     |     array    |
|la_4_q1           |  in |   32|  ap_memory |     la_4     |     array    |
|la_4_we1          | out |    1|  ap_memory |     la_4     |     array    |
|la_5_address0     | out |    8|  ap_memory |     la_5     |     array    |
|la_5_ce0          | out |    1|  ap_memory |     la_5     |     array    |
|la_5_d0           | out |   32|  ap_memory |     la_5     |     array    |
|la_5_q0           |  in |   32|  ap_memory |     la_5     |     array    |
|la_5_we0          | out |    1|  ap_memory |     la_5     |     array    |
|la_5_address1     | out |    8|  ap_memory |     la_5     |     array    |
|la_5_ce1          | out |    1|  ap_memory |     la_5     |     array    |
|la_5_d1           | out |   32|  ap_memory |     la_5     |     array    |
|la_5_q1           |  in |   32|  ap_memory |     la_5     |     array    |
|la_5_we1          | out |    1|  ap_memory |     la_5     |     array    |
|la_6_address0     | out |    8|  ap_memory |     la_6     |     array    |
|la_6_ce0          | out |    1|  ap_memory |     la_6     |     array    |
|la_6_d0           | out |   32|  ap_memory |     la_6     |     array    |
|la_6_q0           |  in |   32|  ap_memory |     la_6     |     array    |
|la_6_we0          | out |    1|  ap_memory |     la_6     |     array    |
|la_6_address1     | out |    8|  ap_memory |     la_6     |     array    |
|la_6_ce1          | out |    1|  ap_memory |     la_6     |     array    |
|la_6_d1           | out |   32|  ap_memory |     la_6     |     array    |
|la_6_q1           |  in |   32|  ap_memory |     la_6     |     array    |
|la_6_we1          | out |    1|  ap_memory |     la_6     |     array    |
|la_7_address0     | out |    8|  ap_memory |     la_7     |     array    |
|la_7_ce0          | out |    1|  ap_memory |     la_7     |     array    |
|la_7_d0           | out |   32|  ap_memory |     la_7     |     array    |
|la_7_q0           |  in |   32|  ap_memory |     la_7     |     array    |
|la_7_we0          | out |    1|  ap_memory |     la_7     |     array    |
|la_7_address1     | out |    8|  ap_memory |     la_7     |     array    |
|la_7_ce1          | out |    1|  ap_memory |     la_7     |     array    |
|la_7_d1           | out |   32|  ap_memory |     la_7     |     array    |
|la_7_q1           |  in |   32|  ap_memory |     la_7     |     array    |
|la_7_we1          | out |    1|  ap_memory |     la_7     |     array    |
|la_8_address0     | out |    8|  ap_memory |     la_8     |     array    |
|la_8_ce0          | out |    1|  ap_memory |     la_8     |     array    |
|la_8_d0           | out |   32|  ap_memory |     la_8     |     array    |
|la_8_q0           |  in |   32|  ap_memory |     la_8     |     array    |
|la_8_we0          | out |    1|  ap_memory |     la_8     |     array    |
|la_8_address1     | out |    8|  ap_memory |     la_8     |     array    |
|la_8_ce1          | out |    1|  ap_memory |     la_8     |     array    |
|la_8_d1           | out |   32|  ap_memory |     la_8     |     array    |
|la_8_q1           |  in |   32|  ap_memory |     la_8     |     array    |
|la_8_we1          | out |    1|  ap_memory |     la_8     |     array    |
|la_9_address0     | out |    8|  ap_memory |     la_9     |     array    |
|la_9_ce0          | out |    1|  ap_memory |     la_9     |     array    |
|la_9_d0           | out |   32|  ap_memory |     la_9     |     array    |
|la_9_q0           |  in |   32|  ap_memory |     la_9     |     array    |
|la_9_we0          | out |    1|  ap_memory |     la_9     |     array    |
|la_9_address1     | out |    8|  ap_memory |     la_9     |     array    |
|la_9_ce1          | out |    1|  ap_memory |     la_9     |     array    |
|la_9_d1           | out |   32|  ap_memory |     la_9     |     array    |
|la_9_q1           |  in |   32|  ap_memory |     la_9     |     array    |
|la_9_we1          | out |    1|  ap_memory |     la_9     |     array    |
|la_10_address0    | out |    8|  ap_memory |     la_10    |     array    |
|la_10_ce0         | out |    1|  ap_memory |     la_10    |     array    |
|la_10_d0          | out |   32|  ap_memory |     la_10    |     array    |
|la_10_q0          |  in |   32|  ap_memory |     la_10    |     array    |
|la_10_we0         | out |    1|  ap_memory |     la_10    |     array    |
|la_10_address1    | out |    8|  ap_memory |     la_10    |     array    |
|la_10_ce1         | out |    1|  ap_memory |     la_10    |     array    |
|la_10_d1          | out |   32|  ap_memory |     la_10    |     array    |
|la_10_q1          |  in |   32|  ap_memory |     la_10    |     array    |
|la_10_we1         | out |    1|  ap_memory |     la_10    |     array    |
|la_11_address0    | out |    8|  ap_memory |     la_11    |     array    |
|la_11_ce0         | out |    1|  ap_memory |     la_11    |     array    |
|la_11_d0          | out |   32|  ap_memory |     la_11    |     array    |
|la_11_q0          |  in |   32|  ap_memory |     la_11    |     array    |
|la_11_we0         | out |    1|  ap_memory |     la_11    |     array    |
|la_11_address1    | out |    8|  ap_memory |     la_11    |     array    |
|la_11_ce1         | out |    1|  ap_memory |     la_11    |     array    |
|la_11_d1          | out |   32|  ap_memory |     la_11    |     array    |
|la_11_q1          |  in |   32|  ap_memory |     la_11    |     array    |
|la_11_we1         | out |    1|  ap_memory |     la_11    |     array    |
|la_12_address0    | out |    8|  ap_memory |     la_12    |     array    |
|la_12_ce0         | out |    1|  ap_memory |     la_12    |     array    |
|la_12_d0          | out |   32|  ap_memory |     la_12    |     array    |
|la_12_q0          |  in |   32|  ap_memory |     la_12    |     array    |
|la_12_we0         | out |    1|  ap_memory |     la_12    |     array    |
|la_12_address1    | out |    8|  ap_memory |     la_12    |     array    |
|la_12_ce1         | out |    1|  ap_memory |     la_12    |     array    |
|la_12_d1          | out |   32|  ap_memory |     la_12    |     array    |
|la_12_q1          |  in |   32|  ap_memory |     la_12    |     array    |
|la_12_we1         | out |    1|  ap_memory |     la_12    |     array    |
|la_13_address0    | out |    8|  ap_memory |     la_13    |     array    |
|la_13_ce0         | out |    1|  ap_memory |     la_13    |     array    |
|la_13_d0          | out |   32|  ap_memory |     la_13    |     array    |
|la_13_q0          |  in |   32|  ap_memory |     la_13    |     array    |
|la_13_we0         | out |    1|  ap_memory |     la_13    |     array    |
|la_13_address1    | out |    8|  ap_memory |     la_13    |     array    |
|la_13_ce1         | out |    1|  ap_memory |     la_13    |     array    |
|la_13_d1          | out |   32|  ap_memory |     la_13    |     array    |
|la_13_q1          |  in |   32|  ap_memory |     la_13    |     array    |
|la_13_we1         | out |    1|  ap_memory |     la_13    |     array    |
|la_14_address0    | out |    8|  ap_memory |     la_14    |     array    |
|la_14_ce0         | out |    1|  ap_memory |     la_14    |     array    |
|la_14_d0          | out |   32|  ap_memory |     la_14    |     array    |
|la_14_q0          |  in |   32|  ap_memory |     la_14    |     array    |
|la_14_we0         | out |    1|  ap_memory |     la_14    |     array    |
|la_14_address1    | out |    8|  ap_memory |     la_14    |     array    |
|la_14_ce1         | out |    1|  ap_memory |     la_14    |     array    |
|la_14_d1          | out |   32|  ap_memory |     la_14    |     array    |
|la_14_q1          |  in |   32|  ap_memory |     la_14    |     array    |
|la_14_we1         | out |    1|  ap_memory |     la_14    |     array    |
|la_15_address0    | out |    8|  ap_memory |     la_15    |     array    |
|la_15_ce0         | out |    1|  ap_memory |     la_15    |     array    |
|la_15_d0          | out |   32|  ap_memory |     la_15    |     array    |
|la_15_q0          |  in |   32|  ap_memory |     la_15    |     array    |
|la_15_we0         | out |    1|  ap_memory |     la_15    |     array    |
|la_15_address1    | out |    8|  ap_memory |     la_15    |     array    |
|la_15_ce1         | out |    1|  ap_memory |     la_15    |     array    |
|la_15_d1          | out |   32|  ap_memory |     la_15    |     array    |
|la_15_q1          |  in |   32|  ap_memory |     la_15    |     array    |
|la_15_we1         | out |    1|  ap_memory |     la_15    |     array    |
|la_16_address0    | out |    8|  ap_memory |     la_16    |     array    |
|la_16_ce0         | out |    1|  ap_memory |     la_16    |     array    |
|la_16_d0          | out |   32|  ap_memory |     la_16    |     array    |
|la_16_q0          |  in |   32|  ap_memory |     la_16    |     array    |
|la_16_we0         | out |    1|  ap_memory |     la_16    |     array    |
|la_16_address1    | out |    8|  ap_memory |     la_16    |     array    |
|la_16_ce1         | out |    1|  ap_memory |     la_16    |     array    |
|la_16_d1          | out |   32|  ap_memory |     la_16    |     array    |
|la_16_q1          |  in |   32|  ap_memory |     la_16    |     array    |
|la_16_we1         | out |    1|  ap_memory |     la_16    |     array    |
|la_17_address0    | out |    8|  ap_memory |     la_17    |     array    |
|la_17_ce0         | out |    1|  ap_memory |     la_17    |     array    |
|la_17_d0          | out |   32|  ap_memory |     la_17    |     array    |
|la_17_q0          |  in |   32|  ap_memory |     la_17    |     array    |
|la_17_we0         | out |    1|  ap_memory |     la_17    |     array    |
|la_17_address1    | out |    8|  ap_memory |     la_17    |     array    |
|la_17_ce1         | out |    1|  ap_memory |     la_17    |     array    |
|la_17_d1          | out |   32|  ap_memory |     la_17    |     array    |
|la_17_q1          |  in |   32|  ap_memory |     la_17    |     array    |
|la_17_we1         | out |    1|  ap_memory |     la_17    |     array    |
|la_18_address0    | out |    8|  ap_memory |     la_18    |     array    |
|la_18_ce0         | out |    1|  ap_memory |     la_18    |     array    |
|la_18_d0          | out |   32|  ap_memory |     la_18    |     array    |
|la_18_q0          |  in |   32|  ap_memory |     la_18    |     array    |
|la_18_we0         | out |    1|  ap_memory |     la_18    |     array    |
|la_18_address1    | out |    8|  ap_memory |     la_18    |     array    |
|la_18_ce1         | out |    1|  ap_memory |     la_18    |     array    |
|la_18_d1          | out |   32|  ap_memory |     la_18    |     array    |
|la_18_q1          |  in |   32|  ap_memory |     la_18    |     array    |
|la_18_we1         | out |    1|  ap_memory |     la_18    |     array    |
|la_19_address0    | out |    8|  ap_memory |     la_19    |     array    |
|la_19_ce0         | out |    1|  ap_memory |     la_19    |     array    |
|la_19_d0          | out |   32|  ap_memory |     la_19    |     array    |
|la_19_q0          |  in |   32|  ap_memory |     la_19    |     array    |
|la_19_we0         | out |    1|  ap_memory |     la_19    |     array    |
|la_19_address1    | out |    8|  ap_memory |     la_19    |     array    |
|la_19_ce1         | out |    1|  ap_memory |     la_19    |     array    |
|la_19_d1          | out |   32|  ap_memory |     la_19    |     array    |
|la_19_q1          |  in |   32|  ap_memory |     la_19    |     array    |
|la_19_we1         | out |    1|  ap_memory |     la_19    |     array    |
|la_20_address0    | out |    8|  ap_memory |     la_20    |     array    |
|la_20_ce0         | out |    1|  ap_memory |     la_20    |     array    |
|la_20_d0          | out |   32|  ap_memory |     la_20    |     array    |
|la_20_q0          |  in |   32|  ap_memory |     la_20    |     array    |
|la_20_we0         | out |    1|  ap_memory |     la_20    |     array    |
|la_20_address1    | out |    8|  ap_memory |     la_20    |     array    |
|la_20_ce1         | out |    1|  ap_memory |     la_20    |     array    |
|la_20_d1          | out |   32|  ap_memory |     la_20    |     array    |
|la_20_q1          |  in |   32|  ap_memory |     la_20    |     array    |
|la_20_we1         | out |    1|  ap_memory |     la_20    |     array    |
|la_21_address0    | out |    8|  ap_memory |     la_21    |     array    |
|la_21_ce0         | out |    1|  ap_memory |     la_21    |     array    |
|la_21_d0          | out |   32|  ap_memory |     la_21    |     array    |
|la_21_q0          |  in |   32|  ap_memory |     la_21    |     array    |
|la_21_we0         | out |    1|  ap_memory |     la_21    |     array    |
|la_21_address1    | out |    8|  ap_memory |     la_21    |     array    |
|la_21_ce1         | out |    1|  ap_memory |     la_21    |     array    |
|la_21_d1          | out |   32|  ap_memory |     la_21    |     array    |
|la_21_q1          |  in |   32|  ap_memory |     la_21    |     array    |
|la_21_we1         | out |    1|  ap_memory |     la_21    |     array    |
|la_22_address0    | out |    8|  ap_memory |     la_22    |     array    |
|la_22_ce0         | out |    1|  ap_memory |     la_22    |     array    |
|la_22_d0          | out |   32|  ap_memory |     la_22    |     array    |
|la_22_q0          |  in |   32|  ap_memory |     la_22    |     array    |
|la_22_we0         | out |    1|  ap_memory |     la_22    |     array    |
|la_22_address1    | out |    8|  ap_memory |     la_22    |     array    |
|la_22_ce1         | out |    1|  ap_memory |     la_22    |     array    |
|la_22_d1          | out |   32|  ap_memory |     la_22    |     array    |
|la_22_q1          |  in |   32|  ap_memory |     la_22    |     array    |
|la_22_we1         | out |    1|  ap_memory |     la_22    |     array    |
|la_23_address0    | out |    8|  ap_memory |     la_23    |     array    |
|la_23_ce0         | out |    1|  ap_memory |     la_23    |     array    |
|la_23_d0          | out |   32|  ap_memory |     la_23    |     array    |
|la_23_q0          |  in |   32|  ap_memory |     la_23    |     array    |
|la_23_we0         | out |    1|  ap_memory |     la_23    |     array    |
|la_23_address1    | out |    8|  ap_memory |     la_23    |     array    |
|la_23_ce1         | out |    1|  ap_memory |     la_23    |     array    |
|la_23_d1          | out |   32|  ap_memory |     la_23    |     array    |
|la_23_q1          |  in |   32|  ap_memory |     la_23    |     array    |
|la_23_we1         | out |    1|  ap_memory |     la_23    |     array    |
|la_24_address0    | out |    8|  ap_memory |     la_24    |     array    |
|la_24_ce0         | out |    1|  ap_memory |     la_24    |     array    |
|la_24_d0          | out |   32|  ap_memory |     la_24    |     array    |
|la_24_q0          |  in |   32|  ap_memory |     la_24    |     array    |
|la_24_we0         | out |    1|  ap_memory |     la_24    |     array    |
|la_24_address1    | out |    8|  ap_memory |     la_24    |     array    |
|la_24_ce1         | out |    1|  ap_memory |     la_24    |     array    |
|la_24_d1          | out |   32|  ap_memory |     la_24    |     array    |
|la_24_q1          |  in |   32|  ap_memory |     la_24    |     array    |
|la_24_we1         | out |    1|  ap_memory |     la_24    |     array    |
|la_25_address0    | out |    8|  ap_memory |     la_25    |     array    |
|la_25_ce0         | out |    1|  ap_memory |     la_25    |     array    |
|la_25_d0          | out |   32|  ap_memory |     la_25    |     array    |
|la_25_q0          |  in |   32|  ap_memory |     la_25    |     array    |
|la_25_we0         | out |    1|  ap_memory |     la_25    |     array    |
|la_25_address1    | out |    8|  ap_memory |     la_25    |     array    |
|la_25_ce1         | out |    1|  ap_memory |     la_25    |     array    |
|la_25_d1          | out |   32|  ap_memory |     la_25    |     array    |
|la_25_q1          |  in |   32|  ap_memory |     la_25    |     array    |
|la_25_we1         | out |    1|  ap_memory |     la_25    |     array    |
|la_26_address0    | out |    8|  ap_memory |     la_26    |     array    |
|la_26_ce0         | out |    1|  ap_memory |     la_26    |     array    |
|la_26_d0          | out |   32|  ap_memory |     la_26    |     array    |
|la_26_q0          |  in |   32|  ap_memory |     la_26    |     array    |
|la_26_we0         | out |    1|  ap_memory |     la_26    |     array    |
|la_26_address1    | out |    8|  ap_memory |     la_26    |     array    |
|la_26_ce1         | out |    1|  ap_memory |     la_26    |     array    |
|la_26_d1          | out |   32|  ap_memory |     la_26    |     array    |
|la_26_q1          |  in |   32|  ap_memory |     la_26    |     array    |
|la_26_we1         | out |    1|  ap_memory |     la_26    |     array    |
|la_27_address0    | out |    8|  ap_memory |     la_27    |     array    |
|la_27_ce0         | out |    1|  ap_memory |     la_27    |     array    |
|la_27_d0          | out |   32|  ap_memory |     la_27    |     array    |
|la_27_q0          |  in |   32|  ap_memory |     la_27    |     array    |
|la_27_we0         | out |    1|  ap_memory |     la_27    |     array    |
|la_27_address1    | out |    8|  ap_memory |     la_27    |     array    |
|la_27_ce1         | out |    1|  ap_memory |     la_27    |     array    |
|la_27_d1          | out |   32|  ap_memory |     la_27    |     array    |
|la_27_q1          |  in |   32|  ap_memory |     la_27    |     array    |
|la_27_we1         | out |    1|  ap_memory |     la_27    |     array    |
|la_28_address0    | out |    8|  ap_memory |     la_28    |     array    |
|la_28_ce0         | out |    1|  ap_memory |     la_28    |     array    |
|la_28_d0          | out |   32|  ap_memory |     la_28    |     array    |
|la_28_q0          |  in |   32|  ap_memory |     la_28    |     array    |
|la_28_we0         | out |    1|  ap_memory |     la_28    |     array    |
|la_28_address1    | out |    8|  ap_memory |     la_28    |     array    |
|la_28_ce1         | out |    1|  ap_memory |     la_28    |     array    |
|la_28_d1          | out |   32|  ap_memory |     la_28    |     array    |
|la_28_q1          |  in |   32|  ap_memory |     la_28    |     array    |
|la_28_we1         | out |    1|  ap_memory |     la_28    |     array    |
|la_29_address0    | out |    8|  ap_memory |     la_29    |     array    |
|la_29_ce0         | out |    1|  ap_memory |     la_29    |     array    |
|la_29_d0          | out |   32|  ap_memory |     la_29    |     array    |
|la_29_q0          |  in |   32|  ap_memory |     la_29    |     array    |
|la_29_we0         | out |    1|  ap_memory |     la_29    |     array    |
|la_29_address1    | out |    8|  ap_memory |     la_29    |     array    |
|la_29_ce1         | out |    1|  ap_memory |     la_29    |     array    |
|la_29_d1          | out |   32|  ap_memory |     la_29    |     array    |
|la_29_q1          |  in |   32|  ap_memory |     la_29    |     array    |
|la_29_we1         | out |    1|  ap_memory |     la_29    |     array    |
|la_30_address0    | out |    8|  ap_memory |     la_30    |     array    |
|la_30_ce0         | out |    1|  ap_memory |     la_30    |     array    |
|la_30_d0          | out |   32|  ap_memory |     la_30    |     array    |
|la_30_q0          |  in |   32|  ap_memory |     la_30    |     array    |
|la_30_we0         | out |    1|  ap_memory |     la_30    |     array    |
|la_30_address1    | out |    8|  ap_memory |     la_30    |     array    |
|la_30_ce1         | out |    1|  ap_memory |     la_30    |     array    |
|la_30_d1          | out |   32|  ap_memory |     la_30    |     array    |
|la_30_q1          |  in |   32|  ap_memory |     la_30    |     array    |
|la_30_we1         | out |    1|  ap_memory |     la_30    |     array    |
|la_31_address0    | out |    8|  ap_memory |     la_31    |     array    |
|la_31_ce0         | out |    1|  ap_memory |     la_31    |     array    |
|la_31_d0          | out |   32|  ap_memory |     la_31    |     array    |
|la_31_q0          |  in |   32|  ap_memory |     la_31    |     array    |
|la_31_we0         | out |    1|  ap_memory |     la_31    |     array    |
|la_31_address1    | out |    8|  ap_memory |     la_31    |     array    |
|la_31_ce1         | out |    1|  ap_memory |     la_31    |     array    |
|la_31_d1          | out |   32|  ap_memory |     la_31    |     array    |
|la_31_q1          |  in |   32|  ap_memory |     la_31    |     array    |
|la_31_we1         | out |    1|  ap_memory |     la_31    |     array    |
|B_dout            |  in |   32|   ap_fifo  |       B      |    pointer   |
|B_empty_n         |  in |    1|   ap_fifo  |       B      |    pointer   |
|B_read            | out |    1|   ap_fifo  |       B      |    pointer   |
|lout_0_address0   | out |    8|  ap_memory |    lout_0    |     array    |
|lout_0_ce0        | out |    1|  ap_memory |    lout_0    |     array    |
|lout_0_d0         | out |   32|  ap_memory |    lout_0    |     array    |
|lout_0_q0         |  in |   32|  ap_memory |    lout_0    |     array    |
|lout_0_we0        | out |    1|  ap_memory |    lout_0    |     array    |
|lout_0_address1   | out |    8|  ap_memory |    lout_0    |     array    |
|lout_0_ce1        | out |    1|  ap_memory |    lout_0    |     array    |
|lout_0_d1         | out |   32|  ap_memory |    lout_0    |     array    |
|lout_0_q1         |  in |   32|  ap_memory |    lout_0    |     array    |
|lout_0_we1        | out |    1|  ap_memory |    lout_0    |     array    |
|lout_1_address0   | out |    8|  ap_memory |    lout_1    |     array    |
|lout_1_ce0        | out |    1|  ap_memory |    lout_1    |     array    |
|lout_1_d0         | out |   32|  ap_memory |    lout_1    |     array    |
|lout_1_q0         |  in |   32|  ap_memory |    lout_1    |     array    |
|lout_1_we0        | out |    1|  ap_memory |    lout_1    |     array    |
|lout_1_address1   | out |    8|  ap_memory |    lout_1    |     array    |
|lout_1_ce1        | out |    1|  ap_memory |    lout_1    |     array    |
|lout_1_d1         | out |   32|  ap_memory |    lout_1    |     array    |
|lout_1_q1         |  in |   32|  ap_memory |    lout_1    |     array    |
|lout_1_we1        | out |    1|  ap_memory |    lout_1    |     array    |
|lout_2_address0   | out |    8|  ap_memory |    lout_2    |     array    |
|lout_2_ce0        | out |    1|  ap_memory |    lout_2    |     array    |
|lout_2_d0         | out |   32|  ap_memory |    lout_2    |     array    |
|lout_2_q0         |  in |   32|  ap_memory |    lout_2    |     array    |
|lout_2_we0        | out |    1|  ap_memory |    lout_2    |     array    |
|lout_2_address1   | out |    8|  ap_memory |    lout_2    |     array    |
|lout_2_ce1        | out |    1|  ap_memory |    lout_2    |     array    |
|lout_2_d1         | out |   32|  ap_memory |    lout_2    |     array    |
|lout_2_q1         |  in |   32|  ap_memory |    lout_2    |     array    |
|lout_2_we1        | out |    1|  ap_memory |    lout_2    |     array    |
|lout_3_address0   | out |    8|  ap_memory |    lout_3    |     array    |
|lout_3_ce0        | out |    1|  ap_memory |    lout_3    |     array    |
|lout_3_d0         | out |   32|  ap_memory |    lout_3    |     array    |
|lout_3_q0         |  in |   32|  ap_memory |    lout_3    |     array    |
|lout_3_we0        | out |    1|  ap_memory |    lout_3    |     array    |
|lout_3_address1   | out |    8|  ap_memory |    lout_3    |     array    |
|lout_3_ce1        | out |    1|  ap_memory |    lout_3    |     array    |
|lout_3_d1         | out |   32|  ap_memory |    lout_3    |     array    |
|lout_3_q1         |  in |   32|  ap_memory |    lout_3    |     array    |
|lout_3_we1        | out |    1|  ap_memory |    lout_3    |     array    |
|lout_4_address0   | out |    8|  ap_memory |    lout_4    |     array    |
|lout_4_ce0        | out |    1|  ap_memory |    lout_4    |     array    |
|lout_4_d0         | out |   32|  ap_memory |    lout_4    |     array    |
|lout_4_q0         |  in |   32|  ap_memory |    lout_4    |     array    |
|lout_4_we0        | out |    1|  ap_memory |    lout_4    |     array    |
|lout_4_address1   | out |    8|  ap_memory |    lout_4    |     array    |
|lout_4_ce1        | out |    1|  ap_memory |    lout_4    |     array    |
|lout_4_d1         | out |   32|  ap_memory |    lout_4    |     array    |
|lout_4_q1         |  in |   32|  ap_memory |    lout_4    |     array    |
|lout_4_we1        | out |    1|  ap_memory |    lout_4    |     array    |
|lout_5_address0   | out |    8|  ap_memory |    lout_5    |     array    |
|lout_5_ce0        | out |    1|  ap_memory |    lout_5    |     array    |
|lout_5_d0         | out |   32|  ap_memory |    lout_5    |     array    |
|lout_5_q0         |  in |   32|  ap_memory |    lout_5    |     array    |
|lout_5_we0        | out |    1|  ap_memory |    lout_5    |     array    |
|lout_5_address1   | out |    8|  ap_memory |    lout_5    |     array    |
|lout_5_ce1        | out |    1|  ap_memory |    lout_5    |     array    |
|lout_5_d1         | out |   32|  ap_memory |    lout_5    |     array    |
|lout_5_q1         |  in |   32|  ap_memory |    lout_5    |     array    |
|lout_5_we1        | out |    1|  ap_memory |    lout_5    |     array    |
|lout_6_address0   | out |    8|  ap_memory |    lout_6    |     array    |
|lout_6_ce0        | out |    1|  ap_memory |    lout_6    |     array    |
|lout_6_d0         | out |   32|  ap_memory |    lout_6    |     array    |
|lout_6_q0         |  in |   32|  ap_memory |    lout_6    |     array    |
|lout_6_we0        | out |    1|  ap_memory |    lout_6    |     array    |
|lout_6_address1   | out |    8|  ap_memory |    lout_6    |     array    |
|lout_6_ce1        | out |    1|  ap_memory |    lout_6    |     array    |
|lout_6_d1         | out |   32|  ap_memory |    lout_6    |     array    |
|lout_6_q1         |  in |   32|  ap_memory |    lout_6    |     array    |
|lout_6_we1        | out |    1|  ap_memory |    lout_6    |     array    |
|lout_7_address0   | out |    8|  ap_memory |    lout_7    |     array    |
|lout_7_ce0        | out |    1|  ap_memory |    lout_7    |     array    |
|lout_7_d0         | out |   32|  ap_memory |    lout_7    |     array    |
|lout_7_q0         |  in |   32|  ap_memory |    lout_7    |     array    |
|lout_7_we0        | out |    1|  ap_memory |    lout_7    |     array    |
|lout_7_address1   | out |    8|  ap_memory |    lout_7    |     array    |
|lout_7_ce1        | out |    1|  ap_memory |    lout_7    |     array    |
|lout_7_d1         | out |   32|  ap_memory |    lout_7    |     array    |
|lout_7_q1         |  in |   32|  ap_memory |    lout_7    |     array    |
|lout_7_we1        | out |    1|  ap_memory |    lout_7    |     array    |
|lout_8_address0   | out |    8|  ap_memory |    lout_8    |     array    |
|lout_8_ce0        | out |    1|  ap_memory |    lout_8    |     array    |
|lout_8_d0         | out |   32|  ap_memory |    lout_8    |     array    |
|lout_8_q0         |  in |   32|  ap_memory |    lout_8    |     array    |
|lout_8_we0        | out |    1|  ap_memory |    lout_8    |     array    |
|lout_8_address1   | out |    8|  ap_memory |    lout_8    |     array    |
|lout_8_ce1        | out |    1|  ap_memory |    lout_8    |     array    |
|lout_8_d1         | out |   32|  ap_memory |    lout_8    |     array    |
|lout_8_q1         |  in |   32|  ap_memory |    lout_8    |     array    |
|lout_8_we1        | out |    1|  ap_memory |    lout_8    |     array    |
|lout_9_address0   | out |    8|  ap_memory |    lout_9    |     array    |
|lout_9_ce0        | out |    1|  ap_memory |    lout_9    |     array    |
|lout_9_d0         | out |   32|  ap_memory |    lout_9    |     array    |
|lout_9_q0         |  in |   32|  ap_memory |    lout_9    |     array    |
|lout_9_we0        | out |    1|  ap_memory |    lout_9    |     array    |
|lout_9_address1   | out |    8|  ap_memory |    lout_9    |     array    |
|lout_9_ce1        | out |    1|  ap_memory |    lout_9    |     array    |
|lout_9_d1         | out |   32|  ap_memory |    lout_9    |     array    |
|lout_9_q1         |  in |   32|  ap_memory |    lout_9    |     array    |
|lout_9_we1        | out |    1|  ap_memory |    lout_9    |     array    |
|lout_10_address0  | out |    8|  ap_memory |    lout_10   |     array    |
|lout_10_ce0       | out |    1|  ap_memory |    lout_10   |     array    |
|lout_10_d0        | out |   32|  ap_memory |    lout_10   |     array    |
|lout_10_q0        |  in |   32|  ap_memory |    lout_10   |     array    |
|lout_10_we0       | out |    1|  ap_memory |    lout_10   |     array    |
|lout_10_address1  | out |    8|  ap_memory |    lout_10   |     array    |
|lout_10_ce1       | out |    1|  ap_memory |    lout_10   |     array    |
|lout_10_d1        | out |   32|  ap_memory |    lout_10   |     array    |
|lout_10_q1        |  in |   32|  ap_memory |    lout_10   |     array    |
|lout_10_we1       | out |    1|  ap_memory |    lout_10   |     array    |
|lout_11_address0  | out |    8|  ap_memory |    lout_11   |     array    |
|lout_11_ce0       | out |    1|  ap_memory |    lout_11   |     array    |
|lout_11_d0        | out |   32|  ap_memory |    lout_11   |     array    |
|lout_11_q0        |  in |   32|  ap_memory |    lout_11   |     array    |
|lout_11_we0       | out |    1|  ap_memory |    lout_11   |     array    |
|lout_11_address1  | out |    8|  ap_memory |    lout_11   |     array    |
|lout_11_ce1       | out |    1|  ap_memory |    lout_11   |     array    |
|lout_11_d1        | out |   32|  ap_memory |    lout_11   |     array    |
|lout_11_q1        |  in |   32|  ap_memory |    lout_11   |     array    |
|lout_11_we1       | out |    1|  ap_memory |    lout_11   |     array    |
|lout_12_address0  | out |    8|  ap_memory |    lout_12   |     array    |
|lout_12_ce0       | out |    1|  ap_memory |    lout_12   |     array    |
|lout_12_d0        | out |   32|  ap_memory |    lout_12   |     array    |
|lout_12_q0        |  in |   32|  ap_memory |    lout_12   |     array    |
|lout_12_we0       | out |    1|  ap_memory |    lout_12   |     array    |
|lout_12_address1  | out |    8|  ap_memory |    lout_12   |     array    |
|lout_12_ce1       | out |    1|  ap_memory |    lout_12   |     array    |
|lout_12_d1        | out |   32|  ap_memory |    lout_12   |     array    |
|lout_12_q1        |  in |   32|  ap_memory |    lout_12   |     array    |
|lout_12_we1       | out |    1|  ap_memory |    lout_12   |     array    |
|lout_13_address0  | out |    8|  ap_memory |    lout_13   |     array    |
|lout_13_ce0       | out |    1|  ap_memory |    lout_13   |     array    |
|lout_13_d0        | out |   32|  ap_memory |    lout_13   |     array    |
|lout_13_q0        |  in |   32|  ap_memory |    lout_13   |     array    |
|lout_13_we0       | out |    1|  ap_memory |    lout_13   |     array    |
|lout_13_address1  | out |    8|  ap_memory |    lout_13   |     array    |
|lout_13_ce1       | out |    1|  ap_memory |    lout_13   |     array    |
|lout_13_d1        | out |   32|  ap_memory |    lout_13   |     array    |
|lout_13_q1        |  in |   32|  ap_memory |    lout_13   |     array    |
|lout_13_we1       | out |    1|  ap_memory |    lout_13   |     array    |
|lout_14_address0  | out |    8|  ap_memory |    lout_14   |     array    |
|lout_14_ce0       | out |    1|  ap_memory |    lout_14   |     array    |
|lout_14_d0        | out |   32|  ap_memory |    lout_14   |     array    |
|lout_14_q0        |  in |   32|  ap_memory |    lout_14   |     array    |
|lout_14_we0       | out |    1|  ap_memory |    lout_14   |     array    |
|lout_14_address1  | out |    8|  ap_memory |    lout_14   |     array    |
|lout_14_ce1       | out |    1|  ap_memory |    lout_14   |     array    |
|lout_14_d1        | out |   32|  ap_memory |    lout_14   |     array    |
|lout_14_q1        |  in |   32|  ap_memory |    lout_14   |     array    |
|lout_14_we1       | out |    1|  ap_memory |    lout_14   |     array    |
|lout_15_address0  | out |    8|  ap_memory |    lout_15   |     array    |
|lout_15_ce0       | out |    1|  ap_memory |    lout_15   |     array    |
|lout_15_d0        | out |   32|  ap_memory |    lout_15   |     array    |
|lout_15_q0        |  in |   32|  ap_memory |    lout_15   |     array    |
|lout_15_we0       | out |    1|  ap_memory |    lout_15   |     array    |
|lout_15_address1  | out |    8|  ap_memory |    lout_15   |     array    |
|lout_15_ce1       | out |    1|  ap_memory |    lout_15   |     array    |
|lout_15_d1        | out |   32|  ap_memory |    lout_15   |     array    |
|lout_15_q1        |  in |   32|  ap_memory |    lout_15   |     array    |
|lout_15_we1       | out |    1|  ap_memory |    lout_15   |     array    |
|lout_16_address0  | out |    8|  ap_memory |    lout_16   |     array    |
|lout_16_ce0       | out |    1|  ap_memory |    lout_16   |     array    |
|lout_16_d0        | out |   32|  ap_memory |    lout_16   |     array    |
|lout_16_q0        |  in |   32|  ap_memory |    lout_16   |     array    |
|lout_16_we0       | out |    1|  ap_memory |    lout_16   |     array    |
|lout_16_address1  | out |    8|  ap_memory |    lout_16   |     array    |
|lout_16_ce1       | out |    1|  ap_memory |    lout_16   |     array    |
|lout_16_d1        | out |   32|  ap_memory |    lout_16   |     array    |
|lout_16_q1        |  in |   32|  ap_memory |    lout_16   |     array    |
|lout_16_we1       | out |    1|  ap_memory |    lout_16   |     array    |
|lout_17_address0  | out |    8|  ap_memory |    lout_17   |     array    |
|lout_17_ce0       | out |    1|  ap_memory |    lout_17   |     array    |
|lout_17_d0        | out |   32|  ap_memory |    lout_17   |     array    |
|lout_17_q0        |  in |   32|  ap_memory |    lout_17   |     array    |
|lout_17_we0       | out |    1|  ap_memory |    lout_17   |     array    |
|lout_17_address1  | out |    8|  ap_memory |    lout_17   |     array    |
|lout_17_ce1       | out |    1|  ap_memory |    lout_17   |     array    |
|lout_17_d1        | out |   32|  ap_memory |    lout_17   |     array    |
|lout_17_q1        |  in |   32|  ap_memory |    lout_17   |     array    |
|lout_17_we1       | out |    1|  ap_memory |    lout_17   |     array    |
|lout_18_address0  | out |    8|  ap_memory |    lout_18   |     array    |
|lout_18_ce0       | out |    1|  ap_memory |    lout_18   |     array    |
|lout_18_d0        | out |   32|  ap_memory |    lout_18   |     array    |
|lout_18_q0        |  in |   32|  ap_memory |    lout_18   |     array    |
|lout_18_we0       | out |    1|  ap_memory |    lout_18   |     array    |
|lout_18_address1  | out |    8|  ap_memory |    lout_18   |     array    |
|lout_18_ce1       | out |    1|  ap_memory |    lout_18   |     array    |
|lout_18_d1        | out |   32|  ap_memory |    lout_18   |     array    |
|lout_18_q1        |  in |   32|  ap_memory |    lout_18   |     array    |
|lout_18_we1       | out |    1|  ap_memory |    lout_18   |     array    |
|lout_19_address0  | out |    8|  ap_memory |    lout_19   |     array    |
|lout_19_ce0       | out |    1|  ap_memory |    lout_19   |     array    |
|lout_19_d0        | out |   32|  ap_memory |    lout_19   |     array    |
|lout_19_q0        |  in |   32|  ap_memory |    lout_19   |     array    |
|lout_19_we0       | out |    1|  ap_memory |    lout_19   |     array    |
|lout_19_address1  | out |    8|  ap_memory |    lout_19   |     array    |
|lout_19_ce1       | out |    1|  ap_memory |    lout_19   |     array    |
|lout_19_d1        | out |   32|  ap_memory |    lout_19   |     array    |
|lout_19_q1        |  in |   32|  ap_memory |    lout_19   |     array    |
|lout_19_we1       | out |    1|  ap_memory |    lout_19   |     array    |
|lout_20_address0  | out |    8|  ap_memory |    lout_20   |     array    |
|lout_20_ce0       | out |    1|  ap_memory |    lout_20   |     array    |
|lout_20_d0        | out |   32|  ap_memory |    lout_20   |     array    |
|lout_20_q0        |  in |   32|  ap_memory |    lout_20   |     array    |
|lout_20_we0       | out |    1|  ap_memory |    lout_20   |     array    |
|lout_20_address1  | out |    8|  ap_memory |    lout_20   |     array    |
|lout_20_ce1       | out |    1|  ap_memory |    lout_20   |     array    |
|lout_20_d1        | out |   32|  ap_memory |    lout_20   |     array    |
|lout_20_q1        |  in |   32|  ap_memory |    lout_20   |     array    |
|lout_20_we1       | out |    1|  ap_memory |    lout_20   |     array    |
|lout_21_address0  | out |    8|  ap_memory |    lout_21   |     array    |
|lout_21_ce0       | out |    1|  ap_memory |    lout_21   |     array    |
|lout_21_d0        | out |   32|  ap_memory |    lout_21   |     array    |
|lout_21_q0        |  in |   32|  ap_memory |    lout_21   |     array    |
|lout_21_we0       | out |    1|  ap_memory |    lout_21   |     array    |
|lout_21_address1  | out |    8|  ap_memory |    lout_21   |     array    |
|lout_21_ce1       | out |    1|  ap_memory |    lout_21   |     array    |
|lout_21_d1        | out |   32|  ap_memory |    lout_21   |     array    |
|lout_21_q1        |  in |   32|  ap_memory |    lout_21   |     array    |
|lout_21_we1       | out |    1|  ap_memory |    lout_21   |     array    |
|lout_22_address0  | out |    8|  ap_memory |    lout_22   |     array    |
|lout_22_ce0       | out |    1|  ap_memory |    lout_22   |     array    |
|lout_22_d0        | out |   32|  ap_memory |    lout_22   |     array    |
|lout_22_q0        |  in |   32|  ap_memory |    lout_22   |     array    |
|lout_22_we0       | out |    1|  ap_memory |    lout_22   |     array    |
|lout_22_address1  | out |    8|  ap_memory |    lout_22   |     array    |
|lout_22_ce1       | out |    1|  ap_memory |    lout_22   |     array    |
|lout_22_d1        | out |   32|  ap_memory |    lout_22   |     array    |
|lout_22_q1        |  in |   32|  ap_memory |    lout_22   |     array    |
|lout_22_we1       | out |    1|  ap_memory |    lout_22   |     array    |
|lout_23_address0  | out |    8|  ap_memory |    lout_23   |     array    |
|lout_23_ce0       | out |    1|  ap_memory |    lout_23   |     array    |
|lout_23_d0        | out |   32|  ap_memory |    lout_23   |     array    |
|lout_23_q0        |  in |   32|  ap_memory |    lout_23   |     array    |
|lout_23_we0       | out |    1|  ap_memory |    lout_23   |     array    |
|lout_23_address1  | out |    8|  ap_memory |    lout_23   |     array    |
|lout_23_ce1       | out |    1|  ap_memory |    lout_23   |     array    |
|lout_23_d1        | out |   32|  ap_memory |    lout_23   |     array    |
|lout_23_q1        |  in |   32|  ap_memory |    lout_23   |     array    |
|lout_23_we1       | out |    1|  ap_memory |    lout_23   |     array    |
|lout_24_address0  | out |    8|  ap_memory |    lout_24   |     array    |
|lout_24_ce0       | out |    1|  ap_memory |    lout_24   |     array    |
|lout_24_d0        | out |   32|  ap_memory |    lout_24   |     array    |
|lout_24_q0        |  in |   32|  ap_memory |    lout_24   |     array    |
|lout_24_we0       | out |    1|  ap_memory |    lout_24   |     array    |
|lout_24_address1  | out |    8|  ap_memory |    lout_24   |     array    |
|lout_24_ce1       | out |    1|  ap_memory |    lout_24   |     array    |
|lout_24_d1        | out |   32|  ap_memory |    lout_24   |     array    |
|lout_24_q1        |  in |   32|  ap_memory |    lout_24   |     array    |
|lout_24_we1       | out |    1|  ap_memory |    lout_24   |     array    |
|lout_25_address0  | out |    8|  ap_memory |    lout_25   |     array    |
|lout_25_ce0       | out |    1|  ap_memory |    lout_25   |     array    |
|lout_25_d0        | out |   32|  ap_memory |    lout_25   |     array    |
|lout_25_q0        |  in |   32|  ap_memory |    lout_25   |     array    |
|lout_25_we0       | out |    1|  ap_memory |    lout_25   |     array    |
|lout_25_address1  | out |    8|  ap_memory |    lout_25   |     array    |
|lout_25_ce1       | out |    1|  ap_memory |    lout_25   |     array    |
|lout_25_d1        | out |   32|  ap_memory |    lout_25   |     array    |
|lout_25_q1        |  in |   32|  ap_memory |    lout_25   |     array    |
|lout_25_we1       | out |    1|  ap_memory |    lout_25   |     array    |
|lout_26_address0  | out |    8|  ap_memory |    lout_26   |     array    |
|lout_26_ce0       | out |    1|  ap_memory |    lout_26   |     array    |
|lout_26_d0        | out |   32|  ap_memory |    lout_26   |     array    |
|lout_26_q0        |  in |   32|  ap_memory |    lout_26   |     array    |
|lout_26_we0       | out |    1|  ap_memory |    lout_26   |     array    |
|lout_26_address1  | out |    8|  ap_memory |    lout_26   |     array    |
|lout_26_ce1       | out |    1|  ap_memory |    lout_26   |     array    |
|lout_26_d1        | out |   32|  ap_memory |    lout_26   |     array    |
|lout_26_q1        |  in |   32|  ap_memory |    lout_26   |     array    |
|lout_26_we1       | out |    1|  ap_memory |    lout_26   |     array    |
|lout_27_address0  | out |    8|  ap_memory |    lout_27   |     array    |
|lout_27_ce0       | out |    1|  ap_memory |    lout_27   |     array    |
|lout_27_d0        | out |   32|  ap_memory |    lout_27   |     array    |
|lout_27_q0        |  in |   32|  ap_memory |    lout_27   |     array    |
|lout_27_we0       | out |    1|  ap_memory |    lout_27   |     array    |
|lout_27_address1  | out |    8|  ap_memory |    lout_27   |     array    |
|lout_27_ce1       | out |    1|  ap_memory |    lout_27   |     array    |
|lout_27_d1        | out |   32|  ap_memory |    lout_27   |     array    |
|lout_27_q1        |  in |   32|  ap_memory |    lout_27   |     array    |
|lout_27_we1       | out |    1|  ap_memory |    lout_27   |     array    |
|lout_28_address0  | out |    8|  ap_memory |    lout_28   |     array    |
|lout_28_ce0       | out |    1|  ap_memory |    lout_28   |     array    |
|lout_28_d0        | out |   32|  ap_memory |    lout_28   |     array    |
|lout_28_q0        |  in |   32|  ap_memory |    lout_28   |     array    |
|lout_28_we0       | out |    1|  ap_memory |    lout_28   |     array    |
|lout_28_address1  | out |    8|  ap_memory |    lout_28   |     array    |
|lout_28_ce1       | out |    1|  ap_memory |    lout_28   |     array    |
|lout_28_d1        | out |   32|  ap_memory |    lout_28   |     array    |
|lout_28_q1        |  in |   32|  ap_memory |    lout_28   |     array    |
|lout_28_we1       | out |    1|  ap_memory |    lout_28   |     array    |
|lout_29_address0  | out |    8|  ap_memory |    lout_29   |     array    |
|lout_29_ce0       | out |    1|  ap_memory |    lout_29   |     array    |
|lout_29_d0        | out |   32|  ap_memory |    lout_29   |     array    |
|lout_29_q0        |  in |   32|  ap_memory |    lout_29   |     array    |
|lout_29_we0       | out |    1|  ap_memory |    lout_29   |     array    |
|lout_29_address1  | out |    8|  ap_memory |    lout_29   |     array    |
|lout_29_ce1       | out |    1|  ap_memory |    lout_29   |     array    |
|lout_29_d1        | out |   32|  ap_memory |    lout_29   |     array    |
|lout_29_q1        |  in |   32|  ap_memory |    lout_29   |     array    |
|lout_29_we1       | out |    1|  ap_memory |    lout_29   |     array    |
|lout_30_address0  | out |    8|  ap_memory |    lout_30   |     array    |
|lout_30_ce0       | out |    1|  ap_memory |    lout_30   |     array    |
|lout_30_d0        | out |   32|  ap_memory |    lout_30   |     array    |
|lout_30_q0        |  in |   32|  ap_memory |    lout_30   |     array    |
|lout_30_we0       | out |    1|  ap_memory |    lout_30   |     array    |
|lout_30_address1  | out |    8|  ap_memory |    lout_30   |     array    |
|lout_30_ce1       | out |    1|  ap_memory |    lout_30   |     array    |
|lout_30_d1        | out |   32|  ap_memory |    lout_30   |     array    |
|lout_30_q1        |  in |   32|  ap_memory |    lout_30   |     array    |
|lout_30_we1       | out |    1|  ap_memory |    lout_30   |     array    |
|lout_31_address0  | out |    8|  ap_memory |    lout_31   |     array    |
|lout_31_ce0       | out |    1|  ap_memory |    lout_31   |     array    |
|lout_31_d0        | out |   32|  ap_memory |    lout_31   |     array    |
|lout_31_q0        |  in |   32|  ap_memory |    lout_31   |     array    |
|lout_31_we0       | out |    1|  ap_memory |    lout_31   |     array    |
|lout_31_address1  | out |    8|  ap_memory |    lout_31   |     array    |
|lout_31_ce1       | out |    1|  ap_memory |    lout_31   |     array    |
|lout_31_d1        | out |   32|  ap_memory |    lout_31   |     array    |
|lout_31_q1        |  in |   32|  ap_memory |    lout_31   |     array    |
|lout_31_we1       | out |    1|  ap_memory |    lout_31   |     array    |
|ap_clk            |  in |    1| ap_ctrl_hs |  stream_cal  | return value |
|ap_rst            |  in |    1| ap_ctrl_hs |  stream_cal  | return value |
|ap_done           | out |    1| ap_ctrl_hs |  stream_cal  | return value |
|ap_start          |  in |    1| ap_ctrl_hs |  stream_cal  | return value |
|ap_ready          | out |    1| ap_ctrl_hs |  stream_cal  | return value |
|ap_idle           | out |    1| ap_ctrl_hs |  stream_cal  | return value |
|ap_continue       |  in |    1| ap_ctrl_hs |  stream_cal  | return value |
+------------------+-----+-----+------------+--------------+--------------+

