

================================================================
== Vivado HLS Report for 'write_out'
================================================================
* Date:           Fri Mar  8 14:10:19 2019

* Version:        2018.2 (Build 2258646 on Thu Jun 14 20:25:20 MDT 2018)
* Project:        cal_gemm
* Solution:       solution
* Product family: zynq
* Target device:  xc7z020clg484-1


================================================================
== Performance Estimates
================================================================
+ Timing (ns): 
    * Summary: 
    +--------+-------+----------+------------+
    |  Clock | Target| Estimated| Uncertainty|
    +--------+-------+----------+------------+
    |ap_clk  |  10.00|     6.602|        2.70|
    +--------+-------+----------+------------+

+ Latency (clock cycles): 
    * Summary: 
    +------+------+------+------+---------+
    |   Latency   |   Interval  | Pipeline|
    |  min |  max |  min |  max |   Type  |
    +------+------+------+------+---------+
    |  5411|  5411|  5411|  5411|   none  |
    +------+------+------+------+---------+

    + Detail: 
        * Instance: 
        N/A

        * Loop: 
        +----------+------+------+----------+-----------+-----------+------+----------+
        |          |   Latency   | Iteration|  Initiation Interval  | Trip |          |
        | Loop Name|  min |  max |  Latency |  achieved |   target  | Count| Pipelined|
        +----------+------+------+----------+-----------+-----------+------+----------+
        |- Loop 1  |  5409|  5409|         3|          1|          1|  5408|    yes   |
        +----------+------+------+----------+-----------+-----------+------+----------+



================================================================
== Utilization Estimates
================================================================
* Summary: 
+-----------------+---------+-------+--------+-------+
|       Name      | BRAM_18K| DSP48E|   FF   |  LUT  |
+-----------------+---------+-------+--------+-------+
|DSP              |        -|      -|       -|      -|
|Expression       |        -|      -|       0|    185|
|FIFO             |        -|      -|       -|      -|
|Instance         |        -|      -|       0|    145|
|Memory           |        -|      -|       -|      -|
|Multiplexer      |        -|      -|       -|    111|
|Register         |        -|      -|     117|      -|
+-----------------+---------+-------+--------+-------+
|Total            |        0|      0|     117|    441|
+-----------------+---------+-------+--------+-------+
|Available        |      280|    220|  106400|  53200|
+-----------------+---------+-------+--------+-------+
|Utilization (%)  |        0|      0|   ~0   |   ~0  |
+-----------------+---------+-------+--------+-------+

+ Detail: 
    * Instance: 
    +---------------------------+----------------------+---------+-------+---+-----+
    |          Instance         |        Module        | BRAM_18K| DSP48E| FF| LUT |
    +---------------------------+----------------------+---------+-------+---+-----+
    |cal_gemm_mux_325_dEe_U395  |cal_gemm_mux_325_dEe  |        0|      0|  0|  145|
    +---------------------------+----------------------+---------+-------+---+-----+
    |Total                      |                      |        0|      0|  0|  145|
    +---------------------------+----------------------+---------+-------+---+-----+

    * DSP48: 
    N/A

    * Memory: 
    N/A

    * FIFO: 
    N/A

    * Expression: 
    +----------------------------------+----------+-------+---+----+------------+------------+
    |           Variable Name          | Operation| DSP48E| FF| LUT| Bitwidth P0| Bitwidth P1|
    +----------------------------------+----------+-------+---+----+------------+------------+
    |i_1_fu_711_p2                     |     +    |      0|  0|  15|           1|           8|
    |indvar_flatten_next_fu_601_p2     |     +    |      0|  0|  17|          13|           1|
    |indvars_iv_next_dup_fu_653_p2     |     +    |      0|  0|  17|           8|          13|
    |tmp_fu_717_p2                     |     +    |      0|  0|  17|           1|          13|
    |w_s_fu_635_p2                     |     +    |      0|  0|  15|           1|           6|
    |z_s_fu_613_p2                     |     +    |      0|  0|  17|           8|          13|
    |ap_block_pp0_stage0_01001         |    and   |      0|  0|   2|           1|           1|
    |ap_block_state4_pp0_stage0_iter2  |    and   |      0|  0|   2|           1|           1|
    |exitcond_flatten_fu_595_p2        |   icmp   |      0|  0|  13|          13|          13|
    |exitcond_fu_607_p2                |   icmp   |      0|  0|  13|          13|          13|
    |i_mid2_fu_627_p3                  |  select  |      0|  0|   8|           1|           1|
    |indvars_iv_mid2_fu_659_p3         |  select  |      0|  0|  13|           1|          13|
    |w_t_mid2_v_fu_641_p3              |  select  |      0|  0|   6|           1|           6|
    |z_1_mid2_fu_619_p3                |  select  |      0|  0|  13|           1|          13|
    |z_mid2_fu_667_p3                  |  select  |      0|  0|  13|           1|          13|
    |ap_enable_pp0                     |    xor   |      0|  0|   2|           1|           2|
    |ap_enable_reg_pp0_iter1           |    xor   |      0|  0|   2|           2|           1|
    +----------------------------------+----------+-------+---+----+------------+------------+
    |Total                             |          |      0|  0| 185|          68|         131|
    +----------------------------------+----------+-------+---+----+------------+------------+

    * Multiplexer: 
    +----------------------------+----+-----------+-----+-----------+
    |            Name            | LUT| Input Size| Bits| Total Bits|
    +----------------------------+----+-----------+-----+-----------+
    |C_blk_n                     |   9|          2|    1|          2|
    |ap_NS_fsm                   |  21|          4|    1|          4|
    |ap_enable_reg_pp0_iter1     |   9|          2|    1|          2|
    |ap_enable_reg_pp0_iter2     |   9|          2|    1|          2|
    |ap_phi_mux_w_phi_fu_555_p4  |   9|          2|    6|         12|
    |i_reg_584                   |   9|          2|    8|         16|
    |indvar_flatten_reg_529      |   9|          2|   13|         26|
    |indvars_iv_reg_540          |   9|          2|   13|         26|
    |w_reg_551                   |   9|          2|    6|         12|
    |z_1_reg_573                 |   9|          2|   13|         26|
    |z_reg_562                   |   9|          2|   13|         26|
    +----------------------------+----+-----------+-----+-----------+
    |Total                       | 111|         24|   76|        154|
    +----------------------------+----+-----------+-----+-----------+

    * Register: 
    +----------------------------------------+----+----+-----+-----------+
    |                  Name                  | FF | LUT| Bits| Const Bits|
    +----------------------------------------+----+----+-----+-----------+
    |ap_CS_fsm                               |   3|   0|    3|          0|
    |ap_enable_reg_pp0_iter0                 |   1|   0|    1|          0|
    |ap_enable_reg_pp0_iter1                 |   1|   0|    1|          0|
    |ap_enable_reg_pp0_iter2                 |   1|   0|    1|          0|
    |exitcond_flatten_reg_792                |   1|   0|    1|          0|
    |exitcond_flatten_reg_792_pp0_iter1_reg  |   1|   0|    1|          0|
    |i_reg_584                               |   8|   0|    8|          0|
    |indvar_flatten_reg_529                  |  13|   0|   13|          0|
    |indvars_iv_reg_540                      |  13|   0|   13|          0|
    |tmp_2_reg_991                           |  32|   0|   32|          0|
    |tmp_3_reg_806                           |   5|   0|    5|          0|
    |w_reg_551                               |   6|   0|    6|          0|
    |w_t_mid2_v_reg_801                      |   6|   0|    6|          0|
    |z_1_reg_573                             |  13|   0|   13|          0|
    |z_reg_562                               |  13|   0|   13|          0|
    +----------------------------------------+----+----+-----+-----------+
    |Total                                   | 117|   0|  117|          0|
    +----------------------------------------+----+----+-----+-----------+



================================================================
== Interface
================================================================
* Summary: 
+------------------+-----+-----+------------+--------------+--------------+
|     RTL Ports    | Dir | Bits|  Protocol  | Source Object|    C Type    |
+------------------+-----+-----+------------+--------------+--------------+
|ap_clk            |  in |    1| ap_ctrl_hs |   write_out  | return value |
|ap_rst            |  in |    1| ap_ctrl_hs |   write_out  | return value |
|ap_start          |  in |    1| ap_ctrl_hs |   write_out  | return value |
|ap_done           | out |    1| ap_ctrl_hs |   write_out  | return value |
|ap_idle           | out |    1| ap_ctrl_hs |   write_out  | return value |
|ap_ready          | out |    1| ap_ctrl_hs |   write_out  | return value |
|lout_0_address0   | out |    8|  ap_memory |    lout_0    |     array    |
|lout_0_ce0        | out |    1|  ap_memory |    lout_0    |     array    |
|lout_0_q0         |  in |   32|  ap_memory |    lout_0    |     array    |
|lout_1_address0   | out |    8|  ap_memory |    lout_1    |     array    |
|lout_1_ce0        | out |    1|  ap_memory |    lout_1    |     array    |
|lout_1_q0         |  in |   32|  ap_memory |    lout_1    |     array    |
|lout_2_address0   | out |    8|  ap_memory |    lout_2    |     array    |
|lout_2_ce0        | out |    1|  ap_memory |    lout_2    |     array    |
|lout_2_q0         |  in |   32|  ap_memory |    lout_2    |     array    |
|lout_3_address0   | out |    8|  ap_memory |    lout_3    |     array    |
|lout_3_ce0        | out |    1|  ap_memory |    lout_3    |     array    |
|lout_3_q0         |  in |   32|  ap_memory |    lout_3    |     array    |
|lout_4_address0   | out |    8|  ap_memory |    lout_4    |     array    |
|lout_4_ce0        | out |    1|  ap_memory |    lout_4    |     array    |
|lout_4_q0         |  in |   32|  ap_memory |    lout_4    |     array    |
|lout_5_address0   | out |    8|  ap_memory |    lout_5    |     array    |
|lout_5_ce0        | out |    1|  ap_memory |    lout_5    |     array    |
|lout_5_q0         |  in |   32|  ap_memory |    lout_5    |     array    |
|lout_6_address0   | out |    8|  ap_memory |    lout_6    |     array    |
|lout_6_ce0        | out |    1|  ap_memory |    lout_6    |     array    |
|lout_6_q0         |  in |   32|  ap_memory |    lout_6    |     array    |
|lout_7_address0   | out |    8|  ap_memory |    lout_7    |     array    |
|lout_7_ce0        | out |    1|  ap_memory |    lout_7    |     array    |
|lout_7_q0         |  in |   32|  ap_memory |    lout_7    |     array    |
|lout_8_address0   | out |    8|  ap_memory |    lout_8    |     array    |
|lout_8_ce0        | out |    1|  ap_memory |    lout_8    |     array    |
|lout_8_q0         |  in |   32|  ap_memory |    lout_8    |     array    |
|lout_9_address0   | out |    8|  ap_memory |    lout_9    |     array    |
|lout_9_ce0        | out |    1|  ap_memory |    lout_9    |     array    |
|lout_9_q0         |  in |   32|  ap_memory |    lout_9    |     array    |
|lout_10_address0  | out |    8|  ap_memory |    lout_10   |     array    |
|lout_10_ce0       | out |    1|  ap_memory |    lout_10   |     array    |
|lout_10_q0        |  in |   32|  ap_memory |    lout_10   |     array    |
|lout_11_address0  | out |    8|  ap_memory |    lout_11   |     array    |
|lout_11_ce0       | out |    1|  ap_memory |    lout_11   |     array    |
|lout_11_q0        |  in |   32|  ap_memory |    lout_11   |     array    |
|lout_12_address0  | out |    8|  ap_memory |    lout_12   |     array    |
|lout_12_ce0       | out |    1|  ap_memory |    lout_12   |     array    |
|lout_12_q0        |  in |   32|  ap_memory |    lout_12   |     array    |
|lout_13_address0  | out |    8|  ap_memory |    lout_13   |     array    |
|lout_13_ce0       | out |    1|  ap_memory |    lout_13   |     array    |
|lout_13_q0        |  in |   32|  ap_memory |    lout_13   |     array    |
|lout_14_address0  | out |    8|  ap_memory |    lout_14   |     array    |
|lout_14_ce0       | out |    1|  ap_memory |    lout_14   |     array    |
|lout_14_q0        |  in |   32|  ap_memory |    lout_14   |     array    |
|lout_15_address0  | out |    8|  ap_memory |    lout_15   |     array    |
|lout_15_ce0       | out |    1|  ap_memory |    lout_15   |     array    |
|lout_15_q0        |  in |   32|  ap_memory |    lout_15   |     array    |
|lout_16_address0  | out |    8|  ap_memory |    lout_16   |     array    |
|lout_16_ce0       | out |    1|  ap_memory |    lout_16   |     array    |
|lout_16_q0        |  in |   32|  ap_memory |    lout_16   |     array    |
|lout_17_address0  | out |    8|  ap_memory |    lout_17   |     array    |
|lout_17_ce0       | out |    1|  ap_memory |    lout_17   |     array    |
|lout_17_q0        |  in |   32|  ap_memory |    lout_17   |     array    |
|lout_18_address0  | out |    8|  ap_memory |    lout_18   |     array    |
|lout_18_ce0       | out |    1|  ap_memory |    lout_18   |     array    |
|lout_18_q0        |  in |   32|  ap_memory |    lout_18   |     array    |
|lout_19_address0  | out |    8|  ap_memory |    lout_19   |     array    |
|lout_19_ce0       | out |    1|  ap_memory |    lout_19   |     array    |
|lout_19_q0        |  in |   32|  ap_memory |    lout_19   |     array    |
|lout_20_address0  | out |    8|  ap_memory |    lout_20   |     array    |
|lout_20_ce0       | out |    1|  ap_memory |    lout_20   |     array    |
|lout_20_q0        |  in |   32|  ap_memory |    lout_20   |     array    |
|lout_21_address0  | out |    8|  ap_memory |    lout_21   |     array    |
|lout_21_ce0       | out |    1|  ap_memory |    lout_21   |     array    |
|lout_21_q0        |  in |   32|  ap_memory |    lout_21   |     array    |
|lout_22_address0  | out |    8|  ap_memory |    lout_22   |     array    |
|lout_22_ce0       | out |    1|  ap_memory |    lout_22   |     array    |
|lout_22_q0        |  in |   32|  ap_memory |    lout_22   |     array    |
|lout_23_address0  | out |    8|  ap_memory |    lout_23   |     array    |
|lout_23_ce0       | out |    1|  ap_memory |    lout_23   |     array    |
|lout_23_q0        |  in |   32|  ap_memory |    lout_23   |     array    |
|lout_24_address0  | out |    8|  ap_memory |    lout_24   |     array    |
|lout_24_ce0       | out |    1|  ap_memory |    lout_24   |     array    |
|lout_24_q0        |  in |   32|  ap_memory |    lout_24   |     array    |
|lout_25_address0  | out |    8|  ap_memory |    lout_25   |     array    |
|lout_25_ce0       | out |    1|  ap_memory |    lout_25   |     array    |
|lout_25_q0        |  in |   32|  ap_memory |    lout_25   |     array    |
|lout_26_address0  | out |    8|  ap_memory |    lout_26   |     array    |
|lout_26_ce0       | out |    1|  ap_memory |    lout_26   |     array    |
|lout_26_q0        |  in |   32|  ap_memory |    lout_26   |     array    |
|lout_27_address0  | out |    8|  ap_memory |    lout_27   |     array    |
|lout_27_ce0       | out |    1|  ap_memory |    lout_27   |     array    |
|lout_27_q0        |  in |   32|  ap_memory |    lout_27   |     array    |
|lout_28_address0  | out |    8|  ap_memory |    lout_28   |     array    |
|lout_28_ce0       | out |    1|  ap_memory |    lout_28   |     array    |
|lout_28_q0        |  in |   32|  ap_memory |    lout_28   |     array    |
|lout_29_address0  | out |    8|  ap_memory |    lout_29   |     array    |
|lout_29_ce0       | out |    1|  ap_memory |    lout_29   |     array    |
|lout_29_q0        |  in |   32|  ap_memory |    lout_29   |     array    |
|lout_30_address0  | out |    8|  ap_memory |    lout_30   |     array    |
|lout_30_ce0       | out |    1|  ap_memory |    lout_30   |     array    |
|lout_30_q0        |  in |   32|  ap_memory |    lout_30   |     array    |
|lout_31_address0  | out |    8|  ap_memory |    lout_31   |     array    |
|lout_31_ce0       | out |    1|  ap_memory |    lout_31   |     array    |
|lout_31_q0        |  in |   32|  ap_memory |    lout_31   |     array    |
|C_din             | out |   32|   ap_fifo  |       C      |    pointer   |
|C_full_n          |  in |    1|   ap_fifo  |       C      |    pointer   |
|C_write           | out |    1|   ap_fifo  |       C      |    pointer   |
+------------------+-----+-----+------------+--------------+--------------+

