(c) Copyright 2012-2018 Xilinx, Inc. All Rights Reserved.
#-----------------------------------------------------------
# Tool version  : sds++ 2018.2 SW Build 2258646 on Thu Jun 14 20:03:40 MDT 2018
# Start time    : Fri Mar 08 14:10:40 KST 2019
# Command line  : sds++ -sds-pf zed -target-os linux -o darknet.elf /home/sdsoc/yc_ws/sdx_ws/proj/YOLO-master/cpp/HGUFPGAConv/HGUConv_0/build/zed_linux_hw/src/kernel.o /home/sdsoc/yc_ws/sdx_ws/proj/YOLO-master/cpp/HGUFPGAConv/HGUConv_0/build/zed_linux_hw/src/convolution.o /home/sdsoc/yc_ws/sdx_ws/proj/YOLO-master/cpp/HGUFPGAConv/HGUConv_0/build/zed_linux_hw/src/im2col.o /home/sdsoc/yc_ws/sdx_ws/proj/YOLO-master/cpp/HGUFPGAConv/HGUConv_0/build/zed_linux_hw/src/utils.o /home/sdsoc/yc_ws/sdx_ws/proj/YOLO-master/cpp/HGUFPGAConv/HGUConv_0/build/zed_linux_hw/src/image.o /home/sdsoc/yc_ws/sdx_ws/proj/YOLO-master/cpp/HGUFPGAConv/HGUConv_0/build/zed_linux_hw/src/layer.o /home/sdsoc/yc_ws/sdx_ws/proj/YOLO-master/cpp/HGUFPGAConv/HGUConv_0/build/zed_linux_hw/src/main.o /home/sdsoc/yc_ws/sdx_ws/proj/YOLO-master/cpp/HGUFPGAConv/HGUConv_0/build/zed_linux_hw/src/gemm.o
# Log file      : /home/sdsoc/yc_ws/sdx_ws/proj/YOLO-master/cpp/HGUFPGAConv/HGUConv_0/build/zed_linux_hw/_sds/reports/sds.log
# Journal file  : /home/sdsoc/yc_ws/sdx_ws/proj/YOLO-master/cpp/HGUFPGAConv/HGUConv_0/build/zed_linux_hw/_sds/reports/sds.jou
# Report file   : /home/sdsoc/yc_ws/sdx_ws/proj/YOLO-master/cpp/HGUFPGAConv/HGUConv_0/build/zed_linux_hw/_sds/reports/sds.rpt
#-----------------------------------------------------------

-------------------
Design Timing Check
-------------------

  Partition 0
  Vivado Log     : /home/sdsoc/yc_ws/sdx_ws/proj/YOLO-master/cpp/HGUFPGAConv/HGUConv_0/build/zed_linux_hw/_sds/p0/vivado/vivado.log
  Timing Summary : /home/sdsoc/yc_ws/sdx_ws/proj/YOLO-master/cpp/HGUFPGAConv/HGUConv_0/build/zed_linux_hw/_sds/p0/vivado/prj/prj.runs/impl_1/zed_wrapper_timing_summary_routed.rpt

  All user specified timing constraints are met.

Timing Summary Report

Timer Settings
--------------

  Enable Multi Corner Analysis               :  Yes
  Enable Pessimism Removal                   :  Yes
  Pessimism Removal Resolution               :  Nearest Common Node
  Enable Input Delay Default Clock           :  No
  Enable Preset / Clear Arcs                 :  No
  Disable Flight Delays                      :  No
  Ignore I/O Paths                           :  No
  Timing Early Launch at Borrowing Latches   :  false

  Corner  Analyze    Analyze    
  Name    Max Paths  Min Paths  
  ------  ---------  ---------  
  Slow    Yes        Yes        
  Fast    Yes        Yes        



check_timing report

Table of Contents
1. checking no_clock
2. checking constant_clock
3. checking pulse_width_clock
4. checking unconstrained_internal_endpoints
5. checking no_input_delay
6. checking no_output_delay
7. checking multiple_clock
8. checking generated_clocks
9. checking loops
10. checking partial_input_delay
11. checking partial_output_delay
12. checking latch_loops

1. checking no_clock
 There are 0 register/latch pins with no clock.


2. checking constant_clock
 There are 0 register/latch pins with constant_clock.


3. checking pulse_width_clock
 There are 0 register/latch pins which need pulse_width check


4. checking unconstrained_internal_endpoints
 There are 0 pins that are not constrained for maximum delay.

 There are 0 pins that are not constrained for maximum delay due to constant clock.


5. checking no_input_delay
 There are 0 input ports with no input delay specified.

 There are 0 input ports with no input delay but user has a false path constraint.


6. checking no_output_delay
 There are 0 ports with no output delay specified.

 There are 0 ports with no output delay but user has a false path constraint

 There are 0 ports with no output delay but with a timing clock defined on it or propagating through it


7. checking multiple_clock
 There are 0 register/latch pins with multiple clocks.


8. checking generated_clocks
 There are 0 generated clocks that are not connected to a clock source.


9. checking loops
 There are 0 combinational loops in the design.


10. checking partial_input_delay
 There are 0 input ports with partial input delay specified.


11. checking partial_output_delay
 There are 0 ports with partial output delay specified.


12. checking latch_loops
 There are 0 combinational latch loops in the design through latch input



Design Timing Summary
---------------------

    WNS(ns)      TNS(ns)  TNS Failing Endpoints  TNS Total Endpoints      WHS(ns)      THS(ns)  THS Failing Endpoints  THS Total Endpoints     WPWS(ns)     TPWS(ns)  TPWS Failing Endpoints  TPWS Total Endpoints  
    -------      -------  ---------------------  -------------------      -------      -------  ---------------------  -------------------     --------     --------  ----------------------  --------------------  
      0.542        0.000                      0                66244        0.015        0.000                      0                66244        3.000        0.000                       0                 24950  


All user specified timing constraints are met.


Clock Summary
-------------

Clock                         Waveform(ns)       Period(ns)      Frequency(MHz)
-----                         ------------       ----------      --------------
clk_fpga_0                    {0.000 5.000}      10.000          100.000         
zed_i/clk_wiz_0/inst/clk_in1  {0.000 5.000}      10.000          100.000         
  clk_out1_zed_clk_wiz_0_0    {0.000 5.000}      10.000          100.000         
  clkfbout_zed_clk_wiz_0_0    {0.000 5.000}      10.000          100.000         


-------------------
Data Motion Network
-------------------

Data motion network report generated in /home/sdsoc/yc_ws/sdx_ws/proj/YOLO-master/cpp/HGUFPGAConv/HGUConv_0/build/zed_linux_hw/_sds/reports
HTML file : /home/sdsoc/yc_ws/sdx_ws/proj/YOLO-master/cpp/HGUFPGAConv/HGUConv_0/build/zed_linux_hw/_sds/reports/data_motion.html

-------------------
Design Utilization
-------------------

  Partition 0
  Utilization Summary : /home/sdsoc/yc_ws/sdx_ws/proj/YOLO-master/cpp/HGUFPGAConv/HGUConv_0/build/zed_linux_hw/_sds/p0/vivado/prj/prj.runs/impl_1/zed_wrapper_utilization_placed.rpt

Utilization Design Information

Table of Contents
-----------------
1. Slice Logic
1.1 Summary of Registers by Type
2. Slice Logic Distribution
3. Memory
4. DSP
5. IO and GT Specific
6. Clocking
7. Specific Feature
8. Primitives
9. Black Boxes
10. Instantiated Netlists

1. Slice Logic
--------------

+----------------------------+-------+-------+-----------+-------+
|          Site Type         |  Used | Fixed | Available | Util% |
+----------------------------+-------+-------+-----------+-------+
| Slice LUTs                 | 17533 |     0 |     53200 | 32.96 |
|   LUT as Logic             | 17057 |     0 |     53200 | 32.06 |
|   LUT as Memory            |   476 |     0 |     17400 |  2.74 |
|     LUT as Distributed RAM |   240 |     0 |           |       |
|     LUT as Shift Register  |   236 |     0 |           |       |
| Slice Registers            | 23881 |     0 |    106400 | 22.44 |
|   Register as Flip Flop    | 23881 |     0 |    106400 | 22.44 |
|   Register as Latch        |     0 |     0 |    106400 |  0.00 |
| F7 Muxes                   |   229 |     0 |     26600 |  0.86 |
| F8 Muxes                   |     1 |     0 |     13300 | <0.01 |
+----------------------------+-------+-------+-----------+-------+


1.1 Summary of Registers by Type
--------------------------------

+-------+--------------+-------------+--------------+
| Total | Clock Enable | Synchronous | Asynchronous |
+-------+--------------+-------------+--------------+
| 0     |            _ |           - |            - |
| 0     |            _ |           - |          Set |
| 0     |            _ |           - |        Reset |
| 0     |            _ |         Set |            - |
| 0     |            _ |       Reset |            - |
| 0     |          Yes |           - |            - |
| 142   |          Yes |           - |          Set |
| 201   |          Yes |           - |        Reset |
| 268   |          Yes |         Set |            - |
| 23270 |          Yes |       Reset |            - |
+-------+--------------+-------------+--------------+


2. Slice Logic Distribution
---------------------------

+-------------------------------------------+-------+-------+-----------+-------+
|                 Site Type                 |  Used | Fixed | Available | Util% |
+-------------------------------------------+-------+-------+-----------+-------+
| Slice                                     |  7830 |     0 |     13300 | 58.87 |
|   SLICEL                                  |  5168 |     0 |           |       |
|   SLICEM                                  |  2662 |     0 |           |       |
| LUT as Logic                              | 17057 |     0 |     53200 | 32.06 |
|   using O5 output only                    |     0 |       |           |       |
|   using O6 output only                    | 12904 |       |           |       |
|   using O5 and O6                         |  4153 |       |           |       |
| LUT as Memory                             |   476 |     0 |     17400 |  2.74 |
|   LUT as Distributed RAM                  |   240 |     0 |           |       |
|     using O5 output only                  |     0 |       |           |       |
|     using O6 output only                  |     4 |       |           |       |
|     using O5 and O6                       |   236 |       |           |       |
|   LUT as Shift Register                   |   236 |     0 |           |       |
|     using O5 output only                  |     6 |       |           |       |
|     using O6 output only                  |   106 |       |           |       |
|     using O5 and O6                       |   124 |       |           |       |
| LUT Flip Flop Pairs                       |  7326 |     0 |     53200 | 13.77 |
|   fully used LUT-FF pairs                 |  2133 |       |           |       |
|   LUT-FF pairs with one unused LUT output |  4572 |       |           |       |
|   LUT-FF pairs with one unused Flip Flop  |  4643 |       |           |       |
| Unique Control Sets                       |   586 |       |           |       |
+-------------------------------------------+-------+-------+-----------+-------+
* Note: Review the Control Sets Report for more information regarding control sets.


3. Memory
---------

+-------------------+------+-------+-----------+-------+
|     Site Type     | Used | Fixed | Available | Util% |
+-------------------+------+-------+-----------+-------+
| Block RAM Tile    |   62 |     0 |       140 | 44.29 |
|   RAMB36/FIFO*    |   43 |     0 |       140 | 30.71 |
|     RAMB36E1 only |   43 |       |           |       |
|   RAMB18          |   38 |     0 |       280 | 13.57 |
|     RAMB18E1 only |   38 |       |           |       |
+-------------------+------+-------+-----------+-------+
* Note: Each Block RAM Tile only has one FIFO logic available and therefore can accommodate only one FIFO36E1 or one FIFO18E1. However, if a FIFO18E1 occupies a Block RAM Tile, that tile can still accommodate a RAMB18E1


4. DSP
------

+----------------+------+-------+-----------+-------+
|    Site Type   | Used | Fixed | Available | Util% |
+----------------+------+-------+-----------+-------+
| DSPs           |  160 |     0 |       220 | 72.73 |
|   DSP48E1 only |  160 |       |           |       |
+----------------+------+-------+-----------+-------+


5. IO and GT Specific
---------------------

+-----------------------------+------+-------+-----------+--------+
|          Site Type          | Used | Fixed | Available |  Util% |
+-----------------------------+------+-------+-----------+--------+
| Bonded IOB                  |    0 |     0 |       200 |   0.00 |
| Bonded IPADs                |    0 |     0 |         2 |   0.00 |
| Bonded IOPADs               |  130 |   130 |       130 | 100.00 |
| PHY_CONTROL                 |    0 |     0 |         4 |   0.00 |
| PHASER_REF                  |    0 |     0 |         4 |   0.00 |
| OUT_FIFO                    |    0 |     0 |        16 |   0.00 |
| IN_FIFO                     |    0 |     0 |        16 |   0.00 |
| IDELAYCTRL                  |    0 |     0 |         4 |   0.00 |
| IBUFDS                      |    0 |     0 |       192 |   0.00 |
| PHASER_OUT/PHASER_OUT_PHY   |    0 |     0 |        16 |   0.00 |
| PHASER_IN/PHASER_IN_PHY     |    0 |     0 |        16 |   0.00 |
| IDELAYE2/IDELAYE2_FINEDELAY |    0 |     0 |       200 |   0.00 |
| ILOGIC                      |    0 |     0 |       200 |   0.00 |
| OLOGIC                      |    0 |     0 |       200 |   0.00 |
+-----------------------------+------+-------+-----------+--------+


6. Clocking
-----------

+------------+------+-------+-----------+-------+
|  Site Type | Used | Fixed | Available | Util% |
+------------+------+-------+-----------+-------+
| BUFGCTRL   |    3 |     0 |        32 |  9.38 |
| BUFIO      |    0 |     0 |        16 |  0.00 |
| MMCME2_ADV |    1 |     0 |         4 | 25.00 |
| PLLE2_ADV  |    0 |     0 |         4 |  0.00 |
| BUFMRCE    |    0 |     0 |         8 |  0.00 |
| BUFHCE     |    0 |     0 |        72 |  0.00 |
| BUFR       |    0 |     0 |        16 |  0.00 |
+------------+------+-------+-----------+-------+


7. Specific Feature
-------------------

+-------------+------+-------+-----------+-------+
|  Site Type  | Used | Fixed | Available | Util% |
+-------------+------+-------+-----------+-------+
| BSCANE2     |    0 |     0 |         4 |  0.00 |
| CAPTUREE2   |    0 |     0 |         1 |  0.00 |
| DNA_PORT    |    0 |     0 |         1 |  0.00 |
| EFUSE_USR   |    0 |     0 |         1 |  0.00 |
| FRAME_ECCE2 |    0 |     0 |         1 |  0.00 |
| ICAPE2      |    0 |     0 |         2 |  0.00 |
| STARTUPE2   |    0 |     0 |         1 |  0.00 |
| XADC        |    0 |     0 |         1 |  0.00 |
+-------------+------+-------+-----------+-------+


8. Primitives
-------------

+------------+-------+----------------------+
|  Ref Name  |  Used |  Functional Category |
+------------+-------+----------------------+
| FDRE       | 23270 |         Flop & Latch |
| LUT3       |  7588 |                  LUT |
| LUT6       |  4628 |                  LUT |
| LUT4       |  3580 |                  LUT |
| LUT5       |  2808 |                  LUT |
| LUT2       |  2291 |                  LUT |
| CARRY4     |  1008 |           CarryLogic |
| RAMD32     |   358 |   Distributed Memory |
| LUT1       |   315 |                  LUT |
| SRL16E     |   313 |   Distributed Memory |
| FDSE       |   268 |         Flop & Latch |
| MUXF7      |   229 |                MuxFx |
| FDCE       |   201 |         Flop & Latch |
| DSP48E1    |   160 |     Block Arithmetic |
| FDPE       |   142 |         Flop & Latch |
| BIBUF      |   130 |                   IO |
| RAMS32     |   118 |   Distributed Memory |
| SRLC32E    |    47 |   Distributed Memory |
| RAMB36E1   |    43 |         Block Memory |
| RAMB18E1   |    38 |         Block Memory |
| BUFG       |     3 |                Clock |
| PS7        |     1 | Specialized Resource |
| MUXF8      |     1 |                MuxFx |
| MMCME2_ADV |     1 |                Clock |
+------------+-------+----------------------+


9. Black Boxes
--------------

+----------+------+
| Ref Name | Used |
+----------+------+


10. Instantiated Netlists
-------------------------

+--------------------------+------+
|         Ref Name         | Used |
+--------------------------+------+
| zed_xlconcat_0_0         |    1 |
| zed_xbar_1               |    1 |
| zed_xbar_0               |    1 |
| zed_sds_irq_const_0      |    1 |
| zed_s02_regslice_0       |    1 |
| zed_s02_data_fifo_0      |    1 |
| zed_s01_regslice_0       |    1 |
| zed_s01_data_fifo_0      |    1 |
| zed_s00_regslice_1       |    1 |
| zed_s00_regslice_0       |    1 |
| zed_s00_data_fifo_1      |    1 |
| zed_s00_data_fifo_0      |    1 |
| zed_ps7_0                |    1 |
| zed_proc_sys_reset_0_0   |    1 |
| zed_m03_regslice_0       |    1 |
| zed_m02_regslice_0       |    1 |
| zed_m01_regslice_0       |    1 |
| zed_m00_regslice_1       |    1 |
| zed_m00_regslice_0       |    1 |
| zed_m00_data_fifo_0      |    1 |
| zed_dm_2_0               |    1 |
| zed_dm_1_0               |    1 |
| zed_dm_0_0               |    1 |
| zed_clk_wiz_0_0          |    1 |
| zed_cal_gemm_1_if_0      |    1 |
| zed_cal_gemm_1_0         |    1 |
| zed_axis_dwc_dm_2_rx_0_0 |    1 |
| zed_axis_dwc_dm_1_tx_0_0 |    1 |
| zed_axis_dwc_dm_0_tx_0_0 |    1 |
| zed_axcache_0xE_0        |    1 |
| zed_auto_pc_1            |    1 |
| zed_auto_pc_0            |    1 |
+--------------------------+------+


