(c) Copyright 2012-2018 Xilinx, Inc. All Rights Reserved.
#-----------------------------------------------------------
# Tool version  : sdscc 2018.2 SW Build 2258646 on Thu Jun 14 20:03:40 MDT 2018
# Start time    : Fri Mar 08 14:10:31 KST 2019
# Command line  : sdscc -sds-pf zed -target-os linux -Wall -O3 -c -I/home/sdsoc/yc_ws/sdx_ws/proj/YOLO-master/libs/sds_utils/ -Wno-unused-label -Wall -Wno-unused-result -Wno-unknown-pragmas -Wfatal-errors -fPIC -DSDSOC -o /home/sdsoc/yc_ws/sdx_ws/proj/YOLO-master/cpp/HGUFPGAConv/HGUConv_0/build/zed_linux_hw/src/convolution.o /home/sdsoc/yc_ws/sdx_ws/proj/YOLO-master/cpp/HGUFPGAConv/HGUConv_0/src/convolution.c -sds-hw cal_gemm kernel.cpp -sds-end
# Log file      : /home/sdsoc/yc_ws/sdx_ws/proj/YOLO-master/cpp/HGUFPGAConv/HGUConv_0/build/zed_linux_hw/_sds/reports/sds_convolution.log
# Journal file  : /home/sdsoc/yc_ws/sdx_ws/proj/YOLO-master/cpp/HGUFPGAConv/HGUConv_0/build/zed_linux_hw/_sds/reports/sds_convolution.jou
# Report file   : /home/sdsoc/yc_ws/sdx_ws/proj/YOLO-master/cpp/HGUFPGAConv/HGUConv_0/build/zed_linux_hw/_sds/reports/sds_convolution.rpt
#-----------------------------------------------------------

Create data motion intermediate representation
/opt/Xilinx/SDx/2018.2/bin/clang_wrapper -I/home/sdsoc/yc_ws/sdx_ws/proj/YOLO-master/libs/sds_utils/ -Wall -Wno-unused-label -Wall -Wno-unused-result -Wno-unknown-pragmas -Wfatal-errors -fPIC -DSDSOC -D __SDSCC__ -target arm-linux-gnueabihf -mcpu=cortex-a9 -mfpu=vfpv3 -mfloat-abi=hard -O0 -g     -I /opt/Xilinx/SDx/2018.2/target/aarch32-linux/include  -D HLS_NO_XIL_FPO_LIB  -I /opt/Xilinx/Vivado/2018.2/include   -I/opt/Xilinx/SDK/2018.2/gnu/aarch32/lin/gcc-arm-linux-gnueabi/lib/gcc/arm-linux-gnueabihf/7.2.1/include -I/opt/Xilinx/SDK/2018.2/gnu/aarch32/lin/gcc-arm-linux-gnueabi/lib/gcc/arm-linux-gnueabihf/7.2.1/include-fixed -I/opt/Xilinx/SDK/2018.2/gnu/aarch32/lin/gcc-arm-linux-gnueabi/arm-linux-gnueabihf/include -I/opt/Xilinx/SDK/2018.2/gnu/aarch32/lin/gcc-arm-linux-gnueabi/arm-linux-gnueabihf/libc/usr/include -emit-llvm -S /home/sdsoc/yc_ws/sdx_ws/proj/YOLO-master/cpp/HGUFPGAConv/HGUConv_0/src/convolution.c -o /home/sdsoc/yc_ws/sdx_ws/proj/YOLO-master/cpp/HGUFPGAConv/HGUConv_0/build/zed_linux_hw/src/convolution.s
/home/sdsoc/yc_ws/sdx_ws/proj/YOLO-master/cpp/HGUFPGAConv/HGUConv_0/src/main.h:7:9: warning: 'SDSOC' macro redefined [-Wmacro-redefined]
#define SDSOC
        ^
<command line>:1:9: note: previous definition is here
#define SDSOC 1
        ^
/home/sdsoc/yc_ws/sdx_ws/proj/YOLO-master/cpp/HGUFPGAConv/HGUConv_0/src/convolution.c:120:9: warning: unused variable 'j' [-Wunused-variable]
        int i, j;
               ^
/home/sdsoc/yc_ws/sdx_ws/proj/YOLO-master/cpp/HGUFPGAConv/HGUConv_0/src/convolution.c:141:6: warning: unused variable 'i' [-Wunused-variable]
        int i, w;
            ^
/home/sdsoc/yc_ws/sdx_ws/proj/YOLO-master/cpp/HGUFPGAConv/HGUConv_0/src/convolution.c:141:9: warning: unused variable 'w' [-Wunused-variable]
        int i, w;
               ^
/home/sdsoc/yc_ws/sdx_ws/proj/YOLO-master/cpp/HGUFPGAConv/HGUConv_0/src/convolution.c:142:6: warning: unused variable 'workload' [-Wunused-variable]
        int workload[6] = {1, 2, 4, 8, 16, 32};
            ^
/home/sdsoc/yc_ws/sdx_ws/proj/YOLO-master/cpp/HGUFPGAConv/HGUConv_0/src/convolution.c:171:2: warning: implicit declaration of function 'set_random_input' is invalid in C99 [-Wimplicit-function-declaration]
        set_random_input(inputs, input_size);
        ^
/home/sdsoc/yc_ws/sdx_ws/proj/YOLO-master/cpp/HGUFPGAConv/HGUConv_0/src/convolution.c:174:2: warning: implicit declaration of function 'copy_input' is invalid in C99 [-Wimplicit-function-declaration]
        copy_input(inputs, X, input_size);
        ^
/home/sdsoc/yc_ws/sdx_ws/proj/YOLO-master/cpp/HGUFPGAConv/HGUConv_0/src/convolution.c:190:9: warning: unused variable 'j' [-Wunused-variable]
        int i, j;
               ^
Compiling /home/sdsoc/yc_ws/sdx_ws/proj/YOLO-master/cpp/HGUFPGAConv/HGUConv_0/src/convolution.c
arm-linux-gnueabihf-gcc -c -I/home/sdsoc/yc_ws/sdx_ws/proj/YOLO-master/libs/sds_utils/ -Wall -O3 -Wno-unused-label -Wall -Wno-unused-result -Wno-unknown-pragmas -Wfatal-errors -fPIC -DSDSOC -D __SDSCC__      -I /opt/Xilinx/SDx/2018.2/target/aarch32-linux/include  -D HLS_NO_XIL_FPO_LIB  -I /opt/Xilinx/Vivado/2018.2/include /home/sdsoc/yc_ws/sdx_ws/proj/YOLO-master/cpp/HGUFPGAConv/HGUConv_0/src/convolution.c -o /home/sdsoc/yc_ws/sdx_ws/proj/YOLO-master/cpp/HGUFPGAConv/HGUConv_0/build/zed_linux_hw/src/convolution.o
                 from /home/sdsoc/yc_ws/sdx_ws/proj/YOLO-master/cpp/HGUFPGAConv/HGUConv_0/src/convolution.c:6:
/home/sdsoc/yc_ws/sdx_ws/proj/YOLO-master/cpp/HGUFPGAConv/HGUConv_0/src/main.h:7:0: warning: "SDSOC" redefined
 #define SDSOC
 
<command-line>:0:0: note: this is the location of the previous definition
/home/sdsoc/yc_ws/sdx_ws/proj/YOLO-master/cpp/HGUFPGAConv/HGUConv_0/src/convolution.c: In function ‘sw_convolutional_layer’:
/home/sdsoc/yc_ws/sdx_ws/proj/YOLO-master/cpp/HGUFPGAConv/HGUConv_0/src/convolution.c:120:9: warning: unused variable ‘j’ [-Wunused-variable]
  int i, j;
         ^
/home/sdsoc/yc_ws/sdx_ws/proj/YOLO-master/cpp/HGUFPGAConv/HGUConv_0/src/convolution.c: In function ‘cal_convolution’:
/home/sdsoc/yc_ws/sdx_ws/proj/YOLO-master/cpp/HGUFPGAConv/HGUConv_0/src/convolution.c:142:6: warning: unused variable ‘workload’ [-Wunused-variable]
  int workload[6] = {1, 2, 4, 8, 16, 32};
      ^~~~~~~~
/home/sdsoc/yc_ws/sdx_ws/proj/YOLO-master/cpp/HGUFPGAConv/HGUConv_0/src/convolution.c:141:9: warning: unused variable ‘w’ [-Wunused-variable]
  int i, w;
         ^
/home/sdsoc/yc_ws/sdx_ws/proj/YOLO-master/cpp/HGUFPGAConv/HGUConv_0/src/convolution.c:141:6: warning: unused variable ‘i’ [-Wunused-variable]
  int i, w;
      ^
/home/sdsoc/yc_ws/sdx_ws/proj/YOLO-master/cpp/HGUFPGAConv/HGUConv_0/src/convolution.c: In function ‘test_convolution’:
/home/sdsoc/yc_ws/sdx_ws/proj/YOLO-master/cpp/HGUFPGAConv/HGUConv_0/src/convolution.c:171:2: warning: implicit declaration of function ‘set_random_input’; did you mean ‘srandom_r’? [-Wimplicit-function-declaration]
  set_random_input(inputs, input_size);
  ^~~~~~~~~~~~~~~~
  srandom_r
/home/sdsoc/yc_ws/sdx_ws/proj/YOLO-master/cpp/HGUFPGAConv/HGUConv_0/src/convolution.c:174:2: warning: implicit declaration of function ‘copy_input’; did you mean ‘copysignl’? [-Wimplicit-function-declaration]
  copy_input(inputs, X, input_size);
  ^~~~~~~~~~
  copysignl
/home/sdsoc/yc_ws/sdx_ws/proj/YOLO-master/cpp/HGUFPGAConv/HGUConv_0/src/convolution.c: In function ‘hw_convolutional_layer’:
/home/sdsoc/yc_ws/sdx_ws/proj/YOLO-master/cpp/HGUFPGAConv/HGUConv_0/src/convolution.c:190:9: warning: unused variable ‘j’ [-Wunused-variable]
  int i, j;
         ^
arm-linux-gnueabihf-objcopy --add-section .xdsdata=/home/sdsoc/yc_ws/sdx_ws/proj/YOLO-master/cpp/HGUFPGAConv/HGUConv_0/build/zed_linux_hw/_sds/swstubs/convolution.o.xml /home/sdsoc/yc_ws/sdx_ws/proj/YOLO-master/cpp/HGUFPGAConv/HGUConv_0/build/zed_linux_hw/src/convolution.o
sdscc log file saved as /home/sdsoc/yc_ws/sdx_ws/proj/YOLO-master/cpp/HGUFPGAConv/HGUConv_0/build/zed_linux_hw/_sds/reports/sds_convolution.log
sdscc completed at Fri Mar 08 14:10:32 KST 2019
