(c) Copyright 2012-2018 Xilinx, Inc. All Rights Reserved.
#-----------------------------------------------------------
# Tool version  : sds++ 2018.2 SW Build 2258646 on Thu Jun 14 20:03:40 MDT 2018
# Start time    : Fri Mar 08 14:10:05 KST 2019
# Command line  : sds++ -sds-pf zed -target-os linux -Wall -O3 -c -I/home/sdsoc/yc_ws/sdx_ws/proj/YOLO-master/libs/sds_utils/ -Wno-unused-label -Wall -Wno-unused-result -Wno-unknown-pragmas -Wfatal-errors -fPIC -DSDSOC -o /home/sdsoc/yc_ws/sdx_ws/proj/YOLO-master/cpp/HGUFPGAConv/HGUConv_0/build/zed_linux_hw/src/kernel.o /home/sdsoc/yc_ws/sdx_ws/proj/YOLO-master/cpp/HGUFPGAConv/HGUConv_0/src/kernel.cpp -sds-hw cal_gemm kernel.cpp -sds-end
# Log file      : /home/sdsoc/yc_ws/sdx_ws/proj/YOLO-master/cpp/HGUFPGAConv/HGUConv_0/build/zed_linux_hw/_sds/reports/sds_kernel.log
# Journal file  : /home/sdsoc/yc_ws/sdx_ws/proj/YOLO-master/cpp/HGUFPGAConv/HGUConv_0/build/zed_linux_hw/_sds/reports/sds_kernel.jou
# Report file   : /home/sdsoc/yc_ws/sdx_ws/proj/YOLO-master/cpp/HGUFPGAConv/HGUConv_0/build/zed_linux_hw/_sds/reports/sds_kernel.rpt
#-----------------------------------------------------------

High-Level Synthesis
--------------------

  Vivado HLS Report : /home/sdsoc/yc_ws/sdx_ws/proj/YOLO-master/cpp/HGUFPGAConv/HGUConv_0/build/zed_linux_hw/_sds/vhls/cal_gemm/solution/syn/report/cal_gemm_csynth.rpt



================================================================
== Performance Estimates
================================================================
+ Timing (ns): 
    * Summary: 
    +--------+-------+----------+------------+
    |  Clock | Target| Estimated| Uncertainty|
    +--------+-------+----------+------------+
    |ap_clk  |  10.00|     7.268|        2.70|
    +--------+-------+----------+------------+

+ Latency (clock cycles): 
    * Summary: 
    +-------+-------+-------+-------+---------+
    |    Latency    |    Interval   | Pipeline|
    |  min  |  max  |  min  |  max  |   Type  |
    +-------+-------+-------+-------+---------+
    |  34375|  34375|  34375|  34375|   none  |
    +-------+-------+-------+-------+---------+

    + Detail: 
        * Instance: 
        +------------------------+-------------+-------+-------+-------+-------+----------+
        |                        |             |    Latency    |    Interval   | Pipeline |
        |        Instance        |    Module   |  min  |  max  |  min  |  max  |   Type   |
        +------------------------+-------------+-------+-------+-------+-------+----------+
        |grp_stream_cal_fu_288   |stream_cal   |  24349|  24349|  24349|  24349| dataflow |
        |grp_write_out_fu_358    |write_out    |   5411|   5411|   5411|   5411|   none   |
        |grp_cal_initial_fu_396  |cal_initial  |   4610|   4610|   4611|   4611| dataflow |
        +------------------------+-------------+-------+-------+-------+-------+----------+

        * Loop: 
        N/A



================================================================
== Utilization Estimates
================================================================
* Summary: 
+-----------------+---------+-------+--------+-------+
|       Name      | BRAM_18K| DSP48E|   FF   |  LUT  |
+-----------------+---------+-------+--------+-------+
|DSP              |        -|      -|       -|      -|
|Expression       |        -|      -|       0|      8|
|FIFO             |        -|      -|       -|      -|
|Instance         |        2|    160|   18026|  24977|
|Memory           |       96|      -|       0|      0|
|Multiplexer      |        -|      -|       -|   3521|
|Register         |        -|      -|      13|      -|
+-----------------+---------+-------+--------+-------+
|Total            |       98|    160|   18039|  28506|
+-----------------+---------+-------+--------+-------+
|Available        |      280|    220|  106400|  53200|
+-----------------+---------+-------+--------+-------+
|Utilization (%)  |       35|     72|      16|     53|
+-----------------+---------+-------+--------+-------+

+ Detail: 
    * Instance: 
    +------------------------+-------------+---------+-------+-------+-------+
    |        Instance        |    Module   | BRAM_18K| DSP48E|   FF  |  LUT  |
    +------------------------+-------------+---------+-------+-------+-------+
    |grp_cal_initial_fu_396  |cal_initial  |        0|      0|     65|    258|
    |grp_stream_cal_fu_288   |stream_cal   |        2|    160|  17844|  24278|
    |grp_write_out_fu_358    |write_out    |        0|      0|    117|    441|
    +------------------------+-------------+---------+-------+-------+-------+
    |Total                   |             |        2|    160|  18026|  24977|
    +------------------------+-------------+---------+-------+-------+-------+

    * DSP48: 
    N/A

    * Memory: 
    +-----------+-----------------+---------+---+----+------+-----+------+-------------+
    |   Memory  |      Module     | BRAM_18K| FF| LUT| Words| Bits| Banks| W*Bits*Banks|
    +-----------+-----------------+---------+---+----+------+-----+------+-------------+
    |la_0_U     |cal_gemm_la_0    |        1|  0|   0|   144|   32|     1|         4608|
    |la_1_U     |cal_gemm_la_0    |        1|  0|   0|   144|   32|     1|         4608|
    |la_2_U     |cal_gemm_la_0    |        1|  0|   0|   144|   32|     1|         4608|
    |la_3_U     |cal_gemm_la_0    |        1|  0|   0|   144|   32|     1|         4608|
    |la_4_U     |cal_gemm_la_0    |        1|  0|   0|   144|   32|     1|         4608|
    |la_5_U     |cal_gemm_la_0    |        1|  0|   0|   144|   32|     1|         4608|
    |la_6_U     |cal_gemm_la_0    |        1|  0|   0|   144|   32|     1|         4608|
    |la_7_U     |cal_gemm_la_0    |        1|  0|   0|   144|   32|     1|         4608|
    |la_8_U     |cal_gemm_la_0    |        1|  0|   0|   144|   32|     1|         4608|
    |la_9_U     |cal_gemm_la_0    |        1|  0|   0|   144|   32|     1|         4608|
    |la_10_U    |cal_gemm_la_0    |        1|  0|   0|   144|   32|     1|         4608|
    |la_11_U    |cal_gemm_la_0    |        1|  0|   0|   144|   32|     1|         4608|
    |la_12_U    |cal_gemm_la_0    |        1|  0|   0|   144|   32|     1|         4608|
    |la_13_U    |cal_gemm_la_0    |        1|  0|   0|   144|   32|     1|         4608|
    |la_14_U    |cal_gemm_la_0    |        1|  0|   0|   144|   32|     1|         4608|
    |la_15_U    |cal_gemm_la_0    |        1|  0|   0|   144|   32|     1|         4608|
    |la_16_U    |cal_gemm_la_0    |        1|  0|   0|   144|   32|     1|         4608|
    |la_17_U    |cal_gemm_la_0    |        1|  0|   0|   144|   32|     1|         4608|
    |la_18_U    |cal_gemm_la_0    |        1|  0|   0|   144|   32|     1|         4608|
    |la_19_U    |cal_gemm_la_0    |        1|  0|   0|   144|   32|     1|         4608|
    |la_20_U    |cal_gemm_la_0    |        1|  0|   0|   144|   32|     1|         4608|
    |la_21_U    |cal_gemm_la_0    |        1|  0|   0|   144|   32|     1|         4608|
    |la_22_U    |cal_gemm_la_0    |        1|  0|   0|   144|   32|     1|         4608|
    |la_23_U    |cal_gemm_la_0    |        1|  0|   0|   144|   32|     1|         4608|
    |la_24_U    |cal_gemm_la_0    |        1|  0|   0|   144|   32|     1|         4608|
    |la_25_U    |cal_gemm_la_0    |        1|  0|   0|   144|   32|     1|         4608|
    |la_26_U    |cal_gemm_la_0    |        1|  0|   0|   144|   32|     1|         4608|
    |la_27_U    |cal_gemm_la_0    |        1|  0|   0|   144|   32|     1|         4608|
    |la_28_U    |cal_gemm_la_0    |        1|  0|   0|   144|   32|     1|         4608|
    |la_29_U    |cal_gemm_la_0    |        1|  0|   0|   144|   32|     1|         4608|
    |la_30_U    |cal_gemm_la_0    |        1|  0|   0|   144|   32|     1|         4608|
    |la_31_U    |cal_gemm_la_0    |        1|  0|   0|   144|   32|     1|         4608|
    |lout_0_U   |cal_gemm_lout_0  |        2|  0|   0|   169|   32|     1|         5408|
    |lout_1_U   |cal_gemm_lout_0  |        2|  0|   0|   169|   32|     1|         5408|
    |lout_2_U   |cal_gemm_lout_0  |        2|  0|   0|   169|   32|     1|         5408|
    |lout_3_U   |cal_gemm_lout_0  |        2|  0|   0|   169|   32|     1|         5408|
    |lout_4_U   |cal_gemm_lout_0  |        2|  0|   0|   169|   32|     1|         5408|
    |lout_5_U   |cal_gemm_lout_0  |        2|  0|   0|   169|   32|     1|         5408|
    |lout_6_U   |cal_gemm_lout_0  |        2|  0|   0|   169|   32|     1|         5408|
    |lout_7_U   |cal_gemm_lout_0  |        2|  0|   0|   169|   32|     1|         5408|
    |lout_8_U   |cal_gemm_lout_0  |        2|  0|   0|   169|   32|     1|         5408|
    |lout_9_U   |cal_gemm_lout_0  |        2|  0|   0|   169|   32|     1|         5408|
    |lout_10_U  |cal_gemm_lout_0  |        2|  0|   0|   169|   32|     1|         5408|
    |lout_11_U  |cal_gemm_lout_0  |        2|  0|   0|   169|   32|     1|         5408|
    |lout_12_U  |cal_gemm_lout_0  |        2|  0|   0|   169|   32|     1|         5408|
    |lout_13_U  |cal_gemm_lout_0  |        2|  0|   0|   169|   32|     1|         5408|
    |lout_14_U  |cal_gemm_lout_0  |        2|  0|   0|   169|   32|     1|         5408|
    |lout_15_U  |cal_gemm_lout_0  |        2|  0|   0|   169|   32|     1|         5408|
    |lout_16_U  |cal_gemm_lout_0  |        2|  0|   0|   169|   32|     1|         5408|
    |lout_17_U  |cal_gemm_lout_0  |        2|  0|   0|   169|   32|     1|         5408|
    |lout_18_U  |cal_gemm_lout_0  |        2|  0|   0|   169|   32|     1|         5408|
    |lout_19_U  |cal_gemm_lout_0  |        2|  0|   0|   169|   32|     1|         5408|
    |lout_20_U  |cal_gemm_lout_0  |        2|  0|   0|   169|   32|     1|         5408|
    |lout_21_U  |cal_gemm_lout_0  |        2|  0|   0|   169|   32|     1|         5408|
    |lout_22_U  |cal_gemm_lout_0  |        2|  0|   0|   169|   32|     1|         5408|
    |lout_23_U  |cal_gemm_lout_0  |        2|  0|   0|   169|   32|     1|         5408|
    |lout_24_U  |cal_gemm_lout_0  |        2|  0|   0|   169|   32|     1|         5408|
    |lout_25_U  |cal_gemm_lout_0  |        2|  0|   0|   169|   32|     1|         5408|
    |lout_26_U  |cal_gemm_lout_0  |        2|  0|   0|   169|   32|     1|         5408|
    |lout_27_U  |cal_gemm_lout_0  |        2|  0|   0|   169|   32|     1|         5408|
    |lout_28_U  |cal_gemm_lout_0  |        2|  0|   0|   169|   32|     1|         5408|
    |lout_29_U  |cal_gemm_lout_0  |        2|  0|   0|   169|   32|     1|         5408|
    |lout_30_U  |cal_gemm_lout_0  |        2|  0|   0|   169|   32|     1|         5408|
    |lout_31_U  |cal_gemm_lout_0  |        2|  0|   0|   169|   32|     1|         5408|
    +-----------+-----------------+---------+---+----+------+-----+------+-------------+
    |Total      |                 |       96|  0|   0| 10016| 2048|    64|       320512|
    +-----------+-----------------+---------+---+----+------+-----+------+-------------+

    * FIFO: 
    N/A

    * Expression: 
    +-----------------------------------------+----------+-------+---+----+------------+------------+
    |              Variable Name              | Operation| DSP48E| FF| LUT| Bitwidth P0| Bitwidth P1|
    +-----------------------------------------+----------+-------+---+----+------------+------------+
    |ap_sync_grp_cal_initial_fu_396_ap_done   |    or    |      0|  0|   2|           1|           1|
    |ap_sync_grp_cal_initial_fu_396_ap_ready  |    or    |      0|  0|   2|           1|           1|
    |ap_sync_grp_stream_cal_fu_288_ap_done    |    or    |      0|  0|   2|           1|           1|
    |ap_sync_grp_stream_cal_fu_288_ap_ready   |    or    |      0|  0|   2|           1|           1|
    +-----------------------------------------+----------+-------+---+----+------------+------------+
    |Total                                    |          |      0|  0|   8|           4|           4|
    +-----------------------------------------+----------+-------+---+----+------------+------------+

    * Multiplexer: 
    +------------------+----+-----------+-----+-----------+
    |       Name       | LUT| Input Size| Bits| Total Bits|
    +------------------+----+-----------+-----+-----------+
    |A_read            |   9|          2|    1|          2|
    |B_read            |   9|          2|    1|          2|
    |C_write           |   9|          2|    1|          2|
    |ap_NS_fsm         |  38|          7|    1|          7|
    |la_0_address0     |  15|          3|    8|         24|
    |la_0_ce0          |  15|          3|    1|          3|
    |la_0_we0          |   9|          2|    1|          2|
    |la_10_address0    |  15|          3|    8|         24|
    |la_10_ce0         |  15|          3|    1|          3|
    |la_10_we0         |   9|          2|    1|          2|
    |la_11_address0    |  15|          3|    8|         24|
    |la_11_ce0         |  15|          3|    1|          3|
    |la_11_we0         |   9|          2|    1|          2|
    |la_12_address0    |  15|          3|    8|         24|
    |la_12_ce0         |  15|          3|    1|          3|
    |la_12_we0         |   9|          2|    1|          2|
    |la_13_address0    |  15|          3|    8|         24|
    |la_13_ce0         |  15|          3|    1|          3|
    |la_13_we0         |   9|          2|    1|          2|
    |la_14_address0    |  15|          3|    8|         24|
    |la_14_ce0         |  15|          3|    1|          3|
    |la_14_we0         |   9|          2|    1|          2|
    |la_15_address0    |  15|          3|    8|         24|
    |la_15_ce0         |  15|          3|    1|          3|
    |la_15_we0         |   9|          2|    1|          2|
    |la_16_address0    |  15|          3|    8|         24|
    |la_16_ce0         |  15|          3|    1|          3|
    |la_16_we0         |   9|          2|    1|          2|
    |la_17_address0    |  15|          3|    8|         24|
    |la_17_ce0         |  15|          3|    1|          3|
    |la_17_we0         |   9|          2|    1|          2|
    |la_18_address0    |  15|          3|    8|         24|
    |la_18_ce0         |  15|          3|    1|          3|
    |la_18_we0         |   9|          2|    1|          2|
    |la_19_address0    |  15|          3|    8|         24|
    |la_19_ce0         |  15|          3|    1|          3|
    |la_19_we0         |   9|          2|    1|          2|
    |la_1_address0     |  15|          3|    8|         24|
    |la_1_ce0          |  15|          3|    1|          3|
    |la_1_we0          |   9|          2|    1|          2|
    |la_20_address0    |  15|          3|    8|         24|
    |la_20_ce0         |  15|          3|    1|          3|
    |la_20_we0         |   9|          2|    1|          2|
    |la_21_address0    |  15|          3|    8|         24|
    |la_21_ce0         |  15|          3|    1|          3|
    |la_21_we0         |   9|          2|    1|          2|
    |la_22_address0    |  15|          3|    8|         24|
    |la_22_ce0         |  15|          3|    1|          3|
    |la_22_we0         |   9|          2|    1|          2|
    |la_23_address0    |  15|          3|    8|         24|
    |la_23_ce0         |  15|          3|    1|          3|
    |la_23_we0         |   9|          2|    1|          2|
    |la_24_address0    |  15|          3|    8|         24|
    |la_24_ce0         |  15|          3|    1|          3|
    |la_24_we0         |   9|          2|    1|          2|
    |la_25_address0    |  15|          3|    8|         24|
    |la_25_ce0         |  15|          3|    1|          3|
    |la_25_we0         |   9|          2|    1|          2|
    |la_26_address0    |  15|          3|    8|         24|
    |la_26_ce0         |  15|          3|    1|          3|
    |la_26_we0         |   9|          2|    1|          2|
    |la_27_address0    |  15|          3|    8|         24|
    |la_27_ce0         |  15|          3|    1|          3|
    |la_27_we0         |   9|          2|    1|          2|
    |la_28_address0    |  15|          3|    8|         24|
    |la_28_ce0         |  15|          3|    1|          3|
    |la_28_we0         |   9|          2|    1|          2|
    |la_29_address0    |  15|          3|    8|         24|
    |la_29_ce0         |  15|          3|    1|          3|
    |la_29_we0         |   9|          2|    1|          2|
    |la_2_address0     |  15|          3|    8|         24|
    |la_2_ce0          |  15|          3|    1|          3|
    |la_2_we0          |   9|          2|    1|          2|
    |la_30_address0    |  15|          3|    8|         24|
    |la_30_ce0         |  15|          3|    1|          3|
    |la_30_we0         |   9|          2|    1|          2|
    |la_31_address0    |  15|          3|    8|         24|
    |la_31_ce0         |  15|          3|    1|          3|
    |la_31_we0         |   9|          2|    1|          2|
    |la_3_address0     |  15|          3|    8|         24|
    |la_3_ce0          |  15|          3|    1|          3|
    |la_3_we0          |   9|          2|    1|          2|
    |la_4_address0     |  15|          3|    8|         24|
    |la_4_ce0          |  15|          3|    1|          3|
    |la_4_we0          |   9|          2|    1|          2|
    |la_5_address0     |  15|          3|    8|         24|
    |la_5_ce0          |  15|          3|    1|          3|
    |la_5_we0          |   9|          2|    1|          2|
    |la_6_address0     |  15|          3|    8|         24|
    |la_6_ce0          |  15|          3|    1|          3|
    |la_6_we0          |   9|          2|    1|          2|
    |la_7_address0     |  15|          3|    8|         24|
    |la_7_ce0          |  15|          3|    1|          3|
    |la_7_we0          |   9|          2|    1|          2|
    |la_8_address0     |  15|          3|    8|         24|
    |la_8_ce0          |  15|          3|    1|          3|
    |la_8_we0          |   9|          2|    1|          2|
    |la_9_address0     |  15|          3|    8|         24|
    |la_9_ce0          |  15|          3|    1|          3|
    |la_9_we0          |   9|          2|    1|          2|
    |lout_0_address0   |  21|          4|    8|         32|
    |lout_0_ce0        |  21|          4|    1|          4|
    |lout_0_ce1        |   9|          2|    1|          2|
    |lout_0_we0        |   9|          2|    1|          2|
    |lout_0_we1        |   9|          2|    1|          2|
    |lout_10_address0  |  21|          4|    8|         32|
    |lout_10_ce0       |  21|          4|    1|          4|
    |lout_10_ce1       |   9|          2|    1|          2|
    |lout_10_we0       |   9|          2|    1|          2|
    |lout_10_we1       |   9|          2|    1|          2|
    |lout_11_address0  |  21|          4|    8|         32|
    |lout_11_ce0       |  21|          4|    1|          4|
    |lout_11_ce1       |   9|          2|    1|          2|
    |lout_11_we0       |   9|          2|    1|          2|
    |lout_11_we1       |   9|          2|    1|          2|
    |lout_12_address0  |  21|          4|    8|         32|
    |lout_12_ce0       |  21|          4|    1|          4|
    |lout_12_ce1       |   9|          2|    1|          2|
    |lout_12_we0       |   9|          2|    1|          2|
    |lout_12_we1       |   9|          2|    1|          2|
    |lout_13_address0  |  21|          4|    8|         32|
    |lout_13_ce0       |  21|          4|    1|          4|
    |lout_13_ce1       |   9|          2|    1|          2|
    |lout_13_we0       |   9|          2|    1|          2|
    |lout_13_we1       |   9|          2|    1|          2|
    |lout_14_address0  |  21|          4|    8|         32|
    |lout_14_ce0       |  21|          4|    1|          4|
    |lout_14_ce1       |   9|          2|    1|          2|
    |lout_14_we0       |   9|          2|    1|          2|
    |lout_14_we1       |   9|          2|    1|          2|
    |lout_15_address0  |  21|          4|    8|         32|
    |lout_15_ce0       |  21|          4|    1|          4|
    |lout_15_ce1       |   9|          2|    1|          2|
    |lout_15_we0       |   9|          2|    1|          2|
    |lout_15_we1       |   9|          2|    1|          2|
    |lout_16_address0  |  21|          4|    8|         32|
    |lout_16_ce0       |  21|          4|    1|          4|
    |lout_16_ce1       |   9|          2|    1|          2|
    |lout_16_we0       |   9|          2|    1|          2|
    |lout_16_we1       |   9|          2|    1|          2|
    |lout_17_address0  |  21|          4|    8|         32|
    |lout_17_ce0       |  21|          4|    1|          4|
    |lout_17_ce1       |   9|          2|    1|          2|
    |lout_17_we0       |   9|          2|    1|          2|
    |lout_17_we1       |   9|          2|    1|          2|
    |lout_18_address0  |  21|          4|    8|         32|
    |lout_18_ce0       |  21|          4|    1|          4|
    |lout_18_ce1       |   9|          2|    1|          2|
    |lout_18_we0       |   9|          2|    1|          2|
    |lout_18_we1       |   9|          2|    1|          2|
    |lout_19_address0  |  21|          4|    8|         32|
    |lout_19_ce0       |  21|          4|    1|          4|
    |lout_19_ce1       |   9|          2|    1|          2|
    |lout_19_we0       |   9|          2|    1|          2|
    |lout_19_we1       |   9|          2|    1|          2|
    |lout_1_address0   |  21|          4|    8|         32|
    |lout_1_ce0        |  21|          4|    1|          4|
    |lout_1_ce1        |   9|          2|    1|          2|
    |lout_1_we0        |   9|          2|    1|          2|
    |lout_1_we1        |   9|          2|    1|          2|
    |lout_20_address0  |  21|          4|    8|         32|
    |lout_20_ce0       |  21|          4|    1|          4|
    |lout_20_ce1       |   9|          2|    1|          2|
    |lout_20_we0       |   9|          2|    1|          2|
    |lout_20_we1       |   9|          2|    1|          2|
    |lout_21_address0  |  21|          4|    8|         32|
    |lout_21_ce0       |  21|          4|    1|          4|
    |lout_21_ce1       |   9|          2|    1|          2|
    |lout_21_we0       |   9|          2|    1|          2|
    |lout_21_we1       |   9|          2|    1|          2|
    |lout_22_address0  |  21|          4|    8|         32|
    |lout_22_ce0       |  21|          4|    1|          4|
    |lout_22_ce1       |   9|          2|    1|          2|
    |lout_22_we0       |   9|          2|    1|          2|
    |lout_22_we1       |   9|          2|    1|          2|
    |lout_23_address0  |  21|          4|    8|         32|
    |lout_23_ce0       |  21|          4|    1|          4|
    |lout_23_ce1       |   9|          2|    1|          2|
    |lout_23_we0       |   9|          2|    1|          2|
    |lout_23_we1       |   9|          2|    1|          2|
    |lout_24_address0  |  21|          4|    8|         32|
    |lout_24_ce0       |  21|          4|    1|          4|
    |lout_24_ce1       |   9|          2|    1|          2|
    |lout_24_we0       |   9|          2|    1|          2|
    |lout_24_we1       |   9|          2|    1|          2|
    |lout_25_address0  |  21|          4|    8|         32|
    |lout_25_ce0       |  21|          4|    1|          4|
    |lout_25_ce1       |   9|          2|    1|          2|
    |lout_25_we0       |   9|          2|    1|          2|
    |lout_25_we1       |   9|          2|    1|          2|
    |lout_26_address0  |  21|          4|    8|         32|
    |lout_26_ce0       |  21|          4|    1|          4|
    |lout_26_ce1       |   9|          2|    1|          2|
    |lout_26_we0       |   9|          2|    1|          2|
    |lout_26_we1       |   9|          2|    1|          2|
    |lout_27_address0  |  21|          4|    8|         32|
    |lout_27_ce0       |  21|          4|    1|          4|
    |lout_27_ce1       |   9|          2|    1|          2|
    |lout_27_we0       |   9|          2|    1|          2|
    |lout_27_we1       |   9|          2|    1|          2|
    |lout_28_address0  |  21|          4|    8|         32|
    |lout_28_ce0       |  21|          4|    1|          4|
    |lout_28_ce1       |   9|          2|    1|          2|
    |lout_28_we0       |   9|          2|    1|          2|
    |lout_28_we1       |   9|          2|    1|          2|
    |lout_29_address0  |  21|          4|    8|         32|
    |lout_29_ce0       |  21|          4|    1|          4|
    |lout_29_ce1       |   9|          2|    1|          2|
    |lout_29_we0       |   9|          2|    1|          2|
    |lout_29_we1       |   9|          2|    1|          2|
    |lout_2_address0   |  21|          4|    8|         32|
    |lout_2_ce0        |  21|          4|    1|          4|
    |lout_2_ce1        |   9|          2|    1|          2|
    |lout_2_we0        |   9|          2|    1|          2|
    |lout_2_we1        |   9|          2|    1|          2|
    |lout_30_address0  |  21|          4|    8|         32|
    |lout_30_ce0       |  21|          4|    1|          4|
    |lout_30_ce1       |   9|          2|    1|          2|
    |lout_30_we0       |   9|          2|    1|          2|
    |lout_30_we1       |   9|          2|    1|          2|
    |lout_31_address0  |  21|          4|    8|         32|
    |lout_31_ce0       |  21|          4|    1|          4|
    |lout_31_ce1       |   9|          2|    1|          2|
    |lout_31_we0       |   9|          2|    1|          2|
    |lout_31_we1       |   9|          2|    1|          2|
    |lout_3_address0   |  21|          4|    8|         32|
    |lout_3_ce0        |  21|          4|    1|          4|
    |lout_3_ce1        |   9|          2|    1|          2|
    |lout_3_we0        |   9|          2|    1|          2|
    |lout_3_we1        |   9|          2|    1|          2|
    |lout_4_address0   |  21|          4|    8|         32|
    |lout_4_ce0        |  21|          4|    1|          4|
    |lout_4_ce1        |   9|          2|    1|          2|
    |lout_4_we0        |   9|          2|    1|          2|
    |lout_4_we1        |   9|          2|    1|          2|
    |lout_5_address0   |  21|          4|    8|         32|
    |lout_5_ce0        |  21|          4|    1|          4|
    |lout_5_ce1        |   9|          2|    1|          2|
    |lout_5_we0        |   9|          2|    1|          2|
    |lout_5_we1        |   9|          2|    1|          2|
    |lout_6_address0   |  21|          4|    8|         32|
    |lout_6_ce0        |  21|          4|    1|          4|
    |lout_6_ce1        |   9|          2|    1|          2|
    |lout_6_we0        |   9|          2|    1|          2|
    |lout_6_we1        |   9|          2|    1|          2|
    |lout_7_address0   |  21|          4|    8|         32|
    |lout_7_ce0        |  21|          4|    1|          4|
    |lout_7_ce1        |   9|          2|    1|          2|
    |lout_7_we0        |   9|          2|    1|          2|
    |lout_7_we1        |   9|          2|    1|          2|
    |lout_8_address0   |  21|          4|    8|         32|
    |lout_8_ce0        |  21|          4|    1|          4|
    |lout_8_ce1        |   9|          2|    1|          2|
    |lout_8_we0        |   9|          2|    1|          2|
    |lout_8_we1        |   9|          2|    1|          2|
    |lout_9_address0   |  21|          4|    8|         32|
    |lout_9_ce0        |  21|          4|    1|          4|
    |lout_9_ce1        |   9|          2|    1|          2|
    |lout_9_we0        |   9|          2|    1|          2|
    |lout_9_we1        |   9|          2|    1|          2|
    +------------------+----+-----------+-----+-----------+
    |Total             |3521|        717|  708|       2285|
    +------------------+----+-----------+-----+-----------+

    * Register: 
    +---------------------------------------------+---+----+-----+-----------+
    |                     Name                    | FF| LUT| Bits| Const Bits|
    +---------------------------------------------+---+----+-----+-----------+
    |ap_CS_fsm                                    |  6|   0|    6|          0|
    |ap_sync_reg_grp_cal_initial_fu_396_ap_done   |  1|   0|    1|          0|
    |ap_sync_reg_grp_cal_initial_fu_396_ap_ready  |  1|   0|    1|          0|
    |ap_sync_reg_grp_stream_cal_fu_288_ap_done    |  1|   0|    1|          0|
    |ap_sync_reg_grp_stream_cal_fu_288_ap_ready   |  1|   0|    1|          0|
    |grp_cal_initial_fu_396_ap_start_reg          |  1|   0|    1|          0|
    |grp_stream_cal_fu_288_ap_start_reg           |  1|   0|    1|          0|
    |grp_write_out_fu_358_ap_start_reg            |  1|   0|    1|          0|
    +---------------------------------------------+---+----+-----+-----------+
    |Total                                        | 13|   0|   13|          0|
    +---------------------------------------------+---+----+-----+-----------+



================================================================
== Interface
================================================================
* Summary: 
+-----------+-----+-----+------------+--------------+--------------+
| RTL Ports | Dir | Bits|  Protocol  | Source Object|    C Type    |
+-----------+-----+-----+------------+--------------+--------------+
|ap_clk     |  in |    1| ap_ctrl_hs |   cal_gemm   | return value |
|ap_rst_n   |  in |    1| ap_ctrl_hs |   cal_gemm   | return value |
|ap_start   |  in |    1| ap_ctrl_hs |   cal_gemm   | return value |
|ap_done    | out |    1| ap_ctrl_hs |   cal_gemm   | return value |
|ap_idle    | out |    1| ap_ctrl_hs |   cal_gemm   | return value |
|ap_ready   | out |    1| ap_ctrl_hs |   cal_gemm   | return value |
|A_dout     |  in |   32|   ap_fifo  |       A      |    pointer   |
|A_empty_n  |  in |    1|   ap_fifo  |       A      |    pointer   |
|A_read     | out |    1|   ap_fifo  |       A      |    pointer   |
|B_dout     |  in |   32|   ap_fifo  |       B      |    pointer   |
|B_empty_n  |  in |    1|   ap_fifo  |       B      |    pointer   |
|B_read     | out |    1|   ap_fifo  |       B      |    pointer   |
|C_din      | out |   32|   ap_fifo  |       C      |    pointer   |
|C_full_n   |  in |    1|   ap_fifo  |       C      |    pointer   |
|C_write    | out |    1|   ap_fifo  |       C      |    pointer   |
+-----------+-----+-----+------------+--------------+--------------+

