(c) Copyright 2012-2018 Xilinx, Inc. All Rights Reserved.
#-----------------------------------------------------------
# Tool version  : sdscc 2018.2 SW Build 2258646 on Thu Jun 14 20:03:40 MDT 2018
# Start time    : Fri Mar 08 14:10:36 KST 2019
# Command line  : sdscc -sds-pf zed -target-os linux -Wall -O3 -c -I/home/sdsoc/yc_ws/sdx_ws/proj/YOLO-master/libs/sds_utils/ -Wno-unused-label -Wall -Wno-unused-result -Wno-unknown-pragmas -Wfatal-errors -fPIC -DSDSOC -o /home/sdsoc/yc_ws/sdx_ws/proj/YOLO-master/cpp/HGUFPGAConv/HGUConv_0/build/zed_linux_hw/src/layer.o /home/sdsoc/yc_ws/sdx_ws/proj/YOLO-master/cpp/HGUFPGAConv/HGUConv_0/src/layer.c -sds-hw cal_gemm kernel.cpp -sds-end
# Log file      : /home/sdsoc/yc_ws/sdx_ws/proj/YOLO-master/cpp/HGUFPGAConv/HGUConv_0/build/zed_linux_hw/_sds/reports/sds_layer.log
# Journal file  : /home/sdsoc/yc_ws/sdx_ws/proj/YOLO-master/cpp/HGUFPGAConv/HGUConv_0/build/zed_linux_hw/_sds/reports/sds_layer.jou
# Report file   : /home/sdsoc/yc_ws/sdx_ws/proj/YOLO-master/cpp/HGUFPGAConv/HGUConv_0/build/zed_linux_hw/_sds/reports/sds_layer.rpt
#-----------------------------------------------------------

Create data motion intermediate representation
/opt/Xilinx/SDx/2018.2/bin/clang_wrapper -I/home/sdsoc/yc_ws/sdx_ws/proj/YOLO-master/libs/sds_utils/ -Wall -Wno-unused-label -Wall -Wno-unused-result -Wno-unknown-pragmas -Wfatal-errors -fPIC -DSDSOC -D __SDSCC__ -target arm-linux-gnueabihf -mcpu=cortex-a9 -mfpu=vfpv3 -mfloat-abi=hard -O0 -g     -I /opt/Xilinx/SDx/2018.2/target/aarch32-linux/include  -D HLS_NO_XIL_FPO_LIB  -I /opt/Xilinx/Vivado/2018.2/include   -I/opt/Xilinx/SDK/2018.2/gnu/aarch32/lin/gcc-arm-linux-gnueabi/lib/gcc/arm-linux-gnueabihf/7.2.1/include -I/opt/Xilinx/SDK/2018.2/gnu/aarch32/lin/gcc-arm-linux-gnueabi/lib/gcc/arm-linux-gnueabihf/7.2.1/include-fixed -I/opt/Xilinx/SDK/2018.2/gnu/aarch32/lin/gcc-arm-linux-gnueabi/arm-linux-gnueabihf/include -I/opt/Xilinx/SDK/2018.2/gnu/aarch32/lin/gcc-arm-linux-gnueabi/arm-linux-gnueabihf/libc/usr/include -emit-llvm -S /home/sdsoc/yc_ws/sdx_ws/proj/YOLO-master/cpp/HGUFPGAConv/HGUConv_0/src/layer.c -o /home/sdsoc/yc_ws/sdx_ws/proj/YOLO-master/cpp/HGUFPGAConv/HGUConv_0/build/zed_linux_hw/src/layer.s
/home/sdsoc/yc_ws/sdx_ws/proj/YOLO-master/cpp/HGUFPGAConv/HGUConv_0/src/main.h:7:9: warning: 'SDSOC' macro redefined [-Wmacro-redefined]
#define SDSOC
        ^
<command line>:1:9: note: previous definition is here
#define SDSOC 1
        ^
Compiling /home/sdsoc/yc_ws/sdx_ws/proj/YOLO-master/cpp/HGUFPGAConv/HGUConv_0/src/layer.c
arm-linux-gnueabihf-gcc -c -I/home/sdsoc/yc_ws/sdx_ws/proj/YOLO-master/libs/sds_utils/ -Wall -O3 -Wno-unused-label -Wall -Wno-unused-result -Wno-unknown-pragmas -Wfatal-errors -fPIC -DSDSOC -D __SDSCC__      -I /opt/Xilinx/SDx/2018.2/target/aarch32-linux/include  -D HLS_NO_XIL_FPO_LIB  -I /opt/Xilinx/Vivado/2018.2/include /home/sdsoc/yc_ws/sdx_ws/proj/YOLO-master/cpp/HGUFPGAConv/HGUConv_0/src/layer.c -o /home/sdsoc/yc_ws/sdx_ws/proj/YOLO-master/cpp/HGUFPGAConv/HGUConv_0/build/zed_linux_hw/src/layer.o
                 from /home/sdsoc/yc_ws/sdx_ws/proj/YOLO-master/cpp/HGUFPGAConv/HGUConv_0/src/layer.c:1:
/home/sdsoc/yc_ws/sdx_ws/proj/YOLO-master/cpp/HGUFPGAConv/HGUConv_0/src/main.h:7:0: warning: "SDSOC" redefined
 #define SDSOC
 
<command-line>:0:0: note: this is the location of the previous definition
arm-linux-gnueabihf-objcopy --add-section .xdsdata=/home/sdsoc/yc_ws/sdx_ws/proj/YOLO-master/cpp/HGUFPGAConv/HGUConv_0/build/zed_linux_hw/_sds/swstubs/layer.o.xml /home/sdsoc/yc_ws/sdx_ws/proj/YOLO-master/cpp/HGUFPGAConv/HGUConv_0/build/zed_linux_hw/src/layer.o
sdscc log file saved as /home/sdsoc/yc_ws/sdx_ws/proj/YOLO-master/cpp/HGUFPGAConv/HGUConv_0/build/zed_linux_hw/_sds/reports/sds_layer.log
sdscc completed at Fri Mar 08 14:10:37 KST 2019
