==============================================================
File generated by Vivado(TM) HLS - High-Level Synthesis from C, C++ and SystemC
Version: 2018.2
Copyright (C) 1986-2018 Xilinx, Inc. All Rights Reserved.

==============================================================

INFO: [HLS 200-10] Setting target device to ' xc7z020clg484-1 '
INFO: [SYN 201-201] Setting up clock 'default' with a period of 10ns.
INFO: [SYN 201-201] Setting up clock 'default' with an uncertainty of 2.7ns.
INFO: [HLS 200-10] Analyzing design file '/home/sdsoc/yc_ws/sdx_ws/proj/YOLO-master/cpp/HGUFPGAConv/HGUConv_0/src/kernel.cpp' ... 
WARNING: [HLS 214-114] Only function calls and local variable declarations are allowed in a dataflow region: /home/sdsoc/yc_ws/sdx_ws/proj/YOLO-master/cpp/HGUFPGAConv/HGUConv_0/src/kernel.cpp:54:5
WARNING: [HLS 214-111] Static variables and non-static stream cannot be used inside a dataflow region: /home/sdsoc/yc_ws/sdx_ws/proj/YOLO-master/cpp/HGUFPGAConv/HGUConv_0/src/kernel.cpp:69:24
INFO: [HLS 200-111] Finished Linking Time (s): cpu = 00:00:05 ; elapsed = 00:00:05 . Memory (MB): peak = 377.453 ; gain = 12.594 ; free physical = 26241 ; free virtual = 62746
INFO: [HLS 200-111] Finished Checking Pragmas Time (s): cpu = 00:00:05 ; elapsed = 00:00:05 . Memory (MB): peak = 377.453 ; gain = 12.594 ; free physical = 26241 ; free virtual = 62746
INFO: [HLS 200-10] Starting code transformations ...
INFO: [XFORM 203-603] Inlining function 'read_B' into 'stream_cal' (/home/sdsoc/yc_ws/sdx_ws/proj/YOLO-master/cpp/HGUFPGAConv/HGUConv_0/src/kernel.cpp:73).
INFO: [HLS 200-111] Finished Standard Transforms Time (s): cpu = 00:00:05 ; elapsed = 00:00:05 . Memory (MB): peak = 377.453 ; gain = 12.594 ; free physical = 26240 ; free virtual = 62744
INFO: [HLS 200-10] Checking synthesizability ...
INFO: [HLS 200-111] Finished Checking Synthesizability Time (s): cpu = 00:00:05 ; elapsed = 00:00:05 . Memory (MB): peak = 377.453 ; gain = 12.594 ; free physical = 26239 ; free virtual = 62744
INFO: [XFORM 203-502] Unrolling all sub-loops inside loop 'Loop-1.1' (/home/sdsoc/yc_ws/sdx_ws/proj/YOLO-master/cpp/HGUFPGAConv/HGUConv_0/src/kernel.cpp:55) in function 'calulation' for pipelining.
INFO: [XFORM 203-502] Unrolling all sub-loops inside loop 'Loop-1' (/home/sdsoc/yc_ws/sdx_ws/proj/YOLO-master/cpp/HGUFPGAConv/HGUConv_0/src/kernel.cpp:16) in function 'out_initial' for pipelining.
INFO: [XFORM 203-501] Unrolling loop 'Loop-1.1.1' (/home/sdsoc/yc_ws/sdx_ws/proj/YOLO-master/cpp/HGUFPGAConv/HGUConv_0/src/kernel.cpp:59) in function 'calulation' completely.
INFO: [XFORM 203-501] Unrolling loop 'Loop-1.1' (/home/sdsoc/yc_ws/sdx_ws/proj/YOLO-master/cpp/HGUFPGAConv/HGUConv_0/src/kernel.cpp:18) in function 'out_initial' completely.
INFO: [XFORM 203-101] Partitioning array 'la' (/home/sdsoc/yc_ws/sdx_ws/proj/YOLO-master/cpp/HGUFPGAConv/HGUConv_0/src/kernel.cpp:93) in dimension 1 completely.
INFO: [XFORM 203-101] Partitioning array 'lout' (/home/sdsoc/yc_ws/sdx_ws/proj/YOLO-master/cpp/HGUFPGAConv/HGUConv_0/src/kernel.cpp:97) in dimension 1 completely.
INFO: [XFORM 203-721] Changing loop 'Loop_1_proc' (/home/sdsoc/yc_ws/sdx_ws/proj/YOLO-master/cpp/HGUFPGAConv/HGUConv_0/src/kernel.cpp:54) to a process function for dataflow in function 'calulation'.
INFO: [XFORM 203-721] Changing loop 'Loop_1_proc' (/home/sdsoc/yc_ws/sdx_ws/proj/YOLO-master/cpp/HGUFPGAConv/HGUConv_0/src/kernel.cpp:43) to a process function for dataflow in function 'stream_cal'.
WARNING: [XFORM 203-713] All the elements of global array 'la[0]' should be updated in process function 'read_A', otherwise it may not be synthesized correctly.
WARNING: [XFORM 203-713] All the elements of global array 'la[1]' should be updated in process function 'read_A', otherwise it may not be synthesized correctly.
WARNING: [XFORM 203-713] All the elements of global array 'la[2]' should be updated in process function 'read_A', otherwise it may not be synthesized correctly.
WARNING: [XFORM 203-713] All the elements of global array 'la[3]' should be updated in process function 'read_A', otherwise it may not be synthesized correctly.
WARNING: [XFORM 203-713] All the elements of global array 'la[4]' should be updated in process function 'read_A', otherwise it may not be synthesized correctly.
WARNING: [XFORM 203-713] All the elements of global array 'la[5]' should be updated in process function 'read_A', otherwise it may not be synthesized correctly.
WARNING: [XFORM 203-713] All the elements of global array 'la[6]' should be updated in process function 'read_A', otherwise it may not be synthesized correctly.
WARNING: [XFORM 203-713] All the elements of global array 'la[7]' should be updated in process function 'read_A', otherwise it may not be synthesized correctly.
WARNING: [XFORM 203-713] All the elements of global array 'la[8]' should be updated in process function 'read_A', otherwise it may not be synthesized correctly.
WARNING: [XFORM 203-713] All the elements of global array 'la[9]' should be updated in process function 'read_A', otherwise it may not be synthesized correctly.
WARNING: [XFORM 203-713] All the elements of global array 'la[10]' should be updated in process function 'read_A', otherwise it may not be synthesized correctly.
WARNING: [XFORM 203-713] All the elements of global array 'la[11]' should be updated in process function 'read_A', otherwise it may not be synthesized correctly.
WARNING: [XFORM 203-713] All the elements of global array 'la[12]' should be updated in process function 'read_A', otherwise it may not be synthesized correctly.
WARNING: [XFORM 203-713] All the elements of global array 'la[13]' should be updated in process function 'read_A', otherwise it may not be synthesized correctly.
WARNING: [XFORM 203-713] All the elements of global array 'la[14]' should be updated in process function 'read_A', otherwise it may not be synthesized correctly.
WARNING: [XFORM 203-713] All the elements of global array 'la[15]' should be updated in process function 'read_A', otherwise it may not be synthesized correctly.
WARNING: [XFORM 203-713] All the elements of global array 'la[16]' should be updated in process function 'read_A', otherwise it may not be synthesized correctly.
WARNING: [XFORM 203-713] All the elements of global array 'la[17]' should be updated in process function 'read_A', otherwise it may not be synthesized correctly.
WARNING: [XFORM 203-713] All the elements of global array 'la[18]' should be updated in process function 'read_A', otherwise it may not be synthesized correctly.
WARNING: [XFORM 203-713] All the elements of global array 'la[19]' should be updated in process function 'read_A', otherwise it may not be synthesized correctly.
WARNING: [XFORM 203-713] All the elements of global array 'la[20]' should be updated in process function 'read_A', otherwise it may not be synthesized correctly.
WARNING: [XFORM 203-713] All the elements of global array 'la[21]' should be updated in process function 'read_A', otherwise it may not be synthesized correctly.
WARNING: [XFORM 203-713] All the elements of global array 'la[22]' should be updated in process function 'read_A', otherwise it may not be synthesized correctly.
WARNING: [XFORM 203-713] All the elements of global array 'la[23]' should be updated in process function 'read_A', otherwise it may not be synthesized correctly.
WARNING: [XFORM 203-713] All the elements of global array 'la[24]' should be updated in process function 'read_A', otherwise it may not be synthesized correctly.
WARNING: [XFORM 203-713] All the elements of global array 'la[25]' should be updated in process function 'read_A', otherwise it may not be synthesized correctly.
WARNING: [XFORM 203-713] All the elements of global array 'la[26]' should be updated in process function 'read_A', otherwise it may not be synthesized correctly.
WARNING: [XFORM 203-713] All the elements of global array 'la[27]' should be updated in process function 'read_A', otherwise it may not be synthesized correctly.
WARNING: [XFORM 203-713] All the elements of global array 'la[28]' should be updated in process function 'read_A', otherwise it may not be synthesized correctly.
WARNING: [XFORM 203-713] All the elements of global array 'la[29]' should be updated in process function 'read_A', otherwise it may not be synthesized correctly.
WARNING: [XFORM 203-713] All the elements of global array 'la[30]' should be updated in process function 'read_A', otherwise it may not be synthesized correctly.
WARNING: [XFORM 203-713] All the elements of global array 'la[31]' should be updated in process function 'read_A', otherwise it may not be synthesized correctly.
WARNING: [XFORM 203-713] All the elements of global array 'lout[0]' should be updated in process function 'calulation_Loop_1_proc19', otherwise it may not be synthesized correctly.
WARNING: [XFORM 203-713] All the elements of global array 'lout[1]' should be updated in process function 'calulation_Loop_1_proc19', otherwise it may not be synthesized correctly.
WARNING: [XFORM 203-713] All the elements of global array 'lout[2]' should be updated in process function 'calulation_Loop_1_proc19', otherwise it may not be synthesized correctly.
WARNING: [XFORM 203-713] All the elements of global array 'lout[3]' should be updated in process function 'calulation_Loop_1_proc19', otherwise it may not be synthesized correctly.
WARNING: [XFORM 203-713] All the elements of global array 'lout[4]' should be updated in process function 'calulation_Loop_1_proc19', otherwise it may not be synthesized correctly.
WARNING: [XFORM 203-713] All the elements of global array 'lout[5]' should be updated in process function 'calulation_Loop_1_proc19', otherwise it may not be synthesized correctly.
WARNING: [XFORM 203-713] All the elements of global array 'lout[6]' should be updated in process function 'calulation_Loop_1_proc19', otherwise it may not be synthesized correctly.
WARNING: [XFORM 203-713] All the elements of global array 'lout[7]' should be updated in process function 'calulation_Loop_1_proc19', otherwise it may not be synthesized correctly.
WARNING: [XFORM 203-713] All the elements of global array 'lout[8]' should be updated in process function 'calulation_Loop_1_proc19', otherwise it may not be synthesized correctly.
WARNING: [XFORM 203-713] All the elements of global array 'lout[9]' should be updated in process function 'calulation_Loop_1_proc19', otherwise it may not be synthesized correctly.
WARNING: [XFORM 203-713] All the elements of global array 'lout[10]' should be updated in process function 'calulation_Loop_1_proc19', otherwise it may not be synthesized correctly.
WARNING: [XFORM 203-713] All the elements of global array 'lout[11]' should be updated in process function 'calulation_Loop_1_proc19', otherwise it may not be synthesized correctly.
WARNING: [XFORM 203-713] All the elements of global array 'lout[12]' should be updated in process function 'calulation_Loop_1_proc19', otherwise it may not be synthesized correctly.
WARNING: [XFORM 203-713] All the elements of global array 'lout[13]' should be updated in process function 'calulation_Loop_1_proc19', otherwise it may not be synthesized correctly.
WARNING: [XFORM 203-713] All the elements of global array 'lout[14]' should be updated in process function 'calulation_Loop_1_proc19', otherwise it may not be synthesized correctly.
WARNING: [XFORM 203-713] All the elements of global array 'lout[15]' should be updated in process function 'calulation_Loop_1_proc19', otherwise it may not be synthesized correctly.
WARNING: [XFORM 203-713] All the elements of global array 'lout[16]' should be updated in process function 'calulation_Loop_1_proc19', otherwise it may not be synthesized correctly.
WARNING: [XFORM 203-713] All the elements of global array 'lout[17]' should be updated in process function 'calulation_Loop_1_proc19', otherwise it may not be synthesized correctly.
WARNING: [XFORM 203-713] All the elements of global array 'lout[18]' should be updated in process function 'calulation_Loop_1_proc19', otherwise it may not be synthesized correctly.
WARNING: [XFORM 203-713] All the elements of global array 'lout[19]' should be updated in process function 'calulation_Loop_1_proc19', otherwise it may not be synthesized correctly.
WARNING: [XFORM 203-713] All the elements of global array 'lout[20]' should be updated in process function 'calulation_Loop_1_proc19', otherwise it may not be synthesized correctly.
WARNING: [XFORM 203-713] All the elements of global array 'lout[21]' should be updated in process function 'calulation_Loop_1_proc19', otherwise it may not be synthesized correctly.
WARNING: [XFORM 203-713] All the elements of global array 'lout[22]' should be updated in process function 'calulation_Loop_1_proc19', otherwise it may not be synthesized correctly.
WARNING: [XFORM 203-713] All the elements of global array 'lout[23]' should be updated in process function 'calulation_Loop_1_proc19', otherwise it may not be synthesized correctly.
WARNING: [XFORM 203-713] All the elements of global array 'lout[24]' should be updated in process function 'calulation_Loop_1_proc19', otherwise it may not be synthesized correctly.
WARNING: [XFORM 203-713] All the elements of global array 'lout[25]' should be updated in process function 'calulation_Loop_1_proc19', otherwise it may not be synthesized correctly.
WARNING: [XFORM 203-713] All the elements of global array 'lout[26]' should be updated in process function 'calulation_Loop_1_proc19', otherwise it may not be synthesized correctly.
WARNING: [XFORM 203-713] All the elements of global array 'lout[27]' should be updated in process function 'calulation_Loop_1_proc19', otherwise it may not be synthesized correctly.
WARNING: [XFORM 203-713] All the elements of global array 'lout[28]' should be updated in process function 'calulation_Loop_1_proc19', otherwise it may not be synthesized correctly.
WARNING: [XFORM 203-713] All the elements of global array 'lout[29]' should be updated in process function 'calulation_Loop_1_proc19', otherwise it may not be synthesized correctly.
WARNING: [XFORM 203-713] All the elements of global array 'lout[30]' should be updated in process function 'calulation_Loop_1_proc19', otherwise it may not be synthesized correctly.
WARNING: [XFORM 203-713] All the elements of global array 'lout[31]' should be updated in process function 'calulation_Loop_1_proc19', otherwise it may not be synthesized correctly.
WARNING: [XFORM 203-713] Reading dataflow channel 'la[0]' in the middle of dataflow may stall the dataflow pipeline:
WARNING: [XFORM 203-713] Argument 'la[0]' has read operations in process function 'calulation'.
WARNING: [XFORM 203-713] Reading dataflow channel 'la[1]' in the middle of dataflow may stall the dataflow pipeline:
WARNING: [XFORM 203-713] Argument 'la[1]' has read operations in process function 'calulation'.
WARNING: [XFORM 203-713] Reading dataflow channel 'la[2]' in the middle of dataflow may stall the dataflow pipeline:
WARNING: [XFORM 203-713] Argument 'la[2]' has read operations in process function 'calulation'.
WARNING: [XFORM 203-713] Reading dataflow channel 'la[3]' in the middle of dataflow may stall the dataflow pipeline:
WARNING: [XFORM 203-713] Argument 'la[3]' has read operations in process function 'calulation'.
WARNING: [XFORM 203-713] Reading dataflow channel 'la[4]' in the middle of dataflow may stall the dataflow pipeline:
WARNING: [XFORM 203-713] Argument 'la[4]' has read operations in process function 'calulation'.
WARNING: [XFORM 203-713] Reading dataflow channel 'la[5]' in the middle of dataflow may stall the dataflow pipeline:
WARNING: [XFORM 203-713] Argument 'la[5]' has read operations in process function 'calulation'.
WARNING: [XFORM 203-713] Reading dataflow channel 'la[6]' in the middle of dataflow may stall the dataflow pipeline:
WARNING: [XFORM 203-713] Argument 'la[6]' has read operations in process function 'calulation'.
WARNING: [XFORM 203-713] Reading dataflow channel 'la[7]' in the middle of dataflow may stall the dataflow pipeline:
WARNING: [XFORM 203-713] Argument 'la[7]' has read operations in process function 'calulation'.
WARNING: [XFORM 203-713] Reading dataflow channel 'la[8]' in the middle of dataflow may stall the dataflow pipeline:
WARNING: [XFORM 203-713] Argument 'la[8]' has read operations in process function 'calulation'.
WARNING: [XFORM 203-713] Reading dataflow channel 'la[9]' in the middle of dataflow may stall the dataflow pipeline:
WARNING: [XFORM 203-713] Argument 'la[9]' has read operations in process function 'calulation'.
WARNING: [XFORM 203-713] Reading dataflow channel 'la[10]' in the middle of dataflow may stall the dataflow pipeline:
WARNING: [XFORM 203-713] Argument 'la[10]' has read operations in process function 'calulation'.
WARNING: [XFORM 203-713] Reading dataflow channel 'la[11]' in the middle of dataflow may stall the dataflow pipeline:
WARNING: [XFORM 203-713] Argument 'la[11]' has read operations in process function 'calulation'.
WARNING: [XFORM 203-713] Reading dataflow channel 'la[12]' in the middle of dataflow may stall the dataflow pipeline:
WARNING: [XFORM 203-713] Argument 'la[12]' has read operations in process function 'calulation'.
WARNING: [XFORM 203-713] Reading dataflow channel 'la[13]' in the middle of dataflow may stall the dataflow pipeline:
WARNING: [XFORM 203-713] Argument 'la[13]' has read operations in process function 'calulation'.
WARNING: [XFORM 203-713] Reading dataflow channel 'la[14]' in the middle of dataflow may stall the dataflow pipeline:
WARNING: [XFORM 203-713] Argument 'la[14]' has read operations in process function 'calulation'.
WARNING: [XFORM 203-713] Reading dataflow channel 'la[15]' in the middle of dataflow may stall the dataflow pipeline:
WARNING: [XFORM 203-713] Argument 'la[15]' has read operations in process function 'calulation'.
WARNING: [XFORM 203-713] Reading dataflow channel 'la[16]' in the middle of dataflow may stall the dataflow pipeline:
WARNING: [XFORM 203-713] Argument 'la[16]' has read operations in process function 'calulation'.
WARNING: [XFORM 203-713] Reading dataflow channel 'la[17]' in the middle of dataflow may stall the dataflow pipeline:
WARNING: [XFORM 203-713] Argument 'la[17]' has read operations in process function 'calulation'.
WARNING: [XFORM 203-713] Reading dataflow channel 'la[18]' in the middle of dataflow may stall the dataflow pipeline:
WARNING: [XFORM 203-713] Argument 'la[18]' has read operations in process function 'calulation'.
WARNING: [XFORM 203-713] Reading dataflow channel 'la[19]' in the middle of dataflow may stall the dataflow pipeline:
WARNING: [XFORM 203-713] Argument 'la[19]' has read operations in process function 'calulation'.
WARNING: [XFORM 203-713] Reading dataflow channel 'la[20]' in the middle of dataflow may stall the dataflow pipeline:
WARNING: [XFORM 203-713] Argument 'la[20]' has read operations in process function 'calulation'.
WARNING: [XFORM 203-713] Reading dataflow channel 'la[21]' in the middle of dataflow may stall the dataflow pipeline:
WARNING: [XFORM 203-713] Argument 'la[21]' has read operations in process function 'calulation'.
WARNING: [XFORM 203-713] Reading dataflow channel 'la[22]' in the middle of dataflow may stall the dataflow pipeline:
WARNING: [XFORM 203-713] Argument 'la[22]' has read operations in process function 'calulation'.
WARNING: [XFORM 203-713] Reading dataflow channel 'la[23]' in the middle of dataflow may stall the dataflow pipeline:
WARNING: [XFORM 203-713] Argument 'la[23]' has read operations in process function 'calulation'.
WARNING: [XFORM 203-713] Reading dataflow channel 'la[24]' in the middle of dataflow may stall the dataflow pipeline:
WARNING: [XFORM 203-713] Argument 'la[24]' has read operations in process function 'calulation'.
WARNING: [XFORM 203-713] Reading dataflow channel 'la[25]' in the middle of dataflow may stall the dataflow pipeline:
WARNING: [XFORM 203-713] Argument 'la[25]' has read operations in process function 'calulation'.
WARNING: [XFORM 203-713] Reading dataflow channel 'la[26]' in the middle of dataflow may stall the dataflow pipeline:
WARNING: [XFORM 203-713] Argument 'la[26]' has read operations in process function 'calulation'.
WARNING: [XFORM 203-713] Reading dataflow channel 'la[27]' in the middle of dataflow may stall the dataflow pipeline:
WARNING: [XFORM 203-713] Argument 'la[27]' has read operations in process function 'calulation'.
WARNING: [XFORM 203-713] Reading dataflow channel 'la[28]' in the middle of dataflow may stall the dataflow pipeline:
WARNING: [XFORM 203-713] Argument 'la[28]' has read operations in process function 'calulation'.
WARNING: [XFORM 203-713] Reading dataflow channel 'la[29]' in the middle of dataflow may stall the dataflow pipeline:
WARNING: [XFORM 203-713] Argument 'la[29]' has read operations in process function 'calulation'.
WARNING: [XFORM 203-713] Reading dataflow channel 'la[30]' in the middle of dataflow may stall the dataflow pipeline:
WARNING: [XFORM 203-713] Argument 'la[30]' has read operations in process function 'calulation'.
WARNING: [XFORM 203-713] Reading dataflow channel 'la[31]' in the middle of dataflow may stall the dataflow pipeline:
WARNING: [XFORM 203-713] Argument 'la[31]' has read operations in process function 'calulation'.
WARNING: [XFORM 203-713] Reading dataflow channel 'lout[0]' in the middle of dataflow may stall the dataflow pipeline:
WARNING: [XFORM 203-713] Argument 'lout[0]' has read and write operations in process function 'calulation'.
WARNING: [XFORM 203-713] All the elements of global array 'lout[0]' should be updated in process function 'calulation', otherwise it may not be synthesized correctly.
WARNING: [XFORM 203-713] Reading dataflow channel 'lout[1]' in the middle of dataflow may stall the dataflow pipeline:
WARNING: [XFORM 203-713] Argument 'lout[1]' has read and write operations in process function 'calulation'.
WARNING: [XFORM 203-713] All the elements of global array 'lout[1]' should be updated in process function 'calulation', otherwise it may not be synthesized correctly.
WARNING: [XFORM 203-713] Reading dataflow channel 'lout[2]' in the middle of dataflow may stall the dataflow pipeline:
WARNING: [XFORM 203-713] Argument 'lout[2]' has read and write operations in process function 'calulation'.
WARNING: [XFORM 203-713] All the elements of global array 'lout[2]' should be updated in process function 'calulation', otherwise it may not be synthesized correctly.
WARNING: [XFORM 203-713] Reading dataflow channel 'lout[3]' in the middle of dataflow may stall the dataflow pipeline:
WARNING: [XFORM 203-713] Argument 'lout[3]' has read and write operations in process function 'calulation'.
WARNING: [XFORM 203-713] All the elements of global array 'lout[3]' should be updated in process function 'calulation', otherwise it may not be synthesized correctly.
WARNING: [XFORM 203-713] Reading dataflow channel 'lout[4]' in the middle of dataflow may stall the dataflow pipeline:
WARNING: [XFORM 203-713] Argument 'lout[4]' has read and write operations in process function 'calulation'.
WARNING: [XFORM 203-713] All the elements of global array 'lout[4]' should be updated in process function 'calulation', otherwise it may not be synthesized correctly.
WARNING: [XFORM 203-713] Reading dataflow channel 'lout[5]' in the middle of dataflow may stall the dataflow pipeline:
WARNING: [XFORM 203-713] Argument 'lout[5]' has read and write operations in process function 'calulation'.
WARNING: [XFORM 203-713] All the elements of global array 'lout[5]' should be updated in process function 'calulation', otherwise it may not be synthesized correctly.
WARNING: [XFORM 203-713] Reading dataflow channel 'lout[6]' in the middle of dataflow may stall the dataflow pipeline:
WARNING: [XFORM 203-713] Argument 'lout[6]' has read and write operations in process function 'calulation'.
WARNING: [XFORM 203-713] All the elements of global array 'lout[6]' should be updated in process function 'calulation', otherwise it may not be synthesized correctly.
WARNING: [XFORM 203-713] Reading dataflow channel 'lout[7]' in the middle of dataflow may stall the dataflow pipeline:
WARNING: [XFORM 203-713] Argument 'lout[7]' has read and write operations in process function 'calulation'.
WARNING: [XFORM 203-713] All the elements of global array 'lout[7]' should be updated in process function 'calulation', otherwise it may not be synthesized correctly.
WARNING: [XFORM 203-713] Reading dataflow channel 'lout[8]' in the middle of dataflow may stall the dataflow pipeline:
WARNING: [XFORM 203-713] Argument 'lout[8]' has read and write operations in process function 'calulation'.
WARNING: [XFORM 203-713] All the elements of global array 'lout[8]' should be updated in process function 'calulation', otherwise it may not be synthesized correctly.
WARNING: [XFORM 203-713] Reading dataflow channel 'lout[9]' in the middle of dataflow may stall the dataflow pipeline:
WARNING: [XFORM 203-713] Argument 'lout[9]' has read and write operations in process function 'calulation'.
WARNING: [XFORM 203-713] All the elements of global array 'lout[9]' should be updated in process function 'calulation', otherwise it may not be synthesized correctly.
WARNING: [XFORM 203-713] Reading dataflow channel 'lout[10]' in the middle of dataflow may stall the dataflow pipeline:
WARNING: [XFORM 203-713] Argument 'lout[10]' has read and write operations in process function 'calulation'.
WARNING: [XFORM 203-713] All the elements of global array 'lout[10]' should be updated in process function 'calulation', otherwise it may not be synthesized correctly.
WARNING: [XFORM 203-713] Reading dataflow channel 'lout[11]' in the middle of dataflow may stall the dataflow pipeline:
WARNING: [XFORM 203-713] Argument 'lout[11]' has read and write operations in process function 'calulation'.
WARNING: [XFORM 203-713] All the elements of global array 'lout[11]' should be updated in process function 'calulation', otherwise it may not be synthesized correctly.
WARNING: [XFORM 203-713] Reading dataflow channel 'lout[12]' in the middle of dataflow may stall the dataflow pipeline:
WARNING: [XFORM 203-713] Argument 'lout[12]' has read and write operations in process function 'calulation'.
WARNING: [XFORM 203-713] All the elements of global array 'lout[12]' should be updated in process function 'calulation', otherwise it may not be synthesized correctly.
WARNING: [XFORM 203-713] Reading dataflow channel 'lout[13]' in the middle of dataflow may stall the dataflow pipeline:
WARNING: [XFORM 203-713] Argument 'lout[13]' has read and write operations in process function 'calulation'.
WARNING: [XFORM 203-713] All the elements of global array 'lout[13]' should be updated in process function 'calulation', otherwise it may not be synthesized correctly.
WARNING: [XFORM 203-713] Reading dataflow channel 'lout[14]' in the middle of dataflow may stall the dataflow pipeline:
WARNING: [XFORM 203-713] Argument 'lout[14]' has read and write operations in process function 'calulation'.
WARNING: [XFORM 203-713] All the elements of global array 'lout[14]' should be updated in process function 'calulation', otherwise it may not be synthesized correctly.
WARNING: [XFORM 203-713] Reading dataflow channel 'lout[15]' in the middle of dataflow may stall the dataflow pipeline:
WARNING: [XFORM 203-713] Argument 'lout[15]' has read and write operations in process function 'calulation'.
WARNING: [XFORM 203-713] All the elements of global array 'lout[15]' should be updated in process function 'calulation', otherwise it may not be synthesized correctly.
WARNING: [XFORM 203-713] Reading dataflow channel 'lout[16]' in the middle of dataflow may stall the dataflow pipeline:
WARNING: [XFORM 203-713] Argument 'lout[16]' has read and write operations in process function 'calulation'.
WARNING: [XFORM 203-713] All the elements of global array 'lout[16]' should be updated in process function 'calulation', otherwise it may not be synthesized correctly.
WARNING: [XFORM 203-713] Reading dataflow channel 'lout[17]' in the middle of dataflow may stall the dataflow pipeline:
WARNING: [XFORM 203-713] Argument 'lout[17]' has read and write operations in process function 'calulation'.
WARNING: [XFORM 203-713] All the elements of global array 'lout[17]' should be updated in process function 'calulation', otherwise it may not be synthesized correctly.
WARNING: [XFORM 203-713] Reading dataflow channel 'lout[18]' in the middle of dataflow may stall the dataflow pipeline:
WARNING: [XFORM 203-713] Argument 'lout[18]' has read and write operations in process function 'calulation'.
WARNING: [XFORM 203-713] All the elements of global array 'lout[18]' should be updated in process function 'calulation', otherwise it may not be synthesized correctly.
WARNING: [XFORM 203-713] Reading dataflow channel 'lout[19]' in the middle of dataflow may stall the dataflow pipeline:
WARNING: [XFORM 203-713] Argument 'lout[19]' has read and write operations in process function 'calulation'.
WARNING: [XFORM 203-713] All the elements of global array 'lout[19]' should be updated in process function 'calulation', otherwise it may not be synthesized correctly.
WARNING: [XFORM 203-713] Reading dataflow channel 'lout[20]' in the middle of dataflow may stall the dataflow pipeline:
WARNING: [XFORM 203-713] Argument 'lout[20]' has read and write operations in process function 'calulation'.
WARNING: [XFORM 203-713] All the elements of global array 'lout[20]' should be updated in process function 'calulation', otherwise it may not be synthesized correctly.
WARNING: [XFORM 203-713] Reading dataflow channel 'lout[21]' in the middle of dataflow may stall the dataflow pipeline:
WARNING: [XFORM 203-713] Argument 'lout[21]' has read and write operations in process function 'calulation'.
WARNING: [XFORM 203-713] All the elements of global array 'lout[21]' should be updated in process function 'calulation', otherwise it may not be synthesized correctly.
WARNING: [XFORM 203-713] Reading dataflow channel 'lout[22]' in the middle of dataflow may stall the dataflow pipeline:
WARNING: [XFORM 203-713] Argument 'lout[22]' has read and write operations in process function 'calulation'.
WARNING: [XFORM 203-713] All the elements of global array 'lout[22]' should be updated in process function 'calulation', otherwise it may not be synthesized correctly.
WARNING: [XFORM 203-713] Reading dataflow channel 'lout[23]' in the middle of dataflow may stall the dataflow pipeline:
WARNING: [XFORM 203-713] Argument 'lout[23]' has read and write operations in process function 'calulation'.
WARNING: [XFORM 203-713] All the elements of global array 'lout[23]' should be updated in process function 'calulation', otherwise it may not be synthesized correctly.
WARNING: [XFORM 203-713] Reading dataflow channel 'lout[24]' in the middle of dataflow may stall the dataflow pipeline:
WARNING: [XFORM 203-713] Argument 'lout[24]' has read and write operations in process function 'calulation'.
WARNING: [XFORM 203-713] All the elements of global array 'lout[24]' should be updated in process function 'calulation', otherwise it may not be synthesized correctly.
WARNING: [XFORM 203-713] Reading dataflow channel 'lout[25]' in the middle of dataflow may stall the dataflow pipeline:
WARNING: [XFORM 203-713] Argument 'lout[25]' has read and write operations in process function 'calulation'.
WARNING: [XFORM 203-713] All the elements of global array 'lout[25]' should be updated in process function 'calulation', otherwise it may not be synthesized correctly.
WARNING: [XFORM 203-713] Reading dataflow channel 'lout[26]' in the middle of dataflow may stall the dataflow pipeline:
WARNING: [XFORM 203-713] Argument 'lout[26]' has read and write operations in process function 'calulation'.
WARNING: [XFORM 203-713] All the elements of global array 'lout[26]' should be updated in process function 'calulation', otherwise it may not be synthesized correctly.
WARNING: [XFORM 203-713] Reading dataflow channel 'lout[27]' in the middle of dataflow may stall the dataflow pipeline:
WARNING: [XFORM 203-713] Argument 'lout[27]' has read and write operations in process function 'calulation'.
WARNING: [XFORM 203-713] All the elements of global array 'lout[27]' should be updated in process function 'calulation', otherwise it may not be synthesized correctly.
WARNING: [XFORM 203-713] Reading dataflow channel 'lout[28]' in the middle of dataflow may stall the dataflow pipeline:
WARNING: [XFORM 203-713] Argument 'lout[28]' has read and write operations in process function 'calulation'.
WARNING: [XFORM 203-713] All the elements of global array 'lout[28]' should be updated in process function 'calulation', otherwise it may not be synthesized correctly.
WARNING: [XFORM 203-713] Reading dataflow channel 'lout[29]' in the middle of dataflow may stall the dataflow pipeline:
WARNING: [XFORM 203-713] Argument 'lout[29]' has read and write operations in process function 'calulation'.
WARNING: [XFORM 203-713] All the elements of global array 'lout[29]' should be updated in process function 'calulation', otherwise it may not be synthesized correctly.
WARNING: [XFORM 203-713] Reading dataflow channel 'lout[30]' in the middle of dataflow may stall the dataflow pipeline:
WARNING: [XFORM 203-713] Argument 'lout[30]' has read and write operations in process function 'calulation'.
WARNING: [XFORM 203-713] All the elements of global array 'lout[30]' should be updated in process function 'calulation', otherwise it may not be synthesized correctly.
WARNING: [XFORM 203-713] Reading dataflow channel 'lout[31]' in the middle of dataflow may stall the dataflow pipeline:
WARNING: [XFORM 203-713] Argument 'lout[31]' has read and write operations in process function 'calulation'.
WARNING: [XFORM 203-713] All the elements of global array 'lout[31]' should be updated in process function 'calulation', otherwise it may not be synthesized correctly.
INFO: [XFORM 203-712] Applying dataflow to function 'cal_initial', detected/extracted 2 process function(s): 
	 'out_initial'
	 'read_A'.
INFO: [XFORM 203-712] Applying dataflow to function 'calulation', detected/extracted 1 process function(s): 
	 'calulation_Loop_1_proc19'.
INFO: [XFORM 203-712] Applying dataflow to function 'stream_cal', detected/extracted 2 process function(s): 
	 'stream_cal_Loop_1_proc20'
	 'calulation'.
INFO: [HLS 200-111] Finished Pre-synthesis Time (s): cpu = 00:00:06 ; elapsed = 00:00:06 . Memory (MB): peak = 505.449 ; gain = 140.590 ; free physical = 26217 ; free virtual = 62721
INFO: [XFORM 203-541] Flattening a loop nest 'Loop-1' (/home/sdsoc/yc_ws/sdx_ws/proj/YOLO-master/cpp/HGUFPGAConv/HGUConv_0/src/kernel.cpp:26:6) in function 'write_out'.
INFO: [XFORM 203-541] Flattening a loop nest 'Loop-1' (/home/sdsoc/yc_ws/sdx_ws/proj/YOLO-master/cpp/HGUFPGAConv/HGUConv_0/src/kernel.cpp:6:9) in function 'read_A'.
INFO: [XFORM 203-541] Flattening a loop nest 'Loop-1' (/home/sdsoc/yc_ws/sdx_ws/proj/YOLO-master/cpp/HGUFPGAConv/HGUConv_0/src/kernel.cpp:54:9) in function 'calulation_Loop_1_proc19'.
WARNING: [XFORM 203-631] Renaming function 'stream_cal_Loop_1_proc20' to 'stream_cal_Loop_1_pr' (/home/sdsoc/yc_ws/sdx_ws/proj/YOLO-master/cpp/HGUFPGAConv/HGUConv_0/src/kernel.cpp:69)
WARNING: [XFORM 203-631] Renaming function 'calulation_Loop_1_proc19' to 'calulation_Loop_1_pr' (/home/sdsoc/yc_ws/sdx_ws/proj/YOLO-master/cpp/HGUFPGAConv/HGUConv_0/src/kernel.cpp:54:33)
WARNING: [ANALYSIS 214-52] Found false inter dependency for variable 'lout[1]'.
WARNING: [ANALYSIS 214-52] Found false inter dependency for variable 'lout[2]'.
WARNING: [ANALYSIS 214-52] Found false inter dependency for variable 'lout[3]'.
WARNING: [ANALYSIS 214-52] Found false inter dependency for variable 'lout[4]'.
WARNING: [ANALYSIS 214-52] Found false inter dependency for variable 'lout[5]'.
WARNING: [ANALYSIS 214-52] Found false inter dependency for variable 'lout[6]'.
WARNING: [ANALYSIS 214-52] Found false inter dependency for variable 'lout[7]'.
WARNING: [ANALYSIS 214-52] Found false inter dependency for variable 'lout[8]'.
WARNING: [ANALYSIS 214-52] Found false inter dependency for variable 'lout[9]'.
WARNING: [ANALYSIS 214-52] Found false inter dependency for variable 'lout[10]'.
WARNING: [ANALYSIS 214-52] Found false inter dependency for variable 'lout[11]'.
WARNING: [ANALYSIS 214-52] Found false inter dependency for variable 'lout[12]'.
WARNING: [ANALYSIS 214-52] Found false inter dependency for variable 'lout[13]'.
WARNING: [ANALYSIS 214-52] Found false inter dependency for variable 'lout[14]'.
WARNING: [ANALYSIS 214-52] Found false inter dependency for variable 'lout[15]'.
WARNING: [ANALYSIS 214-52] Found false inter dependency for variable 'lout[16]'.
WARNING: [ANALYSIS 214-52] Found false inter dependency for variable 'lout[17]'.
WARNING: [ANALYSIS 214-52] Found false inter dependency for variable 'lout[18]'.
WARNING: [ANALYSIS 214-52] Found false inter dependency for variable 'lout[19]'.
WARNING: [ANALYSIS 214-52] Found false inter dependency for variable 'lout[20]'.
WARNING: [ANALYSIS 214-52] Found false inter dependency for variable 'lout[21]'.
WARNING: [ANALYSIS 214-52] Found false inter dependency for variable 'lout[22]'.
WARNING: [ANALYSIS 214-52] Found false inter dependency for variable 'lout[23]'.
WARNING: [ANALYSIS 214-52] Found false inter dependency for variable 'lout[24]'.
WARNING: [ANALYSIS 214-52] Found false inter dependency for variable 'lout[25]'.
WARNING: [ANALYSIS 214-52] Found false inter dependency for variable 'lout[26]'.
WARNING: [ANALYSIS 214-52] Found false inter dependency for variable 'lout[27]'.
WARNING: [ANALYSIS 214-52] Found false inter dependency for variable 'lout[28]'.
WARNING: [ANALYSIS 214-52] Found false inter dependency for variable 'lout[29]'.
WARNING: [ANALYSIS 214-52] Found false inter dependency for variable 'lout[30]'.
WARNING: [ANALYSIS 214-52] Found false inter dependency for variable 'lout[31]'.
WARNING: [ANALYSIS 214-52] Found false inter dependency for variable 'lout[0]'.
INFO: [HLS 200-111] Finished Architecture Synthesis Time (s): cpu = 00:00:06 ; elapsed = 00:00:06 . Memory (MB): peak = 569.449 ; gain = 204.590 ; free physical = 26153 ; free virtual = 62658
INFO: [HLS 200-10] Starting hardware synthesis ...
INFO: [HLS 200-10] Synthesizing 'cal_gemm' ...
INFO: [HLS 200-10] ----------------------------------------------------------------
INFO: [HLS 200-42] -- Implementing module 'out_initial' 
INFO: [HLS 200-10] ----------------------------------------------------------------
INFO: [SCHED 204-11] Starting scheduling ...
INFO: [SCHED 204-61] Pipelining loop 'Loop 1'.
INFO: [SCHED 204-61] Pipelining result : Target II = 1, Final II = 1, Depth = 1.
INFO: [SCHED 204-11] Finished scheduling.
INFO: [HLS 200-111]  Elapsed time: 6.37 seconds; current allocated memory: 145.402 MB.
WARNING: [HLS 200-433] Loop - Loop 1 has an initiation interval that is equal to the pipeline depth (1) - this results in an unpipelined loop.
INFO: [BIND 205-100] Starting micro-architecture generation ...
INFO: [BIND 205-101] Performing variable lifetime analysis.
INFO: [BIND 205-101] Exploring resource sharing.
INFO: [BIND 205-101] Binding ...
INFO: [BIND 205-100] Finished micro-architecture generation.
INFO: [HLS 200-111]  Elapsed time: 0.05 seconds; current allocated memory: 145.727 MB.
WARNING: [HLS 200-433] Loop - Loop 1 has an initiation interval that is equal to the pipeline depth (1) - this results in an unpipelined loop.
INFO: [HLS 200-10] ----------------------------------------------------------------
INFO: [HLS 200-42] -- Implementing module 'read_A' 
INFO: [HLS 200-10] ----------------------------------------------------------------
INFO: [SCHED 204-11] Starting scheduling ...
INFO: [SCHED 204-61] Pipelining loop 'Loop 1'.
INFO: [SCHED 204-61] Pipelining result : Target II = 1, Final II = 1, Depth = 2.
INFO: [SCHED 204-11] Finished scheduling.
INFO: [HLS 200-111]  Elapsed time: 0.11 seconds; current allocated memory: 146.487 MB.
INFO: [BIND 205-100] Starting micro-architecture generation ...
INFO: [BIND 205-101] Performing variable lifetime analysis.
INFO: [BIND 205-101] Exploring resource sharing.
INFO: [BIND 205-101] Binding ...
INFO: [BIND 205-100] Finished micro-architecture generation.
INFO: [HLS 200-111]  Elapsed time: 0.05 seconds; current allocated memory: 146.886 MB.
INFO: [HLS 200-10] ----------------------------------------------------------------
INFO: [HLS 200-42] -- Implementing module 'cal_initial' 
INFO: [HLS 200-10] ----------------------------------------------------------------
INFO: [SCHED 204-11] Starting scheduling ...
INFO: [SCHED 204-11] Finished scheduling.
INFO: [HLS 200-111]  Elapsed time: 0.05 seconds; current allocated memory: 146.980 MB.
INFO: [BIND 205-100] Starting micro-architecture generation ...
INFO: [BIND 205-101] Performing variable lifetime analysis.
INFO: [BIND 205-101] Exploring resource sharing.
INFO: [BIND 205-101] Binding ...
INFO: [BIND 205-100] Finished micro-architecture generation.
INFO: [HLS 200-111]  Elapsed time: 0.07 seconds; current allocated memory: 147.161 MB.
INFO: [HLS 200-10] ----------------------------------------------------------------
INFO: [HLS 200-42] -- Implementing module 'stream_cal_Loop_1_pr' 
INFO: [HLS 200-10] ----------------------------------------------------------------
INFO: [SCHED 204-11] Starting scheduling ...
INFO: [SCHED 204-61] Pipelining loop 'Loop 1'.
INFO: [SCHED 204-61] Pipelining result : Target II = 1, Final II = 1, Depth = 2.
INFO: [SCHED 204-11] Finished scheduling.
INFO: [HLS 200-111]  Elapsed time: 0.05 seconds; current allocated memory: 147.250 MB.
INFO: [BIND 205-100] Starting micro-architecture generation ...
INFO: [BIND 205-101] Performing variable lifetime analysis.
INFO: [BIND 205-101] Exploring resource sharing.
INFO: [BIND 205-101] Binding ...
INFO: [BIND 205-100] Finished micro-architecture generation.
INFO: [HLS 200-111]  Elapsed time: 0.02 seconds; current allocated memory: 147.334 MB.
INFO: [HLS 200-10] ----------------------------------------------------------------
INFO: [HLS 200-42] -- Implementing module 'calulation_Loop_1_pr' 
INFO: [HLS 200-10] ----------------------------------------------------------------
INFO: [SCHED 204-11] Starting scheduling ...
INFO: [SCHED 204-61] Pipelining loop 'Loop 1'.
INFO: [SCHED 204-61] Pipelining result : Target II = 1, Final II = 1, Depth = 12.
INFO: [SCHED 204-11] Finished scheduling.
INFO: [HLS 200-111]  Elapsed time: 0.34 seconds; current allocated memory: 148.428 MB.
INFO: [BIND 205-100] Starting micro-architecture generation ...
INFO: [BIND 205-101] Performing variable lifetime analysis.
INFO: [BIND 205-101] Exploring resource sharing.
INFO: [BIND 205-101] Binding ...
INFO: [BIND 205-100] Finished micro-architecture generation.
INFO: [HLS 200-111]  Elapsed time: 0.33 seconds; current allocated memory: 150.296 MB.
INFO: [HLS 200-10] ----------------------------------------------------------------
INFO: [HLS 200-42] -- Implementing module 'calulation' 
INFO: [HLS 200-10] ----------------------------------------------------------------
INFO: [SCHED 204-11] Starting scheduling ...
INFO: [SCHED 204-11] Finished scheduling.
INFO: [HLS 200-111]  Elapsed time: 0.39 seconds; current allocated memory: 150.385 MB.
INFO: [BIND 205-100] Starting micro-architecture generation ...
INFO: [BIND 205-101] Performing variable lifetime analysis.
INFO: [BIND 205-101] Exploring resource sharing.
INFO: [BIND 205-101] Binding ...
INFO: [BIND 205-100] Finished micro-architecture generation.
INFO: [HLS 200-111]  Elapsed time: 0.12 seconds; current allocated memory: 150.571 MB.
INFO: [HLS 200-10] ----------------------------------------------------------------
INFO: [HLS 200-42] -- Implementing module 'stream_cal' 
INFO: [HLS 200-10] ----------------------------------------------------------------
INFO: [SCHED 204-11] Starting scheduling ...
INFO: [SCHED 204-11] Finished scheduling.
INFO: [HLS 200-111]  Elapsed time: 0.2 seconds; current allocated memory: 150.674 MB.
INFO: [BIND 205-100] Starting micro-architecture generation ...
INFO: [BIND 205-101] Performing variable lifetime analysis.
INFO: [BIND 205-101] Exploring resource sharing.
INFO: [BIND 205-101] Binding ...
INFO: [BIND 205-100] Finished micro-architecture generation.
INFO: [HLS 200-111]  Elapsed time: 0.18 seconds; current allocated memory: 150.889 MB.
INFO: [HLS 200-10] ----------------------------------------------------------------
INFO: [HLS 200-42] -- Implementing module 'write_out' 
INFO: [HLS 200-10] ----------------------------------------------------------------
INFO: [SCHED 204-11] Starting scheduling ...
INFO: [SCHED 204-61] Pipelining loop 'Loop 1'.
INFO: [SCHED 204-61] Pipelining result : Target II = 1, Final II = 1, Depth = 3.
INFO: [SCHED 204-11] Finished scheduling.
INFO: [HLS 200-111]  Elapsed time: 0.26 seconds; current allocated memory: 151.263 MB.
INFO: [BIND 205-100] Starting micro-architecture generation ...
INFO: [BIND 205-101] Performing variable lifetime analysis.
INFO: [BIND 205-101] Exploring resource sharing.
INFO: [BIND 205-101] Binding ...
INFO: [BIND 205-100] Finished micro-architecture generation.
INFO: [HLS 200-111]  Elapsed time: 0.08 seconds; current allocated memory: 151.782 MB.
INFO: [HLS 200-10] ----------------------------------------------------------------
INFO: [HLS 200-42] -- Implementing module 'cal_gemm' 
INFO: [HLS 200-10] ----------------------------------------------------------------
INFO: [SCHED 204-11] Starting scheduling ...
WARNING: [SCHED 204-71] Latency directive discarded for region cal_gemm since region contains function calls with variable latency.
INFO: [SCHED 204-11] Finished scheduling.
INFO: [HLS 200-111]  Elapsed time: 0.09 seconds; current allocated memory: 152.002 MB.
INFO: [BIND 205-100] Starting micro-architecture generation ...
INFO: [BIND 205-101] Performing variable lifetime analysis.
INFO: [BIND 205-101] Exploring resource sharing.
INFO: [BIND 205-101] Binding ...
INFO: [BIND 205-100] Finished micro-architecture generation.
INFO: [HLS 200-111]  Elapsed time: 0.41 seconds; current allocated memory: 152.377 MB.
INFO: [HLS 200-10] ----------------------------------------------------------------
INFO: [HLS 200-10] -- Generating RTL for module 'out_initial' 
INFO: [HLS 200-10] ----------------------------------------------------------------
INFO: [RTGEN 206-100] Finished creating RTL model for 'out_initial'.
INFO: [HLS 200-111]  Elapsed time: 0.28 seconds; current allocated memory: 152.861 MB.
WARNING: [HLS 200-433] Loop - Loop 1 has an initiation interval that is equal to the pipeline depth (1) - this results in an unpipelined loop.
WARNING: [HLS 200-433] Loop - Loop 1 has an initiation interval that is equal to the pipeline depth (1) - this results in an unpipelined loop.
INFO: [HLS 200-10] ----------------------------------------------------------------
INFO: [HLS 200-10] -- Generating RTL for module 'read_A' 
INFO: [HLS 200-10] ----------------------------------------------------------------
INFO: [RTGEN 206-100] Finished creating RTL model for 'read_A'.
INFO: [HLS 200-111]  Elapsed time: 0.08 seconds; current allocated memory: 154.840 MB.
INFO: [HLS 200-10] ----------------------------------------------------------------
INFO: [HLS 200-10] -- Generating RTL for module 'cal_initial' 
INFO: [HLS 200-10] ----------------------------------------------------------------
INFO: [RTGEN 206-100] Finished creating RTL model for 'cal_initial'.
INFO: [HLS 200-111]  Elapsed time: 0.1 seconds; current allocated memory: 158.636 MB.
INFO: [HLS 200-10] ----------------------------------------------------------------
INFO: [HLS 200-10] -- Generating RTL for module 'stream_cal_Loop_1_pr' 
INFO: [HLS 200-10] ----------------------------------------------------------------
INFO: [RTGEN 206-100] Finished creating RTL model for 'stream_cal_Loop_1_pr'.
INFO: [HLS 200-111]  Elapsed time: 0.06 seconds; current allocated memory: 159.677 MB.
INFO: [HLS 200-10] ----------------------------------------------------------------
INFO: [HLS 200-10] -- Generating RTL for module 'calulation_Loop_1_pr' 
INFO: [HLS 200-10] ----------------------------------------------------------------
INFO: [SYN 201-210] Renamed object name 'cal_gemm_fadd_32ns_32ns_32_5_full_dsp_1' to 'cal_gemm_fadd_32nbkb' due to the length limit 20
INFO: [SYN 201-210] Renamed object name 'cal_gemm_fmul_32ns_32ns_32_4_max_dsp_1' to 'cal_gemm_fmul_32ncud' due to the length limit 20
INFO: [RTGEN 206-100] Generating core module 'cal_gemm_fadd_32nbkb': 32 instance(s).
INFO: [RTGEN 206-100] Generating core module 'cal_gemm_fmul_32ncud': 32 instance(s).
INFO: [RTGEN 206-100] Finished creating RTL model for 'calulation_Loop_1_pr'.
INFO: [HLS 200-111]  Elapsed time: 0.12 seconds; current allocated memory: 163.273 MB.
INFO: [HLS 200-10] ----------------------------------------------------------------
INFO: [HLS 200-10] -- Generating RTL for module 'calulation' 
INFO: [HLS 200-10] ----------------------------------------------------------------
INFO: [RTGEN 206-100] Finished creating RTL model for 'calulation'.
INFO: [HLS 200-111]  Elapsed time: 0.84 seconds; current allocated memory: 170.074 MB.
INFO: [HLS 200-10] ----------------------------------------------------------------
INFO: [HLS 200-10] -- Generating RTL for module 'stream_cal' 
INFO: [HLS 200-10] ----------------------------------------------------------------
INFO: [RTGEN 206-100] Finished creating RTL model for 'stream_cal'.
INFO: [HLS 200-111]