

================================================================
== Vivado HLS Report for 'cal_initial'
================================================================
* Date:           Fri Mar  8 14:10:14 2019

* Version:        2018.2 (Build 2258646 on Thu Jun 14 20:25:20 MDT 2018)
* Project:        cal_gemm
* Solution:       solution
* Product family: zynq
* Target device:  xc7z020clg484-1


================================================================
== Performance Estimates
================================================================
+ Timing (ns): 
    * Summary: 
    +--------+-------+----------+------------+
    |  Clock | Target| Estimated| Uncertainty|
    +--------+-------+----------+------------+
    |ap_clk  |  10.00|     6.888|        2.70|
    +--------+-------+----------+------------+

+ Latency (clock cycles): 
    * Summary: 
    +------+------+------+------+----------+
    |   Latency   |   Interval  | Pipeline |
    |  min |  max |  min |  max |   Type   |
    +------+------+------+------+----------+
    |  4610|  4610|  4611|  4611| dataflow |
    +------+------+------+------+----------+

    + Detail: 
        * Instance: 
        +------------------------+-------------+------+------+------+------+---------+
        |                        |             |   Latency   |   Interval  | Pipeline|
        |        Instance        |    Module   |  min |  max |  min |  max |   Type  |
        +------------------------+-------------+------+------+------+------+---------+
        |grp_read_A_fu_146       |read_A       |  4610|  4610|  4610|  4610|   none  |
        |grp_out_initial_fu_216  |out_initial  |   171|   171|   171|   171|   none  |
        +------------------------+-------------+------+------+------+------+---------+

        * Loop: 
        N/A

============================================================
+ Verbose Summary: Synthesis Manager
============================================================
InlineROM: 1
ExposeGlobal: 0
============================================================
+ Verbose Summary: CDFG Model
============================================================
IsTopModel: 0
ResetActiveHigh: 1
IsCombinational: 2
IsDatapathOnly: 0
HasWiredReturn: 1
HasMFsm: 0
HasVarLatency: 1
IsPipeline: 0
IsRtlPipelined: 0
IsInstanceOverlapped: 0
IsDontTouch: 0
HasImplIP: 0
IsGatedGlobalClock: 0


============================================================
+ Verbose Summary: Schedule
============================================================
* Number of FSM states : 2
* Pipeline : 0
* Dataflow Pipeline: 1
  DF-Pipeline-0: Size = 2, States = { 1 2 }

* FSM state transitions: 
1 --> 
	2  / true
2 --> 

* FSM state operations: 

State 1 <SV = 0> <Delay = 0.00>
ST_1 : Operation 3 [2/2] (0.00ns)   --->   "call fastcc void @out_initial([169 x float]* %lout_0, [169 x float]* %lout_1, [169 x float]* %lout_2, [169 x float]* %lout_3, [169 x float]* %lout_4, [169 x float]* %lout_5, [169 x float]* %lout_6, [169 x float]* %lout_7, [169 x float]* %lout_8, [169 x float]* %lout_9, [169 x float]* %lout_10, [169 x float]* %lout_11, [169 x float]* %lout_12, [169 x float]* %lout_13, [169 x float]* %lout_14, [169 x float]* %lout_15, [169 x float]* %lout_16, [169 x float]* %lout_17, [169 x float]* %lout_18, [169 x float]* %lout_19, [169 x float]* %lout_20, [169 x float]* %lout_21, [169 x float]* %lout_22, [169 x float]* %lout_23, [169 x float]* %lout_24, [169 x float]* %lout_25, [169 x float]* %lout_26, [169 x float]* %lout_27, [169 x float]* %lout_28, [169 x float]* %lout_29, [169 x float]* %lout_30, [169 x float]* %lout_31)" [/home/sdsoc/yc_ws/sdx_ws/proj/YOLO-master/cpp/HGUFPGAConv/HGUConv_0/src/kernel.cpp:36]   --->   Operation 3 'call' <Predicate = true> <Delay = 0.00> <CoreType = "Generic">   --->   Core 0 '' <Latency = 0> <II = 1> <Delay = 1.00> <Generic> <Opcode : >
ST_1 : Operation 4 [2/2] (0.00ns)   --->   "call fastcc void @read_A(float* %A, [144 x float]* %la_0, [144 x float]* %la_1, [144 x float]* %la_2, [144 x float]* %la_3, [144 x float]* %la_4, [144 x float]* %la_5, [144 x float]* %la_6, [144 x float]* %la_7, [144 x float]* %la_8, [144 x float]* %la_9, [144 x float]* %la_10, [144 x float]* %la_11, [144 x float]* %la_12, [144 x float]* %la_13, [144 x float]* %la_14, [144 x float]* %la_15, [144 x float]* %la_16, [144 x float]* %la_17, [144 x float]* %la_18, [144 x float]* %la_19, [144 x float]* %la_20, [144 x float]* %la_21, [144 x float]* %la_22, [144 x float]* %la_23, [144 x float]* %la_24, [144 x float]* %la_25, [144 x float]* %la_26, [144 x float]* %la_27, [144 x float]* %la_28, [144 x float]* %la_29, [144 x float]* %la_30, [144 x float]* %la_31)" [/home/sdsoc/yc_ws/sdx_ws/proj/YOLO-master/cpp/HGUFPGAConv/HGUConv_0/src/kernel.cpp:37]   --->   Operation 4 'call' <Predicate = true> <Delay = 0.00> <CoreType = "Generic">   --->   Core 0 '' <Latency = 0> <II = 1> <Delay = 1.00> <Generic> <Opcode : >

State 2 <SV = 1> <Delay = 0.00>
ST_2 : Operation 5 [1/1] (0.00ns)   --->   "call void (...)* @_ssdm_op_SpecDataflowPipeline(i32 -1, [1 x i8]* @p_str1) nounwind" [/home/sdsoc/yc_ws/sdx_ws/proj/YOLO-master/cpp/HGUFPGAConv/HGUConv_0/src/kernel.cpp:35]   --->   Operation 5 'specdataflowpipeline' <Predicate = true> <Delay = 0.00>
ST_2 : Operation 6 [1/1] (0.00ns)   --->   "call void (...)* @_ssdm_op_SpecInterface(float* %A, [8 x i8]* @p_str6, i32 0, i32 0, [1 x i8]* @p_str1, i32 0, i32 0, [1 x i8]* @p_str1, [1 x i8]* @p_str1, [1 x i8]* @p_str1, i32 0, i32 0, i32 0, i32 0, [1 x i8]* @p_str1, [1 x i8]* @p_str1) nounwind"   --->   Operation 6 'specinterface' <Predicate = true> <Delay = 0.00>
ST_2 : Operation 7 [1/2] (0.00ns)   --->   "call fastcc void @out_initial([169 x float]* %lout_0, [169 x float]* %lout_1, [169 x float]* %lout_2, [169 x float]* %lout_3, [169 x float]* %lout_4, [169 x float]* %lout_5, [169 x float]* %lout_6, [169 x float]* %lout_7, [169 x float]* %lout_8, [169 x float]* %lout_9, [169 x float]* %lout_10, [169 x float]* %lout_11, [169 x float]* %lout_12, [169 x float]* %lout_13, [169 x float]* %lout_14, [169 x float]* %lout_15, [169 x float]* %lout_16, [169 x float]* %lout_17, [169 x float]* %lout_18, [169 x float]* %lout_19, [169 x float]* %lout_20, [169 x float]* %lout_21, [169 x float]* %lout_22, [169 x float]* %lout_23, [169 x float]* %lout_24, [169 x float]* %lout_25, [169 x float]* %lout_26, [169 x float]* %lout_27, [169 x float]* %lout_28, [169 x float]* %lout_29, [169 x float]* %lout_30, [169 x float]* %lout_31)" [/home/sdsoc/yc_ws/sdx_ws/proj/YOLO-master/cpp/HGUFPGAConv/HGUConv_0/src/kernel.cpp:36]   --->   Operation 7 'call' <Predicate = true> <Delay = 0.00> <CoreType = "Generic">   --->   Core 0 '' <Latency = 0> <II = 1> <Delay = 1.00> <Generic> <Opcode : >
ST_2 : Operation 8 [1/2] (0.00ns)   --->   "call fastcc void @read_A(float* %A, [144 x float]* %la_0, [144 x float]* %la_1, [144 x float]* %la_2, [144 x float]* %la_3, [144 x float]* %la_4, [144 x float]* %la_5, [144 x float]* %la_6, [144 x float]* %la_7, [144 x float]* %la_8, [144 x float]* %la_9, [144 x float]* %la_10, [144 x float]* %la_11, [144 x float]* %la_12, [144 x float]* %la_13, [144 x float]* %la_14, [144 x float]* %la_15, [144 x float]* %la_16, [144 x float]* %la_17, [144 x float]* %la_18, [144 x float]* %la_19, [144 x float]* %la_20, [144 x float]* %la_21, [144 x float]* %la_22, [144 x float]* %la_23, [144 x float]* %la_24, [144 x float]* %la_25, [144 x float]* %la_26, [144 x float]* %la_27, [144 x float]* %la_28, [144 x float]* %la_29, [144 x float]* %la_30, [144 x float]* %la_31)" [/home/sdsoc/yc_ws/sdx_ws/proj/YOLO-master/cpp/HGUFPGAConv/HGUConv_0/src/kernel.cpp:37]   --->   Operation 8 'call' <Predicate = true> <Delay = 0.00> <CoreType = "Generic">   --->   Core 0 '' <Latency = 0> <II = 1> <Delay = 1.00> <Generic> <Opcode : >
ST_2 : Operation 9 [1/1] (0.00ns)   --->   "ret void" [/home/sdsoc/yc_ws/sdx_ws/proj/YOLO-master/cpp/HGUFPGAConv/HGUConv_0/src/kernel.cpp:38]   --->   Operation 9 'ret' <Predicate = true> <Delay = 0.00>


============================================================
+ Verbose Summary: Binding
============================================================
STG Binding: 
---------------- STG Properties BEGIN ----------------
- Is combinational: 0
- Is one-state seq: 0
- Is datapath-only: 0
- Is pipelined: 0
- Is top level: 0
Port [ Return ] is wired: 1; IO mode=ap_ctrl_hs:ce=0
Port [ A]:  wired=1; compound=1; hidden=0; nouse=0; global=0; static=0; extern=0; dir=0; type=3; pingpong=0; private_global=0; IO mode=ap_fifo:ce=0
Port [ la_0]:  wired=1; compound=1; hidden=0; nouse=0; global=0; static=0; extern=0; dir=1; type=1; pingpong=0; private_global=0; MemPort=[03]; IO mode=ap_memory:ce=0
Port [ la_1]:  wired=1; compound=1; hidden=0; nouse=0; global=0; static=0; extern=0; dir=1; type=1; pingpong=0; private_global=0; MemPort=[03]; IO mode=ap_memory:ce=0
Port [ la_2]:  wired=1; compound=1; hidden=0; nouse=0; global=0; static=0; extern=0; dir=1; type=1; pingpong=0; private_global=0; MemPort=[03]; IO mode=ap_memory:ce=0
Port [ la_3]:  wired=1; compound=1; hidden=0; nouse=0; global=0; static=0; extern=0; dir=1; type=1; pingpong=0; private_global=0; MemPort=[03]; IO mode=ap_memory:ce=0
Port [ la_4]:  wired=1; compound=1; hidden=0; nouse=0; global=0; static=0; extern=0; dir=1; type=1; pingpong=0; private_global=0; MemPort=[03]; IO mode=ap_memory:ce=0
Port [ la_5]:  wired=1; compound=1; hidden=0; nouse=0; global=0; static=0; extern=0; dir=1; type=1; pingpong=0; private_global=0; MemPort=[03]; IO mode=ap_memory:ce=0
Port [ la_6]:  wired=1; compound=1; hidden=0; nouse=0; global=0; static=0; extern=0; dir=1; type=1; pingpong=0; private_global=0; MemPort=[03]; IO mode=ap_memory:ce=0
Port [ la_7]:  wired=1; compound=1; hidden=0; nouse=0; global=0; static=0; extern=0; dir=1; type=1; pingpong=0; private_global=0; MemPort=[03]; IO mode=ap_memory:ce=0
Port [ la_8]:  wired=1; compound=1; hidden=0; nouse=0; global=0; static=0; extern=0; dir=1; type=1; pingpong=0; private_global=0; MemPort=[03]; IO mode=ap_memory:ce=0
Port [ la_9]:  wired=1; compound=1; hidden=0; nouse=0; global=0; static=0; extern=0; dir=1; type=1; pingpong=0; private_global=0; MemPort=[03]; IO mode=ap_memory:ce=0
Port [ la_10]:  wired=1; compound=1; hidden=0; nouse=0; global=0; static=0; extern=0; dir=1; type=1; pingpong=0; private_global=0; MemPort=[03]; IO mode=ap_memory:ce=0
Port [ la_11]:  wired=1; compound=1; hidden=0; nouse=0; global=0; static=0; extern=0; dir=1; type=1; pingpong=0; private_global=0; MemPort=[03]; IO mode=ap_memory:ce=0
Port [ la_12]:  wired=1; compound=1; hidden=0; nouse=0; global=0; static=0; extern=0; dir=1; type=1; pingpong=0; private_global=0; MemPort=[03]; IO mode=ap_memory:ce=0
Port [ la_13]:  wired=1; compound=1; hidden=0; nouse=0; global=0; static=0; extern=0; dir=1; type=1; pingpong=0; private_global=0; MemPort=[03]; IO mode=ap_memory:ce=0
Port [ la_14]:  wired=1; compound=1; hidden=0; nouse=0; global=0; static=0; extern=0; dir=1; type=1; pingpong=0; private_global=0; MemPort=[03]; IO mode=ap_memory:ce=0
Port [ la_15]:  wired=1; compound=1; hidden=0; nouse=0; global=0; static=0; extern=0; dir=1; type=1; pingpong=0; private_global=0; MemPort=[03]; IO mode=ap_memory:ce=0
Port [ la_16]:  wired=1; compound=1; hidden=0; nouse=0; global=0; static=0; extern=0; dir=1; type=1; pingpong=0; private_global=0; MemPort=[03]; IO mode=ap_memory:ce=0
Port [ la_17]:  wired=1; compound=1; hidden=0; nouse=0; global=0; static=0; extern=0; dir=1; type=1; pingpong=0; private_global=0; MemPort=[03]; IO mode=ap_memory:ce=0
Port [ la_18]:  wired=1; compound=1; hidden=0; nouse=0; global=0; static=0; extern=0; dir=1; type=1; pingpong=0; private_global=0; MemPort=[03]; IO mode=ap_memory:ce=0
Port [ la_19]:  wired=1; compound=1; hidden=0; nouse=0; global=0; static=0; extern=0; dir=1; type=1; pingpong=0; private_global=0; MemPort=[03]; IO mode=ap_memory:ce=0
Port [ la_20]:  wired=1; compound=1; hidden=0; nouse=0; global=0; static=0; extern=0; dir=1; type=1; pingpong=0; private_global=0; MemPort=[03]; IO mode=ap_memory:ce=0
Port [ la_21]:  wired=1; compound=1; hidden=0; nouse=0; global=0; static=0; extern=0; dir=1; type=1; pingpong=0; private_global=0; MemPort=[03]; IO mode=ap_memory:ce=0
Port [ la_22]:  wired=1; compound=1; hidden=0; nouse=0; global=0; static=0; extern=0; dir=1; type=1; pingpong=0; private_global=0; MemPort=[03]; IO mode=ap_memory:ce=0
Port [ la_23]:  wired=1; compound=1; hidden=0; nouse=0; global=0; static=0; extern=0; dir=1; type=1; pingpong=0; private_global=0; MemPort=[03]; IO mode=ap_memory:ce=0
Port [ la_24]:  wired=1; compound=1; hidden=0; nouse=0; global=0; static=0; extern=0; dir=1; type=1; pingpong=0; private_global=0; MemPort=[03]; IO mode=ap_memory:ce=0
Port [ la_25]:  wired=1; compound=1; hidden=0; nouse=0; global=0; static=0; extern=0; dir=1; type=1; pingpong=0; private_global=0; MemPort=[03]; IO mode=ap_memory:ce=0
Port [ la_26]:  wired=1; compound=1; hidden=0; nouse=0; global=0; static=0; extern=0; dir=1; type=1; pingpong=0; private_global=0; MemPort=[03]; IO mode=ap_memory:ce=0
Port [ la_27]:  wired=1; compound=1; hidden=0; nouse=0; global=0; static=0; extern=0; dir=1; type=1; pingpong=0; private_global=0; MemPort=[03]; IO mode=ap_memory:ce=0
Port [ la_28]:  wired=1; compound=1; hidden=0; nouse=0; global=0; static=0; extern=0; dir=1; type=1; pingpong=0; private_global=0; MemPort=[03]; IO mode=ap_memory:ce=0
Port [ la_29]:  wired=1; compound=1; hidden=0; nouse=0; global=0; static=0; extern=0; dir=1; type=1; pingpong=0; private_global=0; MemPort=[03]; IO mode=ap_memory:ce=0
Port [ la_30]:  wired=1; compound=1; hidden=0; nouse=0; global=0; static=0; extern=0; dir=1; type=1; pingpong=0; private_global=0; MemPort=[03]; IO mode=ap_memory:ce=0
Port [ la_31]:  wired=1; compound=1; hidden=0; nouse=0; global=0; static=0; extern=0; dir=1; type=1; pingpong=0; private_global=0; MemPort=[03]; IO mode=ap_memory:ce=0
Port [ lout_0]:  wired=1; compound=1; hidden=0; nouse=0; global=0; static=0; extern=0; dir=1; type=1; pingpong=0; private_global=0; MemPort=[03]; IO mode=ap_memory:ce=0
Port [ lout_1]:  wired=1; compound=1; hidden=0; nouse=0; global=0; static=0; extern=0; dir=1; type=1; pingpong=0; private_global=0; MemPort=[03]; IO mode=ap_memory:ce=0
Port [ lout_2]:  wired=1; compound=1; hidden=0; nouse=0; global=0; static=0; extern=0; dir=1; type=1; pingpong=0; private_global=0; MemPort=[03]; IO mode=ap_memory:ce=0
Port [ lout_3]:  wired=1; compound=1; hidden=0; nouse=0; global=0; static=0; extern=0; dir=1; type=1; pingpong=0; private_global=0; MemPort=[03]; IO mode=ap_memory:ce=0
Port [ lout_4]:  wired=1; compound=1; hidden=0; nouse=0; global=0; static=0; extern=0; dir=1; type=1; pingpong=0; private_global=0; MemPort=[03]; IO mode=ap_memory:ce=0
Port [ lout_5]:  wired=1; compound=1; hidden=0; nouse=0; global=0; static=0; extern=0; dir=1; type=1; pingpong=0; private_global=0; MemPort=[03]; IO mode=ap_memory:ce=0
Port [ lout_6]:  wired=1; compound=1; hidden=0; nouse=0; global=0; static=0; extern=0; dir=1; type=1; pingpong=0; private_global=0; MemPort=[03]; IO mode=ap_memory:ce=0
Port [ lout_7]:  wired=1; compound=1; hidden=0; nouse=0; global=0; static=0; extern=0; dir=1; type=1; pingpong=0; private_global=0; MemPort=[03]; IO mode=ap_memory:ce=0
Port [ lout_8]:  wired=1; compound=1; hidden=0; nouse=0; global=0; static=0; extern=0; dir=1; type=1; pingpong=0; private_global=0; MemPort=[03]; IO mode=ap_memory:ce=0
Port [ lout_9]:  wired=1; compound=1; hidden=0; nouse=0; global=0; static=0; extern=0; dir=1; type=1; pingpong=0; private_global=0; MemPort=[03]; IO mode=ap_memory:ce=0
Port [ lout_10]:  wired=1; compound=1; hidden=0; nouse=0; global=0; static=0; extern=0; dir=1; type=1; pingpong=0; private_global=0; MemPort=[03]; IO mode=ap_memory:ce=0
Port [ lout_11]:  wired=1; compound=1; hidden=0; nouse=0; global=0; static=0; extern=0; dir=1; type=1; pingpong=0; private_global=0; MemPort=[03]; IO mode=ap_memory:ce=0
Port [ lout_12]:  wired=1; compound=1; hidden=0; nouse=0; global=0; static=0; extern=0; dir=1; type=1; pingpong=0; private_global=0; MemPort=[03]; IO mode=ap_memory:ce=0
Port [ lout_13]:  wired=1; compound=1; hidden=0; nouse=0; global=0; static=0; extern=0; dir=1; type=1; pingpong=0; private_global=0; MemPort=[03]; IO mode=ap_memory:ce=0
Port [ lout_14]:  wired=1; compound=1; hidden=0; nouse=0; global=0; static=0; extern=0; dir=1; type=1; pingpong=0; private_global=0; MemPort=[03]; IO mode=ap_memory:ce=0
Port [ lout_15]:  wired=1; compound=1; hidden=0; nouse=0; global=0; static=0; extern=0; dir=1; type=1; pingpong=0; private_global=0; MemPort=[03]; IO mode=ap_memory:ce=0
Port [ lout_16]:  wired=1; compound=1; hidden=0; nouse=0; global=0; static=0; extern=0; dir=1; type=1; pingpong=0; private_global=0; MemPort=[03]; IO mode=ap_memory:ce=0
Port [ lout_17]:  wired=1; compound=1; hidden=0; nouse=0; global=0; static=0; extern=0; dir=1; type=1; pingpong=0; private_global=0; MemPort=[03]; IO mode=ap_memory:ce=0
Port [ lout_18]:  wired=1; compound=1; hidden=0; nouse=0; global=0; static=0; extern=0; dir=1; type=1; pingpong=0; private_global=0; MemPort=[03]; IO mode=ap_memory:ce=0
Port [ lout_19]:  wired=1; compound=1; hidden=0; nouse=0; global=0; static=0; extern=0; dir=1; type=1; pingpong=0; private_global=0; MemPort=[03]; IO mode=ap_memory:ce=0
Port [ lout_20]:  wired=1; compound=1; hidden=0; nouse=0; global=0; static=0; extern=0; dir=1; type=1; pingpong=0; private_global=0; MemPort=[03]; IO mode=ap_memory:ce=0
Port [ lout_21]:  wired=1; compound=1; hidden=0; nouse=0; global=0; static=0; extern=0; dir=1; type=1; pingpong=0; private_global=0; MemPort=[03]; IO mode=ap_memory:ce=0
Port [ lout_22]:  wired=1; compound=1; hidden=0; nouse=0; global=0; static=0; extern=0; dir=1; type=1; pingpong=0; private_global=0; MemPort=[03]; IO mode=ap_memory:ce=0
Port [ lout_23]:  wired=1; compound=1; hidden=0; nouse=0; global=0; static=0; extern=0; dir=1; type=1; pingpong=0; private_global=0; MemPort=[03]; IO mode=ap_memory:ce=0
Port [ lout_24]:  wired=1; compound=1; hidden=0; nouse=0; global=0; static=0; extern=0; dir=1; type=1; pingpong=0; private_global=0; MemPort=[03]; IO mode=ap_memory:ce=0
Port [ lout_25]:  wired=1; compound=1; hidden=0; nouse=0; global=0; static=0; extern=0; dir=1; type=1; pingpong=0; private_global=0; MemPort=[03]; IO mode=ap_memory:ce=0
Port [ lout_26]:  wired=1; compound=1; hidden=0; nouse=0; global=0; static=0; extern=0; dir=1; type=1; pingpong=0; private_global=0; MemPort=[03]; IO mode=ap_memory:ce=0
Port [ lout_27]:  wired=1; compound=1; hidden=0; nouse=0; global=0; static=0; extern=0; dir=1; type=1; pingpong=0; private_global=0; MemPort=[03]; IO mode=ap_memory:ce=0
Port [ lout_28]:  wired=1; compound=1; hidden=0; nouse=0; global=0; static=0; extern=0; dir=1; type=1; pingpong=0; private_global=0; MemPort=[03]; IO mode=ap_memory:ce=0
Port [ lout_29]:  wired=1; compound=1; hidden=0; nouse=0; global=0; static=0; extern=0; dir=1; type=1; pingpong=0; private_global=0; MemPort=[03]; IO mode=ap_memory:ce=0
Port [ lout_30]:  wired=1; compound=1; hidden=0; nouse=0; global=0; static=0; extern=0; dir=1; type=1; pingpong=0; private_global=0; MemPort=[03]; IO mode=ap_memory:ce=0
Port [ lout_31]:  wired=1; compound=1; hidden=0; nouse=0; global=0; static=0; extern=0; dir=1; type=1; pingpong=0; private_global=0; MemPort=[03]; IO mode=ap_memory:ce=0
---------------- STG Properties END ------------------

---------------- Datapath Model BEGIN ----------------

<LifeTime>
<method=bitvector/>
StgValue_5 (specdataflowpipeline) [ 000]
StgValue_6 (specinterface       ) [ 000]
StgValue_7 (call                ) [ 000]
StgValue_8 (call                ) [ 000]
StgValue_9 (ret                 ) [ 000]
</LifeTime>

<model>

<comp_list>
<comp id="0" class="1000" name="A">
<pin_list>
<pin id="1" dir="1" index="0" bw="1" slack="0"/>
</pin_list>
<bind>
<StgValue><ssdm name="A"/></StgValue>
</bind>
</comp>

<comp id="2" class="1000" name="la_0">
<pin_list>
<pin id="3" dir="1" index="0" bw="1" slack="0"/>
</pin_list>
<bind>
<StgValue><ssdm name="la_0"/><MemPortTyVec>0 3 </MemPortTyVec>
</StgValue>
</bind>
</comp>

<comp id="4" class="1000" name="la_1">
<pin_list>
<pin id="5" dir="1" index="0" bw="1" slack="0"/>
</pin_list>
<bind>
<StgValue><ssdm name="la_1"/><MemPortTyVec>0 3 </MemPortTyVec>
</StgValue>
</bind>
</comp>

<comp id="6" class="1000" name="la_2">
<pin_list>
<pin id="7" dir="1" index="0" bw="1" slack="0"/>
</pin_list>
<bind>
<StgValue><ssdm name="la_2"/><MemPortTyVec>0 3 </MemPortTyVec>
</StgValue>
</bind>
</comp>

<comp id="8" class="1000" name="la_3">
<pin_list>
<pin id="9" dir="1" index="0" bw="1" slack="0"/>
</pin_list>
<bind>
<StgValue><ssdm name="la_3"/><MemPortTyVec>0 3 </MemPortTyVec>
</StgValue>
</bind>
</comp>

<comp id="10" class="1000" name="la_4">
<pin_list>
<pin id="11" dir="1" index="0" bw="1" slack="0"/>
</pin_list>
<bind>
<StgValue><ssdm name="la_4"/><MemPortTyVec>0 3 </MemPortTyVec>
</StgValue>
</bind>
</comp>

<comp id="12" class="1000" name="la_5">
<pin_list>
<pin id="13" dir="1" index="0" bw="1" slack="0"/>
</pin_list>
<bind>
<StgValue><ssdm name="la_5"/><MemPortTyVec>0 3 </MemPortTyVec>
</StgValue>
</bind>
</comp>

<comp id="14" class="1000" name="la_6">
<pin_list>
<pin id="15" dir="1" index="0" bw="1" slack="0"/>
</pin_list>
<bind>
<StgValue><ssdm name="la_6"/><MemPortTyVec>0 3 </MemPortTyVec>
</StgValue>
</bind>
</comp>

<comp id="16" class="1000" name="la_7">
<pin_list>
<pin id="17" dir="1" index="0" bw="1" slack="0"/>
</pin_list>
<bind>
<StgValue><ssdm name="la_7"/><MemPortTyVec>0 3 </MemPortTyVec>
</StgValue>
</bind>
</comp>

<comp id="18" class="1000" name="la_8">
<pin_list>
<pin id="19" dir="1" index="0" bw="1" slack="0"/>
</pin_list>
<bind>
<StgValue><ssdm name="la_8"/><MemPortTyVec>0 3 </MemPortTyVec>
</StgValue>
</bind>
</comp>

<comp id="20" class="1000" name="la_9">
<pin_list>
<pin id="21" dir="1" index="0" bw="1" slack="0"/>
</pin_list>
<bind>
<StgValue><ssdm name="la_9"/><MemPortTyVec>0 3 </MemPortTyVec>
</StgValue>
</bind>
</comp>

<comp id="22" class="1000" name="la_10">
<pin_list>
<pin id="23" dir="1" index="0" bw="1" slack="0"/>
</pin_list>
<bind>
<StgValue><ssdm name="la_10"/><MemPortTyVec>0 3 </MemPortTyVec>
</StgValue>
</bind>
</comp>

<comp id="24" class="1000" name="la_11">
<pin_list>
<pin id="25" dir="1" index="0" bw="1" slack="0"/>
</pin_list>
<bind>
<StgValue><ssdm name="la_11"/><MemPortTyVec>0 3 </MemPortTyVec>
</StgValue>
</bind>
</comp>

<comp id="26" class="1000" name="la_12">
<pin_list>
<pin id="27" dir="1" index="0" bw="1" slack="0"/>
</pin_list>
<bind>
<StgValue><ssdm name="la_12"/><MemPortTyVec>0 3 </MemPortTyVec>
</StgValue>
</bind>
</comp>

<comp id="28" class="1000" name="la_13">
<pin_list>
<pin id="29" dir="1" index="0" bw="1" slack="0"/>
</pin_list>
<bind>
<StgValue><ssdm name="la_13"/><MemPortTyVec>0 3 </MemPortTyVec>
</StgValue>
</bind>
</comp>

<comp id="30" class="1000" name="la_14">
<pin_list>
<pin id="31" dir="1" index="0" bw="1" slack="0"/>
</pin_list>
<bind>
<StgValue><ssdm name="la_14"/><MemPortTyVec>0 3 </MemPortTyVec>
</StgValue>
</bind>
</comp>

<comp id="32" class="1000" name="la_15">
<pin_list>
<pin id="33" dir="1" index="0" bw="1" slack="0"/>
</pin_list>
<bind>
<StgValue><ssdm name="la_15"/><MemPortTyVec>0 3 </MemPortTyVec>
</StgValue>
</bind>
</comp>

<comp id="34" class="1000" name="la_16">
<pin_list>
<pin id="35" dir="1" index="0" bw="1" slack="0"/>
</pin_list>
<bind>
<StgValue><ssdm name="la_16"/><MemPortTyVec>0 3 </MemPortTyVec>
</StgValue>
</bind>
</comp>

<comp id="36" class="1000" name="la_17">
<pin_list>
<pin id="37" dir="1" index="0" bw="1" slack="0"/>
</pin_list>
<bind>
<StgValue><ssdm name="la_17"/><MemPortTyVec>0 3 </MemPortTyVec>
</StgValue>
</bind>
</comp>

<comp id="38" class="1000" name="la_18">
<pin_list>
<pin id="39" dir="1" index="0" bw="1" slack="0"/>
</pin_list>
<bind>
<StgValue><ssdm name="la_18"/><MemPortTyVec>0 3 </MemPortTyVec>
</StgValue>
</bind>
</comp>

<comp id="40" class="1000" name="la_19">
<pin_list>
<pin id="41" dir="1" index="0" bw="1" slack="0"/>
</pin_list>
<bind>
<StgValue><ssdm name="la_19"/><MemPortTyVec>0 3 </MemPortTyVec>
</StgValue>
</bind>
</comp>

<comp id="42" class="1000" name="la_20">
<pin_list>
<pin id="43" dir="1" index="0" bw="1" slack="0"/>
</pin_list>
<bind>
<StgValue><ssdm name="la_20"/><MemPortTyVec>0 3 </MemPortTyVec>
</StgValue>
</bind>
</comp>

<comp id="44" class="1000" name="la_21">
<pin_list>
<pin id="45" dir="1" index="0" bw="1" slack="0"/>
</pin_list>
<bind>
<StgValue><ssdm name="la_21"/><MemPortTyVec>0 3 </MemPortTyVec>
</StgValue>
</bind>
</comp>

<comp id="46" class="1000" name="la_22">
<pin_list>
<pin id="47" dir="1" index="0" bw="1" slack="0"/>
</pin_list>
<bind>
<StgValue><ssdm name="la_22"/><MemPortTyVec>0 3 </MemPortTyVec>
</StgValue>
</bind>
</comp>

<comp id="48" class="1000" name="la_23">
<pin_list>
<pin id="49" dir="1" index="0" bw="1" slack="0"/>
</pin_list>
<bind>
<StgValue><ssdm name="la_23"/><MemPortTyVec>0 3 </MemPortTyVec>
</StgValue>
</bind>
</comp>

<comp id="50" class="1000" name="la_24">
<pin_list>
<pin id="51" dir="1" index="0" bw="1" slack="0"/>
</pin_list>
<bind>
<StgValue><ssdm name="la_24"/><MemPortTyVec>0 3 </MemPortTyVec>
</StgValue>
</bind>
</comp>

<comp id="52" class="1000" name="la_25">
<pin_list>
<pin id="53" dir="1" index="0" bw="1" slack="0"/>
</pin_list>
<bind>
<StgValue><ssdm name="la_25"/><MemPortTyVec>0 3 </MemPortTyVec>
</StgValue>
</bind>
</comp>

<comp id="54" class="1000" name="la_26">
<pin_list>
<pin id="55" dir="1" index="0" bw="1" slack="0"/>
</pin_list>
<bind>
<StgValue><ssdm name="la_26"/><MemPortTyVec>0 3 </MemPortTyVec>
</StgValue>
</bind>
</comp>

<comp id="56" class="1000" name="la_27">
<pin_list>
<pin id="57" dir="1" index="0" bw="1" slack="0"/>
</pin_list>
<bind>
<StgValue><ssdm name="la_27"/><MemPortTyVec>0 3 </MemPortTyVec>
</StgValue>
</bind>
</comp>

<comp id="58" class="1000" name="la_28">
<pin_list>
<pin id="59" dir="1" index="0" bw="1" slack="0"/>
</pin_list>
<bind>
<StgValue><ssdm name="la_28"/><MemPortTyVec>0 3 </MemPortTyVec>
</StgValue>
</bind>
</comp>

<comp id="60" class="1000" name="la_29">
<pin_list>
<pin id="61" dir="1" index="0" bw="1" slack="0"/>
</pin_list>
<bind>
<StgValue><ssdm name="la_29"/><MemPortTyVec>0 3 </MemPortTyVec>
</StgValue>
</bind>
</comp>

<comp id="62" class="1000" name="la_30">
<pin_list>
<pin id="63" dir="1" index="0" bw="1" slack="0"/>
</pin_list>
<bind>
<StgValue><ssdm name="la_30"/><MemPortTyVec>0 3 </MemPortTyVec>
</StgValue>
</bind>
</comp>

<comp id="64" class="1000" name="la_31">
<pin_list>
<pin id="65" dir="1" index="0" bw="1" slack="0"/>
</pin_list>
<bind>
<StgValue><ssdm name="la_31"/><MemPortTyVec>0 3 </MemPortTyVec>
</StgValue>
</bind>
</comp>

<comp id="66" class="1000" name="lout_0">
<pin_list>
<pin id="67" dir="1" index="0" bw="1" slack="0"/>
</pin_list>
<bind>
<StgValue><ssdm name="lout_0"/><MemPortTyVec>0 3 </MemPortTyVec>
</StgValue>
</bind>
</comp>

<comp id="68" class="1000" name="lout_1">
<pin_list>
<pin id="69" dir="1" index="0" bw="1" slack="0"/>
</pin_list>
<bind>
<StgValue><ssdm name="lout_1"/><MemPortTyVec>0 3 </MemPortTyVec>
</StgValue>
</bind>
</comp>

<comp id="70" class="1000" name="lout_2">
<pin_list>
<pin id="71" dir="1" index="0" bw="1" slack="0"/>
</pin_list>
<bind>
<StgValue><ssdm name="lout_2"/><MemPortTyVec>0 3 </MemPortTyVec>
</StgValue>
</bind>
</comp>

<comp id="72" class="1000" name="lout_3">
<pin_list>
<pin id="73" dir="1" index="0" bw="1" slack="0"/>
</pin_list>
<bind>
<StgValue><ssdm name="lout_3"/><MemPortTyVec>0 3 </MemPortTyVec>
</StgValue>
</bind>
</comp>

<comp id="74" class="1000" name="lout_4">
<pin_list>
<pin id="75" dir="1" index="0" bw="1" slack="0"/>
</pin_list>
<bind>
<StgValue><ssdm name="lout_4"/><MemPortTyVec>0 3 </MemPortTyVec>
</StgValue>
</bind>
</comp>

<comp id="76" class="1000" name="lout_5">
<pin_list>
<pin id="77" dir="1" index="0" bw="1" slack="0"/>
</pin_list>
<bind>
<StgValue><ssdm name="lout_5"/><MemPortTyVec>0 3 </MemPortTyVec>
</StgValue>
</bind>
</comp>

<comp id="78" class="1000" name="lout_6">
<pin_list>
<pin id="79" dir="1" index="0" bw="1" slack="0"/>
</pin_list>
<bind>
<StgValue><ssdm name="lout_6"/><MemPortTyVec>0 3 </MemPortTyVec>
</StgValue>
</bind>
</comp>

<comp id="80" class="1000" name="lout_7">
<pin_list>
<pin id="81" dir="1" index="0" bw="1" slack="0"/>
</pin_list>
<bind>
<StgValue><ssdm name="lout_7"/><MemPortTyVec>0 3 </MemPortTyVec>
</StgValue>
</bind>
</comp>

<comp id="82" class="1000" name="lout_8">
<pin_list>
<pin id="83" dir="1" index="0" bw="1" slack="0"/>
</pin_list>
<bind>
<StgValue><ssdm name="lout_8"/><MemPortTyVec>0 3 </MemPortTyVec>
</StgValue>
</bind>
</comp>

<comp id="84" class="1000" name="lout_9">
<pin_list>
<pin id="85" dir="1" index="0" bw="1" slack="0"/>
</pin_list>
<bind>
<StgValue><ssdm name="lout_9"/><MemPortTyVec>0 3 </MemPortTyVec>
</StgValue>
</bind>
</comp>

<comp id="86" class="1000" name="lout_10">
<pin_list>
<pin id="87" dir="1" index="0" bw="1" slack="0"/>
</pin_list>
<bind>
<StgValue><ssdm name="lout_10"/><MemPortTyVec>0 3 </MemPortTyVec>
</StgValue>
</bind>
</comp>

<comp id="88" class="1000" name="lout_11">
<pin_list>
<pin id="89" dir="1" index="0" bw="1" slack="0"/>
</pin_list>
<bind>
<StgValue><ssdm name="lout_11"/><MemPortTyVec>0 3 </MemPortTyVec>
</StgValue>
</bind>
</comp>

<comp id="90" class="1000" name="lout_12">
<pin_list>
<pin id="91" dir="1" index="0" bw="1" slack="0"/>
</pin_list>
<bind>
<StgValue><ssdm name="lout_12"/><MemPortTyVec>0 3 </MemPortTyVec>
</StgValue>
</bind>
</comp>

<comp id="92" class="1000" name="lout_13">
<pin_list>
<pin id="93" dir="1" index="0" bw="1" slack="0"/>
</pin_list>
<bind>
<StgValue><ssdm name="lout_13"/><MemPortTyVec>0 3 </MemPortTyVec>
</StgValue>
</bind>
</comp>

<comp id="94" class="1000" name="lout_14">
<pin_list>
<pin id="95" dir="1" index="0" bw="1" slack="0"/>
</pin_list>
<bind>
<StgValue><ssdm name="lout_14"/><MemPortTyVec>0 3 </MemPortTyVec>
</StgValue>
</bind>
</comp>

<comp id="96" class="1000" name="lout_15">
<pin_list>
<pin id="97" dir="1" index="0" bw="1" slack="0"/>
</pin_list>
<bind>
<StgValue><ssdm name="lout_15"/><MemPortTyVec>0 3 </MemPortTyVec>
</StgValue>
</bind>
</comp>

<comp id="98" class="1000" name="lout_16">
<pin_list>
<pin id="99" dir="1" index="0" bw="1" slack="0"/>
</pin_list>
<bind>
<StgValue><ssdm name="lout_16"/><MemPortTyVec>0 3 </MemPortTyVec>
</StgValue>
</bind>
</comp>

<comp id="100" class="1000" name="lout_17">
<pin_list>
<pin id="101" dir="1" index="0" bw="1" slack="0"/>
</pin_list>
<bind>
<StgValue><ssdm name="lout_17"/><MemPortTyVec>0 3 </MemPortTyVec>
</StgValue>
</bind>
</comp>

<comp id="102" class="1000" name="lout_18">
<pin_list>
<pin id="103" dir="1" index="0" bw="1" slack="0"/>
</pin_list>
<bind>
<StgValue><ssdm name="lout_18"/><MemPortTyVec>0 3 </MemPortTyVec>
</StgValue>
</bind>
</comp>

<comp id="104" class="1000" name="lout_19">
<pin_list>
<pin id="105" dir="1" index="0" bw="1" slack="0"/>
</pin_list>
<bind>
<StgValue><ssdm name="lout_19"/><MemPortTyVec>0 3 </MemPortTyVec>
</StgValue>
</bind>
</comp>

<comp id="106" class="1000" name="lout_20">
<pin_list>
<pin id="107" dir="1" index="0" bw="1" slack="0"/>
</pin_list>
<bind>
<StgValue><ssdm name="lout_20"/><MemPortTyVec>0 3 </MemPortTyVec>
</StgValue>
</bind>
</comp>

<comp id="108" class="1000" name="lout_21">
<pin_list>
<pin id="109" dir="1" index="0" bw="1" slack="0"/>
</pin_list>
<bind>
<StgValue><ssdm name="lout_21"/><MemPortTyVec>0 3 </MemPortTyVec>
</StgValue>
</bind>
</comp>

<comp id="110" class="1000" name="lout_22">
<pin_list>
<pin id="111" dir="1" index="0" bw="1" slack="0"/>
</pin_list>
<bind>
<StgValue><ssdm name="lout_22"/><MemPortTyVec>0 3 </MemPortTyVec>
</StgValue>
</bind>
</comp>

<comp id="112" class="1000" name="lout_23">
<pin_list>
<pin id="113" dir="1" index="0" bw="1" slack="0"/>
</pin_list>
<bind>
<StgValue><ssdm name="lout_23"/><MemPortTyVec>0 3 </MemPortTyVec>
</StgValue>
</bind>
</comp>

<comp id="114" class="1000" name="lout_24">
<pin_list>
<pin id="115" dir="1" index="0" bw="1" slack="0"/>
</pin_list>
<bind>
<StgValue><ssdm name="lout_24"/><MemPortTyVec>0 3 </MemPortTyVec>
</StgValue>
</bind>
</comp>

<comp id="116" class="1000" name="lout_25">
<pin_list>
<pin id="117" dir="1" index="0" bw="1" slack="0"/>
</pin_list>
<bind>
<StgValue><ssdm name="lout_25"/><MemPortTyVec>0 3 </MemPortTyVec>
</StgValue>
</bind>
</comp>

<comp id="118" class="1000" name="lout_26">
<pin_list>
<pin id="119" dir="1" index="0" bw="1" slack="0"/>
</pin_list>
<bind>
<StgValue><ssdm name="lout_26"/><MemPortTyVec>0 3 </MemPortTyVec>
</StgValue>
</bind>
</comp>

<comp id="120" class="1000" name="lout_27">
<pin_list>
<pin id="121" dir="1" index="0" bw="1" slack="0"/>
</pin_list>
<bind>
<StgValue><ssdm name="lout_27"/><MemPortTyVec>0 3 </MemPortTyVec>
</StgValue>
</bind>
</comp>

<comp id="122" class="1000" name="lout_28">
<pin_list>
<pin id="123" dir="1" index="0" bw="1" slack="0"/>
</pin_list>
<bind>
<StgValue><ssdm name="lout_28"/><MemPortTyVec>0 3 </MemPortTyVec>
</StgValue>
</bind>
</comp>

<comp id="124" class="1000" name="lout_29">
<pin_list>
<pin id="125" dir="1" index="0" bw="1" slack="0"/>
</pin_list>
<bind>
<StgValue><ssdm name="lout_29"/><MemPortTyVec>0 3 </MemPortTyVec>
</StgValue>
</bind>
</comp>

<comp id="126" class="1000" name="lout_30">
<pin_list>
<pin id="127" dir="1" index="0" bw="1" slack="0"/>
</pin_list>
<bind>
<StgValue><ssdm name="lout_30"/><MemPortTyVec>0 3 </MemPortTyVec>
</StgValue>
</bind>
</comp>

<comp id="128" class="1000" name="lout_31">
<pin_list>
<pin id="129" dir="1" index="0" bw="1" slack="0"/>
</pin_list>
<bind>
<StgValue><ssdm name="lout_31"/><MemPortTyVec>0 3 </MemPortTyVec>
</StgValue>
</bind>
</comp>

<comp id="130" class="1001" name="const_130">
<pin_list>
<pin id="131" dir="1" index="0" bw="1" slack="0"/>
</pin_list>
<bind>
<StgValue><ssdm name="out_initial"/></StgValue>
</bind>
</comp>

<comp id="132" class="1001" name="const_132">
<pin_list>
<pin id="133" dir="1" index="0" bw="1" slack="0"/>
</pin_list>
<bind>
<StgValue><ssdm name="read_A"/></StgValue>
</bind>
</comp>

<comp id="134" class="1001" name="const_134">
<pin_list>
<pin id="135" dir="1" index="0" bw="1" slack="2147483647"/>
</pin_list>
<bind>
<StgValue><ssdm name="_ssdm_op_SpecDataflowPipeline"/></StgValue>
</bind>
</comp>

<comp id="136" class="1001" name="const_136">
<pin_list>
<pin id="137" dir="1" index="0" bw="1" slack="2147483647"/>
</pin_list>
<bind>
<StgValue><ssdm name=""/></StgValue>
</bind>
</comp>

<comp id="138" class="1001" name="const_138">
<pin_list>
<pin id="139" dir="1" index="0" bw="1" slack="2147483647"/>
</pin_list>
<bind>
<StgValue><ssdm name="p_str1"/></StgValue>
</bind>
</comp>

<comp id="140" class="1001" name="const_140">
<pin_list>
<pin id="141" dir="1" index="0" bw="1" slack="2147483647"/>
</pin_list>
<bind>
<StgValue><ssdm name="_ssdm_op_SpecInterface"/></StgValue>
</bind>
</comp>

<comp id="142" class="1001" name="const_142">
<pin_list>
<pin id="143" dir="1" index="0" bw="1" slack="2147483647"/>
</pin_list>
<bind>
<StgValue><ssdm name="p_str6"/></StgValue>
</bind>
</comp>

<comp id="144" class="1001" name="const_144">
<pin_list>
<pin id="145" dir="1" index="0" bw="1" slack="2147483647"/>
</pin_list>
<bind>
<StgValue><ssdm name=""/></StgValue>
</bind>
</comp>

<comp id="146" class="1004" name="grp_read_A_fu_146">
<pin_list>
<pin id="147" dir="0" index="0" bw="0" slack="0"/>
<pin id="148" dir="0" index="1" bw="32" slack="0"/>
<pin id="149" dir="0" index="2" bw="32" slack="0"/>
<pin id="150" dir="0" index="3" bw="32" slack="0"/>
<pin id="151" dir="0" index="4" bw="32" slack="0"/>
<pin id="152" dir="0" index="5" bw="32" slack="0"/>
<pin id="153" dir="0" index="6" bw="32" slack="0"/>
<pin id="154" dir="0" index="7" bw="32" slack="0"/>
<pin id="155" dir="0" index="8" bw="32" slack="0"/>
<pin id="156" dir="0" index="9" bw="32" slack="0"/>
<pin id="157" dir="0" index="10" bw="32" slack="0"/>
<pin id="158" dir="0" index="11" bw="32" slack="0"/>
<pin id="159" dir="0" index="12" bw="32" slack="0"/>
<pin id="160" dir="0" index="13" bw="32" slack="0"/>
<pin id="161" dir="0" index="14" bw="32" slack="0"/>
<pin id="162" dir="0" index="15" bw="32" slack="0"/>
<pin id="163" dir="0" index="16" bw="32" slack="0"/>
<pin id="164" dir="0" index="17" bw="32" slack="0"/>
<pin id="165" dir="0" index="18" bw="32" slack="0"/>
<pin id="166" dir="0" index="19" bw="32" slack="0"/>
<pin id="167" dir="0" index="20" bw="32" slack="0"/>
<pin id="168" dir="0" index="21" bw="32" slack="0"/>
<pin id="169" dir="0" index="22" bw="32" slack="0"/>
<pin id="170" dir="0" index="23" bw="32" slack="0"/>
<pin id="171" dir="0" index="24" bw="32" slack="0"/>
<pin id="172" dir="0" index="25" bw="32" slack="0"/>
<pin id="173" dir="0" index="26" bw="32" slack="0"/>
<pin id="174" dir="0" index="27" bw="32" slack="0"/>
<pin id="175" dir="0" index="28" bw="32" slack="0"/>
<pin id="176" dir="0" index="29" bw="32" slack="0"/>
<pin id="177" dir="0" index="30" bw="32" slack="0"/>
<pin id="178" dir="0" index="31" bw="32" slack="0"/>
<pin id="179" dir="0" index="32" bw="32" slack="0"/>
<pin id="180" dir="0" index="33" bw="32" slack="0"/>
<pin id="181" dir="1" index="34" bw="0" slack="2147483647"/>
</pin_list>
<bind>
<opcode="call(48) " fcode="call"/>
<opset="StgValue_4/1 "/>
</bind>
</comp>

<comp id="216" class="1004" name="grp_out_initial_fu_216">
<pin_list>
<pin id="217" dir="0" index="0" bw="0" slack="0"/>
<pin id="218" dir="0" index="1" bw="32" slack="0"/>
<pin id="219" dir="0" index="2" bw="32" slack="0"/>
<pin id="220" dir="0" index="3" bw="32" slack="0"/>
<pin id="221" dir="0" index="4" bw="32" slack="0"/>
<pin id="222" dir="0" index="5" bw="32" slack="0"/>
<pin id="223" dir="0" index="6" bw="32" slack="0"/>
<pin id="224" dir="0" index="7" bw="32" slack="0"/>
<pin id="225" dir="0" index="8" bw="32" slack="0"/>
<pin id="226" dir="0" index="9" bw="32" slack="0"/>
<pin id="227" dir="0" index="10" bw="32" slack="0"/>
<pin id="228" dir="0" index="11" bw="32" slack="0"/>
<pin id="229" dir="0" index="12" bw="32" slack="0"/>
<pin id="230" dir="0" index="13" bw="32" slack="0"/>
<pin id="231" dir="0" index="14" bw="32" slack="0"/>
<pin id="232" dir="0" index="15" bw="32" slack="0"/>
<pin id="233" dir="0" index="16" bw="32" slack="0"/>
<pin id="234" dir="0" index="17" bw="32" slack="0"/>
<pin id="235" dir="0" index="18" bw="32" slack="0"/>
<pin id="236" dir="0" index="19" bw="32" slack="0"/>
<pin id="237" dir="0" index="20" bw="32" slack="0"/>
<pin id="238" dir="0" index="21" bw="32" slack="0"/>
<pin id="239" dir="0" index="22" bw="32" slack="0"/>
<pin id="240" dir="0" index="23" bw="32" slack="0"/>
<pin id="241" dir="0" index="24" bw="32" slack="0"/>
<pin id="242" dir="0" index="25" bw="32" slack="0"/>
<pin id="243" dir="0" index="26" bw="32" slack="0"/>
<pin id="244" dir="0" index="27" bw="32" slack="0"/>
<pin id="245" dir="0" index="28" bw="32" slack="0"/>
<pin id="246" dir="0" index="29" bw="32" slack="0"/>
<pin id="247" dir="0" index="30" bw="32" slack="0"/>
<pin id="248" dir="0" index="31" bw="32" slack="0"/>
<pin id="249" dir="0" index="32" bw="32" slack="0"/>
<pin id="250" dir="1" index="33" bw="0" slack="2147483647"/>
</pin_list>
<bind>
<opcode="call(48) " fcode="call"/>
<opset="StgValue_3/1 "/>
</bind>
</comp>

</comp_list>

<net_list>
<net id="182"><net_src comp="132" pin="0"/><net_sink comp="146" pin=0"/></net>

<net id="183"><net_src comp="0" pin="0"/><net_sink comp="146" pin=1"/></net>

<net id="184"><net_src comp="2" pin="0"/><net_sink comp="146" pin=2"/></net>

<net id="185"><net_src comp="4" pin="0"/><net_sink comp="146" pin=3"/></net>

<net id="186"><net_src comp="6" pin="0"/><net_sink comp="146" pin=4"/></net>

<net id="187"><net_src comp="8" pin="0"/><net_sink comp="146" pin=5"/></net>

<net id="188"><net_src comp="10" pin="0"/><net_sink comp="146" pin=6"/></net>

<net id="189"><net_src comp="12" pin="0"/><net_sink comp="146" pin=7"/></net>

<net id="190"><net_src comp="14" pin="0"/><net_sink comp="146" pin=8"/></net>

<net id="191"><net_src comp="16" pin="0"/><net_sink comp="146" pin=9"/></net>

<net id="192"><net_src comp="18" pin="0"/><net_sink comp="146" pin=10"/></net>

<net id="193"><net_src comp="20" pin="0"/><net_sink comp="146" pin=11"/></net>

<net id="194"><net_src comp="22" pin="0"/><net_sink comp="146" pin=12"/></net>

<net id="195"><net_src comp="24" pin="0"/><net_sink comp="146" pin=13"/></net>

<net id="196"><net_src comp="26" pin="0"/><net_sink comp="146" pin=14"/></net>

<net id="197"><net_src comp="28" pin="0"/><net_sink comp="146" pin=15"/></net>

<net id="198"><net_src comp="30" pin="0"/><net_sink comp="146" pin=16"/></net>

<net id="199"><net_src comp="32" pin="0"/><net_sink comp="146" pin=17"/></net>

<net id="200"><net_src comp="34" pin="0"/><net_sink comp="146" pin=18"/></net>

<net id="201"><net_src comp="36" pin="0"/><net_sink comp="146" pin=19"/></net>

<net id="202"><net_src comp="38" pin="0"/><net_sink comp="146" pin=20"/></net>

<net id="203"><net_src comp="40" pin="0"/><net_sink comp="146" pin=21"/></net>

<net id="204"><net_src comp="42" pin="0"/><net_sink comp="146" pin=22"/></net>

<net id="205"><net_src comp="44" pin="0"/><net_sink comp="146" pin=23"/></net>

<net id="206"><net_src comp="46" pin="0"/><net_sink comp="146" pin=24"/></net>

<net id="207"><net_src comp="48" pin="0"/><net_sink comp="146" pin=25"/></net>

<net id="208"><net_src comp="50" pin="0"/><net_sink comp="146" pin=26"/></net>

<net id="209"><net_src comp="52" pin="0"/><net_sink comp="146" pin=27"/></net>

<net id="210"><net_src comp="54" pin="0"/><net_sink comp="146" pin=28"/></net>

<net id="211"><net_src comp="56" pin="0"/><net_sink comp="146" pin=29"/></net>

<net id="212"><net_src comp="58" pin="0"/><net_sink comp="146" pin=30"/></net>

<net id="213"><net_src comp="60" pin="0"/><net_sink comp="146" pin=31"/></net>

<net id="214"><net_src comp="62" pin="0"/><net_sink comp="146" pin=32"/></net>

<net id="215"><net_src comp="64" pin="0"/><net_sink comp="146" pin=33"/></net>

<net id="251"><net_src comp="130" pin="0"/><net_sink comp="216" pin=0"/></net>

<net id="252"><net_src comp="66" pin="0"/><net_sink comp="216" pin=1"/></net>

<net id="253"><net_src comp="68" pin="0"/><net_sink comp="216" pin=2"/></net>

<net id="254"><net_src comp="70" pin="0"/><net_sink comp="216" pin=3"/></net>

<net id="255"><net_src comp="72" pin="0"/><net_sink comp="216" pin=4"/></net>

<net id="256"><net_src comp="74" pin="0"/><net_sink comp="216" pin=5"/></net>

<net id="257"><net_src comp="76" pin="0"/><net_sink comp="216" pin=6"/></net>

<net id="258"><net_src comp="78" pin="0"/><net_sink comp="216" pin=7"/></net>

<net id="259"><net_src comp="80" pin="0"/><net_sink comp="216" pin=8"/></net>

<net id="260"><net_src comp="82" pin="0"/><net_sink comp="216" pin=9"/></net>

<net id="261"><net_src comp="84" pin="0"/><net_sink comp="216" pin=10"/></net>

<net id="262"><net_src comp="86" pin="0"/><net_sink comp="216" pin=11"/></net>

<net id="263"><net_src comp="88" pin="0"/><net_sink comp="216" pin=12"/></net>

<net id="264"><net_src comp="90" pin="0"/><net_sink comp="216" pin=13"/></net>

<net id="265"><net_src comp="92" pin="0"/><net_sink comp="216" pin=14"/></net>

<net id="266"><net_src comp="94" pin="0"/><net_sink comp="216" pin=15"/></net>

<net id="267"><net_src comp="96" pin="0"/><net_sink comp="216" pin=16"/></net>

<net id="268"><net_src comp="98" pin="0"/><net_sink comp="216" pin=17"/></net>

<net id="269"><net_src comp="100" pin="0"/><net_sink comp="216" pin=18"/></net>

<net id="270"><net_src comp="102" pin="0"/><net_sink comp="216" pin=19"/></net>

<net id="271"><net_src comp="104" pin="0"/><net_sink comp="216" pin=20"/></net>

<net id="272"><net_src comp="106" pin="0"/><net_sink comp="216" pin=21"/></net>

<net id="273"><net_src comp="108" pin="0"/><net_sink comp="216" pin=22"/></net>

<net id="274"><net_src comp="110" pin="0"/><net_sink comp="216" pin=23"/></net>

<net id="275"><net_src comp="112" pin="0"/><net_sink comp="216" pin=24"/></net>

<net id="276"><net_src comp="114" pin="0"/><net_sink comp="216" pin=25"/></net>

<net id="277"><net_src comp="116" pin="0"/><net_sink comp="216" pin=26"/></net>

<net id="278"><net_src comp="118" pin="0"/><net_sink comp="216" pin=27"/></net>

<net id="279"><net_src comp="120" pin="0"/><net_sink comp="216" pin=28"/></net>

<net id="280"><net_src comp="122" pin="0"/><net_sink comp="216" pin=29"/></net>

<net id="281"><net_src comp="124" pin="0"/><net_sink comp="216" pin=30"/></net>

<net id="282"><net_src comp="126" pin="0"/><net_sink comp="216" pin=31"/></net>

<net id="283"><net_src comp="128" pin="0"/><net_sink comp="216" pin=32"/></net>

</net_list>

</model> 
---------------- Datapath Model END ------------------

* FSMD analyzer results:
  - Output states:
	Port: la_0 | {1 2 }
	Port: la_1 | {1 2 }
	Port: la_2 | {1 2 }
	Port: la_3 | {1 2 }
	Port: la_4 | {1 2 }
	Port: la_5 | {1 2 }
	Port: la_6 | {1 2 }
	Port: la_7 | {1 2 }
	Port: la_8 | {1 2 }
	Port: la_9 | {1 2 }
	Port: la_10 | {1 2 }
	Port: la_11 | {1 2 }
	Port: la_12 | {1 2 }
	Port: la_13 | {1 2 }
	Port: la_14 | {1 2 }
	Port: la_15 | {1 2 }
	Port: la_16 | {1 2 }
	Port: la_17 | {1 2 }
	Port: la_18 | {1 2 }
	Port: la_19 | {1 2 }
	Port: la_20 | {1 2 }
	Port: la_21 | {1 2 }
	Port: la_22 | {1 2 }
	Port: la_23 | {1 2 }
	Port: la_24 | {1 2 }
	Port: la_25 | {1 2 }
	Port: la_26 | {1 2 }
	Port: la_27 | {1 2 }
	Port: la_28 | {1 2 }
	Port: la_29 | {1 2 }
	Port: la_30 | {1 2 }
	Port: la_31 | {1 2 }
	Port: lout_0 | {1 2 }
	Port: lout_1 | {1 2 }
	Port: lout_2 | {1 2 }
	Port: lout_3 | {1 2 }
	Port: lout_4 | {1 2 }
	Port: lout_5 | {1 2 }
	Port: lout_6 | {1 2 }
	Port: lout_7 | {1 2 }
	Port: lout_8 | {1 2 }
	Port: lout_9 | {1 2 }
	Port: lout_10 | {1 2 }
	Port: lout_11 | {1 2 }
	Port: lout_12 | {1 2 }
	Port: lout_13 | {1 2 }
	Port: lout_14 | {1 2 }
	Port: lout_15 | {1 2 }
	Port: lout_16 | {1 2 }
	Port: lout_17 | {1 2 }
	Port: lout_18 | {1 2 }
	Port: lout_19 | {1 2 }
	Port: lout_20 | {1 2 }
	Port: lout_21 | {1 2 }
	Port: lout_22 | {1 2 }
	Port: lout_23 | {1 2 }
	Port: lout_24 | {1 2 }
	Port: lout_25 | {1 2 }
	Port: lout_26 | {1 2 }
	Port: lout_27 | {1 2 }
	Port: lout_28 | {1 2 }
	Port: lout_29 | {1 2 }
	Port: lout_30 | {1 2 }
	Port: lout_31 | {1 2 }
 - Input state : 
	Port: cal_initial : A | {1 2 }
  - Chain level:
	State 1
	State 2


============================================================
+ Verbose Summary: Datapath Resource usage 
============================================================

* Functional unit list:
|----------|------------------------|---------|---------|
| Operation|     Functional Unit    |    FF   |   LUT   |
|----------|------------------------|---------|---------|
|   call   |    grp_read_A_fu_146   |    68   |    85   |
|          | grp_out_initial_fu_216 |    16   |    26   |
|----------|------------------------|---------|---------|
|   Total  |                        |    84   |   111   |
|----------|------------------------|---------|---------|

Memories:
N/A

* Register list:
N/A

* Multiplexer (MUX) list: 
|--------|------|------|------|--------|
|  Comp  |  Pin | Size |  BW  | S x BW |
|--------|------|------|------|--------|
|  Total |      |      |      |    0   |
|--------|------|------|------|--------|



* Summary:
+-----------+--------+--------+
|           |   FF   |   LUT  |
+-----------+--------+--------+
|  Function |   84   |   111  |
|   Memory  |    -   |    -   |
|Multiplexer|    -   |    -   |
|  Register |    -   |    -   |
+-----------+--------+--------+
|   Total   |   84   |   111  |
+-----------+--------+--------+
