

================================================================
== Vivado HLS Report for 'out_initial'
================================================================
* Date:           Fri Mar  8 14:10:14 2019

* Version:        2018.2 (Build 2258646 on Thu Jun 14 20:25:20 MDT 2018)
* Project:        cal_gemm
* Solution:       solution
* Product family: zynq
* Target device:  xc7z020clg484-1


================================================================
== Performance Estimates
================================================================
+ Timing (ns): 
    * Summary: 
    +--------+-------+----------+------------+
    |  Clock | Target| Estimated| Uncertainty|
    +--------+-------+----------+------------+
    |ap_clk  |  10.00|     3.254|        2.70|
    +--------+-------+----------+------------+

+ Latency (clock cycles): 
    * Summary: 
    +-----+-----+-----+-----+---------+
    |  Latency  |  Interval | Pipeline|
    | min | max | min | max |   Type  |
    +-----+-----+-----+-----+---------+
    |  171|  171|  171|  171|   none  |
    +-----+-----+-----+-----+---------+

    + Detail: 
        * Instance: 
        N/A

        * Loop: 
        +----------+-----+-----+----------+-----------+-----------+------+----------+
        |          |  Latency  | Iteration|  Initiation Interval  | Trip |          |
        | Loop Name| min | max |  Latency |  achieved |   target  | Count| Pipelined|
        +----------+-----+-----+----------+-----------+-----------+------+----------+
        |- Loop 1  |  169|  169|         1|          1|          1|   169|    yes   |
        +----------+-----+-----+----------+-----------+-----------+------+----------+

============================================================
+ Verbose Summary: Synthesis Manager
============================================================
InlineROM: 1
ExposeGlobal: 0
============================================================
+ Verbose Summary: CDFG Model
============================================================
IsTopModel: 0
ResetActiveHigh: 1
IsCombinational: 2
IsDatapathOnly: 0
HasWiredReturn: 1
HasMFsm: 0
HasVarLatency: 1
IsPipeline: 0
IsRtlPipelined: 0
IsInstanceOverlapped: 0
IsDontTouch: 0
HasImplIP: 0
IsGatedGlobalClock: 0

+ Individual pipeline summary: 
  * Pipeline-0: initiation interval (II) = 1, depth = 1


============================================================
+ Verbose Summary: Schedule
============================================================
* Number of FSM states : 3
* Pipeline : 1
  Pipeline-0 : II = 1, D = 1, States = { 2 }
* Dataflow Pipeline: 0

* FSM state transitions: 
1 --> 
	2  / true
2 --> 
	3  / (exitcond1)
	2  / (!exitcond1)
3 --> 

* FSM state operations: 

State 1 <SV = 0> <Delay = 1.76>
ST_1 : Operation 4 [1/1] (1.76ns)   --->   "br label %1" [/home/sdsoc/yc_ws/sdx_ws/proj/YOLO-master/cpp/HGUFPGAConv/HGUConv_0/src/kernel.cpp:16]   --->   Operation 4 'br' <Predicate = true> <Delay = 1.76>

State 2 <SV = 1> <Delay = 3.25>
ST_2 : Operation 5 [1/1] (0.00ns)   --->   "%j = phi i8 [ 0, %0 ], [ %j_2, %2 ]"   --->   Operation 5 'phi' 'j' <Predicate = true> <Delay = 0.00>
ST_2 : Operation 6 [1/1] (1.55ns)   --->   "%exitcond1 = icmp eq i8 %j, -87" [/home/sdsoc/yc_ws/sdx_ws/proj/YOLO-master/cpp/HGUFPGAConv/HGUConv_0/src/kernel.cpp:16]   --->   Operation 6 'icmp' 'exitcond1' <Predicate = true> <Delay = 1.55> <Core = "Cmp">   --->   Core 25 'Cmp' <Latency = 0> <II = 1> <Delay = 1.55> <FuncUnit> <Opcode : 'icmp'> <InPorts = 2> <OutPorts = 1>
ST_2 : Operation 7 [1/1] (0.00ns)   --->   "%empty = call i32 (...)* @_ssdm_op_SpecLoopTripCount(i64 169, i64 169, i64 169)"   --->   Operation 7 'speclooptripcount' 'empty' <Predicate = true> <Delay = 0.00>
ST_2 : Operation 8 [1/1] (1.91ns)   --->   "%j_2 = add i8 %j, 1" [/home/sdsoc/yc_ws/sdx_ws/proj/YOLO-master/cpp/HGUFPGAConv/HGUConv_0/src/kernel.cpp:16]   --->   Operation 8 'add' 'j_2' <Predicate = true> <Delay = 1.91> <Core = "AddSub">   --->   Core 14 'AddSub' <Latency = 0> <II = 1> <Delay = 1.91> <FuncUnit> <Opcode : 'add' 'sub'> <InPorts = 2> <OutPorts = 1>
ST_2 : Operation 9 [1/1] (0.00ns)   --->   "br i1 %exitcond1, label %3, label %2" [/home/sdsoc/yc_ws/sdx_ws/proj/YOLO-master/cpp/HGUFPGAConv/HGUConv_0/src/kernel.cpp:16]   --->   Operation 9 'br' <Predicate = true> <Delay = 0.00>
ST_2 : Operation 10 [1/1] (0.00ns)   --->   "%j_cast = zext i8 %j to i32" [/home/sdsoc/yc_ws/sdx_ws/proj/YOLO-master/cpp/HGUFPGAConv/HGUConv_0/src/kernel.cpp:16]   --->   Operation 10 'zext' 'j_cast' <Predicate = (!exitcond1)> <Delay = 0.00>
ST_2 : Operation 11 [1/1] (0.00ns)   --->   "%tmp = call i32 (...)* @_ssdm_op_SpecRegionBegin([12 x i8]* @p_str2)" [/home/sdsoc/yc_ws/sdx_ws/proj/YOLO-master/cpp/HGUFPGAConv/HGUConv_0/src/kernel.cpp:16]   --->   Operation 11 'specregionbegin' 'tmp' <Predicate = (!exitcond1)> <Delay = 0.00>
ST_2 : Operation 12 [1/1] (0.00ns)   --->   "call void (...)* @_ssdm_op_SpecPipeline(i32 -1, i32 1, i32 1, i32 0, [1 x i8]* @p_str1) nounwind" [/home/sdsoc/yc_ws/sdx_ws/proj/YOLO-master/cpp/HGUFPGAConv/HGUConv_0/src/kernel.cpp:17]   --->   Operation 12 'specpipeline' <Predicate = (!exitcond1)> <Delay = 0.00>
ST_2 : Operation 13 [1/1] (0.00ns)   --->   "%lout_0_addr = getelementptr [169 x float]* %lout_0, i32 0, i32 %j_cast" [/home/sdsoc/yc_ws/sdx_ws/proj/YOLO-master/cpp/HGUFPGAConv/HGUConv_0/src/kernel.cpp:16]   --->   Operation 13 'getelementptr' 'lout_0_addr' <Predicate = (!exitcond1)> <Delay = 0.00>
ST_2 : Operation 14 [1/1] (3.25ns)   --->   "store float 0.000000e+00, float* %lout_0_addr, align 4" [/home/sdsoc/yc_ws/sdx_ws/proj/YOLO-master/cpp/HGUFPGAConv/HGUConv_0/src/kernel.cpp:19]   --->   Operation 14 'store' <Predicate = (!exitcond1)> <Delay = 3.25> <Core = "RAM">   --->   Core 37 'RAM' <Latency = 1> <II = 1> <Delay = 3.25> <Storage> <Opcode : 'load' 'store'> <Ports = 2> <Width = 32> <Depth = 169> <RAM>
ST_2 : Operation 15 [1/1] (0.00ns)   --->   "%lout_1_addr = getelementptr [169 x float]* %lout_1, i32 0, i32 %j_cast" [/home/sdsoc/yc_ws/sdx_ws/proj/YOLO-master/cpp/HGUFPGAConv/HGUConv_0/src/kernel.cpp:16]   --->   Operation 15 'getelementptr' 'lout_1_addr' <Predicate = (!exitcond1)> <Delay = 0.00>
ST_2 : Operation 16 [1/1] (3.25ns)   --->   "store float 0.000000e+00, float* %lout_1_addr, align 4" [/home/sdsoc/yc_ws/sdx_ws/proj/YOLO-master/cpp/HGUFPGAConv/HGUConv_0/src/kernel.cpp:19]   --->   Operation 16 'store' <Predicate = (!exitcond1)> <Delay = 3.25> <Core = "RAM">   --->   Core 37 'RAM' <Latency = 1> <II = 1> <Delay = 3.25> <Storage> <Opcode : 'load' 'store'> <Ports = 2> <Width = 32> <Depth = 169> <RAM>
ST_2 : Operation 17 [1/1] (0.00ns)   --->   "%lout_2_addr = getelementptr [169 x float]* %lout_2, i32 0, i32 %j_cast" [/home/sdsoc/yc_ws/sdx_ws/proj/YOLO-master/cpp/HGUFPGAConv/HGUConv_0/src/kernel.cpp:16]   --->   Operation 17 'getelementptr' 'lout_2_addr' <Predicate = (!exitcond1)> <Delay = 0.00>
ST_2 : Operation 18 [1/1] (3.25ns)   --->   "store float 0.000000e+00, float* %lout_2_addr, align 4" [/home/sdsoc/yc_ws/sdx_ws/proj/YOLO-master/cpp/HGUFPGAConv/HGUConv_0/src/kernel.cpp:19]   --->   Operation 18 'store' <Predicate = (!exitcond1)> <Delay = 3.25> <Core = "RAM">   --->   Core 37 'RAM' <Latency = 1> <II = 1> <Delay = 3.25> <Storage> <Opcode : 'load' 'store'> <Ports = 2> <Width = 32> <Depth = 169> <RAM>
ST_2 : Operation 19 [1/1] (0.00ns)   --->   "%lout_3_addr = getelementptr [169 x float]* %lout_3, i32 0, i32 %j_cast" [/home/sdsoc/yc_ws/sdx_ws/proj/YOLO-master/cpp/HGUFPGAConv/HGUConv_0/src/kernel.cpp:16]   --->   Operation 19 'getelementptr' 'lout_3_addr' <Predicate = (!exitcond1)> <Delay = 0.00>
ST_2 : Operation 20 [1/1] (3.25ns)   --->   "store float 0.000000e+00, float* %lout_3_addr, align 4" [/home/sdsoc/yc_ws/sdx_ws/proj/YOLO-master/cpp/HGUFPGAConv/HGUConv_0/src/kernel.cpp:19]   --->   Operation 20 'store' <Predicate = (!exitcond1)> <Delay = 3.25> <Core = "RAM">   --->   Core 37 'RAM' <Latency = 1> <II = 1> <Delay = 3.25> <Storage> <Opcode : 'load' 'store'> <Ports = 2> <Width = 32> <Depth = 169> <RAM>
ST_2 : Operation 21 [1/1] (0.00ns)   --->   "%lout_4_addr = getelementptr [169 x float]* %lout_4, i32 0, i32 %j_cast" [/home/sdsoc/yc_ws/sdx_ws/proj/YOLO-master/cpp/HGUFPGAConv/HGUConv_0/src/kernel.cpp:16]   --->   Operation 21 'getelementptr' 'lout_4_addr' <Predicate = (!exitcond1)> <Delay = 0.00>
ST_2 : Operation 22 [1/1] (3.25ns)   --->   "store float 0.000000e+00, float* %lout_4_addr, align 4" [/home/sdsoc/yc_ws/sdx_ws/proj/YOLO-master/cpp/HGUFPGAConv/HGUConv_0/src/kernel.cpp:19]   --->   Operation 22 'store' <Predicate = (!exitcond1)> <Delay = 3.25> <Core = "RAM">   --->   Core 37 'RAM' <Latency = 1> <II = 1> <Delay = 3.25> <Storage> <Opcode : 'load' 'store'> <Ports = 2> <Width = 32> <Depth = 169> <RAM>
ST_2 : Operation 23 [1/1] (0.00ns)   --->   "%lout_5_addr = getelementptr [169 x float]* %lout_5, i32 0, i32 %j_cast" [/home/sdsoc/yc_ws/sdx_ws/proj/YOLO-master/cpp/HGUFPGAConv/HGUConv_0/src/kernel.cpp:16]   --->   Operation 23 'getelementptr' 'lout_5_addr' <Predicate = (!exitcond1)> <Delay = 0.00>
ST_2 : Operation 24 [1/1] (3.25ns)   --->   "store float 0.000000e+00, float* %lout_5_addr, align 4" [/home/sdsoc/yc_ws/sdx_ws/proj/YOLO-master/cpp/HGUFPGAConv/HGUConv_0/src/kernel.cpp:19]   --->   Operation 24 'store' <Predicate = (!exitcond1)> <Delay = 3.25> <Core = "RAM">   --->   Core 37 'RAM' <Latency = 1> <II = 1> <Delay = 3.25> <Storage> <Opcode : 'load' 'store'> <Ports = 2> <Width = 32> <Depth = 169> <RAM>
ST_2 : Operation 25 [1/1] (0.00ns)   --->   "%lout_6_addr = getelementptr [169 x float]* %lout_6, i32 0, i32 %j_cast" [/home/sdsoc/yc_ws/sdx_ws/proj/YOLO-master/cpp/HGUFPGAConv/HGUConv_0/src/kernel.cpp:16]   --->   Operation 25 'getelementptr' 'lout_6_addr' <Predicate = (!exitcond1)> <Delay = 0.00>
ST_2 : Operation 26 [1/1] (3.25ns)   --->   "store float 0.000000e+00, float* %lout_6_addr, align 4" [/home/sdsoc/yc_ws/sdx_ws/proj/YOLO-master/cpp/HGUFPGAConv/HGUConv_0/src/kernel.cpp:19]   --->   Operation 26 'store' <Predicate = (!exitcond1)> <Delay = 3.25> <Core = "RAM">   --->   Core 37 'RAM' <Latency = 1> <II = 1> <Delay = 3.25> <Storage> <Opcode : 'load' 'store'> <Ports = 2> <Width = 32> <Depth = 169> <RAM>
ST_2 : Operation 27 [1/1] (0.00ns)   --->   "%lout_7_addr = getelementptr [169 x float]* %lout_7, i32 0, i32 %j_cast" [/home/sdsoc/yc_ws/sdx_ws/proj/YOLO-master/cpp/HGUFPGAConv/HGUConv_0/src/kernel.cpp:16]   --->   Operation 27 'getelementptr' 'lout_7_addr' <Predicate = (!exitcond1)> <Delay = 0.00>
ST_2 : Operation 28 [1/1] (3.25ns)   --->   "store float 0.000000e+00, float* %lout_7_addr, align 4" [/home/sdsoc/yc_ws/sdx_ws/proj/YOLO-master/cpp/HGUFPGAConv/HGUConv_0/src/kernel.cpp:19]   --->   Operation 28 'store' <Predicate = (!exitcond1)> <Delay = 3.25> <Core = "RAM">   --->   Core 37 'RAM' <Latency = 1> <II = 1> <Delay = 3.25> <Storage> <Opcode : 'load' 'store'> <Ports = 2> <Width = 32> <Depth = 169> <RAM>
ST_2 : Operation 29 [1/1] (0.00ns)   --->   "%lout_8_addr = getelementptr [169 x float]* %lout_8, i32 0, i32 %j_cast" [/home/sdsoc/yc_ws/sdx_ws/proj/YOLO-master/cpp/HGUFPGAConv/HGUConv_0/src/kernel.cpp:16]   --->   Operation 29 'getelementptr' 'lout_8_addr' <Predicate = (!exitcond1)> <Delay = 0.00>
ST_2 : Operation 30 [1/1] (3.25ns)   --->   "store float 0.000000e+00, float* %lout_8_addr, align 4" [/home/sdsoc/yc_ws/sdx_ws/proj/YOLO-master/cpp/HGUFPGAConv/HGUConv_0/src/kernel.cpp:19]   --->   Operation 30 'store' <Predicate = (!exitcond1)> <Delay = 3.25> <Core = "RAM">   --->   Core 37 'RAM' <Latency = 1> <II = 1> <Delay = 3.25> <Storage> <Opcode : 'load' 'store'> <Ports = 2> <Width = 32> <Depth = 169> <RAM>
ST_2 : Operation 31 [1/1] (0.00ns)   --->   "%lout_9_addr = getelementptr [169 x float]* %lout_9, i32 0, i32 %j_cast" [/home/sdsoc/yc_ws/sdx_ws/proj/YOLO-master/cpp/HGUFPGAConv/HGUConv_0/src/kernel.cpp:16]   --->   Operation 31 'getelementptr' 'lout_9_addr' <Predicate = (!exitcond1)> <Delay = 0.00>
ST_2 : Operation 32 [1/1] (3.25ns)   --->   "store float 0.000000e+00, float* %lout_9_addr, align 4" [/home/sdsoc/yc_ws/sdx_ws/proj/YOLO-master/cpp/HGUFPGAConv/HGUConv_0/src/kernel.cpp:19]   --->   Operation 32 'store' <Predicate = (!exitcond1)> <Delay = 3.25> <Core = "RAM">   --->   Core 37 'RAM' <Latency = 1> <II = 1> <Delay = 3.25> <Storage> <Opcode : 'load' 'store'> <Ports = 2> <Width = 32> <Depth = 169> <RAM>
ST_2 : Operation 33 [1/1] (0.00ns)   --->   "%lout_10_addr = getelementptr [169 x float]* %lout_10, i32 0, i32 %j_cast" [/home/sdsoc/yc_ws/sdx_ws/proj/YOLO-master/cpp/HGUFPGAConv/HGUConv_0/src/kernel.cpp:16]   --->   Operation 33 'getelementptr' 'lout_10_addr' <Predicate = (!exitcond1)> <Delay = 0.00>
ST_2 : Operation 34 [1/1] (3.25ns)   --->   "store float 0.000000e+00, float* %lout_10_addr, align 4" [/home/sdsoc/yc_ws/sdx_ws/proj/YOLO-master/cpp/HGUFPGAConv/HGUConv_0/src/kernel.cpp:19]   --->   Operation 34 'store' <Predicate = (!exitcond1)> <Delay = 3.25> <Core = "RAM">   --->   Core 37 'RAM' <Latency = 1> <II = 1> <Delay = 3.25> <Storage> <Opcode : 'load' 'store'> <Ports = 2> <Width = 32> <Depth = 169> <RAM>
ST_2 : Operation 35 [1/1] (0.00ns)   --->   "%lout_11_addr = getelementptr [169 x float]* %lout_11, i32 0, i32 %j_cast" [/home/sdsoc/yc_ws/sdx_ws/proj/YOLO-master/cpp/HGUFPGAConv/HGUConv_0/src/kernel.cpp:16]   --->   Operation 35 'getelementptr' 'lout_11_addr' <Predicate = (!exitcond1)> <Delay = 0.00>
ST_2 : Operation 36 [1/1] (3.25ns)   --->   "store float 0.000000e+00, float* %lout_11_addr, align 4" [/home/sdsoc/yc_ws/sdx_ws/proj/YOLO-master/cpp/HGUFPGAConv/HGUConv_0/src/kernel.cpp:19]   --->   Operation 36 'store' <Predicate = (!exitcond1)> <Delay = 3.25> <Core = "RAM">   --->   Core 37 'RAM' <Latency = 1> <II = 1> <Delay = 3.25> <Storage> <Opcode : 'load' 'store'> <Ports = 2> <Width = 32> <Depth = 169> <RAM>
ST_2 : Operation 37 [1/1] (0.00ns)   --->   "%lout_12_addr = getelementptr [169 x float]* %lout_12, i32 0, i32 %j_cast" [/home/sdsoc/yc_ws/sdx_ws/proj/YOLO-master/cpp/HGUFPGAConv/HGUConv_0/src/kernel.cpp:16]   --->   Operation 37 'getelementptr' 'lout_12_addr' <Predicate = (!exitcond1)> <Delay = 0.00>
ST_2 : Operation 38 [1/1] (3.25ns)   --->   "store float 0.000000e+00, float* %lout_12_addr, align 4" [/home/sdsoc/yc_ws/sdx_ws/proj/YOLO-master/cpp/HGUFPGAConv/HGUConv_0/src/kernel.cpp:19]   --->   Operation 38 'store' <Predicate = (!exitcond1)> <Delay = 3.25> <Core = "RAM">   --->   Core 37 'RAM' <Latency = 1> <II = 1> <Delay = 3.25> <Storage> <Opcode : 'load' 'store'> <Ports = 2> <Width = 32> <Depth = 169> <RAM>
ST_2 : Operation 39 [1/1] (0.00ns)   --->   "%lout_13_addr = getelementptr [169 x float]* %lout_13, i32 0, i32 %j_cast" [/home/sdsoc/yc_ws/sdx_ws/proj/YOLO-master/cpp/HGUFPGAConv/HGUConv_0/src/kernel.cpp:16]   --->   Operation 39 'getelementptr' 'lout_13_addr' <Predicate = (!exitcond1)> <Delay = 0.00>
ST_2 : Operation 40 [1/1] (3.25ns)   --->   "store float 0.000000e+00, float* %lout_13_addr, align 4" [/home/sdsoc/yc_ws/sdx_ws/proj/YOLO-master/cpp/HGUFPGAConv/HGUConv_0/src/kernel.cpp:19]   --->   Operation 40 'store' <Predicate = (!exitcond1)> <Delay = 3.25> <Core = "RAM">   --->   Core 37 'RAM' <Latency = 1> <II = 1> <Delay = 3.25> <Storage> <Opcode : 'load' 'store'> <Ports = 2> <Width = 32> <Depth = 169> <RAM>
ST_2 : Operation 41 [1/1] (0.00ns)   --->   "%lout_14_addr = getelementptr [169 x float]* %lout_14, i32 0, i32 %j_cast" [/home/sdsoc/yc_ws/sdx_ws/proj/YOLO-master/cpp/HGUFPGAConv/HGUConv_0/src/kernel.cpp:16]   --->   Operation 41 'getelementptr' 'lout_14_addr' <Predicate = (!exitcond1)> <Delay = 0.00>
ST_2 : Operation 42 [1/1] (3.25ns)   --->   "store float 0.000000e+00, float* %lout_14_addr, align 4" [/home/sdsoc/yc_ws/sdx_ws/proj/YOLO-master/cpp/HGUFPGAConv/HGUConv_0/src/kernel.cpp:19]   --->   Operation 42 'store' <Predicate = (!exitcond1)> <Delay = 3.25> <Core = "RAM">   --->   Core 37 'RAM' <Latency = 1> <II = 1> <Delay = 3.25> <Storage> <Opcode : 'load' 'store'> <Ports = 2> <Width = 32> <Depth = 169> <RAM>
ST_2 : Operation 43 [1/1] (0.00ns)   --->   "%lout_15_addr = getelementptr [169 x float]* %lout_15, i32 0, i32 %j_cast" [/home/sdsoc/yc_ws/sdx_ws/proj/YOLO-master/cpp/HGUFPGAConv/HGUConv_0/src/kernel.cpp:16]   --->   Operation 43 'getelementptr' 'lout_15_addr' <Predicate = (!exitcond1)> <Delay = 0.00>
ST_2 : Operation 44 [1/1] (3.25ns)   --->   "store float 0.000000e+00, float* %lout_15_addr, align 4" [/home/sdsoc/yc_ws/sdx_ws/proj/YOLO-master/cpp/HGUFPGAConv/HGUConv_0/src/kernel.cpp:19]   --->   Operation 44 'store' <Predicate = (!exitcond1)> <Delay = 3.25> <Core = "RAM">   --->   Core 37 'RAM' <Latency = 1> <II = 1> <Delay = 3.25> <Storage> <Opcode : 'load' 'store'> <Ports = 2> <Width = 32> <Depth = 169> <RAM>
ST_2 : Operation 45 [1/1] (0.00ns)   --->   "%lout_16_addr = getelementptr [169 x float]* %lout_16, i32 0, i32 %j_cast" [/home/sdsoc/yc_ws/sdx_ws/proj/YOLO-master/cpp/HGUFPGAConv/HGUConv_0/src/kernel.cpp:16]   --->   Operation 45 'getelementptr' 'lout_16_addr' <Predicate = (!exitcond1)> <Delay = 0.00>
ST_2 : Operation 46 [1/1] (3.25ns)   --->   "store float 0.000000e+00, float* %lout_16_addr, align 4" [/home/sdsoc/yc_ws/sdx_ws/proj/YOLO-master/cpp/HGUFPGAConv/HGUConv_0/src/kernel.cpp:19]   --->   Operation 46 'store' <Predicate = (!exitcond1)> <Delay = 3.25> <Core = "RAM">   --->   Core 37 'RAM' <Latency = 1> <II = 1> <Delay = 3.25> <Storage> <Opcode : 'load' 'store'> <Ports = 2> <Width = 32> <Depth = 169> <RAM>
ST_2 : Operation 47 [1/1] (0.00ns)   --->   "%lout_17_addr = getelementptr [169 x float]* %lout_17, i32 0, i32 %j_cast" [/home/sdsoc/yc_ws/sdx_ws/proj/YOLO-master/cpp/HGUFPGAConv/HGUConv_0/src/kernel.cpp:16]   --->   Operation 47 'getelementptr' 'lout_17_addr' <Predicate = (!exitcond1)> <Delay = 0.00>
ST_2 : Operation 48 [1/1] (3.25ns)   --->   "store float 0.000000e+00, float* %lout_17_addr, align 4" [/home/sdsoc/yc_ws/sdx_ws/proj/YOLO-master/cpp/HGUFPGAConv/HGUConv_0/src/kernel.cpp:19]   --->   Operation 48 'store' <Predicate = (!exitcond1)> <Delay = 3.25> <Core = "RAM">   --->   Core 37 'RAM' <Latency = 1> <II = 1> <Delay = 3.25> <Storage> <Opcode : 'load' 'store'> <Ports = 2> <Width = 32> <Depth = 169> <RAM>
ST_2 : Operation 49 [1/1] (0.00ns)   --->   "%lout_18_addr = getelementptr [169 x float]* %lout_18, i32 0, i32 %j_cast" [/home/sdsoc/yc_ws/sdx_ws/proj/YOLO-master/cpp/HGUFPGAConv/HGUConv_0/src/kernel.cpp:16]   --->   Operation 49 'getelementptr' 'lout_18_addr' <Predicate = (!exitcond1)> <Delay = 0.00>
ST_2 : Operation 50 [1/1] (3.25ns)   --->   "store float 0.000000e+00, float* %lout_18_addr, align 4" [/home/sdsoc/yc_ws/sdx_ws/proj/YOLO-master/cpp/HGUFPGAConv/HGUConv_0/src/kernel.cpp:19]   --->   Operation 50 'store' <Predicate = (!exitcond1)> <Delay = 3.25> <Core = "RAM">   --->   Core 37 'RAM' <Latency = 1> <II = 1> <Delay = 3.25> <Storage> <Opcode : 'load' 'store'> <Ports = 2> <Width = 32> <Depth = 169> <RAM>
ST_2 : Operation 51 [1/1] (0.00ns)   --->   "%lout_19_addr = getelementptr [169 x float]* %lout_19, i32 0, i32 %j_cast" [/home/sdsoc/yc_ws/sdx_ws/proj/YOLO-master/cpp/HGUFPGAConv/HGUConv_0/src/kernel.cpp:16]   --->   Operation 51 'getelementptr' 'lout_19_addr' <Predicate = (!exitcond1)> <Delay = 0.00>
ST_2 : Operation 52 [1/1] (3.25ns)   --->   "store float 0.000000e+00, float* %lout_19_addr, align 4" [/home/sdsoc/yc_ws/sdx_ws/proj/YOLO-master/cpp/HGUFPGAConv/HGUConv_0/src/kernel.cpp:19]   --->   Operation 52 'store' <Predicate = (!exitcond1)> <Delay = 3.25> <Core = "RAM">   --->   Core 37 'RAM' <Latency = 1> <II = 1> <Delay = 3.25> <Storage> <Opcode : 'load' 'store'> <Ports = 2> <Width = 32> <Depth = 169> <RAM>
ST_2 : Operation 53 [1/1] (0.00ns)   --->   "%lout_20_addr = getelementptr [169 x float]* %lout_20, i32 0, i32 %j_cast" [/home/sdsoc/yc_ws/sdx_ws/proj/YOLO-master/cpp/HGUFPGAConv/HGUConv_0/src/kernel.cpp:16]   --->   Operation 53 'getelementptr' 'lout_20_addr' <Predicate = (!exitcond1)> <Delay = 0.00>
ST_2 : Operation 54 [1/1] (3.25ns)   --->   "store float 0.000000e+00, float* %lout_20_addr, align 4" [/home/sdsoc/yc_ws/sdx_ws/proj/YOLO-master/cpp/HGUFPGAConv/HGUConv_0/src/kernel.cpp:19]   --->   Operation 54 'store' <Predicate = (!exitcond1)> <Delay = 3.25> <Core = "RAM">   --->   Core 37 'RAM' <Latency = 1> <II = 1> <Delay = 3.25> <Storage> <Opcode : 'load' 'store'> <Ports = 2> <Width = 32> <Depth = 169> <RAM>
ST_2 : Operation 55 [1/1] (0.00ns)   --->   "%lout_21_addr = getelementptr [169 x float]* %lout_21, i32 0, i32 %j_cast" [/home/sdsoc/yc_ws/sdx_ws/proj/YOLO-master/cpp/HGUFPGAConv/HGUConv_0/src/kernel.cpp:16]   --->   Operation 55 'getelementptr' 'lout_21_addr' <Predicate = (!exitcond1)> <Delay = 0.00>
ST_2 : Operation 56 [1/1] (3.25ns)   --->   "store float 0.000000e+00, float* %lout_21_addr, align 4" [/home/sdsoc/yc_ws/sdx_ws/proj/YOLO-master/cpp/HGUFPGAConv/HGUConv_0/src/kernel.cpp:19]   --->   Operation 56 'store' <Predicate = (!exitcond1)> <Delay = 3.25> <Core = "RAM">   --->   Core 37 'RAM' <Latency = 1> <II = 1> <Delay = 3.25> <Storage> <Opcode : 'load' 'store'> <Ports = 2> <Width = 32> <Depth = 169> <RAM>
ST_2 : Operation 57 [1/1] (0.00ns)   --->   "%lout_22_addr = getelementptr [169 x float]* %lout_22, i32 0, i32 %j_cast" [/home/sdsoc/yc_ws/sdx_ws/proj/YOLO-master/cpp/HGUFPGAConv/HGUConv_0/src/kernel.cpp:16]   --->   Operation 57 'getelementptr' 'lout_22_addr' <Predicate = (!exitcond1)> <Delay = 0.00>
ST_2 : Operation 58 [1/1] (3.25ns)   --->   "store float 0.000000e+00, float* %lout_22_addr, align 4" [/home/sdsoc/yc_ws/sdx_ws/proj/YOLO-master/cpp/HGUFPGAConv/HGUConv_0/src/kernel.cpp:19]   --->   Operation 58 'store' <Predicate = (!exitcond1)> <Delay = 3.25> <Core = "RAM">   --->   Core 37 'RAM' <Latency = 1> <II = 1> <Delay = 3.25> <Storage> <Opcode : 'load' 'store'> <Ports = 2> <Width = 32> <Depth = 169> <RAM>
ST_2 : Operation 59 [1/1] (0.00ns)   --->   "%lout_23_addr = getelementptr [169 x float]* %lout_23, i32 0, i32 %j_cast" [/home/sdsoc/yc_ws/sdx_ws/proj/YOLO-master/cpp/HGUFPGAConv/HGUConv_0/src/kernel.cpp:16]   --->   Operation 59 'getelementptr' 'lout_23_addr' <Predicate = (!exitcond1)> <Delay = 0.00>
ST_2 : Operation 60 [1/1] (3.25ns)   --->   "store float 0.000000e+00, float* %lout_23_addr, align 4" [/home/sdsoc/yc_ws/sdx_ws/proj/YOLO-master/cpp/HGUFPGAConv/HGUConv_0/src/kernel.cpp:19]   --->   Operation 60 'store' <Predicate = (!exitcond1)> <Delay = 3.25> <Core = "RAM">   --->   Core 37 'RAM' <Latency = 1> <II = 1> <Delay = 3.25> <Storage> <Opcode : 'load' 'store'> <Ports = 2> <Width = 32> <Depth = 169> <RAM>
ST_2 : Operation 61 [1/1] (0.00ns)   --->   "%lout_24_addr = getelementptr [169 x float]* %lout_24, i32 0, i32 %j_cast" [/home/sdsoc/yc_ws/sdx_ws/proj/YOLO-master/cpp/HGUFPGAConv/HGUConv_0/src/kernel.cpp:16]   --->   Operation 61 'getelementptr' 'lout_24_addr' <Predicate = (!exitcond1)> <Delay = 0.00>
ST_2 : Operation 62 [1/1] (3.25ns)   --->   "store float 0.000000e+00, float* %lout_24_addr, align 4" [/home/sdsoc/yc_ws/sdx_ws/proj/YOLO-master/cpp/HGUFPGAConv/HGUConv_0/src/kernel.cpp:19]   --->   Operation 62 'store' <Predicate = (!exitcond1)> <Delay = 3.25> <Core = "RAM">   --->   Core 37 'RAM' <Latency = 1> <II = 1> <Delay = 3.25> <Storage> <Opcode : 'load' 'store'> <Ports = 2> <Width = 32> <Depth = 169> <RAM>
ST_2 : Operation 63 [1/1] (0.00ns)   --->   "%lout_25_addr = getelementptr [169 x float]* %lout_25, i32 0, i32 %j_cast" [/home/sdsoc/yc_ws/sdx_ws/proj/YOLO-master/cpp/HGUFPGAConv/HGUConv_0/src/kernel.cpp:16]   --->   Operation 63 'getelementptr' 'lout_25_addr' <Predicate = (!exitcond1)> <Delay = 0.00>
ST_2 : Operation 64 [1/1] (3.25ns)   --->   "store float 0.000000e+00, float* %lout_25_addr, align 4" [/home/sdsoc/yc_ws/sdx_ws/proj/YOLO-master/cpp/HGUFPGAConv/HGUConv_0/src/kernel.cpp:19]   --->   Operation 64 'store' <Predicate = (!exitcond1)> <Delay = 3.25> <Core = "RAM">   --->   Core 37 'RAM' <Latency = 1> <II = 1> <Delay = 3.25> <Storage> <Opcode : 'load' 'store'> <Ports = 2> <Width = 32> <Depth = 169> <RAM>
ST_2 : Operation 65 [1/1] (0.00ns)   --->   "%lout_26_addr = getelementptr [169 x float]* %lout_26, i32 0, i32 %j_cast" [/home/sdsoc/yc_ws/sdx_ws/proj/YOLO-master/cpp/HGUFPGAConv/HGUConv_0/src/kernel.cpp:16]   --->   Operation 65 'getelementptr' 'lout_26_addr' <Predicate = (!exitcond1)> <Delay = 0.00>
ST_2 : Operation 66 [1/1] (3.25ns)   --->   "store float 0.000000e+00, float* %lout_26_addr, align 4" [/home/sdsoc/yc_ws/sdx_ws/proj/YOLO-master/cpp/HGUFPGAConv/HGUConv_0/src/kernel.cpp:19]   --->   Operation 66 'store' <Predicate = (!exitcond1)> <Delay = 3.25> <Core = "RAM">   --->   Core 37 'RAM' <Latency = 1> <II = 1> <Delay = 3.25> <Storage> <Opcode : 'load' 'store'> <Ports = 2> <Width = 32> <Depth = 169> <RAM>
ST_2 : Operation 67 [1/1] (0.00ns)   --->   "%lout_27_addr = getelementptr [169 x float]* %lout_27, i32 0, i32 %j_cast" [/home/sdsoc/yc_ws/sdx_ws/proj/YOLO-master/cpp/HGUFPGAConv/HGUConv_0/src/kernel.cpp:16]   --->   Operation 67 'getelementptr' 'lout_27_addr' <Predicate = (!exitcond1)> <Delay = 0.00>
ST_2 : Operation 68 [1/1] (3.25ns)   --->   "store float 0.000000e+00, float* %lout_27_addr, align 4" [/home/sdsoc/yc_ws/sdx_ws/proj/YOLO-master/cpp/HGUFPGAConv/HGUConv_0/src/kernel.cpp:19]   --->   Operation 68 'store' <Predicate = (!exitcond1)> <Delay = 3.25> <Core = "RAM">   --->   Core 37 'RAM' <Latency = 1> <II = 1> <Delay = 3.25> <Storage> <Opcode : 'load' 'store'> <Ports = 2> <Width = 32> <Depth = 169> <RAM>
ST_2 : Operation 69 [1/1] (0.00ns)   --->   "%lout_28_addr = getelementptr [169 x float]* %lout_28, i32 0, i32 %j_cast" [/home/sdsoc/yc_ws/sdx_ws/proj/YOLO-master/cpp/HGUFPGAConv/HGUConv_0/src/kernel.cpp:16]   --->   Operation 69 'getelementptr' 'lout_28_addr' <Predicate = (!exitcond1)> <Delay = 0.00>
ST_2 : Operation 70 [1/1] (3.25ns)   --->   "store float 0.000000e+00, float* %lout_28_addr, align 4" [/home/sdsoc/yc_ws/sdx_ws/proj/YOLO-master/cpp/HGUFPGAConv/HGUConv_0/src/kernel.cpp:19]   --->   Operation 70 'store' <Predicate = (!exitcond1)> <Delay = 3.25> <Core = "RAM">   --->   Core 37 'RAM' <Latency = 1> <II = 1> <Delay = 3.25> <Storage> <Opcode : 'load' 'store'> <Ports = 2> <Width = 32> <Depth = 169> <RAM>
ST_2 : Operation 71 [1/1] (0.00ns)   --->   "%lout_29_addr = getelementptr [169 x float]* %lout_29, i32 0, i32 %j_cast" [/home/sdsoc/yc_ws/sdx_ws/proj/YOLO-master/cpp/HGUFPGAConv/HGUConv_0/src/kernel.cpp:16]   --->   Operation 71 'getelementptr' 'lout_29_addr' <Predicate = (!exitcond1)> <Delay = 0.00>
ST_2 : Operation 72 [1/1] (3.25ns)   --->   "store float 0.000000e+00, float* %lout_29_addr, align 4" [/home/sdsoc/yc_ws/sdx_ws/proj/YOLO-master/cpp/HGUFPGAConv/HGUConv_0/src/kernel.cpp:19]   --->   Operation 72 'store' <Predicate = (!exitcond1)> <Delay = 3.25> <Core = "RAM">   --->   Core 37 'RAM' <Latency = 1> <II = 1> <Delay = 3.25> <Storage> <Opcode : 'load' 'store'> <Ports = 2> <Width = 32> <Depth = 169> <RAM>
ST_2 : Operation 73 [1/1] (0.00ns)   --->   "%lout_30_addr = getelementptr [169 x float]* %lout_30, i32 0, i32 %j_cast" [/home/sdsoc/yc_ws/sdx_ws/proj/YOLO-master/cpp/HGUFPGAConv/HGUConv_0/src/kernel.cpp:16]   --->   Operation 73 'getelementptr' 'lout_30_addr' <Predicate = (!exitcond1)> <Delay = 0.00>
ST_2 : Operation 74 [1/1] (3.25ns)   --->   "store float 0.000000e+00, float* %lout_30_addr, align 4" [/home/sdsoc/yc_ws/sdx_ws/proj/YOLO-master/cpp/HGUFPGAConv/HGUConv_0/src/kernel.cpp:19]   --->   Operation 74 'store' <Predicate = (!exitcond1)> <Delay = 3.25> <Core = "RAM">   --->   Core 37 'RAM' <Latency = 1> <II = 1> <Delay = 3.25> <Storage> <Opcode : 'load' 'store'> <Ports = 2> <Width = 32> <Depth = 169> <RAM>
ST_2 : Operation 75 [1/1] (0.00ns)   --->   "%lout_31_addr = getelementptr [169 x float]* %lout_31, i32 0, i32 %j_cast" [/home/sdsoc/yc_ws/sdx_ws/proj/YOLO-master/cpp/HGUFPGAConv/HGUConv_0/src/kernel.cpp:16]   --->   Operation 75 'getelementptr' 'lout_31_addr' <Predicate = (!exitcond1)> <Delay = 0.00>
ST_2 : Operation 76 [1/1] (3.25ns)   --->   "store float 0.000000e+00, float* %lout_31_addr, align 4" [/home/sdsoc/yc_ws/sdx_ws/proj/YOLO-master/cpp/HGUFPGAConv/HGUConv_0/src/kernel.cpp:19]   --->   Operation 76 'store' <Predicate = (!exitcond1)> <Delay = 3.25> <Core = "RAM">   --->   Core 37 'RAM' <Latency = 1> <II = 1> <Delay = 3.25> <Storage> <Opcode : 'load' 'store'> <Ports = 2> <Width = 32> <Depth = 169> <RAM>
ST_2 : Operation 77 [1/1] (0.00ns)   --->   "%empty_5 = call i32 (...)* @_ssdm_op_SpecRegionEnd([12 x i8]* @p_str2, i32 %tmp)" [/home/sdsoc/yc_ws/sdx_ws/proj/YOLO-master/cpp/HGUFPGAConv/HGUConv_0/src/kernel.cpp:21]   --->   Operation 77 'specregionend' 'empty_5' <Predicate = (!exitcond1)> <Delay = 0.00>
ST_2 : Operation 78 [1/1] (0.00ns)   --->   "br label %1" [/home/sdsoc/yc_ws/sdx_ws/proj/YOLO-master/cpp/HGUFPGAConv/HGUConv_0/src/kernel.cpp:16]   --->   Operation 78 'br' <Predicate = (!exitcond1)> <Delay = 0.00>

State 3 <SV = 2> <Delay = 0.00>
ST_3 : Operation 79 [1/1] (0.00ns)   --->   "ret void" [/home/sdsoc/yc_ws/sdx_ws/proj/YOLO-master/cpp/HGUFPGAConv/HGUConv_0/src/kernel.cpp:22]   --->   Operation 79 'ret' <Predicate = true> <Delay = 0.00>


============================================================
+ Verbose Summary: Binding
============================================================
STG Binding: 
---------------- STG Properties BEGIN ----------------
- Is combinational: 0
- Is one-state seq: 0
- Is datapath-only: 0
- Is pipelined: 0
- Is top level: 0
Port [ Return ] is wired: 1; IO mode=ap_ctrl_hs:ce=0
Port [ lout_0]:  wired=1; compound=1; hidden=0; nouse=0; global=0; static=0; extern=0; dir=1; type=1; pingpong=0; private_global=0; MemPort=[03]; IO mode=ap_memory:ce=0
Port [ lout_1]:  wired=1; compound=1; hidden=0; nouse=0; global=0; static=0; extern=0; dir=1; type=1; pingpong=0; private_global=0; MemPort=[03]; IO mode=ap_memory:ce=0
Port [ lout_2]:  wired=1; compound=1; hidden=0; nouse=0; global=0; static=0; extern=0; dir=1; type=1; pingpong=0; private_global=0; MemPort=[03]; IO mode=ap_memory:ce=0
Port [ lout_3]:  wired=1; compound=1; hidden=0; nouse=0; global=0; static=0; extern=0; dir=1; type=1; pingpong=0; private_global=0; MemPort=[03]; IO mode=ap_memory:ce=0
Port [ lout_4]:  wired=1; compound=1; hidden=0; nouse=0; global=0; static=0; extern=0; dir=1; type=1; pingpong=0; private_global=0; MemPort=[03]; IO mode=ap_memory:ce=0
Port [ lout_5]:  wired=1; compound=1; hidden=0; nouse=0; global=0; static=0; extern=0; dir=1; type=1; pingpong=0; private_global=0; MemPort=[03]; IO mode=ap_memory:ce=0
Port [ lout_6]:  wired=1; compound=1; hidden=0; nouse=0; global=0; static=0; extern=0; dir=1; type=1; pingpong=0; private_global=0; MemPort=[03]; IO mode=ap_memory:ce=0
Port [ lout_7]:  wired=1; compound=1; hidden=0; nouse=0; global=0; static=0; extern=0; dir=1; type=1; pingpong=0; private_global=0; MemPort=[03]; IO mode=ap_memory:ce=0
Port [ lout_8]:  wired=1; compound=1; hidden=0; nouse=0; global=0; static=0; extern=0; dir=1; type=1; pingpong=0; private_global=0; MemPort=[03]; IO mode=ap_memory:ce=0
Port [ lout_9]:  wired=1; compound=1; hidden=0; nouse=0; global=0; static=0; extern=0; dir=1; type=1; pingpong=0; private_global=0; MemPort=[03]; IO mode=ap_memory:ce=0
Port [ lout_10]:  wired=1; compound=1; hidden=0; nouse=0; global=0; static=0; extern=0; dir=1; type=1; pingpong=0; private_global=0; MemPort=[03]; IO mode=ap_memory:ce=0
Port [ lout_11]:  wired=1; compound=1; hidden=0; nouse=0; global=0; static=0; extern=0; dir=1; type=1; pingpong=0; private_global=0; MemPort=[03]; IO mode=ap_memory:ce=0
Port [ lout_12]:  wired=1; compound=1; hidden=0; nouse=0; global=0; static=0; extern=0; dir=1; type=1; pingpong=0; private_global=0; MemPort=[03]; IO mode=ap_memory:ce=0
Port [ lout_13]:  wired=1; compound=1; hidden=0; nouse=0; global=0; static=0; extern=0; dir=1; type=1; pingpong=0; private_global=0; MemPort=[03]; IO mode=ap_memory:ce=0
Port [ lout_14]:  wired=1; compound=1; hidden=0; nouse=0; global=0; static=0; extern=0; dir=1; type=1; pingpong=0; private_global=0; MemPort=[03]; IO mode=ap_memory:ce=0
Port [ lout_15]:  wired=1; compound=1; hidden=0; nouse=0; global=0; static=0; extern=0; dir=1; type=1; pingpong=0; private_global=0; MemPort=[03]; IO mode=ap_memory:ce=0
Port [ lout_16]:  wired=1; compound=1; hidden=0; nouse=0; global=0; static=0; extern=0; dir=1; type=1; pingpong=0; private_global=0; MemPort=[03]; IO mode=ap_memory:ce=0
Port [ lout_17]:  wired=1; compound=1; hidden=0; nouse=0; global=0; static=0; extern=0; dir=1; type=1; pingpong=0; private_global=0; MemPort=[03]; IO mode=ap_memory:ce=0
Port [ lout_18]:  wired=1; compound=1; hidden=0; nouse=0; global=0; static=0; extern=0; dir=1; type=1; pingpong=0; private_global=0; MemPort=[03]; IO mode=ap_memory:ce=0
Port [ lout_19]:  wired=1; compound=1; hidden=0; nouse=0; global=0; static=0; extern=0; dir=1; type=1; pingpong=0; private_global=0; MemPort=[03]; IO mode=ap_memory:ce=0
Port [ lout_20]:  wired=1; compound=1; hidden=0; nouse=0; global=0; static=0; extern=0; dir=1; type=1; pingpong=0; private_global=0; MemPort=[03]; IO mode=ap_memory:ce=0
Port [ lout_21]:  wired=1; compound=1; hidden=0; nouse=0; global=0; static=0; extern=0; dir=1; type=1; pingpong=0; private_global=0; MemPort=[03]; IO mode=ap_memory:ce=0
Port [ lout_22]:  wired=1; compound=1; hidden=0; nouse=0; global=0; static=0; extern=0; dir=1; type=1; pingpong=0; private_global=0; MemPort=[03]; IO mode=ap_memory:ce=0
Port [ lout_23]:  wired=1; compound=1; hidden=0; nouse=0; global=0; static=0; extern=0; dir=1; type=1; pingpong=0; private_global=0; MemPort=[03]; IO mode=ap_memory:ce=0
Port [ lout_24]:  wired=1; compound=1; hidden=0; nouse=0; global=0; static=0; extern=0; dir=1; type=1; pingpong=0; private_global=0; MemPort=[03]; IO mode=ap_memory:ce=0
Port [ lout_25]:  wired=1; compound=1; hidden=0; nouse=0; global=0; static=0; extern=0; dir=1; type=1; pingpong=0; private_global=0; MemPort=[03]; IO mode=ap_memory:ce=0
Port [ lout_26]:  wired=1; compound=1; hidden=0; nouse=0; global=0; static=0; extern=0; dir=1; type=1; pingpong=0; private_global=0; MemPort=[03]; IO mode=ap_memory:ce=0
Port [ lout_27]:  wired=1; compound=1; hidden=0; nouse=0; global=0; static=0; extern=0; dir=1; type=1; pingpong=0; private_global=0; MemPort=[03]; IO mode=ap_memory:ce=0
Port [ lout_28]:  wired=1; compound=1; hidden=0; nouse=0; global=0; static=0; extern=0; dir=1; type=1; pingpong=0; private_global=0; MemPort=[03]; IO mode=ap_memory:ce=0
Port [ lout_29]:  wired=1; compound=1; hidden=0; nouse=0; global=0; static=0; extern=0; dir=1; type=1; pingpong=0; private_global=0; MemPort=[03]; IO mode=ap_memory:ce=0
Port [ lout_30]:  wired=1; compound=1; hidden=0; nouse=0; global=0; static=0; extern=0; dir=1; type=1; pingpong=0; private_global=0; MemPort=[03]; IO mode=ap_memory:ce=0
Port [ lout_31]:  wired=1; compound=1; hidden=0; nouse=0; global=0; static=0; extern=0; dir=1; type=1; pingpong=0; private_global=0; MemPort=[03]; IO mode=ap_memory:ce=0
---------------- STG Properties END ------------------

---------------- Datapath Model BEGIN ----------------

<LifeTime>
<method=bitvector/>
StgValue_4   (br               ) [ 0110]
j            (phi              ) [ 0010]
exitcond1    (icmp             ) [ 0010]
empty        (speclooptripcount) [ 0000]
j_2          (add              ) [ 0110]
StgValue_9   (br               ) [ 0000]
j_cast       (zext             ) [ 0000]
tmp          (specregionbegin  ) [ 0000]
StgValue_12  (specpipeline     ) [ 0000]
lout_0_addr  (getelementptr    ) [ 0000]
StgValue_14  (store            ) [ 0000]
lout_1_addr  (getelementptr    ) [ 0000]
StgValue_16  (store            ) [ 0000]
lout_2_addr  (getelementptr    ) [ 0000]
StgValue_18  (store            ) [ 0000]
lout_3_addr  (getelementptr    ) [ 0000]
StgValue_20  (store            ) [ 0000]
lout_4_addr  (getelementptr    ) [ 0000]
StgValue_22  (store            ) [ 0000]
lout_5_addr  (getelementptr    ) [ 0000]
StgValue_24  (store            ) [ 0000]
lout_6_addr  (getelementptr    ) [ 0000]
StgValue_26  (store            ) [ 0000]
lout_7_addr  (getelementptr    ) [ 0000]
StgValue_28  (store            ) [ 0000]
lout_8_addr  (getelementptr    ) [ 0000]
StgValue_30  (store            ) [ 0000]
lout_9_addr  (getelementptr    ) [ 0000]
StgValue_32  (store            ) [ 0000]
lout_10_addr (getelementptr    ) [ 0000]
StgValue_34  (store            ) [ 0000]
lout_11_addr (getelementptr    ) [ 0000]
StgValue_36  (store            ) [ 0000]
lout_12_addr (getelementptr    ) [ 0000]
StgValue_38  (store            ) [ 0000]
lout_13_addr (getelementptr    ) [ 0000]
StgValue_40  (store            ) [ 0000]
lout_14_addr (getelementptr    ) [ 0000]
StgValue_42  (store            ) [ 0000]
lout_15_addr (getelementptr    ) [ 0000]
StgValue_44  (store            ) [ 0000]
lout_16_addr (getelementptr    ) [ 0000]
StgValue_46  (store            ) [ 0000]
lout_17_addr (getelementptr    ) [ 0000]
StgValue_48  (store            ) [ 0000]
lout_18_addr (getelementptr    ) [ 0000]
StgValue_50  (store            ) [ 0000]
lout_19_addr (getelementptr    ) [ 0000]
StgValue_52  (store            ) [ 0000]
lout_20_addr (getelementptr    ) [ 0000]
StgValue_54  (store            ) [ 0000]
lout_21_addr (getelementptr    ) [ 0000]
StgValue_56  (store            ) [ 0000]
lout_22_addr (getelementptr    ) [ 0000]
StgValue_58  (store            ) [ 0000]
lout_23_addr (getelementptr    ) [ 0000]
StgValue_60  (store            ) [ 0000]
lout_24_addr (getelementptr    ) [ 0000]
StgValue_62  (store            ) [ 0000]
lout_25_addr (getelementptr    ) [ 0000]
StgValue_64  (store            ) [ 0000]
lout_26_addr (getelementptr    ) [ 0000]
StgValue_66  (store            ) [ 0000]
lout_27_addr (getelementptr    ) [ 0000]
StgValue_68  (store            ) [ 0000]
lout_28_addr (getelementptr    ) [ 0000]
StgValue_70  (store            ) [ 0000]
lout_29_addr (getelementptr    ) [ 0000]
StgValue_72  (store            ) [ 0000]
lout_30_addr (getelementptr    ) [ 0000]
StgValue_74  (store            ) [ 0000]
lout_31_addr (getelementptr    ) [ 0000]
StgValue_76  (store            ) [ 0000]
empty_5      (specregionend    ) [ 0000]
StgValue_78  (br               ) [ 0110]
StgValue_79  (ret              ) [ 0000]
</LifeTime>

<model>

<comp_list>
<comp id="0" class="1000" name="lout_0">
<pin_list>
<pin id="1" dir="1" index="0" bw="1" slack="0"/>
</pin_list>
<bind>
<StgValue><ssdm name="lout_0"/><MemPortTyVec>0 3 </MemPortTyVec>
</StgValue>
</bind>
</comp>

<comp id="2" class="1000" name="lout_1">
<pin_list>
<pin id="3" dir="1" index="0" bw="1" slack="0"/>
</pin_list>
<bind>
<StgValue><ssdm name="lout_1"/><MemPortTyVec>0 3 </MemPortTyVec>
</StgValue>
</bind>
</comp>

<comp id="4" class="1000" name="lout_2">
<pin_list>
<pin id="5" dir="1" index="0" bw="1" slack="0"/>
</pin_list>
<bind>
<StgValue><ssdm name="lout_2"/><MemPortTyVec>0 3 </MemPortTyVec>
</StgValue>
</bind>
</comp>

<comp id="6" class="1000" name="lout_3">
<pin_list>
<pin id="7" dir="1" index="0" bw="1" slack="0"/>
</pin_list>
<bind>
<StgValue><ssdm name="lout_3"/><MemPortTyVec>0 3 </MemPortTyVec>
</StgValue>
</bind>
</comp>

<comp id="8" class="1000" name="lout_4">
<pin_list>
<pin id="9" dir="1" index="0" bw="1" slack="0"/>
</pin_list>
<bind>
<StgValue><ssdm name="lout_4"/><MemPortTyVec>0 3 </MemPortTyVec>
</StgValue>
</bind>
</comp>

<comp id="10" class="1000" name="lout_5">
<pin_list>
<pin id="11" dir="1" index="0" bw="1" slack="0"/>
</pin_list>
<bind>
<StgValue><ssdm name="lout_5"/><MemPortTyVec>0 3 </MemPortTyVec>
</StgValue>
</bind>
</comp>

<comp id="12" class="1000" name="lout_6">
<pin_list>
<pin id="13" dir="1" index="0" bw="1" slack="0"/>
</pin_list>
<bind>
<StgValue><ssdm name="lout_6"/><MemPortTyVec>0 3 </MemPortTyVec>
</StgValue>
</bind>
</comp>

<comp id="14" class="1000" name="lout_7">
<pin_list>
<pin id="15" dir="1" index="0" bw="1" slack="0"/>
</pin_list>
<bind>
<StgValue><ssdm name="lout_7"/><MemPortTyVec>0 3 </MemPortTyVec>
</StgValue>
</bind>
</comp>

<comp id="16" class="1000" name="lout_8">
<pin_list>
<pin id="17" dir="1" index="0" bw="1" slack="0"/>
</pin_list>
<bind>
<StgValue><ssdm name="lout_8"/><MemPortTyVec>0 3 </MemPortTyVec>
</StgValue>
</bind>
</comp>

<comp id="18" class="1000" name="lout_9">
<pin_list>
<pin id="19" dir="1" index="0" bw="1" slack="0"/>
</pin_list>
<bind>
<StgValue><ssdm name="lout_9"/><MemPortTyVec>0 3 </MemPortTyVec>
</StgValue>
</bind>
</comp>

<comp id="20" class="1000" name="lout_10">
<pin_list>
<pin id="21" dir="1" index="0" bw="1" slack="0"/>
</pin_list>
<bind>
<StgValue><ssdm name="lout_10"/><MemPortTyVec>0 3 </MemPortTyVec>
</StgValue>
</bind>
</comp>

<comp id="22" class="1000" name="lout_11">
<pin_list>
<pin id="23" dir="1" index="0" bw="1" slack="0"/>
</pin_list>
<bind>
<StgValue><ssdm name="lout_11"/><MemPortTyVec>0 3 </MemPortTyVec>
</StgValue>
</bind>
</comp>

<comp id="24" class="1000" name="lout_12">
<pin_list>
<pin id="25" dir="1" index="0" bw="1" slack="0"/>
</pin_list>
<bind>
<StgValue><ssdm name="lout_12"/><MemPortTyVec>0 3 </MemPortTyVec>
</StgValue>
</bind>
</comp>

<comp id="26" class="1000" name="lout_13">
<pin_list>
<pin id="27" dir="1" index="0" bw="1" slack="0"/>
</pin_list>
<bind>
<StgValue><ssdm name="lout_13"/><MemPortTyVec>0 3 </MemPortTyVec>
</StgValue>
</bind>
</comp>

<comp id="28" class="1000" name="lout_14">
<pin_list>
<pin id="29" dir="1" index="0" bw="1" slack="0"/>
</pin_list>
<bind>
<StgValue><ssdm name="lout_14"/><MemPortTyVec>0 3 </MemPortTyVec>
</StgValue>
</bind>
</comp>

<comp id="30" class="1000" name="lout_15">
<pin_list>
<pin id="31" dir="1" index="0" bw="1" slack="0"/>
</pin_list>
<bind>
<StgValue><ssdm name="lout_15"/><MemPortTyVec>0 3 </MemPortTyVec>
</StgValue>
</bind>
</comp>

<comp id="32" class="1000" name="lout_16">
<pin_list>
<pin id="33" dir="1" index="0" bw="1" slack="0"/>
</pin_list>
<bind>
<StgValue><ssdm name="lout_16"/><MemPortTyVec>0 3 </MemPortTyVec>
</StgValue>
</bind>
</comp>

<comp id="34" class="1000" name="lout_17">
<pin_list>
<pin id="35" dir="1" index="0" bw="1" slack="0"/>
</pin_list>
<bind>
<StgValue><ssdm name="lout_17"/><MemPortTyVec>0 3 </MemPortTyVec>
</StgValue>
</bind>
</comp>

<comp id="36" class="1000" name="lout_18">
<pin_list>
<pin id="37" dir="1" index="0" bw="1" slack="0"/>
</pin_list>
<bind>
<StgValue><ssdm name="lout_18"/><MemPortTyVec>0 3 </MemPortTyVec>
</StgValue>
</bind>
</comp>

<comp id="38" class="1000" name="lout_19">
<pin_list>
<pin id="39" dir="1" index="0" bw="1" slack="0"/>
</pin_list>
<bind>
<StgValue><ssdm name="lout_19"/><MemPortTyVec>0 3 </MemPortTyVec>
</StgValue>
</bind>
</comp>

<comp id="40" class="1000" name="lout_20">
<pin_list>
<pin id="41" dir="1" index="0" bw="1" slack="0"/>
</pin_list>
<bind>
<StgValue><ssdm name="lout_20"/><MemPortTyVec>0 3 </MemPortTyVec>
</StgValue>
</bind>
</comp>

<comp id="42" class="1000" name="lout_21">
<pin_list>
<pin id="43" dir="1" index="0" bw="1" slack="0"/>
</pin_list>
<bind>
<StgValue><ssdm name="lout_21"/><MemPortTyVec>0 3 </MemPortTyVec>
</StgValue>
</bind>
</comp>

<comp id="44" class="1000" name="lout_22">
<pin_list>
<pin id="45" dir="1" index="0" bw="1" slack="0"/>
</pin_list>
<bind>
<StgValue><ssdm name="lout_22"/><MemPortTyVec>0 3 </MemPortTyVec>
</StgValue>
</bind>
</comp>

<comp id="46" class="1000" name="lout_23">
<pin_list>
<pin id="47" dir="1" index="0" bw="1" slack="0"/>
</pin_list>
<bind>
<StgValue><ssdm name="lout_23"/><MemPortTyVec>0 3 </MemPortTyVec>
</StgValue>
</bind>
</comp>

<comp id="48" class="1000" name="lout_24">
<pin_list>
<pin id="49" dir="1" index="0" bw="1" slack="0"/>
</pin_list>
<bind>
<StgValue><ssdm name="lout_24"/><MemPortTyVec>0 3 </MemPortTyVec>
</StgValue>
</bind>
</comp>

<comp id="50" class="1000" name="lout_25">
<pin_list>
<pin id="51" dir="1" index="0" bw="1" slack="0"/>
</pin_list>
<bind>
<StgValue><ssdm name="lout_25"/><MemPortTyVec>0 3 </MemPortTyVec>
</StgValue>
</bind>
</comp>

<comp id="52" class="1000" name="lout_26">
<pin_list>
<pin id="53" dir="1" index="0" bw="1" slack="0"/>
</pin_list>
<bind>
<StgValue><ssdm name="lout_26"/><MemPortTyVec>0 3 </MemPortTyVec>
</StgValue>
</bind>
</comp>

<comp id="54" class="1000" name="lout_27">
<pin_list>
<pin id="55" dir="1" index="0" bw="1" slack="0"/>
</pin_list>
<bind>
<StgValue><ssdm name="lout_27"/><MemPortTyVec>0 3 </MemPortTyVec>
</StgValue>
</bind>
</comp>

<comp id="56" class="1000" name="lout_28">
<pin_list>
<pin id="57" dir="1" index="0" bw="1" slack="0"/>
</pin_list>
<bind>
<StgValue><ssdm name="lout_28"/><MemPortTyVec>0 3 </MemPortTyVec>
</StgValue>
</bind>
</comp>

<comp id="58" class="1000" name="lout_29">
<pin_list>
<pin id="59" dir="1" index="0" bw="1" slack="0"/>
</pin_list>
<bind>
<StgValue><ssdm name="lout_29"/><MemPortTyVec>0 3 </MemPortTyVec>
</StgValue>
</bind>
</comp>

<comp id="60" class="1000" name="lout_30">
<pin_list>
<pin id="61" dir="1" index="0" bw="1" slack="0"/>
</pin_list>
<bind>
<StgValue><ssdm name="lout_30"/><MemPortTyVec>0 3 </MemPortTyVec>
</StgValue>
</bind>
</comp>

<comp id="62" class="1000" name="lout_31">
<pin_list>
<pin id="63" dir="1" index="0" bw="1" slack="0"/>
</pin_list>
<bind>
<StgValue><ssdm name="lout_31"/><MemPortTyVec>0 3 </MemPortTyVec>
</StgValue>
</bind>
</comp>

<comp id="64" class="1001" name="const_64">
<pin_list>
<pin id="65" dir="1" index="0" bw="1" slack="1"/>
</pin_list>
<bind>
<StgValue><ssdm name=""/></StgValue>
</bind>
</comp>

<comp id="66" class="1001" name="const_66">
<pin_list>
<pin id="67" dir="1" index="0" bw="1" slack="0"/>
</pin_list>
<bind>
<StgValue><ssdm name=""/></StgValue>
</bind>
</comp>

<comp id="68" class="1001" name="const_68">
<pin_list>
<pin id="69" dir="1" index="0" bw="1" slack="2147483647"/>
</pin_list>
<bind>
<StgValue><ssdm name="_ssdm_op_SpecLoopTripCount"/></StgValue>
</bind>
</comp>

<comp id="70" class="1001" name="const_70">
<pin_list>
<pin id="71" dir="1" index="0" bw="1" slack="2147483647"/>
</pin_list>
<bind>
<StgValue><ssdm name=""/></StgValue>
</bind>
</comp>

<comp id="72" class="1001" name="const_72">
<pin_list>
<pin id="73" dir="1" index="0" bw="1" slack="0"/>
</pin_list>
<bind>
<StgValue><ssdm name=""/></StgValue>
</bind>
</comp>

<comp id="74" class="1001" name="const_74">
<pin_list>
<pin id="75" dir="1" index="0" bw="1" slack="2147483647"/>
</pin_list>
<bind>
<StgValue><ssdm name="_ssdm_op_SpecRegionBegin"/></StgValue>
</bind>
</comp>

<comp id="76" class="1001" name="const_76">
<pin_list>
<pin id="77" dir="1" index="0" bw="1" slack="2147483647"/>
</pin_list>
<bind>
<StgValue><ssdm name="p_str2"/></StgValue>
</bind>
</comp>

<comp id="78" class="1001" name="const_78">
<pin_list>
<pin id="79" dir="1" index="0" bw="1" slack="2147483647"/>
</pin_list>
<bind>
<StgValue><ssdm name="_ssdm_op_SpecPipeline"/></StgValue>
</bind>
</comp>

<comp id="80" class="1001" name="const_80">
<pin_list>
<pin id="81" dir="1" index="0" bw="1" slack="2147483647"/>
</pin_list>
<bind>
<StgValue><ssdm name=""/></StgValue>
</bind>
</comp>

<comp id="82" class="1001" name="const_82">
<pin_list>
<pin id="83" dir="1" index="0" bw="1" slack="2147483647"/>
</pin_list>
<bind>
<StgValue><ssdm name=""/></StgValue>
</bind>
</comp>

<comp id="84" class="1001" name="const_84">
<pin_list>
<pin id="85" dir="1" index="0" bw="1" slack="0"/>
</pin_list>
<bind>
<StgValue><ssdm name=""/></StgValue>
</bind>
</comp>

<comp id="86" class="1001" name="const_86">
<pin_list>
<pin id="87" dir="1" index="0" bw="1" slack="2147483647"/>
</pin_list>
<bind>
<StgValue><ssdm name="p_str1"/></StgValue>
</bind>
</comp>

<comp id="88" class="1001" name="const_88">
<pin_list>
<pin id="89" dir="1" index="0" bw="1" slack="0"/>
</pin_list>
<bind>
<StgValue><ssdm name=""/></StgValue>
</bind>
</comp>

<comp id="90" class="1001" name="const_90">
<pin_list>
<pin id="91" dir="1" index="0" bw="1" slack="2147483647"/>
</pin_list>
<bind>
<StgValue><ssdm name="_ssdm_op_SpecRegionEnd"/></StgValue>
</bind>
</comp>

<comp id="92" class="1004" name="lout_0_addr_gep_fu_92">
<pin_list>
<pin id="93" dir="0" index="0" bw="32" slack="0"/>
<pin id="94" dir="0" index="1" bw="1" slack="0"/>
<pin id="95" dir="0" index="2" bw="8" slack="0"/>
<pin id="96" dir="1" index="3" bw="8" slack="0"/>
</pin_list>
<bind>
<opcode="getelementptr(29) " fcode="getelementptr"/>
<opset="lout_0_addr/2 "/>
</bind>
</comp>

<comp id="99" class="1004" name="StgValue_14_access_fu_99">
<pin_list>
<pin id="100" dir="0" index="0" bw="8" slack="0"/>
<pin id="101" dir="0" index="1" bw="32" slack="0"/>
<pin id="102" dir="0" index="2" bw="0" slack="2147483647"/>
<pin id="103" dir="1" index="3" bw="32" slack="2147483647"/>
</pin_list>
<bind>
<opcode="store(28) " fcode="store"/>
<opset="StgValue_14/2 "/>
</bind>
</comp>

<comp id="106" class="1004" name="lout_1_addr_gep_fu_106">
<pin_list>
<pin id="107" dir="0" index="0" bw="32" slack="0"/>
<pin id="108" dir="0" index="1" bw="1" slack="0"/>
<pin id="109" dir="0" index="2" bw="8" slack="0"/>
<pin id="110" dir="1" index="3" bw="8" slack="0"/>
</pin_list>
<bind>
<opcode="getelementptr(29) " fcode="getelementptr"/>
<opset="lout_1_addr/2 "/>
</bind>
</comp>

<comp id="113" class="1004" name="StgValue_16_access_fu_113">
<pin_list>
<pin id="114" dir="0" index="0" bw="8" slack="0"/>
<pin id="115" dir="0" index="1" bw="32" slack="0"/>
<pin id="116" dir="0" index="2" bw="0" slack="2147483647"/>
<pin id="117" dir="1" index="3" bw="32" slack="2147483647"/>
</pin_list>
<bind>
<opcode="store(28) " fcode="store"/>
<opset="StgValue_16/2 "/>
</bind>
</comp>

<comp id="120" class="1004" name="lout_2_addr_gep_fu_120">
<pin_list>
<pin id="121" dir="0" index="0" bw="32" slack="0"/>
<pin id="122" dir="0" index="1" bw="1" slack="0"/>
<pin id="123" dir="0" index="2" bw="8" slack="0"/>
<pin id="124" dir="1" index="3" bw="8" slack="0"/>
</pin_list>
<bind>
<opcode="getelementptr(29) " fcode="getelementptr"/>
<opset="lout_2_addr/2 "/>
</bind>
</comp>

<comp id="127" class="1004" name="StgValue_18_access_fu_127">
<pin_list>
<pin id="128" dir="0" index="0" bw="8" slack="0"/>
<pin id="129" dir="0" index="1" bw="32" slack="0"/>
<pin id="130" dir="0" index="2" bw="0" slack="2147483647"/>
<pin id="131" dir="1" index="3" bw="32" slack="2147483647"/>
</pin_list>
<bind>
<opcode="store(28) " fcode="store"/>
<opset="StgValue_18/2 "/>
</bind>
</comp>

<comp id="134" class="1004" name="lout_3_addr_gep_fu_134">
<pin_list>
<pin id="135" dir="0" index="0" bw="32" slack="0"/>
<pin id="136" dir="0" index="1" bw="1" slack="0"/>
<pin id="137" dir="0" index="2" bw="8" slack="0"/>
<pin id="138" dir="1" index="3" bw="8" slack="0"/>
</pin_list>
<bind>
<opcode="getelementptr(29) " fcode="getelementptr"/>
<opset="lout_3_addr/2 "/>
</bind>
</comp>

<comp id="141" class="1004" name="StgValue_20_access_fu_141">
<pin_list>
<pin id="142" dir="0" index="0" bw="8" slack="0"/>
<pin id="143" dir="0" index="1" bw="32" slack="0"/>
<pin id="144" dir="0" index="2" bw="0" slack="2147483647"/>
<pin id="145" dir="1" index="3" bw="32" slack="2147483647"/>
</pin_list>
<bind>
<opcode="store(28) " fcode="store"/>
<opset="StgValue_20/2 "/>
</bind>
</comp>

<comp id="148" class="1004" name="lout_4_addr_gep_fu_148">
<pin_list>
<pin id="149" dir="0" index="0" bw="32" slack="0"/>
<pin id="150" dir="0" index="1" bw="1" slack="0"/>
<pin id="151" dir="0" index="2" bw="8" slack="0"/>
<pin id="152" dir="1" index="3" bw="8" slack="0"/>
</pin_list>
<bind>
<opcode="getelementptr(29) " fcode="getelementptr"/>
<opset="lout_4_addr/2 "/>
</bind>
</comp>

<comp id="155" class="1004" name="StgValue_22_access_fu_155">
<pin_list>
<pin id="156" dir="0" index="0" bw="8" slack="0"/>
<pin id="157" dir="0" index="1" bw="32" slack="0"/>
<pin id="158" dir="0" index="2" bw="0" slack="2147483647"/>
<pin id="159" dir="1" index="3" bw="32" slack="2147483647"/>
</pin_list>
<bind>
<opcode="store(28) " fcode="store"/>
<opset="StgValue_22/2 "/>
</bind>
</comp>

<comp id="162" class="1004" name="lout_5_addr_gep_fu_162">
<pin_list>
<pin id="163" dir="0" index="0" bw="32" slack="0"/>
<pin id="164" dir="0" index="1" bw="1" slack="0"/>
<pin id="165" dir="0" index="2" bw="8" slack="0"/>
<pin id="166" dir="1" index="3" bw="8" slack="0"/>
</pin_list>
<bind>
<opcode="getelementptr(29) " fcode="getelementptr"/>
<opset="lout_5_addr/2 "/>
</bind>
</comp>

<comp id="169" class="1004" name="StgValue_24_access_fu_169">
<pin_list>
<pin id="170" dir="0" index="0" bw="8" slack="0"/>
<pin id="171" dir="0" index="1" bw="32" slack="0"/>
<pin id="172" dir="0" index="2" bw="0" slack="2147483647"/>
<pin id="173" dir="1" index="3" bw="32" slack="2147483647"/>
</pin_list>
<bind>
<opcode="store(28) " fcode="store"/>
<opset="StgValue_24/2 "/>
</bind>
</comp>

<comp id="176" class="1004" name="lout_6_addr_gep_fu_176">
<pin_list>
<pin id="177" dir="0" index="0" bw="32" slack="0"/>
<pin id="178" dir="0" index="1" bw="1" slack="0"/>
<pin id="179" dir="0" index="2" bw="8" slack="0"/>
<pin id="180" dir="1" index="3" bw="8" slack="0"/>
</pin_list>
<bind>
<opcode="getelementptr(29) " fcode="getelementptr"/>
<opset="lout_6_addr/2 "/>
</bind>
</comp>

<comp id="183" class="1004" name="StgValue_26_access_fu_183">
<pin_list>
<pin id="184" dir="0" index="0" bw="8" slack="0"/>
<pin id="185" dir="0" index="1" bw="32" slack="0"/>
<pin id="186" dir="0" index="2" bw="0" slack="2147483647"/>
<pin id="187" dir="1" index="3" bw="32" slack="2147483647"/>
</pin_list>
<bind>
<opcode="store(28) " fcode="store"/>
<opset="StgValue_26/2 "/>
</bind>
</comp>

<comp id="190" class="1004" name="lout_7_addr_gep_fu_190">
<pin_list>
<pin id="191" dir="0" index="0" bw="32" slack="0"/>
<pin id="192" dir="0" index="1" bw="1" slack="0"/>
<pin id="193" dir="0" index="2" bw="8" slack="0"/>
<pin id="194" dir="1" index="3" bw="8" slack="0"/>
</pin_list>
<bind>
<opcode="getelementptr(29) " fcode="getelementptr"/>
<opset="lout_7_addr/2 "/>
</bind>
</comp>

<comp id="197" class="1004" name="StgValue_28_access_fu_197">
<pin_list>
<pin id="198" dir="0" index="0" bw="8" slack="0"/>
<pin id="199" dir="0" index="1" bw="32" slack="0"/>
<pin id="200" dir="0" index="2" bw="0" slack="2147483647"/>
<pin id="201" dir="1" index="3" bw="32" slack="2147483647"/>
</pin_list>
<bind>
<opcode="store(28) " fcode="store"/>
<opset="StgValue_28/2 "/>
</bind>
</comp>

<comp id="204" class="1004" name="lout_8_addr_gep_fu_204">
<pin_list>
<pin id="205" dir="0" index="0" bw="32" slack="0"/>
<pin id="206" dir="0" index="1" bw="1" slack="0"/>
<pin id="207" dir="0" index="2" bw="8" slack="0"/>
<pin id="208" dir="1" index="3" bw="8" slack="0"/>
</pin_list>
<bind>
<opcode="getelementptr(29) " fcode="getelementptr"/>
<opset="lout_8_addr/2 "/>
</bind>
</comp>

<comp id="211" class="1004" name="StgValue_30_access_fu_211">
<pin_list>
<pin id="212" dir="0" index="0" bw="8" slack="0"/>
<pin id="213" dir="0" index="1" bw="32" slack="0"/>
<pin id="214" dir="0" index="2" bw="0" slack="2147483647"/>
<pin id="215" dir="1" index="3" bw="32" slack="2147483647"/>
</pin_list>
<bind>
<opcode="store(28) " fcode="store"/>
<opset="StgValue_30/2 "/>
</bind>
</comp>

<comp id="218" class="1004" name="lout_9_addr_gep_fu_218">
<pin_list>
<pin id="219" dir="0" index="0" bw="32" slack="0"/>
<pin id="220" dir="0" index="1" bw="1" slack="0"/>
<pin id="221" dir="0" index="2" bw="8" slack="0"/>
<pin id="222" dir="1" index="3" bw="8" slack="0"/>
</pin_list>
<bind>
<opcode="getelementptr(29) " fcode="getelementptr"/>
<opset="lout_9_addr/2 "/>
</bind>
</comp>

<comp id="225" class="1004" name="StgValue_32_access_fu_225">
<pin_list>
<pin id="226" dir="0" index="0" bw="8" slack="0"/>
<pin id="227" dir="0" index="1" bw="32" slack="0"/>
<pin id="228" dir="0" index="2" bw="0" slack="2147483647"/>
<pin id="229" dir="1" index="3" bw="32" slack="2147483647"/>
</pin_list>
<bind>
<opcode="store(28) " fcode="store"/>
<opset="StgValue_32/2 "/>
</bind>
</comp>

<comp id="232" class="1004" name="lout_10_addr_gep_fu_232">
<pin_list>
<pin id="233" dir="0" index="0" bw="32" slack="0"/>
<pin id="234" dir="0" index="1" bw="1" slack="0"/>
<pin id="235" dir="0" index="2" bw="8" slack="0"/>
<pin id="236" dir="1" index="3" bw="8" slack="0"/>
</pin_list>
<bind>
<opcode="getelementptr(29) " fcode="getelementptr"/>
<opset="lout_10_addr/2 "/>
</bind>
</comp>

<comp id="239" class="1004" name="StgValue_34_access_fu_239">
<pin_list>
<pin id="240" dir="0" index="0" bw="8" slack="0"/>
<pin id="241" dir="0" index="1" bw="32" slack="0"/>
<pin id="242" dir="0" index="2" bw="0" slack="2147483647"/>
<pin id="243" dir="1" index="3" bw="32" slack="2147483647"/>
</pin_list>
<bind>
<opcode="store(28) " fcode="store"/>
<opset="StgValue_34/2 "/>
</bind>
</comp>

<comp id="246" class="1004" name="lout_11_addr_gep_fu_246">
<pin_list>
<pin id="247" dir="0" index="0" bw="32" slack="0"/>
<pin id="248" dir="0" index="1" bw="1" slack="0"/>
<pin id="249" dir="0" index="2" bw="8" slack="0"/>
<pin id="250" dir="1" index="3" bw="8" slack="0"/>
</pin_list>
<bind>
<opcode="getelementptr(29) " fcode="getelementptr"/>
<opset="lout_11_addr/2 "/>
</bind>
</comp>

<comp id="253" class="1004" name="StgValue_36_access_fu_253">
<pin_list>
<pin id="254" dir="0" index="0" bw="8" slack="0"/>
<pin id="255" dir="0" index="1" bw="32" slack="0"/>
<pin id="256" dir="0" index="2" bw="0" slack="2147483647"/>
<pin id="257" dir="1" index="3" bw="32" slack="2147483647"/>
</pin_list>
<bind>
<opcode="store(28) " fcode="store"/>
<opset="StgValue_36/2 "/>
</bind>
</comp>

<comp id="260" class="1004" name="lout_12_addr_gep_fu_260">
<pin_list>
<pin id="261" dir="0" index="0" bw="32" slack="0"/>
<pin id="262" dir="0" index="1" bw="1" slack="0"/>
<pin id="263" dir="0" index="2" bw="8" slack="0"/>
<pin id="264" dir="1" index="3" bw="8" slack="0"/>
</pin_list>
<bind>
<opcode="getelementptr(29) " fcode="getelementptr"/>
<opset="lout_12_addr/2 "/>
</bind>
</comp>

<comp id="267" class="1004" name="StgValue_38_access_fu_267">
<pin_list>
<pin id="268" dir="0" index="0" bw="8" slack="0"/>
<pin id="269" dir="0" index="1" bw="32" slack="0"/>
<pin id="270" dir="0" index="2" bw="0" slack="2147483647"/>
<pin id="271" dir="1" index="3" bw="32" slack="2147483647"/>
</pin_list>
<bind>
<opcode="store(28) " fcode="store"/>
<opset="StgValue_38/2 "/>
</bind>
</comp>

<comp id="274" class="1004" name="lout_13_addr_gep_fu_274">
<pin_list>
<pin id="275" dir="0" index="0" bw="32" slack="0"/>
<pin id="276" dir="0" index="1" bw="1" slack="0"/>
<pin id="277" dir="0" index="2" bw="8" slack="0"/>
<pin id="278" dir="1" index="3" bw="8" slack="0"/>
</pin_list>
<bind>
<opcode="getelementptr(29) " fcode="getelementptr"/>
<opset="lout_13_addr/2 "/>
</bind>
</comp>

<comp id="281" class="1004" name="StgValue_40_access_fu_281">
<pin_list>
<pin id="282" dir="0" index="0" bw="8" slack="0"/>
<pin id="283" dir="0" index="1" bw="32" slack="0"/>
<pin id="284" dir="0" index="2" bw="0" slack="2147483647"/>
<pin id="285" dir="1" index="3" bw="32" slack="2147483647"/>
</pin_list>
<bind>
<opcode="store(28) " fcode="store"/>
<opset="StgValue_40/2 "/>
</bind>
</comp>

<comp id="288" class="1004" name="lout_14_addr_gep_fu_288">
<pin_list>
<pin id="289" dir="0" index="0" bw="32" slack="0"/>
<pin id="290" dir="0" index="1" bw="1" slack="0"/>
<pin id="291" dir="0" index="2" bw="8" slack="0"/>
<pin id="292" dir="1" index="3" bw="8" slack="0"/>
</pin_list>
<bind>
<opcode="getelementptr(29) " fcode="getelementptr"/>
<opset="lout_14_addr/2 "/>
</bind>
</comp>

<comp id="295" class="1004" name="StgValue_42_access_fu_295">
<pin_list>
<pin id="296" dir="0" index="0" bw="8" slack="0"/>
<pin id="297" dir="0" index="1" bw="32" slack="0"/>
<pin id="298" dir="0" index="2" bw="0" slack="2147483647"/>
<pin id="299" dir="1" index="3" bw="32" slack="2147483647"/>
</pin_list>
<bind>
<opcode="store(28) " fcode="store"/>
<opset="StgValue_42/2 "/>
</bind>
</comp>

<comp id="302" class="1004" name="lout_15_addr_gep_fu_302">
<pin_list>
<pin id="303" dir="0" index="0" bw="32" slack="0"/>
<pin id="304" dir="0" index="1" bw="1" slack="0"/>
<pin id="305" dir="0" index="2" bw="8" slack="0"/>
<pin id="306" dir="1" index="3" bw="8" slack="0"/>
</pin_list>
<bind>
<opcode="getelementptr(29) " fcode="getelementptr"/>
<opset="lout_15_addr/2 "/>
</bind>
</comp>

<comp id="309" class="1004" name="StgValue_44_access_fu_309">
<pin_list>
<pin id="310" dir="0" index="0" bw="8" slack="0"/>
<pin id="311" dir="0" index="1" bw="32" slack="0"/>
<pin id="312" dir="0" index="2" bw="0" slack="2147483647"/>
<pin id="313" dir="1" index="3" bw="32" slack="2147483647"/>
</pin_list>
<bind>
<opcode="store(28) " fcode="store"/>
<opset="StgValue_44/2 "/>
</bind>
</comp>

<comp id="316" class="1004" name="lout_16_addr_gep_fu_316">
<pin_list>
<pin id="317" dir="0" index="0" bw="32" slack="0"/>
<pin id="318" dir="0" index="1" bw="1" slack="0"/>
<pin id="319" dir="0" index="2" bw="8" slack="0"/>
<pin id="320" dir="1" index="3" bw="8" slack="0"/>
</pin_list>
<bind>
<opcode="getelementptr(29) " fcode="getelementptr"/>
<opset="lout_16_addr/2 "/>
</bind>
</comp>

<comp id="323" class="1004" name="StgValue_46_access_fu_323">
<pin_list>
<pin id="324" dir="0" index="0" bw="8" slack="0"/>
<pin id="325" dir="0" index="1" bw="32" slack="0"/>
<pin id="326" dir="0" index="2" bw="0" slack="2147483647"/>
<pin id="327" dir="1" index="3" bw="32" slack="2147483647"/>
</pin_list>
<bind>
<opcode="store(28) " fcode="store"/>
<opset="StgValue_46/2 "/>
</bind>
</comp>

<comp id="330" class="1004" name="lout_17_addr_gep_fu_330">
<pin_list>
<pin id="331" dir="0" index="0" bw="32" slack="0"/>
<pin id="332" dir="0" index="1" bw="1" slack="0"/>
<pin id="333" dir="0" index="2" bw="8" slack="0"/>
<pin id="334" dir="1" index="3" bw="8" slack="0"/>
</pin_list>
<bind>
<opcode="getelementptr(29) " fcode="getelementptr"/>
<opset="lout_17_addr/2 "/>
</bind>
</comp>

<comp id="337" class="1004" name="StgValue_48_access_fu_337">
<pin_list>
<pin id="338" dir="0" index="0" bw="8" slack="0"/>
<pin id="339" dir="0" index="1" bw="32" slack="0"/>
<pin id="340" dir="0" index="2" bw="0" slack="2147483647"/>
<pin id="341" dir="1" index="3" bw="32" slack="2147483647"/>
</pin_list>
<bind>
<opcode="store(28) " fcode="store"/>
<opset="StgValue_48/2 "/>
</bind>
</comp>

<comp id="344" class="1004" name="lout_18_addr_gep_fu_344">
<pin_list>
<pin id="345" dir="0" index="0" bw="32" slack="0"/>
<pin id="346" dir="0" index="1" bw="1" slack="0"/>
<pin id="347" dir="0" index="2" bw="8" slack="0"/>
<pin id="348" dir="1" index="3" bw="8" slack="0"/>
</pin_list>
<bind>
<opcode="getelementptr(29) " fcode="getelementptr"/>
<opset="lout_18_addr/2 "/>
</bind>
</comp>

<comp id="351" class="1004" name="StgValue_50_access_fu_351">
<pin_list>
<pin id="352" dir="0" index="0" bw="8" slack="0"/>
<pin id="353" dir="0" index="1" bw="32" slack="0"/>
<pin id="354" dir="0" index="2" bw="0" slack="2147483647"/>
<pin id="355" dir="1" index="3" bw="32" slack="2147483647"/>
</pin_list>
<bind>
<opcode="store(28) " fcode="store"/>
<opset="StgValue_50/2 "/>
</bind>
</comp>

<comp id="358" class="1004" name="lout_19_addr_gep_fu_358">
<pin_list>
<pin id="359" dir="0" index="0" bw="32" slack="0"/>
<pin id="360" dir="0" index="1" bw="1" slack="0"/>
<pin id="361" dir="0" index="2" bw="8" slack="0"/>
<pin id="362" dir="1" index="3" bw="8" slack="0"/>
</pin_list>
<bind>
<opcode="getelementptr(29) " fcode="getelementptr"/>
<opset="lout_19_addr/2 "/>
</bind>
</comp>

<comp id="365" class="1004" name="StgValue_52_access_fu_365">
<pin_list>
<pin id="366" dir="0" index="0" bw="8" slack="0"/>
<pin id="367" dir="0" index="1" bw="32" slack="0"/>
<pin id="368" dir="0" index="2" bw="0" slack="2147483647"/>
<pin id="369" dir="1" index="3" bw="32" slack="2147483647"/>
</pin_list>
<bind>
<opcode="store(28) " fcode="store"/>
<opset="StgValue_52/2 "/>
</bind>
</comp>

<comp id="372" class="1004" name="lout_20_addr_gep_fu_372">
<pin_list>
<pin id="373" dir="0" index="0" bw="32" slack="0"/>
<pin id="374" dir="0" index="1" bw="1" slack="0"/>
<pin id="375" dir="0" index="2" bw="8" slack="0"/>
<pin id="376" dir="1" index="3" bw="8" slack="0"/>
</pin_list>
<bind>
<opcode="getelementptr(29) " fcode="getelementptr"/>
<opset="lout_20_addr/2 "/>
</bind>
</comp>

<comp id="379" class="1004" name="StgValue_54_access_fu_379">
<pin_list>
<pin id="380" dir="0" index="0" bw="8" slack="0"/>
<pin id="381" dir="0" index="1" bw="32" slack="0"/>
<pin id="382" dir="0" index="2" bw="0" slack="2147483647"/>
<pin id="383" dir="1" index="3" bw="32" slack="2147483647"/>
</pin_list>
<bind>
<opcode="store(28) " fcode="store"/>
<opset="StgValue_54/2 "/>
</bind>
</comp>

<comp id="386" class="1004" name="lout_21_addr_gep_fu_386">
<pin_list>
<pin id="387" dir="0" index="0" bw="32" slack="0"/>
<pin id="388" dir="0" index="1" bw="1" slack="0"/>
<pin id="389" dir="0" index="2" bw="8" slack="0"/>
<pin id="390" dir="1" index="3" bw="8" slack="0"/>
</pin_list>
<bind>
<opcode="getelementptr(29) " fcode="getelementptr"/>
<opset="lout_21_addr/2 "/>
</bind>
</comp>

<comp id="393" class="1004" name="StgValue_56_access_fu_393">
<pin_list>
<pin id="394" dir="0" index="0" bw="8" slack="0"/>
<pin id="395" dir="0" index="1" bw="32" slack="0"/>
<pin id="396" dir="0" index="2" bw="0" slack="2147483647"/>
<pin id="397" dir="1" index="3" bw="32" slack="2147483647"/>
</pin_list>
<bind>
<opcode="store(28) " fcode="store"/>
<opset="StgValue_56/2 "/>
</bind>
</comp>

<comp id="400" class="1004" name="lout_22_addr_gep_fu_400">
<pin_list>
<pin id="401" dir="0" index="0" bw="32" slack="0"/>
<pin id="402" dir="0" index="1" bw="1" slack="0"/>
<pin id="403" dir="0" index="2" bw="8" slack="0"/>
<pin id="404" dir="1" index="3" bw="8" slack="0"/>
</pin_list>
<bind>
<opcode="getelementptr(29) " fcode="getelementptr"/>
<opset="lout_22_addr/2 "/>
</bind>
</comp>

<comp id="407" class="1004" name="StgValue_58_access_fu_407">
<pin_list>
<pin id="408" dir="0" index="0" bw="8" slack="0"/>
<pin id="409" dir="0" index="1" bw="32" slack="0"/>
<pin id="410" dir="0" index="2" bw="0" slack="2147483647"/>
<pin id="411" dir="1" index="3" bw="32" slack="2147483647"/>
</pin_list>
<bind>
<opcode="store(28) " fcode="store"/>
<opset="StgValue_58/2 "/>
</bind>
</comp>

<comp id="414" class="1004" name="lout_23_addr_gep_fu_414">
<pin_list>
<pin id="415" dir="0" index="0" bw="32" slack="0"/>
<pin id="416" dir="0" index="1" bw="1" slack="0"/>
<pin id="417" dir="0" index="2" bw="8" slack="0"/>
<pin id="418" dir="1" index="3" bw="8" slack="0"/>
</pin_list>
<bind>
<opcode="getelementptr(29) " fcode="getelementptr"/>
<opset="lout_23_addr/2 "/>
</bind>
</comp>

<comp id="421" class="1004" name="StgValue_60_access_fu_421">
<pin_list>
<pin id="422" dir="0" index="0" bw="8" slack="0"/>
<pin id="423" dir="0" index="1" bw="32" slack="0"/>
<pin id="424" dir="0" index="2" bw="0" slack="2147483647"/>
<pin id="425" dir="1" index="3" bw="32" slack="2147483647"/>
</pin_list>
<bind>
<opcode="store(28) " fcode="store"/>
<opset="StgValue_60/2 "/>
</bind>
</comp>

<comp id="428" class="1004" name="lout_24_addr_gep_fu_428">
<pin_list>
<pin id="429" dir="0" index="0" bw="32" slack="0"/>
<pin id="430" dir="0" index="1" bw="1" slack="0"/>
<pin id="431" dir="0" index="2" bw="8" slack="0"/>
<pin id="432" dir="1" index="3" bw="8" slack="0"/>
</pin_list>
<bind>
<opcode="getelementptr(29) " fcode="getelementptr"/>
<opset="lout_24_addr/2 "/>
</bind>
</comp>

<comp id="435" class="1004" name="StgValue_62_access_fu_435">
<pin_list>
<pin id="436" dir="0" index="0" bw="8" slack="0"/>
<pin id="437" dir="0" index="1" bw="32" slack="0"/>
<pin id="438" dir="0" index="2" bw="0" slack="2147483647"/>
<pin id="439" dir="1" index="3" bw="32" slack="2147483647"/>
</pin_list>
<bind>
<opcode="store(28) " fcode="store"/>
<opset="StgValue_62/2 "/>
</bind>
</comp>

<comp id="442" class="1004" name="lout_25_addr_gep_fu_442">
<pin_list>
<pin id="443" dir="0" index="0" bw="32" slack="0"/>
<pin id="444" dir="0" index="1" bw="1" slack="0"/>
<pin id="445" dir="0" index="2" bw="8" slack="0"/>
<pin id="446" dir="1" index="3" bw="8" slack="0"/>
</pin_list>
<bind>
<opcode="getelementptr(29) " fcode="getelementptr"/>
<opset="lout_25_addr/2 "/>
</bind>
</comp>

<comp id="449" class="1004" name="StgValue_64_access_fu_449">
<pin_list>
<pin id="450" dir="0" index="0" bw="8" slack="0"/>
<pin id="451" dir="0" index="1" bw="32" slack="0"/>
<pin id="452" dir="0" index="2" bw="0" slack="2147483647"/>
<pin id="453" dir="1" index="3" bw="32" slack="2147483647"/>
</pin_list>
<bind>
<opcode="store(28) " fcode="store"/>
<opset="StgValue_64/2 "/>
</bind>
</comp>

<comp id="456" class="1004" name="lout_26_addr_gep_fu_456">
<pin_list>
<pin id="457" dir="0" index="0" bw="32" slack="0"/>
<pin id="458" dir="0" index="1" bw="1" slack="0"/>
<pin id="459" dir="0" index="2" bw="8" slack="0"/>
<pin id="460" dir="1" index="3" bw="8" slack="0"/>
</pin_list>
<bind>
<opcode="getelementptr(29) " fcode="getelementptr"/>
<opset="lout_26_addr/2 "/>
</bind>
</comp>

<comp id="463" class="1004" name="StgValue_66_access_fu_463">
<pin_list>
<pin id="464" dir="0" index="0" bw="8" slack="0"/>
<pin id="465" dir="0" index="1" bw="32" slack="0"/>
<pin id="466" dir="0" index="2" bw="0" slack="2147483647"/>
<pin id="467" dir="1" index="3" bw="32" slack="2147483647"/>
</pin_list>
<bind>
<opcode="store(28) " fcode="store"/>
<opset="StgValue_66/2 "/>
</bind>
</comp>

<comp id="470" class="1004" name="lout_27_addr_gep_fu_470">
<pin_list>
<pin id="471" dir="0" index="0" bw="32" slack="0"/>
<pin id="472" dir="0" index="1" bw="1" slack="0"/>
<pin id="473" dir="0" index="2" bw="8" slack="0"/>
<pin id="474" dir="1" index="3" bw="8" slack="0"/>
</pin_list>
<bind>
<opcode="getelementptr(29) " fcode="getelementptr"/>
<opset="lout_27_addr/2 "/>
</bind>
</comp>

<comp id="477" class="1004" name="StgValue_68_access_fu_477">
<pin_list>
<pin id="478" dir="0" index="0" bw="8" slack="0"/>
<pin id="479" dir="0" index="1" bw="32" slack="0"/>
<pin id="480" dir="0" index="2" bw="0" slack="2147483647"/>
<pin id="481" dir="1" index="3" bw="32" slack="2147483647"/>
</pin_list>
<bind>
<opcode="store(28) " fcode="store"/>
<opset="StgValue_68/2 "/>
</bind>
</comp>

<comp id="484" class="1004" name="lout_28_addr_gep_fu_484">
<pin_list>
<pin id="485" dir="0" index="0" bw="32" slack="0"/>
<pin id="486" dir="0" index="1" bw="1" slack="0"/>
<pin id="487" dir="0" index="2" bw="8" slack="0"/>
<pin id="488" dir="1" index="3" bw="8" slack="0"/>
</pin_list>
<bind>
<opcode="getelementptr(29) " fcode="getelementptr"/>
<opset="lout_28_addr/2 "/>
</bind>
</comp>

<comp id="491" class="1004" name="StgValue_70_access_fu_491">
<pin_list>
<pin id="492" dir="0" index="0" bw="8" slack="0"/>
<pin id="493" dir="0" index="1" bw="32" slack="0"/>
<pin id="494" dir="0" index="2" bw="0" slack="2147483647"/>
<pin id="495" dir="1" index="3" bw="32" slack="2147483647"/>
</pin_list>
<bind>
<opcode="store(28) " fcode="store"/>
<opset="StgValue_70/2 "/>
</bind>
</comp>

<comp id="498" class="1004" name="lout_29_addr_gep_fu_498">
<pin_list>
<pin id="499" dir="0" index="0" bw="32" slack="0"/>
<pin id="500" dir="0" index="1" bw="1" slack="0"/>
<pin id="501" dir="0" index="2" bw="8" slack="0"/>
<pin id="502" dir="1" index="3" bw="8" slack="0"/>
</pin_list>
<bind>
<opcode="getelementptr(29) " fcode="getelementptr"/>
<opset="lout_29_addr/2 "/>
</bind>
</comp>

<comp id="505" class="1004" name="StgValue_72_access_fu_505">
<pin_list>
<pin id="506" dir="0" index="0" bw="8" slack="0"/>
<pin id="507" dir="0" index="1" bw="32" slack="0"/>
<pin id="508" dir="0" index="2" bw="0" slack="2147483647"/>
<pin id="509" dir="1" index="3" bw="32" slack="2147483647"/>
</pin_list>
<bind>
<opcode="store(28) " fcode="store"/>
<opset="StgValue_72/2 "/>
</bind>
</comp>

<comp id="512" class="1004" name="lout_30_addr_gep_fu_512">
<pin_list>
<pin id="513" dir="0" index="0" bw="32" slack="0"/>
<pin id="514" dir="0" index="1" bw="1" slack="0"/>
<pin id="515" dir="0" index="2" bw="8" slack="0"/>
<pin id="516" dir="1" index="3" bw="8" slack="0"/>
</pin_list>
<bind>
<opcode="getelementptr(29) " fcode="getelementptr"/>
<opset="lout_30_addr/2 "/>
</bind>
</comp>

<comp id="519" class="1004" name="StgValue_74_access_fu_519">
<pin_list>
<pin id="520" dir="0" index="0" bw="8" slack="0"/>
<pin id="521" dir="0" index="1" bw="32" slack="0"/>
<pin id="522" dir="0" index="2" bw="0" slack="2147483647"/>
<pin id="523" dir="1" index="3" bw="32" slack="2147483647"/>
</pin_list>
<bind>
<opcode="store(28) " fcode="store"/>
<opset="StgValue_74/2 "/>
</bind>
</comp>

<comp id="526" class="1004" name="lout_31_addr_gep_fu_526">
<pin_list>
<pin id="527" dir="0" index="0" bw="32" slack="0"/>
<pin id="528" dir="0" index="1" bw="1" slack="0"/>
<pin id="529" dir="0" index="2" bw="8" slack="0"/>
<pin id="530" dir="1" index="3" bw="8" slack="0"/>
</pin_list>
<bind>
<opcode="getelementptr(29) " fcode="getelementptr"/>
<opset="lout_31_addr/2 "/>
</bind>
</comp>

<comp id="533" class="1004" name="StgValue_76_access_fu_533">
<pin_list>
<pin id="534" dir="0" index="0" bw="8" slack="0"/>
<pin id="535" dir="0" index="1" bw="32" slack="0"/>
<pin id="536" dir="0" index="2" bw="0" slack="2147483647"/>
<pin id="537" dir="1" index="3" bw="32" slack="2147483647"/>
</pin_list>
<bind>
<opcode="store(28) " fcode="store"/>
<opset="StgValue_76/2 "/>
</bind>
</comp>

<comp id="540" class="1005" name="j_reg_540">
<pin_list>
<pin id="541" dir="0" index="0" bw="8" slack="1"/>
<pin id="542" dir="1" index="1" bw="8" slack="1"/>
</pin_list>
<bind>
<opset="j (phireg) "/>
</bind>
</comp>

<comp id="544" class="1004" name="j_phi_fu_544">
<pin_list>
<pin id="545" dir="0" index="0" bw="1" slack="1"/>
<pin id="546" dir="0" index="1" bw="0" slack="2147483647"/>
<pin id="547" dir="0" index="2" bw="8" slack="0"/>
<pin id="548" dir="0" index="3" bw="0" slack="2147483647"/>
<pin id="549" dir="1" index="4" bw="8" slack="0"/>
</pin_list>
<bind>
<opcode="phi(47) " fcode="phi"/>
<opset="j/2 "/>
</bind>
</comp>

<comp id="551" class="1004" name="exitcond1_fu_551">
<pin_list>
<pin id="552" dir="0" index="0" bw="8" slack="0"/>
<pin id="553" dir="0" index="1" bw="8" slack="0"/>
<pin id="554" dir="1" index="2" bw="1" slack="2147483647"/>
</pin_list>
<bind>
<opcode="icmp(45) " fcode="icmp"/>
<opset="exitcond1/2 "/>
</bind>
</comp>

<comp id="557" class="1004" name="j_2_fu_557">
<pin_list>
<pin id="558" dir="0" index="0" bw="8" slack="0"/>
<pin id="559" dir="0" index="1" bw="1" slack="0"/>
<pin id="560" dir="1" index="2" bw="8" slack="0"/>
</pin_list>
<bind>
<opcode="add(8) " fcode="add"/>
<opset="j_2/2 "/>
</bind>
</comp>

<comp id="563" class="1004" name="j_cast_fu_563">
<pin_list>
<pin id="564" dir="0" index="0" bw="8" slack="0"/>
<pin id="565" dir="1" index="1" bw="32" slack="0"/>
</pin_list>
<bind>
<opcode="zext(34) " fcode="zext"/>
<opset="j_cast/2 "/>
</bind>
</comp>

<comp id="602" class="1005" name="j_2_reg_602">
<pin_list>
<pin id="603" dir="0" index="0" bw="8" slack="0"/>
<pin id="604" dir="1" index="1" bw="8" slack="0"/>
</pin_list>
<bind>
<opset="j_2 "/>
</bind>
</comp>

</comp_list>

<net_list>
<net id="97"><net_src comp="0" pin="0"/><net_sink comp="92" pin=0"/></net>

<net id="98"><net_src comp="84" pin="0"/><net_sink comp="92" pin=1"/></net>

<net id="104"><net_src comp="88" pin="0"/><net_sink comp="99" pin=1"/></net>

<net id="105"><net_src comp="92" pin="3"/><net_sink comp="99" pin=0"/></net>

<net id="111"><net_src comp="2" pin="0"/><net_sink comp="106" pin=0"/></net>

<net id="112"><net_src comp="84" pin="0"/><net_sink comp="106" pin=1"/></net>

<net id="118"><net_src comp="88" pin="0"/><net_sink comp="113" pin=1"/></net>

<net id="119"><net_src comp="106" pin="3"/><net_sink comp="113" pin=0"/></net>

<net id="125"><net_src comp="4" pin="0"/><net_sink comp="120" pin=0"/></net>

<net id="126"><net_src comp="84" pin="0"/><net_sink comp="120" pin=1"/></net>

<net id="132"><net_src comp="88" pin="0"/><net_sink comp="127" pin=1"/></net>

<net id="133"><net_src comp="120" pin="3"/><net_sink comp="127" pin=0"/></net>

<net id="139"><net_src comp="6" pin="0"/><net_sink comp="134" pin=0"/></net>

<net id="140"><net_src comp="84" pin="0"/><net_sink comp="134" pin=1"/></net>

<net id="146"><net_src comp="88" pin="0"/><net_sink comp="141" pin=1"/></net>

<net id="147"><net_src comp="134" pin="3"/><net_sink comp="141" pin=0"/></net>

<net id="153"><net_src comp="8" pin="0"/><net_sink comp="148" pin=0"/></net>

<net id="154"><net_src comp="84" pin="0"/><net_sink comp="148" pin=1"/></net>

<net id="160"><net_src comp="88" pin="0"/><net_sink comp="155" pin=1"/></net>

<net id="161"><net_src comp="148" pin="3"/><net_sink comp="155" pin=0"/></net>

<net id="167"><net_src comp="10" pin="0"/><net_sink comp="162" pin=0"/></net>

<net id="168"><net_src comp="84" pin="0"/><net_sink comp="162" pin=1"/></net>

<net id="174"><net_src comp="88" pin="0"/><net_sink comp="169" pin=1"/></net>

<net id="175"><net_src comp="162" pin="3"/><net_sink comp="169" pin=0"/></net>

<net id="181"><net_src comp="12" pin="0"/><net_sink comp="176" pin=0"/></net>

<net id="182"><net_src comp="84" pin="0"/><net_sink comp="176" pin=1"/></net>

<net id="188"><net_src comp="88" pin="0"/><net_sink comp="183" pin=1"/></net>

<net id="189"><net_src comp="176" pin="3"/><net_sink comp="183" pin=0"/></net>

<net id="195"><net_src comp="14" pin="0"/><net_sink comp="190" pin=0"/></net>

<net id="196"><net_src comp="84" pin="0"/><net_sink comp="190" pin=1"/></net>

<net id="202"><net_src comp="88" pin="0"/><net_sink comp="197" pin=1"/></net>

<net id="203"><net_src comp="190" pin="3"/><net_sink comp="197" pin=0"/></net>

<net id="209"><net_src comp="16" pin="0"/><net_sink comp="204" pin=0"/></net>

<net id="210"><net_src comp="84" pin="0"/><net_sink comp="204" pin=1"/></net>

<net id="216"><net_src comp="88" pin="0"/><net_sink comp="211" pin=1"/></net>

<net id="217"><net_src comp="204" pin="3"/><net_sink comp="211" pin=0"/></net>

<net id="223"><net_src comp="18" pin="0"/><net_sink comp="218" pin=0"/></net>

<net id="224"><net_src comp="84" pin="0"/><net_sink comp="218" pin=1"/></net>

<net id="230"><net_src comp="88" pin="0"/><net_sink comp="225" pin=1"/></net>

<net id="231"><net_src comp="218" pin="3"/><net_sink comp="225" pin=0"/></net>

<net id="237"><net_src comp="20" pin="0"/><net_sink comp="232" pin=0"/></net>

<net id="238"><net_src comp="84" pin="0"/><net_sink comp="232" pin=1"/></net>

<net id="244"><net_src comp="88" pin="0"/><net_sink comp="239" pin=1"/></net>

<net id="245"><net_src comp="232" pin="3"/><net_sink comp="239" pin=0"/></net>

<net id="251"><net_src comp="22" pin="0"/><net_sink comp="246" pin=0"/></net>

<net id="252"><net_src comp="84" pin="0"/><net_sink comp="246" pin=1"/></net>

<net id="258"><net_src comp="88" pin="0"/><net_sink comp="253" pin=1"/></net>

<net id="259"><net_src comp="246" pin="3"/><net_sink comp="253" pin=0"/></net>

<net id="265"><net_src comp="24" pin="0"/><net_sink comp="260" pin=0"/></net>

<net id="266"><net_src comp="84" pin="0"/><net_sink comp="260" pin=1"/></net>

<net id="272"><net_src comp="88" pin="0"/><net_sink comp="267" pin=1"/></net>

<net id="273"><net_src comp="260" pin="3"/><net_sink comp="267" pin=0"/></net>

<net id="279"><net_src comp="26" pin="0"/><net_sink comp="274" pin=0"/></net>

<net id="280"><net_src comp="84" pin="0"/><net_sink comp="274" pin=1"/></net>

<net id="286"><net_src comp="88" pin="0"/><net_sink comp="281" pin=1"/></net>

<net id="287"><net_src comp="274" pin="3"/><net_sink comp="281" pin=0"/></net>

<net id="293"><net_src comp="28" pin="0"/><net_sink comp="288" pin=0"/></net>

<net id="294"><net_src comp="84" pin="0"/><net_sink comp="288" pin=1"/></net>

<net id="300"><net_src comp="88" pin="0"/><net_sink comp="295" pin=1"/></net>

<net id="301"><net_src comp="288" pin="3"/><net_sink comp="295" pin=0"/></net>

<net id="307"><net_src comp="30" pin="0"/><net_sink comp="302" pin=0"/></net>

<net id="308"><net_src comp="84" pin="0"/><net_sink comp="302" pin=1"/></net>

<net id="314"><net_src comp="88" pin="0"/><net_sink comp="309" pin=1"/></net>

<net id="315"><net_src comp="302" pin="3"/><net_sink comp="309" pin=0"/></net>

<net id="321"><net_src comp="32" pin="0"/><net_sink comp="316" pin=0"/></net>

<net id="322"><net_src comp="84" pin="0"/><net_sink comp="316" pin=1"/></net>

<net id="328"><net_src comp="88" pin="0"/><net_sink comp="323" pin=1"/></net>

<net id="329"><net_src comp="316" pin="3"/><net_sink comp="323" pin=0"/></net>

<net id="335"><net_src comp="34" pin="0"/><net_sink comp="330" pin=0"/></net>

<net id="336"><net_src comp="84" pin="0"/><net_sink comp="330" pin=1"/></net>

<net id="342"><net_src comp="88" pin="0"/><net_sink comp="337" pin=1"/></net>

<net id="343"><net_src comp="330" pin="3"/><net_sink comp="337" pin=0"/></net>

<net id="349"><net_src comp="36" pin="0"/><net_sink comp="344" pin=0"/></net>

<net id="350"><net_src comp="84" pin="0"/><net_sink comp="344" pin=1"/></net>

<net id="356"><net_src comp="88" pin="0"/><net_sink comp="351" pin=1"/></net>

<net id="357"><net_src comp="344" pin="3"/><net_sink comp="351" pin=0"/></net>

<net id="363"><net_src comp="38" pin="0"/><net_sink comp="358" pin=0"/></net>

<net id="364"><net_src comp="84" pin="0"/><net_sink comp="358" pin=1"/></net>

<net id="370"><net_src comp="88" pin="0"/><net_sink comp="365" pin=1"/></net>

<net id="371"><net_src comp="358" pin="3"/><net_sink comp="365" pin=0"/></net>

<net id="377"><net_src comp="40" pin="0"/><net_sink comp="372" pin=0"/></net>

<net id="378"><net_src comp="84" pin="0"/><net_sink comp="372" pin=1"/></net>

<net id="384"><net_src comp="88" pin="0"/><net_sink comp="379" pin=1"/></net>

<net id="385"><net_src comp="372" pin="3"/><net_sink comp="379" pin=0"/></net>

<net id="391"><net_src comp="42" pin="0"/><net_sink comp="386" pin=0"/></net>

<net id="392"><net_src comp="84" pin="0"/><net_sink comp="386" pin=1"/></net>

<net id="398"><net_src comp="88" pin="0"/><net_sink comp="393" pin=1"/></net>

<net id="399"><net_src comp="386" pin="3"/><net_sink comp="393" pin=0"/></net>

<net id="405"><net_src comp="44" pin="0"/><net_sink comp="400" pin=0"/></net>

<net id="406"><net_src comp="84" pin="0"/><net_sink comp="400" pin=1"/></net>

<net id="412"><net_src comp="88" pin="0"/><net_sink comp="407" pin=1"/></net>

<net id="413"><net_src comp="400" pin="3"/><net_sink comp="407" pin=0"/></net>

<net id="419"><net_src comp="46" pin="0"/><net_sink comp="414" pin=0"/></net>

<net id="420"><net_src comp="84" pin="0"/><net_sink comp="414" pin=1"/></net>

<net id="426"><net_src comp="88" pin="0"/><net_sink comp="421" pin=1"/></net>

<net id="427"><net_src comp="414" pin="3"/><net_sink comp="421" pin=0"/></net>

<net id="433"><net_src comp="48" pin="0"/><net_sink comp="428" pin=0"/></net>

<net id="434"><net_src comp="84" pin="0"/><net_sink comp="428" pin=1"/></net>

<net id="440"><net_src comp="88" pin="0"/><net_sink comp="435" pin=1"/></net>

<net id="441"><net_src comp="428" pin="3"/><net_sink comp="435" pin=0"/></net>

<net id="447"><net_src comp="50" pin="0"/><net_sink comp="442" pin=0"/></net>

<net id="448"><net_src comp="84" pin="0"/><net_sink comp="442" pin=1"/></net>

<net id="454"><net_src comp="88" pin="0"/><net_sink comp="449" pin=1"/></net>

<net id="455"><net_src comp="442" pin="3"/><net_sink comp="449" pin=0"/></net>

<net id="461"><net_src comp="52" pin="0"/><net_sink comp="456" pin=0"/></net>

<net id="462"><net_src comp="84" pin="0"/><net_sink comp="456" pin=1"/></net>

<net id="468"><net_src comp="88" pin="0"/><net_sink comp="463" pin=1"/></net>

<net id="469"><net_src comp="456" pin="3"/><net_sink comp="463" pin=0"/></net>

<net id="475"><net_src comp="54" pin="0"/><net_sink comp="470" pin=0"/></net>

<net id="476"><net_src comp="84" pin="0"/><net_sink comp="470" pin=1"/></net>

<net id="482"><net_src comp="88" pin="0"/><net_sink comp="477" pin=1"/></net>

<net id="483"><net_src comp="470" pin="3"/><net_sink comp="477" pin=0"/></net>

<net id="489"><net_src comp="56" pin="0"/><net_sink comp="484" pin=0"/></net>

<net id="490"><net_src comp="84" pin="0"/><net_sink comp="484" pin=1"/></net>

<net id="496"><net_src comp="88" pin="0"/><net_sink comp="491" pin=1"/></net>

<net id="497"><net_src comp="484" pin="3"/><net_sink comp="491" pin=0"/></net>

<net id="503"><net_src comp="58" pin="0"/><net_sink comp="498" pin=0"/></net>

<net id="504"><net_src comp="84" pin="0"/><net_sink comp="498" pin=1"/></net>

<net id="510"><net_src comp="88" pin="0"/><net_sink comp="505" pin=1"/></net>

<net id="511"><net_src comp="498" pin="3"/><net_sink comp="505" pin=0"/></net>

<net id="517"><net_src comp="60" pin="0"/><net_sink comp="512" pin=0"/></net>

<net id="518"><net_src comp="84" pin="0"/><net_sink comp="512" pin=1"/></net>

<net id="524"><net_src comp="88" pin="0"/><net_sink comp="519" pin=1"/></net>

<net id="525"><net_src comp="512" pin="3"/><net_sink comp="519" pin=0"/></net>

<net id="531"><net_src comp="62" pin="0"/><net_sink comp="526" pin=0"/></net>

<net id="532"><net_src comp="84" pin="0"/><net_sink comp="526" pin=1"/></net>

<net id="538"><net_src comp="88" pin="0"/><net_sink comp="533" pin=1"/></net>

<net id="539"><net_src comp="526" pin="3"/><net_sink comp="533" pin=0"/></net>

<net id="543"><net_src comp="64" pin="0"/><net_sink comp="540" pin=0"/></net>

<net id="550"><net_src comp="540" pin="1"/><net_sink comp="544" pin=0"/></net>

<net id="555"><net_src comp="544" pin="4"/><net_sink comp="551" pin=0"/></net>

<net id="556"><net_src comp="66" pin="0"/><net_sink comp="551" pin=1"/></net>

<net id="561"><net_src comp="544" pin="4"/><net_sink comp="557" pin=0"/></net>

<net id="562"><net_src comp="72" pin="0"/><net_sink comp="557" pin=1"/></net>

<net id="566"><net_src comp="544" pin="4"/><net_sink comp="563" pin=0"/></net>

<net id="567"><net_src comp="563" pin="1"/><net_sink comp="92" pin=2"/></net>

<net id="568"><net_src comp="563" pin="1"/><net_sink comp="106" pin=2"/></net>

<net id="569"><net_src comp="563" pin="1"/><net_sink comp="120" pin=2"/></net>

<net id="570"><net_src comp="563" pin="1"/><net_sink comp="134" pin=2"/></net>

<net id="571"><net_src comp="563" pin="1"/><net_sink comp="148" pin=2"/></net>

<net id="572"><net_src comp="563" pin="1"/><net_sink comp="162" pin=2"/></net>

<net id="573"><net_src comp="563" pin="1"/><net_sink comp="176" pin=2"/></net>

<net id="574"><net_src comp="563" pin="1"/><net_sink comp="190" pin=2"/></net>

<net id="575"><net_src comp="563" pin="1"/><net_sink comp="204" pin=2"/></net>

<net id="576"><net_src comp="563" pin="1"/><net_sink comp="218" pin=2"/></net>

<net id="577"><net_src comp="563" pin="1"/><net_sink comp="232" pin=2"/></net>

<net id="578"><net_src comp="563" pin="1"/><net_sink comp="246" pin=2"/></net>

<net id="579"><net_src comp="563" pin="1"/><net_sink comp="260" pin=2"/></net>

<net id="580"><net_src comp="563" pin="1"/><net_sink comp="274" pin=2"/></net>

<net id="581"><net_src comp="563" pin="1"/><net_sink comp="288" pin=2"/></net>

<net id="582"><net_src comp="563" pin="1"/><net_sink comp="302" pin=2"/></net>

<net id="583"><net_src comp="563" pin="1"/><net_sink comp="316" pin=2"/></net>

<net id="584"><net_src comp="563" pin="1"/><net_sink comp="330" pin=2"/></net>

<net id="585"><net_src comp="563" pin="1"/><net_sink comp="344" pin=2"/></net>

<net id="586"><net_src comp="563" pin="1"/><net_sink comp="358" pin=2"/></net>

<net id="587"><net_src comp="563" pin="1"/><net_sink comp="372" pin=2"/></net>

<net id="588"><net_src comp="563" pin="1"/><net_sink comp="386" pin=2"/></net>

<net id="589"><net_src comp="563" pin="1"/><net_sink comp="400" pin=2"/></net>

<net id="590"><net_src comp="563" pin="1"/><net_sink comp="414" pin=2"/></net>

<net id="591"><net_src comp="563" pin="1"/><net_sink comp="428" pin=2"/></net>

<net id="592"><net_src comp="563" pin="1"/><net_sink comp="442" pin=2"/></net>

<net id="593"><net_src comp="563" pin="1"/><net_sink comp="456" pin=2"/></net>

<net id="594"><net_src comp="563" pin="1"/><net_sink comp="470" pin=2"/></net>

<net id="595"><net_src comp="563" pin="1"/><net_sink comp="484" pin=2"/></net>

<net id="596"><net_src comp="563" pin="1"/><net_sink comp="498" pin=2"/></net>

<net id="597"><net_src comp="563" pin="1"/><net_sink comp="512" pin=2"/></net>

<net id="598"><net_src comp="563" pin="1"/><net_sink comp="526" pin=2"/></net>

<net id="605"><net_src comp="557" pin="2"/><net_sink comp="602" pin=0"/></net>

<net id="606"><net_src comp="602" pin="1"/><net_sink comp="544" pin=2"/></net>

</net_list>

</model> 
---------------- Datapath Model END ------------------

* FSMD analyzer results:
  - Output states:
	Port: lout_0 | {2 }
	Port: lout_1 | {2 }
	Port: lout_2 | {2 }
	Port: lout_3 | {2 }
	Port: lout_4 | {2 }
	Port: lout_5 | {2 }
	Port: lout_6 | {2 }
	Port: lout_7 | {2 }
	Port: lout_8 | {2 }
	Port: lout_9 | {2 }
	Port: lout_10 | {2 }
	Port: lout_11 | {2 }
	Port: lout_12 | {2 }
	Port: lout_13 | {2 }
	Port: lout_14 | {2 }
	Port: lout_15 | {2 }
	Port: lout_16 | {2 }
	Port: lout_17 | {2 }
	Port: lout_18 | {2 }
	Port: lout_19 | {2 }
	Port: lout_20 | {2 }
	Port: lout_21 | {2 }
	Port: lout_22 | {2 }
	Port: lout_23 | {2 }
	Port: lout_24 | {2 }
	Port: lout_25 | {2 }
	Port: lout_26 | {2 }
	Port: lout_27 | {2 }
	Port: lout_28 | {2 }
	Port: lout_29 | {2 }
	Port: lout_30 | {2 }
	Port: lout_31 | {2 }
 - Input state : 
  - Chain level:
	State 1
	State 2
		exitcond1 : 1
		j_2 : 1
		StgValue_9 : 2
		j_cast : 1
		lout_0_addr : 2
		StgValue_14 : 3
		lout_1_addr : 2
		StgValue_16 : 3
		lout_2_addr : 2
		StgValue_18 : 3
		lout_3_addr : 2
		StgValue_20 : 3
		lout_4_addr : 2
		StgValue_22 : 3
		lout_5_addr : 2
		StgValue_24 : 3
		lout_6_addr : 2
		StgValue_26 : 3
		lout_7_addr : 2
		StgValue_28 : 3
		lout_8_addr : 2
		StgValue_30 : 3
		lout_9_addr : 2
		StgValue_32 : 3
		lout_10_addr : 2
		StgValue_34 : 3
		lout_11_addr : 2
		StgValue_36 : 3
		lout_12_addr : 2
		StgValue_38 : 3
		lout_13_addr : 2
		StgValue_40 : 3
		lout_14_addr : 2
		StgValue_42 : 3
		lout_15_addr : 2
		StgValue_44 : 3
		lout_16_addr : 2
		StgValue_46 : 3
		lout_17_addr : 2
		StgValue_48 : 3
		lout_18_addr : 2
		StgValue_50 : 3
		lout_19_addr : 2
		StgValue_52 : 3
		lout_20_addr : 2
		StgValue_54 : 3
		lout_21_addr : 2
		StgValue_56 : 3
		lout_22_addr : 2
		StgValue_58 : 3
		lout_23_addr : 2
		StgValue_60 : 3
		lout_24_addr : 2
		StgValue_62 : 3
		lout_25_addr : 2
		StgValue_64 : 3
		lout_26_addr : 2
		StgValue_66 : 3
		lout_27_addr : 2
		StgValue_68 : 3
		lout_28_addr : 2
		StgValue_70 : 3
		lout_29_addr : 2
		StgValue_72 : 3
		lout_30_addr : 2
		StgValue_74 : 3
		lout_31_addr : 2
		StgValue_76 : 3
		empty_5 : 1
	State 3


============================================================
+ Verbose Summary: Datapath Resource usage 
============================================================

* Functional unit list:
|----------|------------------|---------|---------|
| Operation|  Functional Unit |    FF   |   LUT   |
|----------|------------------|---------|---------|
|    add   |    j_2_fu_557    |    0    |    15   |
|----------|------------------|---------|---------|
|   icmp   | exitcond1_fu_551 |    0    |    11   |
|----------|------------------|---------|---------|
|   zext   |   j_cast_fu_563  |    0    |    0    |
|----------|------------------|---------|---------|
|   Total  |                  |    0    |    26   |
|----------|------------------|---------|---------|

Memories:
N/A

* Register list:
+-----------+--------+
|           |   FF   |
+-----------+--------+
|j_2_reg_602|    8   |
| j_reg_540 |    8   |
+-----------+--------+
|   Total   |   16   |
+-----------+--------+

* Multiplexer (MUX) list: 
|--------|------|------|------|--------|
|  Comp  |  Pin | Size |  BW  | S x BW |
|--------|------|------|------|--------|
|  Total |      |      |      |    0   |
|--------|------|------|------|--------|



* Summary:
+-----------+--------+--------+
|           |   FF   |   LUT  |
+-----------+--------+--------+
|  Function |    0   |   26   |
|   Memory  |    -   |    -   |
|Multiplexer|    -   |    -   |
|  Register |   16   |    -   |
+-----------+--------+--------+
|   Total   |   16   |   26   |
+-----------+--------+--------+
